
======================================================================
     FOCUS: a platform for exploring FermiOniC qUantum Simulation     
   							               
       :!!!!!!!!!    ^!!!7!:      :!7!!~~!:!!!!!:  ~!!!. :!!!!7:      
       .^G@P^^~?BJ ~GG!::~Y#P^  ^P#?^:^7G@^:5&#~.  ^J#! 7P:.:?&5      
         5@Y  !J :~&@^     ?&@^^B@?     .?. ?&B     :P  5&J7~^~~      
         5@G!?BB  ?&&:     :B@??&@^         ?&B     :P  .?5GB##P^     
         5@Y  :!  ^B@J     !@#:^B@Y      ^: ?&#     ~P  JJ   .~@5     
       .~G@P^:     ^5#5~^^7GY:  ^5&P7~~!?J: :5&5!~~!Y^  Y&5!^^7G^     
       :~~~~~:       .~!!~^.      .~77!~.     :!7!~^    :::~!!^       
   							               
                    Authors: Zhendong Li @ BNU2019   		       
======================================================================

TIME = Sat Jun 18 18:14:14 2022

GIT_HASH = 8586666d6309c1dd812219db890f663dd3b90fce

mpisize = 1 maxthreads = 4

input file = results/cinput.dat

schedule::read fname = results/cinput.dat
----------------------------------------------------------------------
dtype 1
nelec 5
twoms 1
integral_file moleinfo/fmole.info 
scratch ./scratch

$sci
dets 
0 1 2 3 4    
#3 5 7 8 9
#1 3 4 5 7 9 
end
nroots 2
eps0 1.e-6
schedule
0 1.e-2
end
maxiter 2
$end

$ctns
qkind cNK
nroots 2
maxdets 500 #8 #500 #000
topology_file topology/topo4
thresh_ortho 1.e-8
thresh_proj 1.e-14
schedule
# (n-th, dot, Dcut, dvdson, noise)
0 1 100 1.e-4 1.e-4
1 1 100 1.e-4 0.0
end
maxsweep 2
task_dmrg
$end


----------------------------------------------------------------------

===== schedule::print =====
scratch = ./scratch
dtype = 1
nelec = 5
twoms = 1
integral_file = moleinfo/fmole.info

===== params_sci::print =====
nroots = 2
no. of unique seeds = 1
0-th det: 0 1 2 3 4 
flip = 0
eps0 = 1e-06
miniter = 0
maxiter = 2
schedule: iter eps1
0 0.01
1 0.01
convergence parameters
deltaE = 1e-10
cisolver = 1
maxcycle = 100
crit_v = 0.0001
ifpt2 = 0
eps2 = 1e-08
iroot = 0
load = 0
ci_file = ci.info

===== params_ctns::print =====
qkind = cNK
topology_file = topology/topo4
verbose = 0
task_init = 0
task_sdiag = 0
task_ham = 1
task_opt = 1
maxdets = 500
thresh_proj = 1.000000e-14
thresh_ortho = 1.000000e-08
rdm_vs_svd = 1.500000e+00
nroots = 2
guess    = 1
dbranch  = 0
maxsweep = 2
maxbond = -1
lastdot = 0
schedule: isweep, dots, dcut, eps, noise
0 1 100 1.000000e-04 1.000000e-04
1 1 100 1.000000e-04 0.000000e+00
alg_hvec = 3
alg_renorm = 2
save_formulae = 0
sort_formulae = 1
ifdist1 = 0
cisolver = 1
maxcycle = 100
rcanon_load = 0
rcanon_file = rcanon.info
iomode = 0
ioasync = 0
iroot = 0
nsample = 100000
ndetprt = 10

io::create_scratch scratch=./scratch

ctns::topology::read fname=topology/topo4
0
1,5,4,3
2

ctns::topology::print ntotal=7 nphysical=6 nbackbone=3
topo:
 i=0 : 0 
 i=1 : -1 1 5 4 3 
 i=2 : 2 
rcoord:
 idx=0 coord=(2,0) node: pindex=2 type=0 center=(-1,-1) left=(1,0) right=(-2,-2)
 idx=1 coord=(1,4) node: pindex=3 type=0 center=(-1,-1) left=(1,3) right=(-2,-2)
 idx=2 coord=(1,3) node: pindex=4 type=2 center=(-1,-1) left=(1,2) right=(1,4)
 idx=3 coord=(1,2) node: pindex=5 type=2 center=(-1,-1) left=(1,1) right=(1,3)
 idx=4 coord=(1,1) node: pindex=1 type=2 center=(-1,-1) left=(1,0) right=(1,2)
 idx=5 coord=(1,0) node: pindex=-1 type=3 center=(1,1) left=(0,0) right=(2,0)
 idx=6 coord=(0,0) node: pindex=0 type=0 center=(-1,-1) left=(-2,-2) right=(1,0)
rsupport/lsupport:
 idx=0 coord=(2,0) rsupport: 2 ; lsupport: 0 1 3 4 5 
 idx=1 coord=(1,4) rsupport: 3 ; lsupport: 0 1 2 4 5 
 idx=2 coord=(1,3) rsupport: 4 3 ; lsupport: 0 1 2 5 
 idx=3 coord=(1,2) rsupport: 5 4 3 ; lsupport: 0 1 2 
 idx=4 coord=(1,1) rsupport: 1 5 4 3 ; lsupport: 0 2 
 idx=5 coord=(1,0) rsupport: 1 5 4 3 2 ; lsupport: 0 
 idx=6 coord=(0,0) rsupport: 0 1 5 4 3 2 ; lsupport: 
corbs/rorbs/lorbs:
 idx=0 coord=(2,0) corbs: 2 ; rorbs: ; lorbs: 0 1 3 4 5 
 idx=1 coord=(1,4) corbs: 3 ; rorbs: ; lorbs: 0 1 2 4 5 
 idx=2 coord=(1,3) corbs: 4 ; rorbs: 3 ; lorbs: 0 1 2 5 
 idx=3 coord=(1,2) corbs: 5 ; rorbs: 4 3 ; lorbs: 0 1 2 
 idx=4 coord=(1,1) corbs: 1 ; rorbs: 5 4 3 ; lorbs: 0 2 
 idx=5 coord=(1,0) corbs: 1 5 4 3 ; rorbs: 2 ; lorbs: 0 
 idx=6 coord=(0,0) corbs: 0 ; rorbs: 1 5 4 3 2 ; lorbs: 
image2:
 0 1 2 3 10 11 8 9 6 7 4 5

fci::ci_load fname=./scratch/ci.info

fci::ci_truncate maxdets=500 ifortho=1
 reduction from 194 to 194 dets
 iroot=0 ova=(1.000000000000e+00,0.000000000000e+00)
 iroot=1 ova=(1.000000000000e+00,0.000000000000e+00)

ctns::rcanon_init qkind=cNK

ctns::init_rbases rdm_vs_svd=1.50e+00 thresh_proj=1.00e-14

idx=0 node=(2,0) type=0 rsupport=2 

idx=
idx=3 node=(1,2) type=2 rsupport=5 4 3 
2 node=(1,3) type=2 rsupport=4 3 

idx=1 node=(1,4) type=0 rsupport=3 

idx=4 node=(1,1) type=2 rsupport=1 5 4 3 

idx=5 node=(1,0) type=3 rsupport=1 5 4 3 2 
ctns::right_projection<cNK> thresh_proj=1.00e-14
ctns::right_projection<cNK> thresh_proj=1.00e-14
ctns::right_projection<cNK> thresh_proj=1.00e-14
ctns::right_projection<cNK> thresh_proj=1.00e-14
 qr=(0) dimB,dimBi=1,1 popBi=5.40e-07 popBc=5.40e-07 1-popBc=1.00e+00
 qr=(0) dimB,dimBi=1,1 popBi=2.11e-02 popBc=2.11e-02 1-popBc=9.79e-01
 qr=(1) dimB,dimBi=4,4 popBi=4.41e-01 popBc=4.62e-01 1-popBc=5.38e-01
 qr=(1) dimB,dimBi=6,6 popBi=3.83e-02 popBc=3.83e-02 1-popBc=9.62e-01
 qr=(1) dimB,dimBi=8,4 popBi=6.58e-03 popBc=6.58e-03 1-popBc=9.93e-01
 qr=(3) dimB,dimBi=98,4 popBi=1.09e-01 popBc=1.09e-01 1-popBc=8.91e-01
 qr=(2) dimB,dimBi=6,6 popBi=4.58e-01 popBc=9.20e-01 1-popBc=7.99e-02
 qr=(2) dimB,dimBi=15,15 popBi=7.46e-01 popBc=7.84e-01 1-popBc=2.16e-01
 qr=(3) dimB,dimBi=4,4 popBi=7.98e-02 popBc=1.00e+00 1-popBc=1.12e-04
 qr=(4) dimB,dimBi=1,1 popBi=1.12e-04 popBc=1.00e+00 1-popBc=-2.22e-16
dim(space,lspace,rspace)=194,152,16 dimBc=16 popBc=1.00e+00 SvN=2.95e+00
----- TIMING FOR ctns::right_projection<cNK> : 3.000e-03 S -----
 qr=(3) dimB,dimBi=16,16 popBi=0.216 popBc=1 1-popBc=0.000112
 qr=(2) dimB,dimBi=28,16 popBi=0.186 popBc=0.193 1-popBc= qr=0.807
 qr=(4) dimB,dimBi=1,1 popBi=0.000112 popBc=1 1-popBc=0
dim(space,lspace,rspace)=194,57,39 dimBc=39 popBc=1 SvN=2.66

idx=----- TIMING FOR ctns::right_projection<cNK> : 6 node=3.000e-03 S -----
(4) dimB,dimBi=151,8 popBi=0.752 popBc=0.861 1-popBc=(0,0) type=0 rsupport=0 1 5 0.139
4 3 2 
 qr=(5) dimB,dimBi=74,4 popBi=0.139 popBc=1 1-popBc=-2.22e-16
dim(space,lspace,rspace)=194,4,323 dimBc=16 popBc=1 SvN=3.27
----- TIMING FOR ctns::right_projection<cNK> : 3.000e-03 S -----
ctns::right_projection<cNK> thresh_proj=1.00e-14
 qr=(3) dimB,dimBi=52,24 popBi=5.18e-01 popBc=7.10e-01 1-popBc=2.90e-01
 qr=(4) dimB,dimBi=42,16 popBi=2.61e-01 popBc=9.71e-01 1-popBc=2.89e-02
 qr=(5) dimB,dimBi=10,4 popBi=2.89e-02 popBc=1.00e+00 1-popBc=-2.22e-16
dim(space,lspace,rspace)=194,16,140 dimBc=64 popBc=1.00e+00 SvN=4.40e+00
----- TIMING FOR ctns::right_projection<cNK> : 4.000e-03 S -----
 qr=(5) dimB,dimBi=388,4 popBi=1 popBc=1 1-popBc=-1.33e-15
dim(space,lspace,rspace)=194,1,388 dimBc=4 popBc=1 SvN=2
----- TIMING FOR ctns::right_projection<cNK> : 1.000e-03 S -----

final rbases with thresh_proj=1e-14
 idx=0 node=(2,0) type=0 shape=4,4
 idx=1 node=(1,4) type=0 shape=4,4
 idx=2 node=(1,3) type=2 shape=16,16
 idx=3 node=(1,2) type=2 shape=39,39
 idx=4 node=(1,1) type=2 shape=140,64
 idx=5 node=(1,0) type=3 shape=323,16
 idx=6 node=(0,0) type=0 shape=388,4
maximum bond dimension = 64
----- TIMING FOR ctns::init_rbases : 5.000e-03 S -----

ctns::init_rsites qkind=cNK thresh_ortho=1e-08
 idx=0 node=(2,0)[0]ctns::get_right_bsite isym=1
 shape(l,r,c)=(4,1,4) maxdiff=0.000e+00 TIMING=0.000e+00 S
 idx=1 node=(1,4)[0]ctns::get_right_bsite isym=1
 shape(l,r,c)=(4,1,4) maxdiff=0.000e+00 TIMING=0.000e+00 S
 idx=2 node=(1,3)[2] shape(l,r,c)=(16,4,4) maxdiff=1.054e-15 TIMING=0.000e+00 S
 idx=3 node=(1,2)[2] shape(l,r,c)=(39,16,4) maxdiff=3.754e-15 TIMING=0.000e+00 S
 idx=4 node=(1,1)[2] shape(l,r,c)=(64,39,4) maxdiff=5.280e-15 TIMING=0.000e+00 S
 idx=5 node=(1,0)[3] shape(l,r,c)=(16,4,64) maxdiff=1.716e-15 TIMING=0.000e+00 S
 idx=6 node=(0,0)[0] shape(l,r,c)=(4,16,4) maxdiff=7.058e-16 TIMING=0.000e+00 S
----- TIMING FOR ctns::init_rsites : 1.000e-03 S -----

ctns::init_rwfuns qkind=cNK thresh_ortho=1e-08
matrix: rwfuns size=(2,4)
(-3.82e-17,0.00e+00) (-1.00e+00,0.00e+00) (-5.20e-18,0.00e+00) (0.00e+00,0.00e+00) 
(9.63e-01,0.00e+00) (-6.94e-18,0.00e+00) (2.69e-01,0.00e+00) (0.00e+00,0.00e+00) 

check state overlaps ...
matrix: ova_rwfuns size=(2,2)
(1.0000e+00,-0.0000e+00) (-3.1219e-17,-0.0000e+00) 
(-3.1219e-17,-0.0000e+00) (1.0000e+00,-0.0000e+00) 
matrix: ova0_vs size=(2,2)
(1.0000e+00,0.0000e+00) (-2.0817e-17,0.0000e+00) 
(-2.0817e-17,0.0000e+00) (1.0000e+00,0.0000e+00) 
diff of ova matrices = 7.023e-16
----- TIMING FOR ctns::init_rwfuns : 0.000e+00 S -----
----- TIMING FOR ctns::rcanon_init : 8.000e-03 S -----

ctns::rcanon_save fname=./scratch/rcanon.info

ctns::rcanon_check thresh_ortho=1.00e-08
 idx=0 node=(2,0) Dtot=4 maxdiff=0.00e+00
 idx=1 node=(1,4) Dtot=4 maxdiff=0.00e+00
 idx=2 node=(1,3) Dtot=16 maxdiff=1.05e-15
 idx=3 node=(1,2) Dtot=39 maxdiff=3.75e-15
 idx=4 node=(1,1) Dtot=64 maxdiff=5.28e-15
 idx=5 node=(1,0) Dtot=16 maxdiff=1.72e-15
 idx=6 node=(0,0) Dtot=4 maxdiff=7.06e-16

integral::load fname = moleinfo/fmole.info
sorb = 12
size(int1e) = 144:2.20e-03MB:2.15e-06GB
size(int2e) = 2277:3.47e-02MB:3.39e-05GB
----- TIMING FOR integral::load_integral : 1.000e-03 S -----

io::remove_scratch scratch=./scratch/sweep
successfully removed ./scratch/sweep

io::create_scratch scratch=./scratch/sweep
successfully created ./scratch/sweep

ctns::oper_env_right qkind=cNK
----- TIMING FOR ctns::oper_init : 5.000e-03 S -----
T[ctns::oper_init](comp/save/tot)=0,0,0

idx=2 coord=(1,3)
TIMING for Renormalization : 0.004  T(cal/comm)=0.004,0

idx=3 coord=(1,2)
TIMING for Renormalization : 0.004  T(cal/comm)=0.004,0

idx=4 coord=(1,1)
TIMING for Renormalization : 0.004  T(cal/comm)=0.004,0

idx=5 coord=(1,0)
TIMING for Renormalization : 0.003  T(cal/comm)=0.003,0

idx=6 coord=(0,0)
TIMING for Renormalization : 0.001  T(cal/comm)=0.001,0
----- TIMING FOR ctns::oper_env_right : 2.900e-02 S -----
T[ctns::oper_env_right](init/load/comp/save/tot)=0.005,0.001,0.016,0,0.022
matrix: Hij size=(2,2)
(-2.79704223e+00,0.00000000e+00) (2.34864489e-15,-7.26200848e-17) 
(2.34864489e-15,7.26200848e-17) (-2.63744207e+00,0.00000000e+00) 
matrix: Sij size=(2,2)
(1.0000e+00,8.2835e-19) (-1.0755e-16,1.0105e-17) 
(-1.2837e-16,-9.1468e-18) (1.0000e+00,-9.1332e-19) 

ctns::sweep_opt maxsweep=2
ctns::get_left_bsite isym=1

ctns::topology::get_sweeps
 ibond=0 bond=(1,0)-(1,1) forward=1 cturn=1
 ibond=1 bond=(1,1)-(1,2) forward=1 cturn=0
 ibond=2 bond=(1,2)-(1,3) forward=1 cturn=0
 ibond=3 bond=(1,2)-(1,3) forward=0 cturn=0
 ibond=4 bond=(1,1)-(1,2) forward=0 cturn=0
 ibond=5 bond=(1,0)-(1,1) forward=0 cturn=1
======================================================================
sweep parameters: isweep=0 dots=1 dcut=100 eps=0.0001 noise=0.0001
======================================================================

isweep=0 ibond=0/seqsize=6 dots=1 dbond=(1,0)-(1,1) forward=1 cturn=1
----------------------------------------------------------------------
ctns::sweep_onedot alg_hvec=3 alg_renorm=2 mpisize=1 maxthreads=4
ctns::topology::check_partition: (sl,sr,sc)=1,1,4 ifNC=1
wf3(diml,dimr,dimc)=(4,4,64) nnz=280:0.004272MB
iter   ieig        eigenvalue        ediff      rnorm   nsub  nmvp   time/s    tav/s
    1   0 -      -2.797042228851  -1.00e+03   1.82e-01    2     2   5.00e-03  2.50e-03
    1   1 -      -2.797042228851  -1.00e+03   1.82e-01    2     2   5.00e-03  2.50e-03
    2   0 -      -2.826639415033  -2.96e-02   9.81e-02    4     4   9.00e-03  2.25e-03
    2   1 -      -2.826639415033  -2.96e-02   9.81e-02    4     4   9.00e-03  2.25e-03
    3   0 -      -2.832882538669  -6.24e-03   5.75e-02    4     6   1.30e-02  2.17e-03
    3   1 -      -2.832882538669  -6.24e-03   5.75e-02    4     6   1.30e-02  2.17e-03
    4   0 -      -2.835155653361  -2.27e-03   4.19e-02    4     8   1.70e-02  2.13e-03
    4   1 -      -2.835155653361  -2.27e-03   4.19e-02    4     8   1.70e-02  2.13e-03
    5   0 -      -2.836257421269  -1.10e-03   2.93e-02    4    10   2.10e-02  2.10e-03
    5   1 -      -2.836257421269  -1.10e-03   2.93e-02    4    10   2.10e-02  2.10e-03
    6   0 -      -2.836828773430  -5.71e-04   2.26e-02    4    12   2.50e-02  2.08e-03
    6   1 -      -2.836828773430  -5.71e-04   2.26e-02    4    12   2.50e-02  2.08e-03
    7   0 -      -2.837146632562  -3.18e-04   1.66e-02    4    14   2.90e-02  2.07e-03
    7   1 -      -2.837146632562  -3.18e-04   1.66e-02    4    14   2.90e-02  2.07e-03
    8   0 -      -2.837332075589  -1.85e-04   1.34e-02    4    16   3.30e-02  2.06e-03
    8   1 -      -2.837332075589  -1.85e-04   1.34e-02    4    16   3.30e-02  2.06e-03
    9   0 -      -2.837445709833  -1.14e-04   1.02e-02    4    18   3.80e-02  2.11e-03
    9   1 -      -2.837445709833  -1.14e-04   1.02e-02    4    18   3.80e-02  2.11e-03
   10   0 -      -2.837518316341  -7.26e-05   8.64e-03    4    20   4.40e-02  2.20e-03
   10   1 -      -2.837518316341  -7.26e-05   8.64e-03    4    20   4.40e-02  2.20e-03
   11   0 -      -2.837566605503  -4.83e-05   6.75e-03    4    22   4.90e-02  2.23e-03
   11   1 -      -2.837566605503  -4.83e-05   6.75e-03    4    22   4.90e-02  2.23e-03
   12   0 -      -2.837599860928  -3.33e-05   5.99e-03    4    24   5.40e-02  2.25e-03
   12   1 -      -2.837599860928  -3.33e-05   5.99e-03    4    24   5.40e-02  2.25e-03
   13   0 -      -2.837623436019  -2.36e-05   4.77e-03    4    26   5.70e-02  2.19e-03
   13   1 -      -2.837623436019  -2.36e-05   4.77e-03    4    26   5.70e-02  2.19e-03
   14   0 -      -2.837640532282  -1.71e-05   4.35e-03    4    28   6.10e-02  2.18e-03
   14   1 -      -2.837640532282  -1.71e-05   4.35e-03    4    28   6.10e-02  2.18e-03
   15   0 -      -2.837653141761  -1.26e-05   3.50e-03    4    30   6.50e-02  2.17e-03
   15   1 -      -2.837653141761  -1.26e-05   3.50e-03    4    30   6.50e-02  2.17e-03
   16   0 -      -2.837662554044  -9.41e-06   3.25e-03    4    32   6.90e-02  2.16e-03
   16   1 -      -2.837662554044  -9.41e-06   3.25e-03    4    32   6.90e-02  2.16e-03
   17   0 -      -2.837669640345  -7.09e-06   2.63e-03    4    34   7.40e-02  2.18e-03
   17   1 -      -2.837669640345  -7.09e-06   2.63e-03    4    34   7.40e-02  2.18e-03
   18   0 -      -2.837675005259  -5.36e-06   2.46e-03    4    36   7.80e-02  2.17e-03
   18   1 -      -2.837675005259  -5.36e-06   2.46e-03    4    36   7.80e-02  2.17e-03
   19   0 -      -2.837679083643  -4.08e-06   1.99e-03    4    38   8.10e-02  2.13e-03
   19   1 -      -2.837679083643  -4.08e-06   1.99e-03    4    38   8.10e-02  2.13e-03
   20   0 -      -2.837682191505  -3.11e-06   1.88e-03    4    40   8.60e-02  2.15e-03
   20   1 -      -2.837682191505  -3.11e-06   1.88e-03    4    40   8.60e-02  2.15e-03
   21   0 -      -2.837684564445  -2.37e-06   1.52e-03    4    42   8.90e-02  2.12e-03
   21   1 -      -2.837684564445  -2.37e-06   1.52e-03    4    42   8.90e-02  2.12e-03
   22   0 -      -2.837686378056  -1.81e-06   1.44e-03    4    44   9.30e-02  2.11e-03
   22   1 -      -2.837686378056  -1.81e-06   1.44e-03    4    44   9.30e-02  2.11e-03
   23   0 -      -2.837687765527  -1.39e-06   1.16e-03    4    46   9.80e-02  2.13e-03
   23   1 -      -2.837687765527  -1.39e-06   1.16e-03    4    46   9.80e-02  2.13e-03
   24   0 -      -2.837688827397  -1.06e-06   1.10e-03    4    48   1.02e-01  2.13e-03
   24   1 -      -2.837688827397  -1.06e-06   1.10e-03    4    48   1.02e-01  2.13e-03
   25   0 -      -2.837689640492  -8.13e-07   8.90e-04    4    50   1.06e-01  2.12e-03
   25   1 -      -2.837689640492  -8.13e-07   8.90e-04    4    50   1.06e-01  2.12e-03
   26   0 -      -2.837690263177  -6.23e-07   8.42e-04    4    52   1.10e-01  2.12e-03
   26   1 -      -2.837690263177  -6.23e-07   8.42e-04    4    52   1.10e-01  2.12e-03
   27   0 -      -2.837690740182  -4.77e-07   6.82e-04    4    54   1.14e-01  2.11e-03
   27   1 -      -2.837690740182  -4.77e-07   6.82e-04    4    54   1.14e-01  2.11e-03
   28   0 -      -2.837691105600  -3.65e-07   6.45e-04    4    56   1.18e-01  2.11e-03
   28   1 -      -2.837691105600  -3.65e-07   6.45e-04    4    56   1.18e-01  2.11e-03
   29   0 -      -2.837691385586  -2.80e-07   5.23e-04    4    58   1.22e-01  2.10e-03
   29   1 -      -2.837691385586  -2.80e-07   5.23e-04    4    58   1.22e-01  2.10e-03
   30   0 -      -2.837691600110  -2.15e-07   4.94e-04    4    60   1.26e-01  2.10e-03
   30   1 -      -2.837691600110  -2.15e-07   4.94e-04    4    60   1.26e-01  2.10e-03
   31   0 -      -2.837691764498  -1.64e-07   4.01e-04    4    62   1.30e-01  2.10e-03
   31   1 -      -2.837691764498  -1.64e-07   4.01e-04    4    62   1.30e-01  2.10e-03
   32   0 -      -2.837691890464  -1.26e-07   3.79e-04    4    64   1.34e-01  2.09e-03
   32   1 -      -2.837691890464  -1.26e-07   3.79e-04    4    64   1.34e-01  2.09e-03
   33   0 -      -2.837691986996  -9.65e-08   3.07e-04    4    66   1.38e-01  2.09e-03
   33   1 -      -2.837691986996  -9.65e-08   3.07e-04    4    66   1.38e-01  2.09e-03
   34   0 -      -2.837692060971  -7.40e-08   2.90e-04    4    68   1.42e-01  2.09e-03
   34   1 -      -2.837692060971  -7.40e-08   2.90e-04    4    68   1.42e-01  2.09e-03
   35   0 -      -2.837692117662  -5.67e-08   2.35e-04    4    70   1.46e-01  2.09e-03
   35   1 -      -2.837692117662  -5.67e-08   2.35e-04    4    70   1.46e-01  2.09e-03
   36   0 -      -2.837692161108  -4.34e-08   2.23e-04    4    72   1.50e-01  2.08e-03
   36   1 -      -2.837692161108  -4.34e-08   2.23e-04    4    72   1.50e-01  2.08e-03
   37   0 -      -2.837692194404  -3.33e-08   1.80e-04    4    74   1.54e-01  2.08e-03
   37   1 -      -2.837692194404  -3.33e-08   1.80e-04    4    74   1.54e-01  2.08e-03
   38   0 -      -2.837692219921  -2.55e-08   1.71e-04    4    76   1.59e-01  2.09e-03
   38   1 -      -2.837692219921  -2.55e-08   1.71e-04    4    76   1.59e-01  2.09e-03
   39   0 -      -2.837692239478  -1.96e-08   1.38e-04    4    78   1.63e-01  2.09e-03
   39   1 -      -2.837692239478  -1.96e-08   1.38e-04    4    78   1.63e-01  2.09e-03
   40   0 -      -2.837692254466  -1.50e-08   1.31e-04    4    80   1.68e-01  2.10e-03
   40   1 -      -2.837692254466  -1.50e-08   1.31e-04    4    80   1.68e-01  2.10e-03
   41   0 -      -2.837692265953  -1.15e-08   1.06e-04    4    82   1.72e-01  2.10e-03
   41   1 -      -2.837692265953  -1.15e-08   1.06e-04    4    82   1.72e-01  2.10e-03
   42   0 -      -2.837692274756  -8.80e-09   1.00e-04    4    84   1.77e-01  2.11e-03
   42   1 -      -2.837692274756  -8.80e-09   1.00e-04    4    84   1.77e-01  2.11e-03
   43   0 +      -2.837692281504  -6.75e-09   8.14e-05    4    86   1.81e-01  2.10e-03
   43   1 +      -2.837692281504  -6.75e-09   8.14e-05    4    86   1.81e-01  2.10e-03
TIMING for Davidson : 1.81e-01  T(cal/comm/rest)=1.07e-01,0.00e+00,7.40e-02
decimation summary: 16->16 dwt=2.22e-16 SvN=3.60e+00
TIMING for Renormalization : 4.00e-03  T(cal/comm)=4.00e-03,0.00e+00

isweep=0 ibond=1/seqsize=6 dots=1 dbond=(1,1)-(1,2) forward=1 cturn=0
----------------------------------------------------------------------
ctns::sweep_onedot alg_hvec=3 alg_renorm=2 mpisize=1 maxthreads=4
ctns::topology::check_partition: (sl,sr,sc)=2,3,1 ifNC=1
wf3(diml,dimr,dimc)=(16,39,4) nnz=642:9.80e-03MB
iter   ieig        eigenvalue        ediff      rnorm   nsub  nmvp   time/s    tav/s
    1   0 -      -2.837692281504  -1.00e+03   2.09e-01    2     2   5.00e-03  2.50e-03
    1   1 -      -2.837692281504  -1.00e+03   2.09e-01    2     2   5.00e-03  2.50e-03
    2   0 -      -2.864987678194  -2.73e-02   1.15e-01    4     4   9.00e-03  2.25e-03
    2   1 -      -2.864987678194  -2.73e-02   1.15e-01    4     4   9.00e-03  2.25e-03
    3   0 -      -2.872481731936  -7.49e-03   8.36e-02    4     6   1.30e-02  2.17e-03
    3   1 -      -2.872481731936  -7.49e-03   8.36e-02    4     6   1.30e-02  2.17e-03
    4   0 -      -2.876219378882  -3.74e-03   6.45e-02    4     8   1.70e-02  2.13e-03
    4   1 -      -2.876219378882  -3.74e-03   6.45e-02    4     8   1.70e-02  2.13e-03
    5   0 -      -2.878401298649  -2.18e-03   5.07e-02    4    10   2.10e-02  2.10e-03
    5   1 -      -2.878401298649  -2.18e-03   5.07e-02    4    10   2.10e-02  2.10e-03
    6   0 -      -2.879747674307  -1.35e-03   4.04e-02    4    12   2.40e-02  2.00e-03
    6   1 -      -2.879747674307  -1.35e-03   4.04e-02    4    12   2.40e-02  2.00e-03
    7   0 -      -2.880608468749  -8.61e-04   3.24e-02    4    14   2.80e-02  2.00e-03
    7   1 -      -2.880608468749  -8.61e-04   3.24e-02    4    14   2.80e-02  2.00e-03
    8   0 -      -2.881169081130  -5.61e-04   2.64e-02    4    16   3.20e-02  2.00e-03
    8   1 -      -2.881169081130  -5.61e-04   2.64e-02    4    16   3.20e-02  2.00e-03
    9   0 -      -2.881540221471  -3.71e-04   2.14e-02    4    18   3.60e-02  2.00e-03
    9   1 -      -2.881540221471  -3.71e-04   2.14e-02    4    18   3.60e-02  2.00e-03
   10   0 -      -2.881788063085  -2.48e-04   1.76e-02    4    20   4.00e-02  2.00e-03
   10   1 -      -2.881788063085  -2.48e-04   1.76e-02    4    20   4.00e-02  2.00e-03
   11   0 -      -2.881955090667  -1.67e-04   1.43e-02    4    22   4.40e-02  2.00e-03
   11   1 -      -2.881955090667  -1.67e-04   1.43e-02    4    22   4.40e-02  2.00e-03
   12   0 -      -2.882068285713  -1.13e-04   1.20e-02    4    24   4.70e-02  1.96e-03
   12   1 -      -2.882068285713  -1.13e-04   1.20e-02    4    24   4.70e-02  1.96e-03
   13   0 -      -2.882145481957  -7.72e-05   9.75e-03    4    26   5.10e-02  1.96e-03
   13   1 -      -2.882145481957  -7.72e-05   9.75e-03    4    26   5.10e-02  1.96e-03
   14   0 -      -2.882198375469  -5.29e-05   8.22e-03    4    28   5.50e-02  1.96e-03
   14   1 -      -2.882198375469  -5.29e-05   8.22e-03    4    28   5.50e-02  1.96e-03
   15   0 -      -2.882234801617  -3.64e-05   6.69e-03    4    30   5.90e-02  1.97e-03
   15   1 -      -2.882234801617  -3.64e-05   6.69e-03    4    30   5.90e-02  1.97e-03
   16   0 -      -2.882259998494  -2.52e-05   5.69e-03    4    32   6.30e-02  1.97e-03
   16   1 -      -2.882259998494  -2.52e-05   5.69e-03    4    32   6.30e-02  1.97e-03
   17   0 -      -2.882277507455  -1.75e-05   4.63e-03    4    34   6.70e-02  1.97e-03
   17   1 -      -2.882277507455  -1.75e-05   4.63e-03    4    34   6.70e-02  1.97e-03
   18   0 -      -2.882289727982  -1.22e-05   3.96e-03    4    36   7.10e-02  1.97e-03
   18   1 -      -2.882289727982  -1.22e-05   3.96e-03    4    36   7.10e-02  1.97e-03
   19   0 -      -2.882298295384  -8.57e-06   3.23e-03    4    38   7.40e-02  1.95e-03
   19   1 -      -2.882298295384  -8.57e-06   3.23e-03    4    38   7.40e-02  1.95e-03
   20   0 -      -2.882304329289  -6.03e-06   2.78e-03    4    40   7.80e-02  1.95e-03
   20   1 -      -2.882304329289  -6.03e-06   2.78e-03    4    40   7.80e-02  1.95e-03
   21   0 -      -2.882308598483  -4.27e-06   2.27e-03    4    42   8.20e-02  1.95e-03
   21   1 -      -2.882308598483  -4.27e-06   2.27e-03    4    42   8.20e-02  1.95e-03
   22   0 -      -2.882311633910  -3.04e-06   1.97e-03    4    44   8.60e-02  1.95e-03
   22   1 -      -2.882311633910  -3.04e-06   1.97e-03    4    44   8.60e-02  1.95e-03
   23   0 -      -2.882313802772  -2.17e-06   1.62e-03    4    46   9.00e-02  1.96e-03
   23   1 -      -2.882313802772  -2.17e-06   1.62e-03    4    46   9.00e-02  1.96e-03
   24   0 -      -2.882315360668  -1.56e-06   1.41e-03    4    48   9.40e-02  1.96e-03
   24   1 -      -2.882315360668  -1.56e-06   1.41e-03    4    48   9.40e-02  1.96e-03
   25   0 -      -2.882316485653  -1.12e-06   1.16e-03    4    50   9.80e-02  1.96e-03
   25   1 -      -2.882316485653  -1.12e-06   1.16e-03    4    50   9.80e-02  1.96e-03
   26   0 -      -2.882317302631  -8.17e-07   1.02e-03    4    52   1.02e-01  1.96e-03
   26   1 -      -2.882317302631  -8.17e-07   1.02e-03    4    52   1.02e-01  1.96e-03
   27   0 -      -2.882317899278  -5.97e-07   8.47e-04    4    54   1.05e-01  1.94e-03
   27   1 -      -2.882317899278  -5.97e-07   8.47e-04    4    54   1.05e-01  1.94e-03
   28   0 -      -2.882318337603  -4.38e-07   7.49e-04    4    56   1.09e-01  1.95e-03
   28   1 -      -2.882318337603  -4.38e-07   7.49e-04    4    56   1.09e-01  1.95e-03
   29   0 -      -2.882318661494  -3.24e-07   6.25e-04    4    58   1.13e-01  1.95e-03
   29   1 -      -2.882318661494  -3.24e-07   6.25e-04    4    58   1.13e-01  1.95e-03
   30   0 -      -2.882318902269  -2.41e-07   5.55e-04    4    60   1.17e-01  1.95e-03
   30   1 -      -2.882318902269  -2.41e-07   5.55e-04    4    60   1.17e-01  1.95e-03
   31   0 -      -2.882319082298  -1.80e-07   4.66e-04    4    62   1.21e-01  1.95e-03
   31   1 -      -2.882319082298  -1.80e-07   4.66e-04    4    62   1.21e-01  1.95e-03
   32   0 -      -2.882319217700  -1.35e-07   4.16e-04    4    64   1.25e-01  1.95e-03
   32   1 -      -2.882319217700  -1.35e-07   4.16e-04    4    64   1.25e-01  1.95e-03
   33   0 -      -2.882319320106  -1.02e-07   3.52e-04    4    66   1.29e-01  1.95e-03
   33   1 -      -2.882319320106  -1.02e-07   3.52e-04    4    66   1.29e-01  1.95e-03
   34   0 -      -2.882319397987  -7.79e-08   3.16e-04    4    68   1.32e-01  1.94e-03
   34   1 -      -2.882319397987  -7.79e-08   3.16e-04    4    68   1.32e-01  1.94e-03
   35   0 -      -2.882319457520  -5.95e-08   2.69e-04    4    70   1.36e-01  1.94e-03
   35   1 -      -2.882319457520  -5.95e-08   2.69e-04    4    70   1.36e-01  1.94e-03
   36   0 -      -2.882319503258  -4.57e-08   2.42e-04    4    72   1.40e-01  1.94e-03
   36   1 -      -2.882319503258  -4.57e-08   2.42e-04    4    72   1.40e-01  1.94e-03
   37   0 -      -2.882319538557  -3.53e-08   2.08e-04    4    74   1.44e-01  1.95e-03
   37   1 -      -2.882319538557  -3.53e-08   2.08e-04    4    74   1.44e-01  1.95e-03
   38   0 -      -2.882319565919  -2.74e-08   1.88e-04    4    76   1.48e-01  1.95e-03
   38   1 -      -2.882319565919  -2.74e-08   1.88e-04    4    76   1.48e-01  1.95e-03
   39   0 -      -2.882319587213  -2.13e-08   1.62e-04    4    78   1.52e-01  1.95e-03
   39   1 -      -2.882319587213  -2.13e-08   1.62e-04    4    78   1.52e-01  1.95e-03
   40   0 -      -2.882319603845  -1.66e-08   1.46e-04    4    80   1.55e-01  1.94e-03
   40   1 -      -2.882319603845  -1.66e-08   1.46e-04    4    80   1.55e-01  1.94e-03
   41   0 -      -2.882319616879  -1.30e-08   1.27e-04    4    82   1.59e-01  1.94e-03
   41   1 -      -2.882319616879  -1.30e-08   1.27e-04    4    82   1.59e-01  1.94e-03
   42   0 -      -2.882319627124  -1.02e-08   1.15e-04    4    84   1.63e-01  1.94e-03
   42   1 -      -2.882319627124  -1.02e-08   1.15e-04    4    84   1.63e-01  1.94e-03
   43   0 +      -2.882319635198  -8.07e-09   9.99e-05    4    86   1.67e-01  1.94e-03
   43   1 +      -2.882319635198  -8.07e-09   9.99e-05    4    86   1.67e-01  1.94e-03
TIMING for Davidson : 1.67e-01  T(cal/comm/rest)=8.80e-02,0.00e+00,7.90e-02
decimation summary: 64->58 dwt=2.22e-16 SvN=1.94e+00
TIMING for Renormalization : 3.00e-03  T(cal/comm)=3.00e-03,0.00e+00

isweep=0 ibond=2/seqsize=6 dots=1 dbond=(1,2)-(1,3) forward=1 cturn=0
----------------------------------------------------------------------
ctns::sweep_onedot alg_hvec=3 alg_renorm=2 mpisize=1 maxthreads=4
ctns::topology::check_partition: (sl,sr,sc)=3,2,1 ifNC=0
wf3(diml,dimr,dimc)=(58,16,4) nnz=754:1.15e-02MB
iter   ieig        eigenvalue        ediff      rnorm   nsub  nmvp   time/s    tav/s
    1   0 -      -2.882319552525  -1.00e+03   1.22e-01    2     2   6.00e-03  3.00e-03
    1   1 -      -2.882319552525  -1.00e+03   1.22e-01    2     2   6.00e-03  3.00e-03
    2   0 -      -2.891759634311  -9.44e-03   5.30e-02    4     4   1.10e-02  2.75e-03
    2   1 -      -2.891759634311  -9.44e-03   5.30e-02    4     4   1.10e-02  2.75e-03
    3   0 -      -2.893621975107  -1.86e-03   3.52e-02    4     6   1.70e-02  2.83e-03
    3   1 -      -2.893621975107  -1.86e-03   3.52e-02    4     6   1.70e-02  2.83e-03
    4   0 -      -2.894404699737  -7.83e-04   2.46e-02    4     8   2.20e-02  2.75e-03
    4   1 -      -2.894404699737  -7.83e-04   2.46e-02    4     8   2.20e-02  2.75e-03
    5   0 -      -2.894819796496  -4.15e-04   1.95e-02    4    10   2.70e-02  2.70e-03
    5   1 -      -2.894819796496  -4.15e-04   1.95e-02    4    10   2.70e-02  2.70e-03
    6   0 -      -2.895069929428  -2.50e-04   1.48e-02    4    12   3.20e-02  2.67e-03
    6   1 -      -2.895069929428  -2.50e-04   1.48e-02    4    12   3.20e-02  2.67e-03
    7   0 -      -2.895228908088  -1.59e-04   1.23e-02    4    14   3.80e-02  2.71e-03
    7   1 -      -2.895228908088  -1.59e-04   1.23e-02    4    14   3.80e-02  2.71e-03
    8   0 -      -2.895333793015  -1.05e-04   9.69e-03    4    16   4.30e-02  2.69e-03
    8   1 -      -2.895333793015  -1.05e-04   9.69e-03    4    16   4.30e-02  2.69e-03
    9   0 -      -2.895404555279  -7.08e-05   8.24e-03    4    18   4.80e-02  2.67e-03
    9   1 -      -2.895404555279  -7.08e-05   8.24e-03    4    18   4.80e-02  2.67e-03
   10   0 -      -2.895453272485  -4.87e-05   6.61e-03    4    20   5.30e-02  2.65e-03
   10   1 -      -2.895453272485  -4.87e-05   6.61e-03    4    20   5.30e-02  2.65e-03
   11   0 -      -2.895487267346  -3.40e-05   5.70e-03    4    22   5.80e-02  2.64e-03
   11   1 -      -2.895487267346  -3.40e-05   5.70e-03    4    22   5.80e-02  2.64e-03
   12   0 -      -2.895511288900  -2.40e-05   4.63e-03    4    24   6.40e-02  2.67e-03
   12   1 -      -2.895511288900  -2.40e-05   4.63e-03    4    24   6.40e-02  2.67e-03
   13   0 -      -2.895528399982  -1.71e-05   4.02e-03    4    26   6.90e-02  2.65e-03
   13   1 -      -2.895528399982  -1.71e-05   4.02e-03    4    26   6.90e-02  2.65e-03
   14   0 -      -2.895540681281  -1.23e-05   3.30e-03    4    28   7.40e-02  2.64e-03
   14   1 -      -2.895540681281  -1.23e-05   3.30e-03    4    28   7.40e-02  2.64e-03
   15   0 -      -2.895549535645  -8.85e-06   2.88e-03    4    30   7.90e-02  2.63e-03
   15   1 -      -2.895549535645  -8.85e-06   2.88e-03    4    30   7.90e-02  2.63e-03
   16   0 -      -2.895555947565  -6.41e-06   2.38e-03    4    32   8.50e-02  2.66e-03
   16   1 -      -2.895555947565  -6.41e-06   2.38e-03    4    32   8.50e-02  2.66e-03
   17   0 -      -2.895560601725  -4.65e-06   2.08e-03    4    34   9.00e-02  2.65e-03
   17   1 -      -2.895560601725  -4.65e-06   2.08e-03    4    34   9.00e-02  2.65e-03
   18   0 -      -2.895563988562  -3.39e-06   1.72e-03    4    36   9.50e-02  2.64e-03
   18   1 -      -2.895563988562  -3.39e-06   1.72e-03    4    36   9.50e-02  2.64e-03
   19   0 -      -2.895566456055  -2.47e-06   1.51e-03    4    38   1.00e-01  2.63e-03
   19   1 -      -2.895566456055  -2.47e-06   1.51e-03    4    38   1.00e-01  2.63e-03
   20   0 -      -2.895568256369  -1.80e-06   1.25e-03    4    40   1.05e-01  2.62e-03
   20   1 -      -2.895568256369  -1.80e-06   1.25e-03    4    40   1.05e-01  2.62e-03
   21   0 -      -2.895569570619  -1.31e-06   1.10e-03    4    42   1.10e-01  2.62e-03
   21   1 -      -2.895569570619  -1.31e-06   1.10e-03    4    42   1.10e-01  2.62e-03
   22   0 -      -2.895570530844  -9.60e-07   9.12e-04    4    44   1.16e-01  2.64e-03
   22   1 -      -2.895570530844  -9.60e-07   9.12e-04    4    44   1.16e-01  2.64e-03
   23   0 -      -2.895571232573  -7.02e-07   8.00e-04    4    46   1.21e-01  2.63e-03
   23   1 -      -2.895571232573  -7.02e-07   8.00e-04    4    46   1.21e-01  2.63e-03
   24   0 -      -2.895571745648  -5.13e-07   6.66e-04    4    48   1.26e-01  2.63e-03
   24   1 -      -2.895571745648  -5.13e-07   6.66e-04    4    48   1.26e-01  2.63e-03
   25   0 -      -2.895572120817  -3.75e-07   5.84e-04    4    50   1.32e-01  2.64e-03
   25   1 -      -2.895572120817  -3.75e-07   5.84e-04    4    50   1.32e-01  2.64e-03
   26   0 -      -2.895572395230  -2.74e-07   4.86e-04    4    52   1.37e-01  2.63e-03
   26   1 -      -2.895572395230  -2.74e-07   4.86e-04    4    52   1.37e-01  2.63e-03
   27   0 -      -2.895572595947  -2.01e-07   4.27e-04    4    54   1.42e-01  2.63e-03
   27   1 -      -2.895572595947  -2.01e-07   4.27e-04    4    54   1.42e-01  2.63e-03
   28   0 -      -2.895572742788  -1.47e-07   3.55e-04    4    56   1.47e-01  2.62e-03
   28   1 -      -2.895572742788  -1.47e-07   3.55e-04    4    56   1.47e-01  2.62e-03
   29   0 -      -2.895572850212  -1.07e-07   3.12e-04    4    58   1.53e-01  2.64e-03
   29   1 -      -2.895572850212  -1.07e-07   3.12e-04    4    58   1.53e-01  2.64e-03
   30   0 -      -2.895572928809  -7.86e-08   2.60e-04    4    60   1.58e-01  2.63e-03
   30   1 -      -2.895572928809  -7.86e-08   2.60e-04    4    60   1.58e-01  2.63e-03
   31   0 -      -2.895572986313  -5.75e-08   2.28e-04    4    62   1.63e-01  2.63e-03
   31   1 -      -2.895572986313  -5.75e-08   2.28e-04    4    62   1.63e-01  2.63e-03
   32   0 -      -2.895573028388  -4.21e-08   1.90e-04    4    64   1.69e-01  2.64e-03
   32   1 -      -2.895573028388  -4.21e-08   1.90e-04    4    64   1.69e-01  2.64e-03
   33   0 -      -2.895573059173  -3.08e-08   1.67e-04    4    66   1.74e-01  2.64e-03
   33   1 -      -2.895573059173  -3.08e-08   1.67e-04    4    66   1.74e-01  2.64e-03
   34   0 -      -2.895573081699  -2.25e-08   1.39e-04    4    68   1.79e-01  2.63e-03
   34   1 -      -2.895573081699  -2.25e-08   1.39e-04    4    68   1.79e-01  2.63e-03
   35   0 -      -2.895573098181  -1.65e-08   1.22e-04    4    70   1.85e-01  2.64e-03
   35   1 -      -2.895573098181  -1.65e-08   1.22e-04    4    70   1.85e-01  2.64e-03
   36   0 -      -2.895573110242  -1.21e-08   1.02e-04    4    72   1.90e-01  2.64e-03
   36   1 -      -2.895573110242  -1.21e-08   1.02e-04    4    72   1.90e-01  2.64e-03
   37   0 +      -2.895573119066  -8.82e-09   8.91e-05    4    74   1.95e-01  2.64e-03
   37   1 +      -2.895573119066  -8.82e-09   8.91e-05    4    74   1.95e-01  2.64e-03
TIMING for Davidson : 1.95e-01  T(cal/comm/rest)=1.50e-01,0.00e+00,4.50e-02
decimation summary: 232->64 dwt=0.00e+00 SvN=3.47e+00
TIMING for Renormalization : 4.00e-03  T(cal/comm)=4.00e-03,0.00e+00

isweep=0 ibond=3/seqsize=6 dots=1 dbond=(1,2)-(1,3) forward=0 cturn=0
----------------------------------------------------------------------
ctns::sweep_onedot alg_hvec=3 alg_renorm=2 mpisize=1 maxthreads=4
ctns::topology::check_partition: (sl,sr,sc)=4,1,1 ifNC=0
wf3(diml,dimr,dimc)=(64,4,4) nnz=280:4.27e-03MB
iter   ieig        eigenvalue        ediff      rnorm   nsub  nmvp   time/s    tav/s
    1   0 -      -2.895569459555  -1.00e+03   4.69e-04    2     2   4.00e-03  2.00e-03
    1   1 -      -2.895569459555  -1.00e+03   4.69e-04    2     2   4.00e-03  2.00e-03
    2   0 -      -2.895569571824  -1.12e-07   1.42e-04    4     4   8.00e-03  2.00e-03
    2   1 -      -2.895569571824  -1.12e-07   1.42e-04    4     4   8.00e-03  2.00e-03
    3   0 +      -2.895569583046  -1.12e-08   7.08e-05    4     6   1.10e-02  1.83e-03
    3   1 +      -2.895569583046  -1.12e-08   7.08e-05    4     6   1.10e-02  1.83e-03
TIMING for Davidson : 1.10e-02  T(cal/comm/rest)=7.00e-03,0.00e+00,4.00e-03
decimation summary: 16->16 dwt=1.11e-16 SvN=2.82e+00
TIMING for Renormalization : 3.00e-03  T(cal/comm)=3.00e-03,0.00e+00

isweep=0 ibond=4/seqsize=6 dots=1 dbond=(1,1)-(1,2) forward=0 cturn=0
----------------------------------------------------------------------
ctns::sweep_onedot alg_hvec=3 alg_renorm=2 mpisize=1 maxthreads=4
ctns::topology::check_partition: (sl,sr,sc)=3,2,1 ifNC=0
wf3(diml,dimr,dimc)=(58,16,4) nnz=754:1.15e-02MB
iter   ieig        eigenvalue        ediff      rnorm   nsub  nmvp   time/s    tav/s
    1   0 -      -2.895569583046  -1.00e+03   2.93e-03    2     2   6.00e-03  3.00e-03
    1   1 -      -2.895569583046  -1.00e+03   2.93e-03    2     2   6.00e-03  3.00e-03
    2   0 -      -2.895572952753  -3.37e-06   5.86e-04    4     4   1.20e-02  3.00e-03
    2   1 -      -2.895572952753  -3.37e-06   5.86e-04    4     4   1.20e-02  3.00e-03
    3   0 -      -2.895573106074  -1.53e-07   2.14e-04    4     6   1.70e-02  2.83e-03
    3   1 -      -2.895573106074  -1.53e-07   2.14e-04    4     6   1.70e-02  2.83e-03
    4   0 -      -2.895573129255  -2.32e-08   1.06e-04    4     8   2.20e-02  2.75e-03
    4   1 -      -2.895573129255  -2.32e-08   1.06e-04    4     8   2.20e-02  2.75e-03
    5   0 +      -2.895573135890  -6.63e-09   6.50e-05    4    10   2.70e-02  2.70e-03
    5   1 +      -2.895573135890  -6.63e-09   6.50e-05    4    10   2.70e-02  2.70e-03
TIMING for Davidson : 2.70e-02  T(cal/comm/rest)=2.10e-02,0.00e+00,6.00e-03
decimation summary: 64->57 dwt=1.11e-16 SvN=2.09e+00
TIMING for Renormalization : 3.00e-03  T(cal/comm)=3.00e-03,0.00e+00

isweep=0 ibond=5/seqsize=6 dots=1 dbond=(1,0)-(1,1) forward=0 cturn=1
----------------------------------------------------------------------
ctns::sweep_onedot alg_hvec=3 alg_renorm=2 mpisize=1 maxthreads=4
ctns::topology::check_partition: (sl,sr,sc)=2,3,1 ifNC=1
wf3(diml,dimr,dimc)=(16,57,4) nnz=786:1.20e-02MB
iter   ieig        eigenvalue        ediff      rnorm   nsub  nmvp   time/s    tav/s
    1   0 -      -2.895573135890  -1.00e+03   1.12e-02    2     2   6.00e-03  3.00e-03
    1   1 -      -2.895573135890  -1.00e+03   1.12e-02    2     2   6.00e-03  3.00e-03
    2   0 -      -2.895641462179  -6.83e-05   3.55e-03    4     4   1.10e-02  2.75e-03
    2   1 -      -2.895641462179  -6.83e-05   3.55e-03    4     4   1.10e-02  2.75e-03
    3   0 -      -2.895648125913  -6.66e-06   1.84e-03    4     6   1.60e-02  2.67e-03
    3   1 -      -2.895648125913  -6.66e-06   1.84e-03    4     6   1.60e-02  2.67e-03
    4   0 -      -2.895649844664  -1.72e-06   1.05e-03    4     8   2.20e-02  2.75e-03
    4   1 -      -2.895649844664  -1.72e-06   1.05e-03    4     8   2.20e-02  2.75e-03
    5   0 -      -2.895650453747  -6.09e-07   6.83e-04    4    10   2.70e-02  2.70e-03
    5   1 -      -2.895650453747  -6.09e-07   6.83e-04    4    10   2.70e-02  2.70e-03
    6   0 -      -2.895650704740  -2.51e-07   4.41e-04    4    12   3.20e-02  2.67e-03
    6   1 -      -2.895650704740  -2.51e-07   4.41e-04    4    12   3.20e-02  2.67e-03
    7   0 -      -2.895650818736  -1.14e-07   3.13e-04    4    14   3.70e-02  2.64e-03
    7   1 -      -2.895650818736  -1.14e-07   3.13e-04    4    14   3.70e-02  2.64e-03
    8   0 -      -2.895650874631  -5.59e-08   2.17e-04    4    16   4.20e-02  2.63e-03
    8   1 -      -2.895650874631  -5.59e-08   2.17e-04    4    16   4.20e-02  2.63e-03
    9   0 -      -2.895650903899  -2.93e-08   1.65e-04    4    18   4.80e-02  2.67e-03
    9   1 -      -2.895650903899  -2.93e-08   1.65e-04    4    18   4.80e-02  2.67e-03
   10   0 -      -2.895650920141  -1.62e-08   1.21e-04    4    20   5.30e-02  2.65e-03
   10   1 -      -2.895650920141  -1.62e-08   1.21e-04    4    20   5.30e-02  2.65e-03
   11   0 +      -2.895650929609  -9.47e-09   9.70e-05    4    22   5.90e-02  2.68e-03
   11   1 +      -2.895650929609  -9.47e-09   9.70e-05    4    22   5.90e-02  2.68e-03
TIMING for Davidson : 5.90e-02  T(cal/comm/rest)=4.50e-02,0.00e+00,1.40e-02
decimation summary: 228->64 dwt=-2.22e-16 SvN=3.82e+00
TIMING for Renormalization : 4.00e-03  T(cal/comm)=4.00e-03,0.00e+00

======================================================================
sweep_data::summary isweep=0
----------------------------------------------------------------------
sweep parameters: isweep=0 dots=1 dcut=100 eps=1.00e-04 noise=1.00e-04
 ibond=0 bond=(1,0)-(1,1) forward=1 deff=16 dwt=+2.220e-16 nmvp=86 e[0]=-2.8376922815 e[1]=-2.8376922815
 ibond=1 bond=(1,1)-(1,2) forward=1 deff=58 dwt=+2.220e-16 nmvp=86 e[0]=-2.8823196352 e[1]=-2.8823196352
 ibond=2 bond=(1,2)-(1,3) forward=1 deff=64 dwt=+0.000e+00 nmvp=74 e[0]=-2.89557311907 e[1]=-2.89557311907
 ibond=3 bond=(1,2)-(1,3) forward=0 deff=16 dwt=+1.110e-16 nmvp=6 e[0]=-2.89556958305 e[1]=-2.89556958305
 ibond=4 bond=(1,1)-(1,2) forward=0 deff=57 dwt=+1.110e-16 nmvp=10 e[0]=-2.89557313589 e[1]=-2.89557313589
 ibond=5 bond=(1,0)-(1,1) forward=0 deff=64 dwt=-2.220e-16 nmvp=22 e[0]=-2.89565092961 e[1]=-2.89565092961
minimal energies at ibond=5
 sweep energies: isweep=0 dots=1 dcut=100 deff=64 dwt=-2.220e-16 e[0]=-2.89565092961
 sweep energies: isweep=0 dots=1 dcut=100 deff=64 dwt=-2.220e-16 e[1]=-2.89565092961
----------------------------------------------------------------------
summary of sweep optimization up to isweep=0
schedule: isweep, dots, dcut, eps, noise | nmvp | Tsweep/S | Tav/S | Taccum/S
         0  1  100  1.00e-04  1.00e-04 | 284 | 6.98e-01 | 2.46e-03 | 6.98e-01
results: isweep, dcut, dwt, energies (delta_e)
         0     100 -2.22e-16 e[0]=-2.89565092961 (0.00e+00) e[1]=-2.89565092961 (0.00e+00)
======================================================================

======================================================================
sweep parameters: isweep=1 dots=1 dcut=100 eps=1.00e-04 noise=0.00e+00
======================================================================

isweep=1 ibond=0/seqsize=6 dots=1 dbond=(1,0)-(1,1) forward=1 cturn=1
----------------------------------------------------------------------
ctns::sweep_onedot alg_hvec=3 alg_renorm=2 mpisize=1 maxthreads=4
ctns::topology::check_partition: (sl,sr,sc)=1,1,4 ifNC=1
wf3(diml,dimr,dimc)=(4,4,64) nnz=280:4.27e-03MB
iter   ieig        eigenvalue        ediff      rnorm   nsub  nmvp   time/s    tav/s
    1   0 -      -2.895647235882  -1.00e+03   4.76e-04    2     2   5.00e-03  2.50e-03
    1   1 -      -2.895647235882  -1.00e+03   4.76e-04    2     2   5.00e-03  2.50e-03
    2   0 -      -2.895647341204  -1.05e-07   1.24e-04    4     4   9.00e-03  2.25e-03
    2   1 -      -2.895647341204  -1.05e-07   1.24e-04    4     4   9.00e-03  2.25e-03
    3   0 +      -2.895647348918  -7.71e-09   6.12e-05    4     6   1.30e-02  2.17e-03
    3   1 +      -2.895647348918  -7.71e-09   6.12e-05    4     6   1.30e-02  2.17e-03
TIMING for Davidson : 1.30e-02  T(cal/comm/rest)=9.00e-03,0.00e+00,4.00e-03
decimation summary: 16->16 dwt=2.22e-16 SvN=3.57e+00
TIMING for Renormalization : 4.00e-03  T(cal/comm)=4.00e-03,0.00e+00

isweep=1 ibond=1/seqsize=6 dots=1 dbond=(1,1)-(1,2) forward=1 cturn=0
----------------------------------------------------------------------
ctns::sweep_onedot alg_hvec=3 alg_renorm=2 mpisize=1 maxthreads=4
ctns::topology::check_partition: (sl,sr,sc)=2,3,1 ifNC=1
wf3(diml,dimr,dimc)=(16,57,4) nnz=786:1.20e-02MB
iter   ieig        eigenvalue        ediff      rnorm   nsub  nmvp   time/s    tav/s
    1   0 -      -2.895647348918  -1.00e+03   2.93e-03    2     2   7.00e-03  3.50e-03
    1   1 -      -2.895647348918  -1.00e+03   2.93e-03    2     2   7.00e-03  3.50e-03
    2   0 -      -2.895650711983  -3.36e-06   6.59e-04    4     4   1.20e-02  3.00e-03
    2   1 -      -2.895650711983  -3.36e-06   6.59e-04    4     4   1.20e-02  3.00e-03
    3   0 -      -2.895650896922  -1.85e-07   2.66e-04    4     6   1.70e-02  2.83e-03
    3   1 -      -2.895650896922  -1.85e-07   2.66e-04    4     6   1.70e-02  2.83e-03
    4   0 -      -2.895650929311  -3.24e-08   1.38e-04    4     8   2.20e-02  2.75e-03
    4   1 -      -2.895650929311  -3.24e-08   1.38e-04    4     8   2.20e-02  2.75e-03
    5   0 +      -2.895650938626  -9.31e-09   8.41e-05    4    10   2.80e-02  2.80e-03
    5   1 +      -2.895650938626  -9.31e-09   8.41e-05    4    10   2.80e-02  2.80e-03
TIMING for Davidson : 2.80e-02  T(cal/comm/rest)=2.20e-02,0.00e+00,6.00e-03
decimation summary: 64->55 dwt=4.44e-16 SvN=2.10e+00
TIMING for Renormalization : 3.00e-03  T(cal/comm)=3.00e-03,0.00e+00

isweep=1 ibond=2/seqsize=6 dots=1 dbond=(1,2)-(1,3) forward=1 cturn=0
----------------------------------------------------------------------
ctns::sweep_onedot alg_hvec=3 alg_renorm=2 mpisize=1 maxthreads=4
ctns::topology::check_partition: (sl,sr,sc)=3,2,1 ifNC=0
wf3(diml,dimr,dimc)=(55,16,4) nnz=764:1.17e-02MB
iter   ieig        eigenvalue        ediff      rnorm   nsub  nmvp   time/s    tav/s
    1   0 +      -2.895650938626  -1.00e+03   8.37e-05    2     2   6.00e-03  3.00e-03
    1   1 +      -2.895650938626  -1.00e+03   8.37e-05    2     2   6.00e-03  3.00e-03
TIMING for Davidson : 6.00e-03  T(cal/comm/rest)=5.00e-03,0.00e+00,1.00e-03
decimation summary: 220->32 dwt=-2.22e-16 SvN=3.47e+00
TIMING for Renormalization : 3.00e-03  T(cal/comm)=3.00e-03,0.00e+00

isweep=1 ibond=3/seqsize=6 dots=1 dbond=(1,2)-(1,3) forward=0 cturn=0
----------------------------------------------------------------------
ctns::sweep_onedot alg_hvec=3 alg_renorm=2 mpisize=1 maxthreads=4
ctns::topology::check_partition: (sl,sr,sc)=4,1,1 ifNC=0
wf3(diml,dimr,dimc)=(32,4,4) nnz=140:2.14e-03MB
iter   ieig        eigenvalue        ediff      rnorm   nsub  nmvp   time/s    tav/s
    1   0 +      -2.895650938626  -1.00e+03   4.83e-05    2     2   1.00e-03  5.00e-04
    1   1 +      -2.895650938626  -1.00e+03   4.83e-05    2     2   1.00e-03  5.00e-04
TIMING for Davidson : 1.00e-03  T(cal/comm/rest)=0.00e+00,0.00e+00,1.00e-03
decimation summary: 16->16 dwt=0.00e+00 SvN=2.82e+00
TIMING for Renormalization : 5.00e-03  T(cal/comm)=5.00e-03,0.00e+00

isweep=1 ibond=4/seqsize=6 dots=1 dbond=(1,1)-(1,2) forward=0 cturn=0
----------------------------------------------------------------------
ctns::sweep_onedot alg_hvec=3 alg_renorm=2 mpisize=1 maxthreads=4
ctns::topology::check_partition: (sl,sr,sc)=3,2,1 ifNC=0
wf3(diml,dimr,dimc)=(55,16,4) nnz=764:1.17e-02MB
iter   ieig        eigenvalue        ediff      rnorm   nsub  nmvp   time/s    tav/s
    1   0 +      -2.895650938626  -1.00e+03   8.37e-05    2     2   5.00e-03  2.50e-03
    1   1 +      -2.895650938626  -1.00e+03   8.37e-05    2     2   5.00e-03  2.50e-03
TIMING for Davidson : 5.00e-03  T(cal/comm/rest)=4.00e-03,0.00e+00,1.00e-03
decimation summary: 64->54 dwt=2.22e-16 SvN=2.10e+00
TIMING for Renormalization : 4.00e-03  T(cal/comm)=4.00e-03,0.00e+00

isweep=1 ibond=5/seqsize=6 dots=1 dbond=(1,0)-(1,1) forward=0 cturn=1
----------------------------------------------------------------------
ctns::sweep_onedot alg_hvec=3 alg_renorm=2 mpisize=1 maxthreads=4
ctns::topology::check_partition: (sl,sr,sc)=2,3,1 ifNC=1
wf3(diml,dimr,dimc)=(16,54,4) nnz=768:1.17e-02MB
iter   ieig        eigenvalue        ediff      rnorm   nsub  nmvp   time/s    tav/s
    1   0 +      -2.895650938626  -1.00e+03   8.39e-05    2     2   5.00e-03  2.50e-03
    1   1 +      -2.895650938626  -1.00e+03   8.39e-05    2     2   5.00e-03  2.50e-03
TIMING for Davidson : 5.00e-03  T(cal/comm/rest)=4.00e-03,0.00e+00,1.00e-03
decimation summary: 216->32 dwt=0.00e+00 SvN=3.82e+00
TIMING for Renormalization : 4.00e-03  T(cal/comm)=4.00e-03,0.00e+00

======================================================================
sweep_data::summary isweep=1
----------------------------------------------------------------------
sweep parameters: isweep=1 dots=1 dcut=100 eps=1.00e-04 noise=0.00e+00
 ibond=0 bond=(1,0)-(1,1) forward=1 deff=16 dwt=+2.220e-16 nmvp=6 e[0]=-2.89564734892 e[1]=-2.89564734892
 ibond=1 bond=(1,1)-(1,2) forward=1 deff=55 dwt=+4.441e-16 nmvp=10 e[0]=-2.89565093863 e[1]=-2.89565093863
 ibond=2 bond=(1,2)-(1,3) forward=1 deff=32 dwt=-2.220e-16 nmvp=2 e[0]=-2.89565093863 e[1]=-2.89565093863
 ibond=3 bond=(1,2)-(1,3) forward=0 deff=16 dwt=+0.000e+00 nmvp=2 e[0]=-2.89565093863 e[1]=-2.89565093863
 ibond=4 bond=(1,1)-(1,2) forward=0 deff=54 dwt=+2.220e-16 nmvp=2 e[0]=-2.89565093863 e[1]=-2.89565093863
 ibond=5 bond=(1,0)-(1,1) forward=0 deff=32 dwt=+0.000e+00 nmvp=2 e[0]=-2.89565093863 e[1]=-2.89565093863
minimal energies at ibond=1
 sweep energies: isweep=1 dots=1 dcut=100 deff=55 dwt=+4.441e-16 e[0]=-2.89565093863
 sweep energies: isweep=1 dots=1 dcut=100 deff=55 dwt=+4.441e-16 e[1]=-2.89565093863
----------------------------------------------------------------------
summary of sweep optimization up to isweep=1
schedule: isweep, dots, dcut, eps, noise | nmvp | Tsweep/S | Tav/S | Taccum/S
         0  1  100  1.00e-04  1.00e-04 | 284 | 6.98e-01 | 2.46e-03 | 6.98e-01
         1  1  100  1.00e-04  0.00e+00 | 24 | 1.15e-01 | 4.79e-03 | 8.13e-01
results: isweep, dcut, dwt, energies (delta_e)
         0     100 -2.22e-16 e[0]=-2.89565092961 (9.02e-09) e[1]=-2.89565092961 (9.02e-09)
         1     100 +4.44e-16 e[0]=-2.89565093863 (0.00e+00) e[1]=-2.89565093863 (0.00e+00)
======================================================================

----- TIMING FOR ctns::opt_sweep : 8.140e-01 S -----
##### time_global: 8.05e-01 S #####
 T(fetch) = 1.00e-03 S  per = 0.12  per(accum) = 0.12
 T(hdiag) = 7.00e-03 S  per = 0.87  per(accum) = 0.99
 T(dvdsn) = 7.15e-01 S  per =   89  per(accum) = 90
 T(decim) = 5.00e-03 S  per = 0.62  per(accum) = 90
 T(guess) = 0.00e+00 S  per =    0  per(accum) = 90
 T(renrm) = 4.50e-02 S  per =  5.6  per(accum) = 96
 T( save) = 0.00e+00 S  per =    0  per(accum) = 96

ctns::rcanon_save fname=./scratch/rcanon_new.info

Congrats! CTNS calculation finishes successfully. Sat Jun 18 18:14:15 2022

