
======================================================================
     FOCUS: a platform for exploring FermiOniC qUantum Simulation     
   							               
       :!!!!!!!!!    ^!!!7!:      :!7!!~~!:!!!!!:  ~!!!. :!!!!7:      
       .^G@P^^~?BJ ~GG!::~Y#P^  ^P#?^:^7G@^:5&#~.  ^J#! 7P:.:?&5      
         5@Y  !J :~&@^     ?&@^^B@?     .?. ?&B     :P  5&J7~^~~      
         5@G!?BB  ?&&:     :B@??&@^         ?&B     :P  .?5GB##P^     
         5@Y  :!  ^B@J     !@#:^B@Y      ^: ?&#     ~P  JJ   .~@5     
       .~G@P^:     ^5#5~^^7GY:  ^5&P7~~!?J: :5&5!~~!Y^  Y&5!^^7G^     
       :~~~~~:       .~!!~^.      .~77!~.     :!7!~^    :::~!!^       
   							               
                    Authors: Zhendong Li @ BNU2019   		       
======================================================================

TIME = Sat Jun 18 18:14:14 2022

GIT_HASH = 8586666d6309c1dd812219db890f663dd3b90fce

mpisize = 1 maxthreads = 4

input file = results/rinput.dat

schedule::read fname = results/rinput.dat
----------------------------------------------------------------------
nelec 5
twoms 1
integral_file moleinfo/fmole.info 
scratch ./scratch

$sci
dets 
0 1 2 3 4    
#3 5 7 8 9
#1 3 4 5 7 9 
end
nroots 2
eps0 1.e-6
schedule
0 1.e-2
end
maxiter 2
$end

$ctns
qkind rNSz
nroots 2
maxdets 500 #8 #500 #000
topology_file topology/topo4
thresh_ortho 1.e-8
thresh_proj 1.e-14
schedule
# (n-th, dot, Dcut, dvdson, noise)
0 1 100 1.e-4 1.e-4
1 1 100 1.e-4 0.0
end
maxsweep 2
task_dmrg
$end


----------------------------------------------------------------------

===== schedule::print =====
scratch = ./scratch
dtype = 0
nelec = 5
twoms = 1
integral_file = moleinfo/fmole.info

===== params_sci::print =====
nroots = 2
no. of unique seeds = 1
0-th det: 0 1 2 3 4 
flip = 0
eps0 = 1e-06
miniter = 0
maxiter = 2
schedule: iter eps1
0 0.01
1 0.01
convergence parameters
deltaE = 1e-10
cisolver = 1
maxcycle = 100
crit_v = 0.0001
ifpt2 = 0
eps2 = 1e-08
iroot = 0
load = 0
ci_file = ci.info

===== params_ctns::print =====
qkind = rNSz
topology_file = topology/topo4
verbose = 0
task_init = 0
task_sdiag = 0
task_ham = 1
task_opt = 1
maxdets = 500
thresh_proj = 1.000000e-14
thresh_ortho = 1.000000e-08
rdm_vs_svd = 1.500000e+00
nroots = 2
guess    = 1
dbranch  = 0
maxsweep = 2
maxbond = -1
lastdot = 0
schedule: isweep, dots, dcut, eps, noise
0 1 100 1.000000e-04 1.000000e-04
1 1 100 1.000000e-04 0.000000e+00
alg_hvec = 3
alg_renorm = 2
save_formulae = 0
sort_formulae = 1
ifdist1 = 0
cisolver = 1
maxcycle = 100
rcanon_load = 0
rcanon_file = rcanon.info
iomode = 0
ioasync = 0
iroot = 0
nsample = 100000
ndetprt = 10

io::create_scratch scratch=./scratch

ctns::topology::read fname=topology/topo4
0
1,5,4,3
2

ctns::topology::print ntotal=7 nphysical=6 nbackbone=3
topo:
 i=0 : 0 
 i=1 : -1 1 5 4 3 
 i=2 : 2 
rcoord:
 idx=0 coord=(2,0) node: pindex=2 type=0 center=(-1,-1) left=(1,0) right=(-2,-2)
 idx=1 coord=(1,4) node: pindex=3 type=0 center=(-1,-1) left=(1,3) right=(-2,-2)
 idx=2 coord=(1,3) node: pindex=4 type=2 center=(-1,-1) left=(1,2) right=(1,4)
 idx=3 coord=(1,2) node: pindex=5 type=2 center=(-1,-1) left=(1,1) right=(1,3)
 idx=4 coord=(1,1) node: pindex=1 type=2 center=(-1,-1) left=(1,0) right=(1,2)
 idx=5 coord=(1,0) node: pindex=-1 type=3 center=(1,1) left=(0,0) right=(2,0)
 idx=6 coord=(0,0) node: pindex=0 type=0 center=(-1,-1) left=(-2,-2) right=(1,0)
rsupport/lsupport:
 idx=0 coord=(2,0) rsupport: 2 ; lsupport: 0 1 3 4 5 
 idx=1 coord=(1,4) rsupport: 3 ; lsupport: 0 1 2 4 5 
 idx=2 coord=(1,3) rsupport: 4 3 ; lsupport: 0 1 2 5 
 idx=3 coord=(1,2) rsupport: 5 4 3 ; lsupport: 0 1 2 
 idx=4 coord=(1,1) rsupport: 1 5 4 3 ; lsupport: 0 2 
 idx=5 coord=(1,0) rsupport: 1 5 4 3 2 ; lsupport: 0 
 idx=6 coord=(0,0) rsupport: 0 1 5 4 3 2 ; lsupport: 
corbs/rorbs/lorbs:
 idx=0 coord=(2,0) corbs: 2 ; rorbs: ; lorbs: 0 1 3 4 5 
 idx=1 coord=(1,4) corbs: 3 ; rorbs: ; lorbs: 0 1 2 4 5 
 idx=2 coord=(1,3) corbs: 4 ; rorbs: 3 ; lorbs: 0 1 2 5 
 idx=3 coord=(1,2) corbs: 5 ; rorbs: 4 3 ; lorbs: 0 1 2 
 idx=4 coord=(1,1) corbs: 1 ; rorbs: 5 4 3 ; lorbs: 0 2 
 idx=5 coord=(1,0) corbs: 1 5 4 3 ; rorbs: 2 ; lorbs: 0 
 idx=6 coord=(0,0) corbs: 0 ; rorbs: 1 5 4 3 2 ; lorbs: 
image2:
 0 1 2 3 10 11 8 9 6 7 4 5

fci::ci_load fname=./scratch/ci.info

fci::ci_truncate maxdets=500 ifortho=1
 reduction from 194 to 194 dets
 iroot=0 ova=1.000000000000e+00
 iroot=1 ova=1.000000000000e+00

ctns::rcanon_init qkind=rNSz

ctns::init_rbases rdm_vs_svd=1.50e+00 thresh_proj=1.00e-14

idx=0 node=(2,0) type=0 rsupport=2 

idx=1 node=(1,4) type=0 rsupport=
idx=
idx=3 node=(1,2) type=2 rsupport=5 4 3 
2 node=(1,3) type=2 rsupport=4 3 

idx=4 node=(1,1) type=2 rsupport=1 5 4 3 
3 

idx=5 node=(1,0) type=3 rsupport=1 5 4 3 2 
ctns::right_projection<Km> thresh_proj=1.00e-14
ctns::right_projection<Km> thresh_proj=1.00e-14
ctns::right_projection<Km> thresh_proj=1.00e-14
ctns::right_projection<Km> thresh_proj=1.00e-14
 qr=(0,0) dimB,dimBi=1,1 popBi=5.40e-07 popBc=5.40e-07 1-popBc=1.00e+00
 qr=(0,0) dimB,dimBi=1,1 popBi=2.11e-02 popBc=2.11e-02 1-popBc=9.79e-01
 qr=(1,-1) dimB,dimBi=3,3 popBi=3.32e-03 popBc=3.32e-03 1-popBc=9.97e-01
 qr=(1,1) dimB,dimBi=3,3 popBi=3.49e-02 popBc=3.83e-02 1-popBc=9.62e-01
 qr=(1,-1) dimB,dimBi=2,2 popBi=1.47e-01 popBc=1.68e-01 1-popBc=8.32e-01
 qr=(2,-2) dimB,dimBi=1,1 popBi=3.95e-04 popBc=3.87e-02 1-popBc=9.61e-01
 qr=(1,1) dimB,dimBi=2,2 popBi=2.94e-01 popBc=4.62e-01 1-popBc=5.38e-01
 qr=(2,-2) dimB,dimBi=1,1 popBi=2.84e-03 popBc=4.65e-01 1-popBc=5.35e-01
 qr=(2,0) dimB,dimBi=9,9 qr=(3,1) dimB,dimBi=49 popBi= qr=,2 popBi=5.99e-01 popBc=6.37e-01 1-popBc=3.63e-01
 qr=(2,0) dimB,dimBi=4,4 popBi=3.91e-01 popBc=8.56e-01 1-popBc=1.44e-01
(1,1)1.09e-01 dimB,dimBi=4,2 popBi= popBc=6.58e-03 popBc=1.09e-01 1-popBc=6.58e-03 qr=(2,2) dimB,dimBi=3,3 popBi= 1-popBc=1.47e-019.93e-01
 popBc=7.84e-01 1-popBc=2.16e-01
8.91e-01 qr=
(2,2) qr= dimB,dimBi=1,1 popBi=(2,0) dimB,dimBi=16,4 popBi=6.42e-02 popBc=9.20e-01 1-popBc=7.99e-02
 qr=(4,0) dimB,dimBi=72,2 popBi=1.46e-01 qr= popBc=(3,-1) dimB,dimBi=5,5 popBi= qr=3.57e-02 popBc=8.20e-01 1-popBc=1.52e-01 1-popBc=(3,-1) dimB,dimBi=28.48e-01,2
 popBi=1.52e-02 popBc=9.35e-01 1-popBc=6.47e-02
1.80e-01
5.38e-01 popBc=6.47e-01 1-popBc=3.53e-01
 qr=(3,1) dimB,dimBi=2,2 popBi=6.46e-02 popBc=1.00e+00 1-popBc=1.12e-04
 qr=(2,2) dimB,dimBi=6,4 popBi=4.02e-02 popBc=1.93e-01 1-popBc=8.07e-01
 qr= qr=(4,0) dimB,dimBi=1,1 popBi=1.12e-04 popBc=1.00e+00 1-popBc=-2.22e-16
(3,1) dimB,dimBi=8,8 popBi=1.80e-01 popBc=1.00e+00 1-popBc=1.12e-04
dim(space,lspace,rspace)=194,108,16 dimBc=16 popBc= qr=1.00e+00 qr=(4,2)(3,-1) dimB,dimBi=18,2 popBi=2.12e-01 popBc=4.05e-01 1-popBc= SvN=2.83e+00
----- TIMING FOR ctns::right_projection<Km>5.95e-01
 : 3.000e-03 S -----
 dimB,dimBi=36,2 popBi=0.214 popBc=0.861 1-popBc=0.139
 qr=(3,1) dimB,dimBi=23,8 popBi=0.248 popBc=0.653 1-popBc=0.347
 qr=(4,0) dimB,dimBi=1,1 popBi=0.000112 popBc=1 1-popBc=0
 qr=(5,1) dimB,dimBi=37,2 popBi= qr=0.139 popBc=1 1-popBc=2.22e-16
dim(space,lspace,rspace)=
idx=6 node=(0,0) type=194(3,3)0 rsupport= dimB,dimBi=3,20 1 5 4 3 2 
 popBi=0.0577 popBc=0.71 1-popBc=0.29
dim(space,lspace,rspace)=,194,464,194 dimBc=8 popBc=,341 SvN= dimBc=342.56
----- TIMING FOR ctns::right_projection<Km> : 3.000e-03 S -----
 popBc=1 SvN=2.36
 qr=----- TIMING FOR ctns::right_projection<Km> : 3.000e-03 S -----
(4,0) dimB,dimBi=22,4 popBi=0.179 popBc=0.89 1-popBc=0.11
 qr=(4,2) dimB,dimBi=9,4 popBi=0.0815 popBc=0.971 1-popBc=0.0289
 qr=(5,1) dimB,dimBi=5,2 popBi=0.0289 popBc=1 1-popBc=1.11e-16
dim(space,lspace,rspace)=194,16,106 dimBc=32 popBc=1 SvN=3.98
----- TIMING FOR ctns::right_projection<Km> : 4.000e-03 S -----
ctns::right_projection<Km> thresh_proj=1.00e-14
 qr=(5,1) dimB,dimBi=194,2 popBi=1.00e+00 popBc=1.00e+00 1-popBc=0.00e+00
dim(space,lspace,rspace)=194,1,194 dimBc=2 popBc=1.00e+00 SvN=1.00e+00
----- TIMING FOR ctns::right_projection<Km> : 0.000e+00 S -----

final rbases with thresh_proj=1e-14
 idx=0 node=(2,0) type=0 shape=4,4
 idx=1 node=(1,4) type=0 shape=4,4
 idx=2 node=(1,3) type=2 shape=16,16
 idx=3 node=(1,2) type=2 shape=34,34
 idx=4 node=(1,1) type=2 shape=106,32
 idx=5 node=(1,0) type=3 shape=194,8
 idx=6 node=(0,0) type=0 shape=194,2
maximum bond dimension = 34
----- TIMING FOR ctns::init_rbases : 5.000e-03 S -----

ctns::init_rsites qkind=rNSz thresh_ortho=1e-08
 idx=0 node=(2,0)[0]ctns::get_right_bsite isym=2
 shape(l,r,c)=(4,1,4) maxdiff=0.000e+00 TIMING=0.000e+00 S
 idx=1 node=(1,4)[0]ctns::get_right_bsite isym=2
 shape(l,r,c)=(4,1,4) maxdiff=0.000e+00 TIMING=0.000e+00 S
 idx=2 node=(1,3)[2] shape(l,r,c)=(16,4,4) maxdiff=1.137e-15 TIMING=0.000e+00 S
 idx=3 node=(1,2)[2] shape(l,r,c)=(34,16,4) maxdiff=2.500e-15 TIMING=0.000e+00 S
 idx=4 node=(1,1)[2] shape(l,r,c)=(32,34,4) maxdiff=3.436e-15 TIMING=0.000e+00 S
 idx=5 node=(1,0)[3] shape(l,r,c)=(8,4,32) maxdiff=1.012e-15 TIMING=0.000e+00 S
 idx=6 node=(0,0)[0] shape(l,r,c)=(2,8,4) maxdiff=1.088e-15 TIMING=0.000e+00 S
----- TIMING FOR ctns::init_rsites : 0.000e+00 S -----

ctns::init_rwfuns qkind=rNSz thresh_ortho=1e-08
matrix: rwfuns size=(2,2)
      1.00e+00       1.63e-17 
      1.39e-17       1.00e+00 

check state overlaps ...
matrix: ova_rwfuns size=(2,2)
      1.0000e+00       3.0141e-17 
      3.0141e-17       1.0000e+00 
matrix: ova0_vs size=(2,2)
      1.0000e+00       1.2143e-17 
      1.2143e-17       1.0000e+00 
diff of ova matrices = 9.933e-16
----- TIMING FOR ctns::init_rwfuns : 0.000e+00 S -----
----- TIMING FOR ctns::rcanon_init : 7.000e-03 S -----

ctns::rcanon_save fname=./scratch/rcanon.info

ctns::rcanon_check thresh_ortho=1.00e-08
 idx=0 node=(2,0) Dtot=4 maxdiff=0.00e+00
 idx=1 node=(1,4) Dtot=4 maxdiff=0.00e+00
 idx=2 node=(1,3) Dtot=16 maxdiff=1.14e-15
 idx=3 node=(1,2) Dtot=34 maxdiff=2.50e-15
 idx=4 node=(1,1) Dtot=32 maxdiff=3.44e-15
 idx=5 node=(1,0) Dtot=8 maxdiff=1.01e-15
 idx=6 node=(0,0) Dtot=2 maxdiff=1.09e-15

integral::load fname = moleinfo/fmole.info
sorb = 12
size(int1e) = 144:1.10e-03MB:1.07e-06GB
size(int2e) = 2277:1.74e-02MB:1.70e-05GB
----- TIMING FOR integral::load_integral : 1.000e-03 S -----

io::remove_scratch scratch=./scratch/sweep
successfully removed ./scratch/sweep

io::create_scratch scratch=./scratch/sweep
successfully created ./scratch/sweep

ctns::oper_env_right qkind=rNSz
----- TIMING FOR ctns::oper_init : 1.000e-02 S -----
T[ctns::oper_init](comp/save/tot)=0,0,0

idx=2 coord=(1,3)
TIMING for Renormalization : 0.007  T(cal/comm)=0.007,0

idx=3 coord=(1,2)
TIMING for Renormalization : 0.008  T(cal/comm)=0.008,0

idx=4 coord=(1,1)
TIMING for Renormalization : 0.006  T(cal/comm)=0.006,0

idx=5 coord=(1,0)
TIMING for Renormalization : 0.003  T(cal/comm)=0.003,0

idx=6 coord=(0,0)
TIMING for Renormalization : 0.002  T(cal/comm)=0.002,0
----- TIMING FOR ctns::oper_env_right : 4.500e-02 S -----
T[ctns::oper_env_right](init/load/comp/save/tot)=0.01,0.002,0.026,0,0.038
matrix: Hij size=(2,2)
     -2.79704223e+00       1.81954736e-15 
      1.81954736e-15      -2.63744207e+00 
matrix: Sij size=(2,2)
      1.0000e+00      -3.4694e-17 
      7.2858e-17       1.0000e+00 

ctns::sweep_opt maxsweep=2
ctns::get_left_bsite isym=2

ctns::topology::get_sweeps
 ibond=0 bond=(1,0)-(1,1) forward=1 cturn=1
 ibond=1 bond=(1,1)-(1,2) forward=1 cturn=0
 ibond=2 bond=(1,2)-(1,3) forward=1 cturn=0
 ibond=3 bond=(1,2)-(1,3) forward=0 cturn=0
 ibond=4 bond=(1,1)-(1,2) forward=0 cturn=0
 ibond=5 bond=(1,0)-(1,1) forward=0 cturn=1
======================================================================
sweep parameters: isweep=0 dots=1 dcut=100 eps=0.0001 noise=0.0001
======================================================================

isweep=0 ibond=0/seqsize=6 dots=1 dbond=(1,0)-(1,1) forward=1 cturn=1
----------------------------------------------------------------------
ctns::sweep_onedot alg_hvec=3 alg_renorm=2 mpisize=1 maxthreads=4
ctns::topology::check_partition: (sl,sr,sc)=1,1,4 ifNC=1
wf3(diml,dimr,dimc)=(4,4,32) nnz=72:0.0005493MB
iter   ieig        eigenvalue        ediff      rnorm   nsub  nmvp   time/s    tav/s
    1   0 -      -2.797042228851  -1.00e+03   1.71e-01    2     2   0.00e+00  0.00e+00
    1   1 -      -2.637442072877  -1.00e+03   1.47e-01    2     2   0.00e+00  0.00e+00
    2   0 -      -2.824943465686  -2.79e-02   7.89e-02    4     4   1.00e-03  2.50e-04
    2   1 -      -2.658103260056  -2.07e-02   6.18e-02    4     4   1.00e-03  2.50e-04
    3   0 -      -2.829148131038  -4.20e-03   4.49e-02    4     6   2.00e-03  3.33e-04
    3   1 -      -2.660990189499  -2.89e-03   3.59e-02    4     6   2.00e-03  3.33e-04
    4   0 -      -2.830562861132  -1.41e-03   3.13e-02    4     8   3.00e-03  3.75e-04
    4   1 -      -2.662023771403  -1.03e-03   2.73e-02    4     8   3.00e-03  3.75e-04
    5   0 -      -2.831170848736  -6.08e-04   2.04e-02    4    10   4.00e-03  4.00e-04
    5   1 -      -2.662576812141  -5.53e-04   2.09e-02    4    10   4.00e-03  4.00e-04
    6   0 -      -2.831443477295  -2.73e-04   1.47e-02    4    12   5.00e-03  4.17e-04
    6   1 -      -2.662923692881  -3.47e-04   1.75e-02    4    12   5.00e-03  4.17e-04
    7   0 -      -2.831573354696  -1.30e-04   9.98e-03    4    14   6.00e-03  4.29e-04
    7   1 -      -2.663163157877  -2.39e-04   1.46e-02    4    14   6.00e-03  4.29e-04
    8   0 -      -2.831637010010  -6.37e-05   7.29e-03    4    16   7.00e-03  4.38e-04
    8   1 -      -2.663335537865  -1.72e-04   1.26e-02    4    16   7.00e-03  4.38e-04
    9   0 -      -2.831668891363  -3.19e-05   5.02e-03    4    18   8.00e-03  4.44e-04
    9   1 -      -2.663463685588  -1.28e-04   1.08e-02    4    18   8.00e-03  4.44e-04
   10   0 -      -2.831684964843  -1.61e-05   3.68e-03    4    20   9.00e-03  4.50e-04
   10   1 -      -2.663560329093  -9.66e-05   9.53e-03    4    20   9.00e-03  4.50e-04
   11   0 -      -2.831693107403  -8.14e-06   2.55e-03    4    22   1.00e-02  4.55e-04
   11   1 -      -2.663634171349  -7.38e-05   8.25e-03    4    22   1.00e-02  4.55e-04
   12   0 -      -2.831697243074  -4.14e-06   1.86e-03    4    24   1.10e-02  4.58e-04
   12   1 -      -2.663690879416  -5.67e-05   7.32e-03    4    24   1.10e-02  4.58e-04
   13   0 -      -2.831699349120  -2.11e-06   1.30e-03    4    26   1.10e-02  4.23e-04
   13   1 -      -2.663734707129  -4.38e-05   6.37e-03    4    26   1.10e-02  4.23e-04
   14   0 -      -2.831700424428  -1.08e-06   9.51e-04    4    28   1.20e-02  4.29e-04
   14   1 -      -2.663768639960  -3.39e-05   5.67e-03    4    28   1.20e-02  4.29e-04
   15   0 -      -2.831700974880  -5.50e-07   6.63e-04    4    30   1.30e-02  4.33e-04
   15   1 -      -2.663795009545  -2.64e-05   4.95e-03    4    30   1.30e-02  4.33e-04
   16   0 -      -2.831701257537  -2.83e-07   4.87e-04    4    32   1.40e-02  4.38e-04
   16   1 -      -2.663815513111  -2.05e-05   4.41e-03    4    32   1.40e-02  4.38e-04
   17   0 -      -2.831701403088  -1.46e-07   3.41e-04    4    34   1.50e-02  4.41e-04
   17   1 -      -2.663831495858  -1.60e-05   3.85e-03    4    34   1.50e-02  4.41e-04
   18   0 -      -2.831701478307  -7.52e-08   2.52e-04    4    36   1.60e-02  4.44e-04
   18   1 -      -2.663843955724  -1.25e-05   3.44e-03    4    36   1.60e-02  4.44e-04
   19   0 -      -2.831701517297  -3.90e-08   1.77e-04    4    38   1.70e-02  4.47e-04
   19   1 -      -2.663853687820  -9.73e-06   3.01e-03    4    38   1.70e-02  4.47e-04
   20   0 -      -2.831701537588  -2.03e-08   1.31e-04    4    40   1.80e-02  4.50e-04
   20   1 -      -2.663861288425  -7.60e-06   2.69e-03    4    40   1.80e-02  4.50e-04
   21   0 +      -2.831701548181  -1.06e-08   9.22e-05    4    42   1.90e-02  4.52e-04
   21   1 -      -2.663867233627  -5.95e-06   2.35e-03    4    42   1.90e-02  4.52e-04
   22   0 +      -2.831701548368  -1.87e-10   9.12e-05    3    43   1.90e-02  4.42e-04
   22   1 -      -2.663871869679  -4.64e-06   2.09e-03    3    43   1.90e-02  4.42e-04
   23   0 +      -2.831701548407  -3.90e-11   9.09e-05    3    44   2.00e-02  4.55e-04
   23   1 -      -2.663875501622  -3.63e-06   1.84e-03    3    44   2.00e-02  4.55e-04
   24   0 +      -2.831701548421  -1.45e-11   9.09e-05    3    45   2.00e-02  4.44e-04
   24   1 -      -2.663878347310  -2.85e-06   1.64e-03    3    45   2.00e-02  4.44e-04
   25   0 +      -2.831701548431  -9.37e-12   9.08e-05    3    46   2.00e-02  4.35e-04
   25   1 -      -2.663880578736  -2.23e-06   1.45e-03    3    46   2.00e-02  4.35e-04
   26   0 +      -2.831701548433  -1.81e-12   9.09e-05    3    47   2.10e-02  4.47e-04
   26   1 -      -2.663882328695  -1.75e-06   1.29e-03    3    47   2.10e-02  4.47e-04
   27   0 +      -2.831701548434  -1.41e-12   9.08e-05    3    48   2.10e-02  4.38e-04
   27   1 -      -2.663883701941  -1.37e-06   1.14e-03    3    48   2.10e-02  4.38e-04
   28   0 +      -2.831701548434  -8.88e-15   9.08e-05    3    49   2.20e-02  4.49e-04
   28   1 -      -2.663884779680  -1.08e-06   1.01e-03    3    49   2.20e-02  4.49e-04
   29   0 +      -2.831701548434  -1.33e-14   9.08e-05    3    50   2.20e-02  4.40e-04
   29   1 -      -2.663885625929  -8.46e-07   8.92e-04    3    50   2.20e-02  4.40e-04
   30   0 +      -2.831701548435  -8.20e-13   9.08e-05    3    51   2.30e-02  4.51e-04
   30   1 -      -2.663886290471  -6.65e-07   7.94e-04    3    51   2.30e-02  4.51e-04
   31   0 +      -2.831701548435  -2.35e-13   9.08e-05    3    52   2.30e-02  4.42e-04
   31   1 -      -2.663886812535  -5.22e-07   7.01e-04    3    52   2.30e-02  4.42e-04
   32   0 +      -2.831701548437  -1.81e-12   9.08e-05    3    53   2.40e-02  4.53e-04
   32   1 -      -2.663887222700  -4.10e-07   6.24e-04    3    53   2.40e-02  4.53e-04
   33   0 +      -2.831701548438  -6.22e-13   9.08e-05    3    54   2.40e-02  4.44e-04
   33   1 -      -2.663887545057  -3.22e-07   5.52e-04    3    54   2.40e-02  4.44e-04
   34   0 +      -2.831701548440  -2.43e-12   9.07e-05    3    55   2.50e-02  4.55e-04
   34   1 -      -2.663887798421  -2.53e-07   4.90e-04    3    55   2.50e-02  4.55e-04
   35   0 +      -2.831701548441  -8.43e-13   9.08e-05    3    56   2.50e-02  4.46e-04
   35   1 -      -2.663887997610  -1.99e-07   4.34e-04    3    56   2.50e-02  4.46e-04
   36   0 +      -2.831701548443  -2.68e-12   9.07e-05    3    57   2.60e-02  4.56e-04
   36   1 -      -2.663888154220  -1.57e-07   3.86e-04    3    57   2.60e-02  4.56e-04
   37   0 +      -2.831701548444  -8.88e-13   9.07e-05    3    58   2.60e-02  4.48e-04
   37   1 -      -2.663888277378  -1.23e-07   3.41e-04    3    58   2.60e-02  4.48e-04
   38   0 +      -2.831701548447  -2.68e-12   9.07e-05    3    59   2.60e-02  4.41e-04
   38   1 -      -2.663888374234  -9.69e-08   3.04e-04    3    59   2.60e-02  4.41e-04
   39   0 +      -2.831701548448  -8.28e-13   9.07e-05    3    60   2.70e-02  4.50e-04
   39   1 -      -2.663888450420  -7.62e-08   2.69e-04    3    60   2.70e-02  4.50e-04
   40   0 +      -2.831701548450  -2.53e-12   9.07e-05    3    61   2.70e-02  4.43e-04
   40   1 -      -2.663888510349  -5.99e-08   2.39e-04    3    61   2.70e-02  4.43e-04
   41   0 +      -2.831701548451  -7.12e-13   9.07e-05    3    62   2.80e-02  4.52e-04
   41   1 -      -2.663888557497  -4.71e-08   2.12e-04    3    62   2.80e-02  4.52e-04
   42   0 +      -2.831701548453  -2.31e-12   9.06e-05    3    63   2.80e-02  4.44e-04
   42   1 -      -2.663888594591  -3.71e-08   1.88e-04    3    63   2.80e-02  4.44e-04
   43   0 +      -2.831701548454  -5.80e-13   9.07e-05    3    64   2.90e-02  4.53e-04
   43   1 -      -2.663888623780  -2.92e-08   1.67e-04    3    64   2.90e-02  4.53e-04
   44   0 +      -2.831701548456  -2.07e-12   9.06e-05    3    65   2.90e-02  4.46e-04
   44   1 -      -2.663888646748  -2.30e-08   1.48e-04    3    65   2.90e-02  4.46e-04
   45   0 +      -2.831701548457  -4.53e-13   9.06e-05    3    66   3.00e-02  4.55e-04
   45   1 -      -2.663888664823  -1.81e-08   1.31e-04    3    66   3.00e-02  4.55e-04
   46   0 +      -2.831701548458  -1.83e-12   9.06e-05    3    67   3.00e-02  4.48e-04
   46   1 -      -2.663888679048  -1.42e-08   1.17e-04    3    67   3.00e-02  4.48e-04
   47   0 +      -2.831701548459  -3.40e-13   9.06e-05    3    68   3.10e-02  4.56e-04
   47   1 -      -2.663888690244  -1.12e-08   1.03e-04    3    68   3.10e-02  4.56e-04
   48   0 +      -2.831701548460  -1.61e-12   9.05e-05    3    69   3.10e-02  4.49e-04
   48   1 +      -2.663888699056  -8.81e-09   9.19e-05    3    69   3.10e-02  4.49e-04
TIMING for Davidson : 3.10e-02  T(cal/comm/rest)=0.00e+00,0.00e+00,3.10e-02
decimation summary: 16->16 dwt=-2.22e-16 SvN=3.50e+00
TIMING for Renormalization : 6.00e-03  T(cal/comm)=6.00e-03,0.00e+00

isweep=0 ibond=1/seqsize=6 dots=1 dbond=(1,1)-(1,2) forward=1 cturn=0
----------------------------------------------------------------------
ctns::sweep_onedot alg_hvec=3 alg_renorm=2 mpisize=1 maxthreads=4
ctns::topology::check_partition: (sl,sr,sc)=2,3,1 ifNC=1
wf3(diml,dimr,dimc)=(16,34,4) nnz=238:1.82e-03MB
iter   ieig        eigenvalue        ediff      rnorm   nsub  nmvp   time/s    tav/s
    1   0 -      -2.831701548460  -1.00e+03   2.08e-01    2     2   3.00e-03  1.50e-03
    1   1 -      -2.663888699056  -1.00e+03   2.10e-01    2     2   3.00e-03  1.50e-03
    2   0 -      -2.859959224905  -2.83e-02   1.17e-01    4     4   5.00e-03  1.25e-03
    2   1 -      -2.692684478367  -2.88e-02   1.20e-01    4     4   5.00e-03  1.25e-03
    3   0 -      -2.868789349637  -8.83e-03   8.76e-02    4     6   7.00e-03  1.17e-03
    3   1 -      -2.701130880667  -8.45e-03   8.70e-02    4     6   7.00e-03  1.17e-03
    4   0 -      -2.873284478964  -4.50e-03   6.62e-02    4     8   9.00e-03  1.13e-03
    4   1 -      -2.705403643098  -4.27e-03   6.83e-02    4     8   9.00e-03  1.13e-03
    5   0 -      -2.875844410128  -2.56e-03   5.32e-02    4    10   1.10e-02  1.10e-03
    5   1 -      -2.707918493604  -2.51e-03   5.35e-02    4    10   1.10e-02  1.10e-03
    6   0 -      -2.877383840755  -1.54e-03   4.13e-02    4    12   1.30e-02  1.08e-03
    6   1 -      -2.709516564443  -1.60e-03   4.44e-02    4    12   1.30e-02  1.08e-03
    7   0 -      -2.878336869435  -9.53e-04   3.37e-02    4    14   1.50e-02  1.07e-03
    7   1 -      -2.710589263110  -1.07e-03   3.59e-02    4    14   1.50e-02  1.07e-03
    8   0 -      -2.878940729560  -6.04e-04   2.63e-02    4    16   1.70e-02  1.06e-03
    8   1 -      -2.711330840734  -7.42e-04   3.07e-02    4    16   1.70e-02  1.06e-03
    9   0 -      -2.879331283493  -3.91e-04   2.17e-02    4    18   1.90e-02  1.06e-03
    9   1 -      -2.711852878899  -5.22e-04   2.52e-02    4    18   1.90e-02  1.06e-03
   10   0 -      -2.879587604576  -2.56e-04   1.70e-02    4    20   2.10e-02  1.05e-03
   10   1 -      -2.712225661805  -3.73e-04   2.18e-02    4    20   2.10e-02  1.05e-03
   11   0 -      -2.879757763272  -1.70e-04   1.43e-02    4    22   2.40e-02  1.09e-03
   11   1 -      -2.712494939032  -2.69e-04   1.81e-02    4    22   2.40e-02  1.09e-03
   12   0 -      -2.879871359926  -1.14e-04   1.13e-02    4    24   2.60e-02  1.08e-03
   12   1 -      -2.712691803489  -1.97e-04   1.59e-02    4    24   2.60e-02  1.08e-03
   13   0 -      -2.879947570702  -7.62e-05   9.51e-03    4    26   2.80e-02  1.08e-03
   13   1 -      -2.712837212224  -1.45e-04   1.33e-02    4    26   2.80e-02  1.08e-03
   14   0 -      -2.879998795379  -5.12e-05   7.53e-03    4    28   3.00e-02  1.07e-03
   14   1 -      -2.712945798033  -1.09e-04   1.18e-02    4    28   3.00e-02  1.07e-03
   15   0 -      -2.880033308328  -3.45e-05   6.38e-03    4    30   3.20e-02  1.07e-03
   15   1 -      -2.713027640613  -8.18e-05   9.99e-03    4    30   3.20e-02  1.07e-03
   16   0 -      -2.880056580431  -2.33e-05   5.06e-03    4    32   3.40e-02  1.06e-03
   16   1 -      -2.713089922999  -6.23e-05   8.98e-03    4    32   3.40e-02  1.06e-03
   17   0 -      -2.880072295420  -1.57e-05   4.30e-03    4    34   3.60e-02  1.06e-03
   17   1 -      -2.713137699042  -4.78e-05   7.64e-03    4    34   3.60e-02  1.06e-03
   18   0 -      -2.880082913157  -1.06e-05   3.41e-03    4    36   3.80e-02  1.06e-03
   18   1 -      -2.713174642928  -3.69e-05   6.92e-03    4    36   3.80e-02  1.06e-03
   19   0 -      -2.880090094255  -7.18e-06   2.90e-03    4    38   4.00e-02  1.05e-03
   19   1 -      -2.713203396754  -2.88e-05   5.93e-03    4    38   4.00e-02  1.05e-03
   20   0 -      -2.880094953488  -4.86e-06   2.31e-03    4    40   4.20e-02  1.05e-03
   20   1 -      -2.713225920204  -2.25e-05   5.41e-03    4    40   4.20e-02  1.05e-03
   21   0 -      -2.880098244176  -3.29e-06   1.96e-03    4    42   4.50e-02  1.07e-03
   21   1 -      -2.713243653225  -1.77e-05   4.66e-03    4    42   4.50e-02  1.07e-03
   22   0 -      -2.880100473745  -2.23e-06   1.56e-03    4    44   4.70e-02  1.07e-03
   22   1 -      -2.713257684434  -1.40e-05   4.27e-03    4    44   4.70e-02  1.07e-03
   23   0 -      -2.880101985337  -1.51e-06   1.33e-03    4    46   4.90e-02  1.07e-03
   23   1 -      -2.713268829865  -1.11e-05   3.70e-03    4    46   4.90e-02  1.07e-03
   24   0 -      -2.880103010659  -1.03e-06   1.06e-03    4    48   5.10e-02  1.06e-03
   24   1 -      -2.713277717029  -8.89e-06   3.40e-03    4    48   5.10e-02  1.06e-03
   25   0 -      -2.880103706517  -6.96e-07   9.02e-04    4    50   5.30e-02  1.06e-03
   25   1 -      -2.713284824510  -7.11e-06   2.96e-03    4    50   5.30e-02  1.06e-03
   26   0 -      -2.880104179001  -4.72e-07   7.18e-04    4    52   5.50e-02  1.06e-03
   26   1 -      -2.713290525590  -5.70e-06   2.72e-03    4    52   5.50e-02  1.06e-03
   27   0 -      -2.880104499961  -3.21e-07   6.12e-04    4    54   5.70e-02  1.06e-03
   27   1 -      -2.713295109018  -4.58e-06   2.38e-03    4    54   5.70e-02  1.06e-03
   28   0 -      -2.880104718090  -2.18e-07   4.88e-04    4    56   6.00e-02  1.07e-03
   28   1 -      -2.713298802562  -3.69e-06   2.19e-03    4    56   6.00e-02  1.07e-03
   29   0 -      -2.880104866392  -1.48e-07   4.16e-04    4    58   6.20e-02  1.07e-03
   29   1 -      -2.713301784390  -2.98e-06   1.92e-03    4    58   6.20e-02  1.07e-03
   30   0 -      -2.880104967261  -1.01e-07   3.32e-04    4    60   6.40e-02  1.07e-03
   30   1 -      -2.713304196262  -2.41e-06   1.77e-03    4    60   6.40e-02  1.07e-03
   31   0 -      -2.880105035892  -6.86e-08   2.83e-04    4    62   6.60e-02  1.06e-03
   31   1 -      -2.713306150033  -1.95e-06   1.55e-03    4    62   6.60e-02  1.06e-03
   32   0 -      -2.880105082606  -4.67e-08   2.26e-04    4    64   6.80e-02  1.06e-03
   32   1 -      -2.713307735281  -1.59e-06   1.44e-03    4    64   6.80e-02  1.06e-03
   33   0 -      -2.880105114412  -3.18e-08   1.93e-04    4    66   7.00e-02  1.06e-03
   33   1 -      -2.713309023165  -1.29e-06   1.26e-03    4    66   7.00e-02  1.06e-03
   34   0 -      -2.880105136074  -2.17e-08   1.54e-04    4    68   7.20e-02  1.06e-03
   34   1 -      -2.713310070954  -1.05e-06   1.17e-03    4    68   7.20e-02  1.06e-03
   35   0 -      -2.880105150832  -1.48e-08   1.31e-04    4    70   7.40e-02  1.06e-03
   35   1 -      -2.713310924382  -8.53e-07   1.03e-03    4    70   7.40e-02  1.06e-03
   36   0 -      -2.880105160890  -1.01e-08   1.05e-04    4    72   7.60e-02  1.06e-03
   36   1 -      -2.713311620396  -6.96e-07   9.53e-04    4    72   7.60e-02  1.06e-03
   37   0 +      -2.880105167745  -6.86e-09   8.94e-05    4    74   7.70e-02  1.04e-03
   37   1 -      -2.713312188630  -5.68e-07   8.38e-04    4    74   7.70e-02  1.04e-03
   38   0 +      -2.880105167976  -2.32e-10   8.87e-05    3    75   7.80e-02  1.04e-03
   38   1 -      -2.713312652817  -4.64e-07   7.78e-04    3    75   7.80e-02  1.04e-03
   39   0 +      -2.880105168176  -1.99e-10   8.79e-05    3    76   8.00e-02  1.05e-03
   39   1 -      -2.713313032077  -3.79e-07   6.85e-04    3    76   8.00e-02  1.05e-03
   40   0 +      -2.880105168261  -8.52e-11   8.77e-05    3    77   8.10e-02  1.05e-03
   40   1 -      -2.713313342384  -3.10e-07   6.36e-04    3    77   8.10e-02  1.05e-03
   41   0 +      -2.880105168368  -1.07e-10   8.74e-05    3    78   8.20e-02  1.05e-03
   41   1 -      -2.713313596638  -2.54e-07   5.61e-04    3    78   8.20e-02  1.05e-03
   42   0 +      -2.880105168408  -4.05e-11   8.73e-05    3    79   8.30e-02  1.05e-03
   42   1 -      -2.713313805243  -2.09e-07   5.21e-04    3    79   8.30e-02  1.05e-03
   43   0 +      -2.880105168470  -6.16e-11   8.72e-05    3    80   8.40e-02  1.05e-03
   43   1 -      -2.713313976632  -1.71e-07   4.61e-04    3    80   8.40e-02  1.05e-03
   44   0 +      -2.880105168491  -2.10e-11   8.71e-05    3    81   8.50e-02  1.05e-03
   44   1 -      -2.713314117624  -1.41e-07   4.28e-04    3    81   8.50e-02  1.05e-03
   45   0 +      -2.880105168529  -3.85e-11   8.71e-05    3    82   8.60e-02  1.05e-03
   45   1 -      -2.713314233761  -1.16e-07   3.79e-04    3    82   8.60e-02  1.05e-03
   46   0 +      -2.880105168541  -1.22e-11   8.70e-05    3    83   8.70e-02  1.05e-03
   46   1 -      -2.713314329541  -9.58e-08   3.53e-04    3    83   8.70e-02  1.05e-03
   47   0 +      -2.880105168568  -2.63e-11   8.71e-05    3    84   8.80e-02  1.05e-03
   47   1 -      -2.713314408629  -7.91e-08   3.13e-04    3    84   8.80e-02  1.05e-03
   48   0 +      -2.880105168576  -8.20e-12   8.70e-05    3    85   8.90e-02  1.05e-03
   48   1 -      -2.713314474011  -6.54e-08   2.91e-04    3    85   8.90e-02  1.05e-03
   49   0 +      -2.880105168595  -1.94e-11   8.72e-05    3    86   9.00e-02  1.05e-03
   49   1 -      -2.713314528123  -5.41e-08   2.59e-04    3    86   9.00e-02  1.05e-03
   50   0 +      -2.880105168602  -6.35e-12   8.71e-05    3    87   9.10e-02  1.05e-03
   50   1 -      -2.713314572956  -4.48e-08   2.41e-04    3    87   9.10e-02  1.05e-03
   51   0 +      -2.880105168617  -1.55e-11   8.72e-05    3    88   9.20e-02  1.05e-03
   51   1 -      -2.713314610143  -3.72e-08   2.14e-04    3    88   9.20e-02  1.05e-03
   52   0 +      -2.880105168623  -5.56e-12   8.71e-05    3    89   9.30e-02  1.04e-03
   52   1 -      -2.713314641019  -3.09e-08   2.00e-04    3    89   9.30e-02  1.04e-03
   53   0 +      -2.880105168636  -1.32e-11   8.73e-05    3    90   9.40e-02  1.04e-03
   53   1 -      -2.713314666681  -2.57e-08   1.78e-04    3    90   9.40e-02  1.04e-03
   54   0 +      -2.880105168641  -5.32e-12   8.72e-05    3    91   9.50e-02  1.04e-03
   54   1 -      -2.713314688031  -2.13e-08   1.66e-04    3    91   9.50e-02  1.04e-03
   55   0 +      -2.880105168653  -1.18e-11   8.73e-05    3    92   9.60e-02  1.04e-03
   55   1 -      -2.713314705810  -1.78e-08   1.48e-04    3    92   9.60e-02  1.04e-03
   56   0 +      -2.880105168658  -5.40e-12   8.72e-05    3    93   9.70e-02  1.04e-03
   56   1 -      -2.713314720629  -1.48e-08   1.38e-04    3    93   9.70e-02  1.04e-03
   57   0 +      -2.880105168669  -1.09e-11   8.74e-05    3    94   9.80e-02  1.04e-03
   57   1 -      -2.713314732992  -1.24e-08   1.23e-04    3    94   9.80e-02  1.04e-03
   58   0 +      -2.880105168675  -5.65e-12   8.72e-05    3    95   9.90e-02  1.04e-03
   58   1 -      -2.713314743316  -1.03e-08   1.15e-04    3    95   9.90e-02  1.04e-03
   59   0 +      -2.880105168686  -1.04e-11   8.74e-05    3    96   1.00e-01  1.04e-03
   59   1 -      -2.713314751943  -8.63e-09   1.03e-04    3    96   1.00e-01  1.04e-03
   60   0 +      -2.880105168691  -6.00e-12   8.73e-05    3    97   1.01e-01  1.04e-03
   60   1 +      -2.713314759160  -7.22e-09   9.62e-05    3    97   1.01e-01  1.04e-03
TIMING for Davidson : 1.01e-01  T(cal/comm/rest)=6.30e-02,0.00e+00,3.80e-02
decimation summary: 64->41 dwt=0.00e+00 SvN=2.18e+00
TIMING for Renormalization : 5.00e-03  T(cal/comm)=5.00e-03,0.00e+00

isweep=0 ibond=2/seqsize=6 dots=1 dbond=(1,2)-(1,3) forward=1 cturn=0
----------------------------------------------------------------------
ctns::sweep_onedot alg_hvec=3 alg_renorm=2 mpisize=1 maxthreads=4
ctns::topology::check_partition: (sl,sr,sc)=3,2,1 ifNC=0
wf3(diml,dimr,dimc)=(41,16,4) nnz=257:1.96e-03MB
iter   ieig        eigenvalue        ediff      rnorm   nsub  nmvp   time/s    tav/s
    1   0 -      -2.880104978245  -1.00e+03   1.22e-01    2     2   3.00e-03  1.50e-03
    1   1 -      -2.713314644809  -1.00e+03   1.31e-01    2     2   3.00e-03  1.50e-03
    2   0 -      -2.890088829796  -9.98e-03   5.97e-02    4     4   4.00e-03  1.00e-03
    2   1 -      -2.727156060354  -1.38e-02   7.48e-02    4     4   4.00e-03  1.00e-03
    3   0 -      -2.892535060612  -2.45e-03   4.23e-02    4     6   6.00e-03  1.00e-03
    3   1 -      -2.731576941988  -4.42e-03   5.92e-02    4     6   6.00e-03  1.00e-03
    4   0 -      -2.893624592039  -1.09e-03   2.94e-02    4     8   8.00e-03  1.00e-03
    4   1 -      -2.734032313844  -2.46e-03   4.55e-02    4     8   8.00e-03  1.00e-03
    5   0 -      -2.894209929987  -5.85e-04   2.31e-02    4    10   1.10e-02  1.10e-03
    5   1 -      -2.735694497960  -1.66e-03   4.07e-02    4    10   1.10e-02  1.10e-03
    6   0 -      -2.894547452323  -3.38e-04   1.68e-02    4    12   1.30e-02  1.08e-03
    6   1 -      -2.736913874441  -1.22e-03   3.30e-02    4    12   1.30e-02  1.08e-03
    7   0 -      -2.894745727557  -1.98e-04   1.34e-02    4    14   1.40e-02  1.00e-03
    7   1 -      -2.737831133380  -9.17e-04   3.03e-02    4    14   1.40e-02  1.00e-03
    8   0 -      -2.894863143178  -1.17e-04   9.90e-03    4    16   1.60e-02  1.00e-03
    8   1 -      -2.738531645803  -7.01e-04   2.49e-02    4    16   1.60e-02  1.00e-03
    9   0 -      -2.894932683004  -6.95e-05   7.88e-03    4    18   1.80e-02  1.00e-03
    9   1 -      -2.739067839254  -5.36e-04   2.31e-02    4    18   1.80e-02  1.00e-03
   10   0 -      -2.894973917614  -4.12e-05   5.84e-03    4    20   2.00e-02  1.00e-03
   10   1 -      -2.739480829200  -4.13e-04   1.91e-02    4    20   2.00e-02  1.00e-03
   11   0 -      -2.894998324432  -2.44e-05   4.64e-03    4    22   2.20e-02  1.00e-03
   11   1 -      -2.739798405637  -3.18e-04   1.77e-02    4    22   2.20e-02  1.00e-03
   12   0 -      -2.895012773890  -1.44e-05   3.44e-03    4    24   2.40e-02  1.00e-03
   12   1 -      -2.740043614055  -2.45e-04   1.47e-02    4    24   2.40e-02  1.00e-03
   13   0 -      -2.895021316953  -8.54e-06   2.74e-03    4    26   2.60e-02  1.00e-03
   13   1 -      -2.740232563069  -1.89e-04   1.36e-02    4    26   2.60e-02  1.00e-03
   14   0 -      -2.895026368923  -5.05e-06   2.03e-03    4    28   2.80e-02  1.00e-03
   14   1 -      -2.740378666621  -1.46e-04   1.13e-02    4    28   2.80e-02  1.00e-03
   15   0 -      -2.895029354659  -2.99e-06   1.61e-03    4    30   3.00e-02  1.00e-03
   15   1 -      -2.740491457946  -1.13e-04   1.05e-02    4    30   3.00e-02  1.00e-03
   16   0 -      -2.895031119956  -1.77e-06   1.20e-03    4    32   3.20e-02  1.00e-03
   16   1 -      -2.740578810776  -8.74e-05   8.74e-03    4    32   3.20e-02  1.00e-03
   17   0 -      -2.895032163658  -1.04e-06   9.50e-04    4    34   3.40e-02  1.00e-03
   17   1 -      -2.740646395635  -6.76e-05   8.10e-03    4    34   3.40e-02  1.00e-03
   18   0 -      -2.895032781195  -6.18e-07   7.07e-04    4    36   3.60e-02  1.00e-03
   18   1 -      -2.740698837401  -5.24e-05   6.77e-03    4    36   3.60e-02  1.00e-03
   19   0 -      -2.895033146663  -3.65e-07   5.61e-04    4    38   3.80e-02  1.00e-03
   19   1 -      -2.740739520293  -4.07e-05   6.27e-03    4    38   3.80e-02  1.00e-03
   20   0 -      -2.895033363243  -2.17e-07   4.18e-04    4    40   4.00e-02  1.00e-03
   20   1 -      -2.740771157391  -3.16e-05   5.25e-03    4    40   4.00e-02  1.00e-03
   21   0 -      -2.895033491593  -1.28e-07   3.31e-04    4    42   4.20e-02  1.00e-03
   21   1 -      -2.740795776980  -2.46e-05   4.86e-03    4    42   4.20e-02  1.00e-03
   22   0 -      -2.895033567833  -7.62e-08   2.48e-04    4    44   4.40e-02  1.00e-03
   22   1 -      -2.740814969013  -1.92e-05   4.09e-03    4    44   4.40e-02  1.00e-03
   23   0 -      -2.895033613081  -4.52e-08   1.96e-04    4    46   4.60e-02  1.00e-03
   23   1 -      -2.740829954436  -1.50e-05   3.78e-03    4    46   4.60e-02  1.00e-03
   24   0 -      -2.895033640042  -2.70e-08   1.47e-04    4    48   4.80e-02  1.00e-03
   24   1 -      -2.740841666761  -1.17e-05   3.19e-03    4    48   4.80e-02  1.00e-03
   25   0 -      -2.895033656065  -1.60e-08   1.16e-04    4    50   5.00e-02  1.00e-03
   25   1 -      -2.740850842647  -9.18e-06   2.94e-03    4    50   5.00e-02  1.00e-03
   26   0 +      -2.895033665648  -9.58e-09   8.77e-05    4    52   5.20e-02  1.00e-03
   26   1 -      -2.740858035030  -7.19e-06   2.49e-03    4    52   5.20e-02  1.00e-03
   27   0 +      -2.895033670842  -5.19e-09   7.21e-05    3    53   5.30e-02  1.00e-03
   27   1 -      -2.740863686561  -5.65e-06   2.30e-03    3    53   5.30e-02  1.00e-03
   28   0 +      -2.895033673867  -3.03e-09   6.00e-05    3    54   5.40e-02  1.00e-03
   28   1 -      -2.740868133241  -4.45e-06   1.96e-03    3    54   5.40e-02  1.00e-03
   29   0 +      -2.895033675763  -1.90e-09   5.08e-05    3    55   5.50e-02  1.00e-03
   29   1 -      -2.740871637400  -3.50e-06   1.80e-03    3    55   5.50e-02  1.00e-03
   30   0 +      -2.895033676845  -1.08e-09   4.53e-05    3    56   5.50e-02  9.82e-04
   30   1 -      -2.740874402987  -2.77e-06   1.55e-03    3    56   5.50e-02  9.82e-04
   31   0 +      -2.895033677532  -6.87e-10   4.03e-05    3    57   5.70e-02  1.00e-03
   31   1 -      -2.740876588376  -2.19e-06   1.42e-03    3    57   5.70e-02  1.00e-03
   32   0 +      -2.895033677915  -3.83e-10   3.83e-05    3    58   5.80e-02  1.00e-03
   32   1 -      -2.740878317225  -1.73e-06   1.22e-03    3    58   5.80e-02  1.00e-03
   33   0 +      -2.895033678162  -2.47e-10   3.57e-05    3    59   5.90e-02  1.00e-03
   33   1 -      -2.740879686252  -1.37e-06   1.12e-03    3    59   5.90e-02  1.00e-03
   34   0 +      -2.895033678295  -1.33e-10   3.51e-05    3    60   6.00e-02  1.00e-03
   34   1 -      -2.740880771259  -1.09e-06   9.68e-04    3    60   6.00e-02  1.00e-03
   35   0 +      -2.895033678382  -8.71e-11   3.38e-05    3    61   6.10e-02  1.00e-03
   35   1 -      -2.740881631842  -8.61e-07   8.84e-04    3    61   6.10e-02  1.00e-03
   36   0 +      -2.895033678426  -4.47e-11   3.37e-05    3    62   6.20e-02  1.00e-03
   36   1 -      -2.740882314860  -6.83e-07   7.68e-04    3    62   6.20e-02  1.00e-03
   37   0 +      -2.895033678456  -2.97e-11   3.31e-05    3    63   6.30e-02  1.00e-03
   37   1 -      -2.740882857292  -5.42e-07   7.01e-04    3    63   6.30e-02  1.00e-03
   38   0 +      -2.895033678470  -1.41e-11   3.31e-05    3    64   6.40e-02  1.00e-03
   38   1 -      -2.740883288290  -4.31e-07   6.10e-04    3    64   6.40e-02  1.00e-03
   39   0 +      -2.895033678480  -9.52e-12   3.28e-05    3    65   6.50e-02  1.00e-03
   39   1 -      -2.740883630919  -3.43e-07   5.56e-04    3    65   6.50e-02  1.00e-03
   40   0 +      -2.895033678484  -3.99e-12   3.29e-05    3    66   6.60e-02  1.00e-03
   40   1 -      -2.740883903407  -2.72e-07   4.85e-04    3    66   6.60e-02  1.00e-03
   41   0 +      -2.895033678486  -2.73e-12   3.27e-05    3    67   6.70e-02  1.00e-03
   41   1 -      -2.740884120201  -2.17e-07   4.42e-04    3    67   6.70e-02  1.00e-03
   42   0 +      -2.895033678487  -8.98e-13   3.27e-05    3    68   6.80e-02  1.00e-03
   42   1 -      -2.740884292740  -1.73e-07   3.86e-04    3    68   6.80e-02  1.00e-03
   43   0 +      -2.895033678488  -6.22e-13   3.27e-05    3    69   6.90e-02  1.00e-03
   43   1 -      -2.740884430103  -1.37e-07   3.52e-04    3    69   6.90e-02  1.00e-03
   44   0 +      -2.895033678488  -1.08e-13   3.27e-05    3    70   6.90e-02  9.86e-04
   44   1 -      -2.740884539490  -1.09e-07   3.08e-04    3    70   6.90e-02  9.86e-04
   45   0 +      -2.895033678488  -7.42e-14   3.27e-05    3    71   7.00e-02  9.86e-04
   45   1 -      -2.740884626622  -8.71e-08   2.80e-04    3    71   7.00e-02  9.86e-04
   46   0 +      -2.895033678488  -2.22e-15   3.27e-05    3    72   7.10e-02  9.86e-04
   46   1 -      -2.740884696042  -6.94e-08   2.45e-04    3    72   7.10e-02  9.86e-04
   47   0 +      -2.895033678488  -8.88e-16   3.27e-05    3    73   7.20e-02  9.86e-04
   47   1 -      -2.740884751363  -5.53e-08   2.23e-04    3    73   7.20e-02  9.86e-04
   48   0 +      -2.895033678488  -5.11e-14   3.27e-05    3    74   7.30e-02  9.86e-04
   48   1 -      -2.740884795456  -4.41e-08   1.95e-04    3    74   7.30e-02  9.86e-04
   49   0 +      -2.895033678488  -4.00e-14   3.27e-05    3    75   7.40e-02  9.87e-04
   49   1 -      -2.740884830605  -3.51e-08   1.78e-04    3    75   7.40e-02  9.87e-04
   50   0 +      -2.895033678488  -1.09e-13   3.27e-05    3    76   7.50e-02  9.87e-04
   50   1 -      -2.740884858630  -2.80e-08   1.56e-04    3    76   7.50e-02  9.87e-04
   51   0 +      -2.895033678488  -8.53e-14   3.27e-05    3    77   7.60e-02  9.87e-04
   51   1 -      -2.740884880977  -2.23e-08   1.42e-04    3    77   7.60e-02  9.87e-04
   52   0 +      -2.895033678489  -1.39e-13   3.27e-05    3    78   7.70e-02  9.87e-04
   52   1 -      -2.740884898799  -1.78e-08   1.24e-04    3    78   7.70e-02  9.87e-04
   53   0 +      -2.895033678489  -1.13e-13   3.27e-05    3    79   7.80e-02  9.87e-04
   53   1 -      -2.740884913014  -1.42e-08   1.13e-04    3    79   7.80e-02  9.87e-04
   54   0 +      -2.895033678489  -1.50e-13   3.27e-05    3    80   7.90e-02  9.88e-04
   54   1 +      -2.740884924352  -1.13e-08   9.91e-05    3    80   7.90e-02  9.88e-04
TIMING for Davidson : 7.90e-02  T(cal/comm/rest)=1.40e-02,0.00e+00,6.50e-02
decimation summary: 164->32 dwt=2.22e-16 SvN=3.54e+00
TIMING for Renormalization : 4.00e-03  T(cal/comm)=4.00e-03,0.00e+00

isweep=0 ibond=3/seqsize=6 dots=1 dbond=(1,2)-(1,3) forward=0 cturn=0
----------------------------------------------------------------------
ctns::sweep_onedot alg_hvec=3 alg_renorm=2 mpisize=1 maxthreads=4
ctns::topology::check_partition: (sl,sr,sc)=4,1,1 ifNC=0
wf3(diml,dimr,dimc)=(32,4,4) nnz=72:5.49e-04MB
iter   ieig        eigenvalue        ediff      rnorm   nsub  nmvp   time/s    tav/s
    1   0 -      -2.895032301913  -1.00e+03   1.53e-04    2     2   0.00e+00  0.00e+00
    1   1 -      -2.740883618926  -1.00e+03   1.82e-04    2     2   0.00e+00  0.00e+00
    2   0 +      -2.895032313264  -1.14e-08   3.96e-05    4     4   1.00e-03  2.50e-04
    2   1 -      -2.740883649111  -3.02e-08   1.02e-04    4     4   1.00e-03  2.50e-04
    3   0 +      -2.895032313433  -1.69e-10   3.72e-05    3     5   1.00e-03  2.00e-04
    3   1 +      -2.740883657722  -8.61e-09   6.86e-05    3     5   1.00e-03  2.00e-04
TIMING for Davidson : 1.00e-03  T(cal/comm/rest)=0.00e+00,0.00e+00,1.00e-03
decimation summary: 16->16 dwt=-2.22e-16 SvN=2.91e+00
TIMING for Renormalization : 7.00e-03  T(cal/comm)=7.00e-03,0.00e+00

isweep=0 ibond=4/seqsize=6 dots=1 dbond=(1,1)-(1,2) forward=0 cturn=0
----------------------------------------------------------------------
ctns::sweep_onedot alg_hvec=3 alg_renorm=2 mpisize=1 maxthreads=4
ctns::topology::check_partition: (sl,sr,sc)=3,2,1 ifNC=0
wf3(diml,dimr,dimc)=(41,16,4) nnz=257:1.96e-03MB
iter   ieig        eigenvalue        ediff      rnorm   nsub  nmvp   time/s    tav/s
    1   0 -      -2.895032313433  -1.00e+03   1.83e-03    2     2   1.00e-03  5.00e-04
    1   1 -      -2.740883657722  -1.00e+03   1.76e-03    2     2   1.00e-03  5.00e-04
    2   0 -      -2.895033609946  -1.30e-06   3.78e-04    4     4   3.00e-03  7.50e-04
    2   1 -      -2.740884885894  -1.23e-06   3.42e-04    4     4   3.00e-03  7.50e-04
    3   0 -      -2.895033668481  -5.85e-08   1.30e-04    4     6   5.00e-03  8.33e-04
    3   1 -      -2.740884945024  -5.91e-08   1.34e-04    4     6   5.00e-03  8.33e-04
    4   0 +      -2.895033676422  -7.94e-09   6.24e-05    4     8   8.00e-03  1.00e-03
    4   1 +      -2.740884955850  -1.08e-08   7.59e-05    4     8   8.00e-03  1.00e-03
TIMING for Davidson : 8.00e-03  T(cal/comm/rest)=3.00e-03,0.00e+00,5.00e-03
decimation summary: 64->40 dwt=-2.22e-16 SvN=2.49e+00
TIMING for Renormalization : 5.00e-03  T(cal/comm)=5.00e-03,0.00e+00

isweep=0 ibond=5/seqsize=6 dots=1 dbond=(1,0)-(1,1) forward=0 cturn=1
----------------------------------------------------------------------
ctns::sweep_onedot alg_hvec=3 alg_renorm=2 mpisize=1 maxthreads=4
ctns::topology::check_partition: (sl,sr,sc)=2,3,1 ifNC=1
wf3(diml,dimr,dimc)=(16,40,4) nnz=260:1.98e-03MB
iter   ieig        eigenvalue        ediff      rnorm   nsub  nmvp   time/s    tav/s
    1   0 -      -2.895033476680  -1.00e+03   2.02e-03    2     2   3.00e-03  1.50e-03
    1   1 -      -2.740884819012  -1.00e+03   4.06e-03    2     2   3.00e-03  1.50e-03
    2   0 -      -2.895035233091  -1.76e-06   4.54e-04    4     4   5.00e-03  1.25e-03
    2   1 -      -2.740895911131  -1.11e-05   1.40e-03    4     4   5.00e-03  1.25e-03
    3   0 -      -2.895035329344  -9.63e-08   1.77e-04    4     6   7.00e-03  1.17e-03
    3   1 -      -2.740897100623  -1.19e-06   6.76e-04    4     6   7.00e-03  1.17e-03
    4   0 +      -2.895035345607  -1.63e-08   9.52e-05    4     8   9.00e-03  1.13e-03
    4   1 -      -2.740897421298  -3.21e-07   4.49e-04    4     8   9.00e-03  1.13e-03
    5   0 +      -2.895035348861  -3.25e-09   7.19e-05    3     9   1.00e-02  1.11e-03
    5   1 -      -2.740897546077  -1.25e-07   2.91e-04    3     9   1.00e-02  1.11e-03
    6   0 +      -2.895035350158  -1.30e-09   6.46e-05    3    10   1.10e-02  1.10e-03
    6   1 -      -2.740897606242  -6.02e-08   2.27e-04    3    10   1.10e-02  1.10e-03
    7   0 +      -2.895035350711  -5.53e-10   6.06e-05    3    11   1.20e-02  1.09e-03
    7   1 -      -2.740897640608  -3.44e-08   1.72e-04    3    11   1.20e-02  1.09e-03
    8   0 +      -2.895035351050  -3.40e-10   5.88e-05    3    12   1.30e-02  1.08e-03
    8   1 -      -2.740897662643  -2.20e-08   1.48e-04    3    12   1.30e-02  1.08e-03
    9   0 +      -2.895035351195  -1.44e-10   5.80e-05    3    13   1.40e-02  1.08e-03
    9   1 -      -2.740897678025  -1.54e-08   1.22e-04    3    13   1.40e-02  1.08e-03
   10   0 +      -2.895035351327  -1.32e-10   5.73e-05    3    14   1.50e-02  1.07e-03
   10   1 -      -2.740897689386  -1.14e-08   1.10e-04    3    14   1.50e-02  1.07e-03
   11   0 +      -2.895035351377  -5.01e-11   5.72e-05    3    15   1.60e-02  1.07e-03
   11   1 +      -2.740897698125  -8.74e-09   9.44e-05    3    15   1.60e-02  1.07e-03
TIMING for Davidson : 1.60e-02  T(cal/comm/rest)=5.00e-03,0.00e+00,1.10e-02
decimation summary: 160->32 dwt=-2.22e-16 SvN=4.01e+00
TIMING for Renormalization : 4.00e-03  T(cal/comm)=4.00e-03,0.00e+00

======================================================================
sweep_data::summary isweep=0
----------------------------------------------------------------------
sweep parameters: isweep=0 dots=1 dcut=100 eps=1.00e-04 noise=1.00e-04
 ibond=0 bond=(1,0)-(1,1) forward=1 deff=16 dwt=-2.220e-16 nmvp=69 e[0]=-2.83170154846 e[1]=-2.66388869906
 ibond=1 bond=(1,1)-(1,2) forward=1 deff=41 dwt=+0.000e+00 nmvp=97 e[0]=-2.88010516869 e[1]=-2.71331475916
 ibond=2 bond=(1,2)-(1,3) forward=1 deff=32 dwt=+2.220e-16 nmvp=80 e[0]=-2.89503367849 e[1]=-2.74088492435
 ibond=3 bond=(1,2)-(1,3) forward=0 deff=16 dwt=-2.220e-16 nmvp=5 e[0]=-2.89503231343 e[1]=-2.74088365772
 ibond=4 bond=(1,1)-(1,2) forward=0 deff=40 dwt=-2.220e-16 nmvp=8 e[0]=-2.89503367642 e[1]=-2.74088495585
 ibond=5 bond=(1,0)-(1,1) forward=0 deff=32 dwt=-2.220e-16 nmvp=15 e[0]=-2.89503535138 e[1]=-2.74089769813
minimal energies at ibond=5
 sweep energies: isweep=0 dots=1 dcut=100 deff=32 dwt=-2.220e-16 e[0]=-2.89503535138
 sweep energies: isweep=0 dots=1 dcut=100 deff=32 dwt=-2.220e-16 e[1]=-2.74089769813
----------------------------------------------------------------------
summary of sweep optimization up to isweep=0
schedule: isweep, dots, dcut, eps, noise | nmvp | Tsweep/S | Tav/S | Taccum/S
         0  1  100  1.00e-04  1.00e-04 | 274 | 3.07e-01 | 1.12e-03 | 3.07e-01
results: isweep, dcut, dwt, energies (delta_e)
         0     100 -2.22e-16 e[0]=-2.89503535138 (0.00e+00) e[1]=-2.74089769813 (0.00e+00)
======================================================================

======================================================================
sweep parameters: isweep=1 dots=1 dcut=100 eps=1.00e-04 noise=0.00e+00
======================================================================

isweep=1 ibond=0/seqsize=6 dots=1 dbond=(1,0)-(1,1) forward=1 cturn=1
----------------------------------------------------------------------
ctns::sweep_onedot alg_hvec=3 alg_renorm=2 mpisize=1 maxthreads=4
ctns::topology::check_partition: (sl,sr,sc)=1,1,4 ifNC=1
wf3(diml,dimr,dimc)=(4,4,32) nnz=72:5.49e-04MB
iter   ieig        eigenvalue        ediff      rnorm   nsub  nmvp   time/s    tav/s
    1   0 -      -2.895033965168  -1.00e+03   1.59e-04    2     2   0.00e+00  0.00e+00
    1   1 -      -2.740896598965  -1.00e+03   1.41e-04    2     2   0.00e+00  0.00e+00
    2   0 +      -2.895033979309  -1.41e-08   4.67e-05    4     4   1.00e-03  2.50e-04
    2   1 +      -2.740896613857  -1.49e-08   7.88e-05    4     4   1.00e-03  2.50e-04
TIMING for Davidson : 1.00e-03  T(cal/comm/rest)=0.00e+00,0.00e+00,1.00e-03
decimation summary: 16->16 dwt=-2.22e-16 SvN=3.55e+00
TIMING for Renormalization : 6.00e-03  T(cal/comm)=6.00e-03,0.00e+00

isweep=1 ibond=1/seqsize=6 dots=1 dbond=(1,1)-(1,2) forward=1 cturn=0
----------------------------------------------------------------------
ctns::sweep_onedot alg_hvec=3 alg_renorm=2 mpisize=1 maxthreads=4
ctns::topology::check_partition: (sl,sr,sc)=2,3,1 ifNC=1
wf3(diml,dimr,dimc)=(16,40,4) nnz=260:1.98e-03MB
iter   ieig        eigenvalue        ediff      rnorm   nsub  nmvp   time/s    tav/s
    1   0 -      -2.895033979309  -1.00e+03   1.88e-03    2     2   2.00e-03  1.00e-03
    1   1 -      -2.740896613857  -1.00e+03   1.59e-03    2     2   2.00e-03  1.00e-03
    2   0 -      -2.895035272329  -1.29e-06   4.25e-04    4     4   4.00e-03  1.00e-03
    2   1 -      -2.740897639827  -1.03e-06   3.90e-04    4     4   4.00e-03  1.00e-03
    3   0 -      -2.895035342134  -6.98e-08   1.50e-04    4     6   6.00e-03  1.00e-03
    3   1 -      -2.740897703636  -6.38e-08   1.62e-04    4     6   6.00e-03  1.00e-03
    4   0 +      -2.895035351247  -9.11e-09   6.61e-05    4     8   8.00e-03  1.00e-03
    4   1 +      -2.740897716458  -1.28e-08   9.44e-05    4     8   8.00e-03  1.00e-03
TIMING for Davidson : 8.00e-03  T(cal/comm/rest)=2.00e-03,0.00e+00,6.00e-03
decimation summary: 64->42 dwt=-2.22e-16 SvN=2.48e+00
TIMING for Renormalization : 5.00e-03  T(cal/comm)=5.00e-03,0.00e+00

isweep=1 ibond=2/seqsize=6 dots=1 dbond=(1,2)-(1,3) forward=1 cturn=0
----------------------------------------------------------------------
ctns::sweep_onedot alg_hvec=3 alg_renorm=2 mpisize=1 maxthreads=4
ctns::topology::check_partition: (sl,sr,sc)=3,2,1 ifNC=0
wf3(diml,dimr,dimc)=(42,16,4) nnz=266:2.03e-03MB
iter   ieig        eigenvalue        ediff      rnorm   nsub  nmvp   time/s    tav/s
    1   0 -      -2.895035351247  -1.00e+03   8.03e-04    2     2   3.00e-03  1.50e-03
    1   1 -      -2.740897716458  -1.00e+03   7.86e-04    2     2   3.00e-03  1.50e-03
    2   0 -      -2.895035600318  -2.49e-07   1.68e-04    4     4   5.00e-03  1.25e-03
    2   1 -      -2.740897952429  -2.36e-07   1.61e-04    4     4   5.00e-03  1.25e-03
    3   0 +      -2.895035613210  -1.29e-08   5.79e-05    4     6   7.00e-03  1.17e-03
    3   1 +      -2.740897965333  -1.29e-08   6.70e-05    4     6   7.00e-03  1.17e-03
TIMING for Davidson : 7.00e-03  T(cal/comm/rest)=3.00e-03,0.00e+00,4.00e-03
decimation summary: 168->32 dwt=-2.22e-16 SvN=3.54e+00
TIMING for Renormalization : 4.00e-03  T(cal/comm)=4.00e-03,0.00e+00

isweep=1 ibond=3/seqsize=6 dots=1 dbond=(1,2)-(1,3) forward=0 cturn=0
----------------------------------------------------------------------
ctns::sweep_onedot alg_hvec=3 alg_renorm=2 mpisize=1 maxthreads=4
ctns::topology::check_partition: (sl,sr,sc)=4,1,1 ifNC=0
wf3(diml,dimr,dimc)=(32,4,4) nnz=72:5.49e-04MB
iter   ieig        eigenvalue        ediff      rnorm   nsub  nmvp   time/s    tav/s
    1   0 +      -2.895035613210  -1.00e+03   3.47e-05    2     2   0.00e+00  0.00e+00
    1   1 +      -2.740897965333  -1.00e+03   4.94e-05    2     2   0.00e+00  0.00e+00
TIMING for Davidson : 0.00e+00  T(cal/comm/rest)=0.00e+00,0.00e+00,0.00e+00
decimation summary: 16->16 dwt=0.00e+00 SvN=2.91e+00
TIMING for Renormalization : 7.00e-03  T(cal/comm)=7.00e-03,0.00e+00

isweep=1 ibond=4/seqsize=6 dots=1 dbond=(1,1)-(1,2) forward=0 cturn=0
----------------------------------------------------------------------
ctns::sweep_onedot alg_hvec=3 alg_renorm=2 mpisize=1 maxthreads=4
ctns::topology::check_partition: (sl,sr,sc)=3,2,1 ifNC=0
wf3(diml,dimr,dimc)=(42,16,4) nnz=266:2.03e-03MB
iter   ieig        eigenvalue        ediff      rnorm   nsub  nmvp   time/s    tav/s
    1   0 +      -2.895035613210  -1.00e+03   5.79e-05    2     2   2.00e-03  1.00e-03
    1   1 +      -2.740897965333  -1.00e+03   6.70e-05    2     2   2.00e-03  1.00e-03
TIMING for Davidson : 2.00e-03  T(cal/comm/rest)=1.00e-03,0.00e+00,1.00e-03
decimation summary: 64->42 dwt=0.00e+00 SvN=2.49e+00
TIMING for Renormalization : 6.00e-03  T(cal/comm)=6.00e-03,0.00e+00

isweep=1 ibond=5/seqsize=6 dots=1 dbond=(1,0)-(1,1) forward=0 cturn=1
----------------------------------------------------------------------
ctns::sweep_onedot alg_hvec=3 alg_renorm=2 mpisize=1 maxthreads=4
ctns::topology::check_partition: (sl,sr,sc)=2,3,1 ifNC=1
wf3(diml,dimr,dimc)=(16,42,4) nnz=266:2.03e-03MB
iter   ieig        eigenvalue        ediff      rnorm   nsub  nmvp   time/s    tav/s
    1   0 +      -2.895035613210  -1.00e+03   4.75e-05    2     2   1.00e-03  5.00e-04
    1   1 +      -2.740897965333  -1.00e+03   6.08e-05    2     2   1.00e-03  5.00e-04
TIMING for Davidson : 1.00e-03  T(cal/comm/rest)=0.00e+00,0.00e+00,1.00e-03
decimation summary: 168->32 dwt=-2.22e-16 SvN=4.01e+00
TIMING for Renormalization : 5.00e-03  T(cal/comm)=5.00e-03,0.00e+00

======================================================================
sweep_data::summary isweep=1
----------------------------------------------------------------------
sweep parameters: isweep=1 dots=1 dcut=100 eps=1.00e-04 noise=0.00e+00
 ibond=0 bond=(1,0)-(1,1) forward=1 deff=16 dwt=-2.220e-16 nmvp=4 e[0]=-2.89503397931 e[1]=-2.74089661386
 ibond=1 bond=(1,1)-(1,2) forward=1 deff=42 dwt=-2.220e-16 nmvp=8 e[0]=-2.89503535125 e[1]=-2.74089771646
 ibond=2 bond=(1,2)-(1,3) forward=1 deff=32 dwt=-2.220e-16 nmvp=6 e[0]=-2.89503561321 e[1]=-2.74089796533
 ibond=3 bond=(1,2)-(1,3) forward=0 deff=16 dwt=+0.000e+00 nmvp=2 e[0]=-2.89503561321 e[1]=-2.74089796533
 ibond=4 bond=(1,1)-(1,2) forward=0 deff=42 dwt=+0.000e+00 nmvp=2 e[0]=-2.89503561321 e[1]=-2.74089796533
 ibond=5 bond=(1,0)-(1,1) forward=0 deff=32 dwt=-2.220e-16 nmvp=2 e[0]=-2.89503561321 e[1]=-2.74089796533
minimal energies at ibond=3
 sweep energies: isweep=1 dots=1 dcut=100 deff=16 dwt=+0.000e+00 e[0]=-2.89503561321
 sweep energies: isweep=1 dots=1 dcut=100 deff=16 dwt=+0.000e+00 e[1]=-2.74089796533
----------------------------------------------------------------------
summary of sweep optimization up to isweep=1
schedule: isweep, dots, dcut, eps, noise | nmvp | Tsweep/S | Tav/S | Taccum/S
         0  1  100  1.00e-04  1.00e-04 | 274 | 3.07e-01 | 1.12e-03 | 3.07e-01
         1  1  100  1.00e-04  0.00e+00 | 24 | 9.00e-02 | 3.75e-03 | 3.97e-01
results: isweep, dcut, dwt, energies (delta_e)
         0     100 -2.22e-16 e[0]=-2.89503535138 (2.62e-07) e[1]=-2.74089769813 (2.67e-07)
         1     100 +0.00e+00 e[0]=-2.89503561321 (0.00e+00) e[1]=-2.74089796533 (0.00e+00)
======================================================================

----- TIMING FOR ctns::opt_sweep : 3.970e-01 S -----
##### time_global: 3.91e-01 S #####
 T(fetch) = 1.30e-02 S  per =  3.3  per(accum) = 3.3
 T(hdiag) = 0.00e+00 S  per =    0  per(accum) = 3.3
 T(dvdsn) = 2.82e-01 S  per =   72  per(accum) = 75
 T(decim) = 0.00e+00 S  per =    0  per(accum) = 75
 T(guess) = 0.00e+00 S  per =    0  per(accum) = 75
 T(renrm) = 6.40e-02 S  per =   16  per(accum) = 92
 T( save) = 0.00e+00 S  per =    0  per(accum) = 92

ctns::rcanon_save fname=./scratch/rcanon_new.info

Congrats! CTNS calculation finishes successfully. Sat Jun 18 18:14:14 2022

