-------------------------------------------------------------
FOCUS: a platform for exploring FermiOniC qUantum Simulations
Copyright (c) 2019 Zhendong Li	 	  	              
Author: Zhendong Li <zhendongli2008@gmail.com>	              
-------------------------------------------------------------

input file = input.dat

schedule::read fname = input.dat
dtype 1
nelec 5
integral_file moleinfo/fmole.info 
scratch ./scratch

$sci
dets 
0 1 2 3 4 
end
nroots 4
eps0 1.e-6
schedule
0 1.e-2
end
maxiter 6
$end

$ctns
kind cNK
maxdets 500 #000
topology_file topology/topo0
thresh_ortho 1.e-8
thresh_proj 1.e-14
nroots 2
schedule
# (n-th, dot, Dcut, dvdson, noise)
0 2 10 1.e-4 1.e-4
1 2 20 1.e-4 0.0
2 1 20 1.e-4 0.0
end
maxsweep 6
task opt
$end

### schedule::print ###
scratch = ./scratch
dtype = 1
nelec = 5
twoms = 0
integral_file = moleinfo/fmole.info
### params_sci::print ###
nroots = 4
no. of unique seeds = 1
0-th det: 0 1 2 3 4 
flip = 0
eps0 = 1e-06
miniter = 1
maxiter = 6
schedule: iter eps1
0 0.01
1 0.01
2 0.01
3 0.01
4 0.01
5 0.01
convergence parameters
deltaE = 1e-10
cisolver = 1
maxcycle = 100
crit_v = 1e-06
ifpt2 = 0 eps2=1e-08
load = 0
ci_file = ci.info
### params_ctns::print ###
kind = cNK
task = opt
topology_file = topology/topo0
nroots = 2
maxdets = 500
thresh_proj = 1.000000e-14
thresh_ortho = 1.000000e-08
cisolver = 1
maxcycle = 100
inoise = 2
guess = 1
maxsweep = 6
schedule: iter, dots, dcut, eps, noise
0 2 10 1.000000e-04 1.000000e-04
1 2 20 1.000000e-04 0.000000e+00
2 1 20 1.000000e-04 0.000000e+00
3 1 20 1.000000e-04 0.000000e+00
4 1 20 1.000000e-04 0.000000e+00
5 1 20 1.000000e-04 0.000000e+00
load = 0
rcanon_file = rcanon.info

schedule::create_scratch scratch=./scratch
already exists scratch=./scratch

integral::load fname = moleinfo/fmole.info
sorb = 10
timing for integral::load_integral : 0.00e+00 s

topology::topology fname=topology/topo0
0
1
2
3
4

topology::print nphysical=5 nbackbone=5
topo:
 i=0 : 0 
 i=1 : 1 
 i=2 : 2 
 i=3 : 3 
 i=4 : 4 
rcoord:
 idx=0 coord=(4,0) node: pindex=4 type=0 center=(-1,-1) left=(3,0) right=(-2,-2)
 idx=1 coord=(3,0) node: pindex=3 type=1 center=(-1,-1) left=(2,0) right=(4,0)
 idx=2 coord=(2,0) node: pindex=2 type=1 center=(-1,-1) left=(1,0) right=(3,0)
 idx=3 coord=(1,0) node: pindex=1 type=1 center=(-1,-1) left=(0,0) right=(2,0)
 idx=4 coord=(0,0) node: pindex=0 type=0 center=(-1,-1) left=(-2,-2) right=(1,0)
rsupport/lsupport:
 coord=(4,0) rsupport: 4 
 coord=(4,0) lsupport: 0 1 2 3 
 coord=(3,0) rsupport: 3 4 
 coord=(3,0) lsupport: 0 1 2 
 coord=(2,0) rsupport: 2 3 4 
 coord=(2,0) lsupport: 0 1 
 coord=(1,0) rsupport: 1 2 3 4 
 coord=(1,0) lsupport: 0 
 coord=(0,0) rsupport: 0 1 2 3 4 
 coord=(0,0) lsupport: 
image2:
 0 1 2 3 4 5 6 7 8 9

topology::get_sweeps
 ibond=0 bond=(1,0)-(2,0) (forward,cturn)=(1,0)
 ibond=1 bond=(2,0)-(3,0) (forward,cturn)=(1,0)
 ibond=2 bond=(2,0)-(3,0) (forward,cturn)=(0,0)
 ibond=3 bond=(1,0)-(2,0) (forward,cturn)=(0,0)

fci::ci_load fname=./scratch/ci.info

fci::ci_truncate maxdets=500 ifortho=1
 reduction from 52 to 52 dets
 iroot=0 ova=(1.000000000000e+00,0.000000000000e+00)
 iroot=1 ova=(1.000000000000e+00,0.000000000000e+00)
 iroot=2 ova=(1.000000000000e+00,0.000000000000e+00)
 iroot=3 ova=(1.000000000000e+00,0.000000000000e+00)

ctns::rcanon_init

ctns::get_rbases thresh_proj=1.000000000000e-14

idx=0 node=(4,0) type=0 rsupport=4 

idx=1 node=(3,0) type=1 rsupport=3 4 
 bpos=3 order=0 1 2 3 4 

ctns::right_projection<cNK> thresh=1.0000e-14
 qr=(0,0) dimB,dimBi=1,1 sumBi=4.3599e-01 sumBc=4.3599e-01
 qr=(1,0) dimB,dimBi=4,4 sumBi=5.2165e-01 sumBc=9.5764e-01
 qr=(2,0) dimB,dimBi=6,6 sumBi=3.9513e-02 sumBc=9.9715e-01
 qr=(3,0) dimB,dimBi=4,4 sumBi=2.7455e-03 sumBc=9.9989e-01
 qr=(4,0) dimB,dimBi=1,1 sumBi=1.0589e-04 sumBc=1.0000e+00
dim(space,lspace,rspace)=52,58,16 dimBc=16 sumBc=1.0000e+00 SvN=2.0861e+00
timing for ctns::right_projection<cNK> : 1.00e-03 s

idx=2 node=(2,0) type=1 rsupport=2 3 4 
 bpos=2 order=0 1 2 3 4 

ctns::right_projection<cNK> thresh=1.0000e-14
 qr=(1,0) dimB,dimBi=4,4 sumBi=2.7438e-01 sumBc=2.7438e-01
 qr=(2,0) dimB,dimBi=15,14 sumBi=6.7782e-01 sumBc=9.5220e-01
 qr=(3,0) dimB,dimBi=20,20 sumBi=4.2109e-02 sumBc=9.9431e-01
 qr=(4,0) dimB,dimBi=15,14 sumBi=5.5824e-03 sumBc=9.9989e-01
 qr=(5,0) dimB,dimBi=4,4 sumBi=1.0706e-04 sumBc=1.0000e+00
dim(space,lspace,rspace)=52,16,58 dimBc=56 sumBc=1.0000e+00 SvN=3.2736e+00
timing for ctns::right_projection<cNK> : 1.00e-03 s

idx=3 node=(1,0) type=1 rsupport=1 2 3 4 
 bpos=1 order=0 1 2 3 4 

ctns::right_projection<cNK> thresh=1.0000e-14
 qr=(3,0) dimB,dimBi=24,8 sumBi=7.3890e-01 sumBc=7.3890e-01
 qr=(4,0) dimB,dimBi=36,16 sumBi=2.5634e-01 sumBc=9.9524e-01
 qr=(5,0) dimB,dimBi=24,8 sumBi=4.7567e-03 sumBc=1.0000e+00
dim(space,lspace,rspace)=52,4,84 dimBc=32 sumBc=1.0000e+00 SvN=3.2359e+00
timing for ctns::right_projection<cNK> : 1.00e-03 s

idx=4 node=(0,0) type=0 rsupport=0 1 2 3 4 
 bpos=0 order=0 1 2 3 4 

ctns::right_projection<cNK> thresh=1.0000e-14
 qr=(5,0) dimB,dimBi=104,8 sumBi=1.0000e+00 sumBc=1.0000e+00
dim(space,lspace,rspace)=52,1,104 dimBc=8 sumBc=1.0000e+00 SvN=3.0000e+00
timing for ctns::right_projection<cNK> : 6.00e-03 s

final rbases with thresh_proj=1.00e-14
 idx=0 node=(4,0) shape=4,4
 idx=1 node=(3,0) shape=16,16
 idx=2 node=(2,0) shape=58,56
 idx=3 node=(1,0) shape=84,32
 idx=4 node=(0,0) shape=104,8
maximum bond dimension = 56

timing for ctns::get_rbases : 1.20e-02 s

ctns::get_rsites

idx=0 node=(4,0) type 0: end or leaves

qtensor3: rsites_0 sym=(0,0) dir=1 0 1 
 qbond: qmid nsym=3 dimAll=4
 (0,0):1 (2,0):1 (1,0):2
 qbond: qrow nsym=3 dimAll=4
 (0,0):1 (2,0):1 (1,0):2
 qbond: qcol nsym=1 dimAll=1
 (0,0):1
qblocks: nblocks=9
total no. of nonzero blocks=3

idx=1 node=(3,0) type 1/2: physical site on backbone/branch

qtensor3: rsites_1 sym=(0,0) dir=1 0 1 
 qbond: qmid nsym=3 dimAll=4
 (0,0):1 (2,0):1 (1,0):2
 qbond: qrow nsym=5 dimAll=16
 (0,0):1 (1,0):4 (2,0):6 (3,0):4 (4,0):1
 qbond: qcol nsym=3 dimAll=4
 (0,0):1 (2,0):1 (1,0):2
qblocks: nblocks=45
total no. of nonzero blocks=9

idx=2 node=(2,0) type 1/2: physical site on backbone/branch

qtensor3: rsites_2 sym=(0,0) dir=1 0 1 
 qbond: qmid nsym=3 dimAll=4
 (0,0):1 (2,0):1 (1,0):2
 qbond: qrow nsym=5 dimAll=56
 (1,0):4 (2,0):14 (3,0):20 (4,0):14 (5,0):4
 qbond: qcol nsym=5 dimAll=16
 (0,0):1 (1,0):4 (2,0):6 (3,0):4 (4,0):1
qblocks: nblocks=75
total no. of nonzero blocks=13

idx=3 node=(1,0) type 1/2: physical site on backbone/branch

qtensor3: rsites_3 sym=(0,0) dir=1 0 1 
 qbond: qmid nsym=3 dimAll=4
 (0,0):1 (2,0):1 (1,0):2
 qbond: qrow nsym=3 dimAll=32
 (3,0):8 (4,0):16 (5,0):8
 qbond: qcol nsym=5 dimAll=56
 (1,0):4 (2,0):14 (3,0):20 (4,0):14 (5,0):4
qblocks: nblocks=45
total no. of nonzero blocks=9

idx=4 node=(0,0) type 1/2: physical site on backbone/branch

qtensor3: rsites_4 sym=(0,0) dir=1 0 1 
 qbond: qmid nsym=3 dimAll=4
 (0,0):1 (2,0):1 (1,0):2
 qbond: qrow nsym=1 dimAll=8
 (5,0):8
 qbond: qcol nsym=3 dimAll=32
 (3,0):8 (4,0):16 (5,0):8
qblocks: nblocks=9
total no. of nonzero blocks=3

timing for ctns::get_rsites : 5.00e-03 s

ctns::get_rwfuns thresh_proj=1.00e-14

qtensor2: rwfuns sym=(0,0) dir=0 1 
 qbond: qrow nsym=1 dimAll=4
 (5,0):4
 qbond: qcol nsym=1 dimAll=8
 (5,0):8
qblocks: nblocks=1
idx=0 block[(5,0),(5,0)] rows,cols=(4,8)
matrix: blk size=(4,8)
(8.0144e-02,0.0000e+00) (-3.8876e-02,0.0000e+00) (2.1461e-18,0.0000e+00) (-1.7462e-02,0.0000e+00) (9.0134e-02,0.0000e+00) (7.0559e-02,0.0000e+00) (-9.8920e-01,0.0000e+00) (1.1697e-02,0.0000e+00) 
(1.2980e-01,0.0000e+00) (-4.2583e-02,0.0000e+00) (2.8730e-18,0.0000e+00) (-1.5360e-01,0.0000e+00) (3.4777e-01,0.0000e+00) (7.6246e-01,0.0000e+00) (9.5104e-02,0.0000e+00) (-4.9641e-01,0.0000e+00) 
(4.7705e-01,0.0000e+00) (-2.2569e-01,0.0000e+00) (1.1802e-17,0.0000e+00) (-2.3019e-01,0.0000e+00) (-8.2303e-02,0.0000e+00) (-5.1344e-01,0.0000e+00) (3.8107e-09,0.0000e+00) (-6.3095e-01,0.0000e+00) 
(-6.0027e-01,0.0000e+00) (3.0856e-01,0.0000e+00) (-1.6588e-17,0.0000e+00) (2.3902e-02,0.0000e+00) (-5.0298e-01,0.0000e+00) (2.4354e-02,0.0000e+00) (-1.1151e-01,0.0000e+00) (-5.2715e-01,0.0000e+00) 
total no. of nonzero blocks=1

check state overlaps
matrix: ova_rwfuns size=(4,4)
(1.0000e+00,0.0000e+00) (-1.4790e-17,0.0000e+00) (-4.5449e-18,0.0000e+00) (-3.8201e-17,0.0000e+00) 
(-1.4790e-17,0.0000e+00) (1.0000e+00,0.0000e+00) (-1.3039e-16,0.0000e+00) (-4.3079e-16,0.0000e+00) 
(-4.5449e-18,0.0000e+00) (-1.3039e-16,0.0000e+00) (1.0000e+00,0.0000e+00) (-3.8858e-16,0.0000e+00) 
(-3.8201e-17,0.0000e+00) (-4.3079e-16,0.0000e+00) (-3.8858e-16,0.0000e+00) (1.0000e+00,0.0000e+00) 
matrix: ova0_vs size=(4,4)
(1.0000e+00,0.0000e+00) (6.9389e-18,0.0000e+00) (-1.3878e-17,0.0000e+00) (-4.1633e-17,0.0000e+00) 
(6.9389e-18,0.0000e+00) (1.0000e+00,0.0000e+00) (-4.1633e-17,0.0000e+00) (-1.6653e-16,0.0000e+00) 
(-1.3878e-17,0.0000e+00) (-4.1633e-17,0.0000e+00) (1.0000e+00,0.0000e+00) (2.7756e-17,0.0000e+00) 
(-4.1633e-17,0.0000e+00) (-1.6653e-16,0.0000e+00) (2.7756e-17,0.0000e+00) (1.0000e+00,0.0000e+00) 
diff of ova matrix = 1.075e-15

timing for ctns::rcanon_init : 0.018 s

ctns::rcanon_save fname=./scratch/rcanon.info

ctns::rcanon_check thresh_ortho=1e-08
idx=0 node=(4,0) Dtot=4 maxdiff=0.00e+00
idx=1 node=(3,0) Dtot=16 maxdiff=4.44e-16
idx=2 node=(2,0) Dtot=56 maxdiff=2.86e-15
idx=3 node=(1,0) Dtot=32 maxdiff=4.99e-10
idx=4 node=(0,0) Dtot=8 maxdiff=2.81e-15

### ctns.task=opt ###

ctns::sweep_opt maxsweep=6
ctns::oper_env_right
ctns::oper_renorm_opAll coord=(3,0) superblock=cr ifkr=1
ctns::oper_renorm_opAll coord=(2,0) superblock=cr ifkr=1
ctns::oper_renorm_opAll coord=(1,0) superblock=cr ifkr=1
ctns::oper_renorm_opAll coord=(0,0) superblock=cr ifkr=1
timing for ctns::oper_env_right : 1.54e-01 s

topology::get_sweeps
 ibond=0 bond=(1,0)-(2,0) (forward,cturn)=(1,0)
 ibond=1 bond=(2,0)-(3,0) (forward,cturn)=(1,0)
 ibond=2 bond=(2,0)-(3,0) (forward,cturn)=(0,0)
 ibond=3 bond=(1,0)-(2,0) (forward,cturn)=(0,0)
======================================================================
sweep parameters: isweep=0 dots=2 dcut=10 eps=1.00e-04 noise=1.00e-04
======================================================================

isweep=0 ibond=0 bond=(1,0)-(2,0) (dots,forward,cturn)=(2,1,0)
----------------------------------------------------------------------
ctns::sweep_twodot
support info:
 suppc : 1
 suppc : 2
 suppl : 0
 suppr : 3 4
 ifln=1
qbond info:
 qbond: qc1 nsym=3 dimAll=4
 (0,0):1 (2,0):1 (1,0):2
 qbond: qc2 nsym=3 dimAll=4
 (0,0):1 (2,0):1 (1,0):2
 qbond: ql nsym=3 dimAll=4
 (0,0):1 (2,0):1 (1,0):2
 qbond: qr nsym=5 dimAll=16
 (0,0):1 (1,0):4 (2,0):6 (3,0):4 (4,0):1
qops info:
 c1qops: H:1 C:1 S:4 A:1 B:2 P:16 Q:20 
 c2qops: H:1 C:1 S:4 A:1 B:2 P:16 Q:20 
 lqops: H:1 C:1 S:4 A:1 B:2 P:16 Q:20 
 rqops: H:1 C:2 S:3 A:4 B:6 P:9 Q:12 
dim(localCI)=252
ctns::twodot_Hdiag ifkr=1
ctns::twodot_guess |lc1>
ctns::kr_dvdsonSolver::init_guess parity=1
 iguess=0 |psi(K)|=1.00e+00
 iguess=1 |psi(K)|=1.00e+00
 neig,nindp=2,4
ctns::kr_dvdsonSolver::solve_iter is_complex=1 parity=1
timing for HVecs : 7.90e-02 s for nstate = 2
settings: ndim=252 neig=2 nbuff=4 maxcycle= 100
          damping=0.1 crit_v=0.0001 crit_e=1e-12 crit_indp=1e-12
iter   ieig        eigenvalue        ediff      rnorm   nsub  nmvp  time/s
    1   0 +      -2.654516968213  -1.00e+03   9.28e-08    2     2   8.00e-02
    1   1 +      -2.654516968213  -1.00e+03   9.28e-08    2     2   8.00e-02
ctns::twodot_decimation |lc1> (forward,cturn,dcut,inoise,noise)=1,0,10,2,1.0e-04
ctns::get_prdm_lc noise=1.00e-04 timing : 2.00e-03 s
ctns::get_prdm_lc noise=1.00e-04 timing : 3.00e-03 s
 decimation summary: 16->10  dwt=1.53e-03  SvN=6.03e-01
ctns::oper_renorm_opAll coord=(1,0) superblock=lc ifkr=1
timing for ctns::sweep_twodot : 1.09e-01 s
 t(procs) = 1.00e-02 s  per = 9.2  per(accum) = 9.2
 t(hdiag) = 0.00e+00 s  per = 0  per(accum) = 9.2
 t(dvdsn) = 8.10e-02 s  per = 74  per(accum) = 83
 t(decim) = 6.00e-03 s  per = 5.5  per(accum) = 89
 t(renrm) = 1.10e-02 s  per = 10  per(accum) = 99

isweep=0 ibond=1 bond=(2,0)-(3,0) (dots,forward,cturn)=(2,1,0)
----------------------------------------------------------------------
ctns::sweep_twodot
support info:
 suppc : 2
 suppc : 3
 suppl : 0 1
 suppr : 4
 ifln=0
qbond info:
 qbond: qc1 nsym=3 dimAll=4
 (0,0):1 (2,0):1 (1,0):2
 qbond: qc2 nsym=3 dimAll=4
 (0,0):1 (2,0):1 (1,0):2
 qbond: ql nsym=3 dimAll=10
 (2,0):5 (3,0):4 (4,0):1
 qbond: qr nsym=3 dimAll=4
 (0,0):1 (2,0):1 (1,0):2
qops info:
 c1qops: H:1 C:1 S:4 A:1 B:2 P:16 Q:20 
 c2qops: H:1 C:1 S:4 A:1 B:2 P:16 Q:20 
 lqops: H:1 C:2 S:3 A:4 B:6 P:9 Q:12 
 rqops: H:1 C:1 S:4 A:1 B:2 P:16 Q:20 
dim(localCI)=166
ctns::twodot_Hdiag ifkr=1
ctns::twodot_guess |lc1>
ctns::kr_dvdsonSolver::init_guess parity=1
 iguess=0 |psi(K)|=1
 iguess=1 |psi(K)|=1
 neig,nindp=2,2
ctns::kr_dvdsonSolver::solve_iter is_complex=1 parity=1
timing for HVecs : 0.052 s for nstate = 2
settings: ndim=166 neig=2 nbuff=4 maxcycle= 100
          damping=0.1 crit_v=0.0001 crit_e=1e-12 crit_indp=1e-12
iter   ieig        eigenvalue        ediff      rnorm   nsub  nmvp  time/s
    1   0 -      -2.651598047020  -1.00e+03   9.80e-03    2     2   5.20e-02
    1   1 -      -2.651598047020  -1.00e+03   9.80e-03    2     2   5.20e-02
timing for HVecs : 5.30e-02 s for nstate = 2
    2   0 -      -2.651675003187  -7.70e-05   2.21e-03    4     4   5.30e-02
    2   1 -      -2.651675003187  -7.70e-05   2.21e-03    4     4   5.30e-02
timing for HVecs : 5.50e-02 s for nstate = 2
    3   0 -      -2.651678405512  -3.40e-06   6.87e-04    4     6   5.50e-02
    3   1 -      -2.651678405512  -3.40e-06   6.87e-04    4     6   5.50e-02
timing for HVecs : 5.50e-02 s for nstate = 2
    4   0 -      -2.651678761107  -3.56e-07   2.74e-04    4     8   5.60e-02
    4   1 -      -2.651678761107  -3.56e-07   2.74e-04    4     8   5.60e-02
timing for HVecs : 5.40e-02 s for nstate = 2
    5   0 -      -2.651678818283  -5.72e-08   1.23e-04    4    10   5.50e-02
    5   1 -      -2.651678818283  -5.72e-08   1.23e-04    4    10   5.50e-02
timing for HVecs : 5.40e-02 s for nstate = 2
    6   0 +      -2.651678830473  -1.22e-08   6.21e-05    4    12   5.40e-02
    6   1 +      -2.651678830473  -1.22e-08   6.21e-05    4    12   5.40e-02
ctns::twodot_decimation |lc1> (forward,cturn,dcut,inoise,noise)=1,0,10,2,1.0e-04
ctns::get_prdm_lc noise=1.00e-04 timing : 4.00e-03 s
ctns::get_prdm_lc noise=1.00e-04 timing : 4.00e-03 s
 decimation summary: 40->10  dwt=8.52e-03  SvN=1.45e+00
ctns::oper_renorm_opAll coord=(2,0) superblock=lc ifkr=1
timing for ctns::sweep_twodot : 3.59e-01 s
 t(procs) = 1.00e-02 s  per = 2.8  per(accum) = 2.8
 t(hdiag) = 0.00e+00 s  per = 0  per(accum) = 2.8
 t(dvdsn) = 3.28e-01 s  per = 91  per(accum) = 94
 t(decim) = 1.00e-02 s  per = 2.8  per(accum) = 97
 t(renrm) = 1.00e-02 s  per = 2.8  per(accum) = 1e+02

isweep=0 ibond=2 bond=(2,0)-(3,0) (dots,forward,cturn)=(2,0,0)
----------------------------------------------------------------------
ctns::sweep_twodot
support info:
 suppc : 2
 suppc : 3
 suppl : 0 1
 suppr : 4
 ifln=0
qbond info:
 qbond: qc1 nsym=3 dimAll=4
 (0,0):1 (2,0):1 (1,0):2
 qbond: qc2 nsym=3 dimAll=4
 (0,0):1 (2,0):1 (1,0):2
 qbond: ql nsym=3 dimAll=10
 (2,0):5 (3,0):4 (4,0):1
 qbond: qr nsym=3 dimAll=4
 (0,0):1 (2,0):1 (1,0):2
qops info:
 c1qops: H:1 C:1 S:4 A:1 B:2 P:16 Q:20 
 c2qops: H:1 C:1 S:4 A:1 B:2 P:16 Q:20 
 lqops: H:1 C:2 S:3 A:4 B:6 P:9 Q:12 
 rqops: H:1 C:1 S:4 A:1 B:2 P:16 Q:20 
dim(localCI)=166
ctns::twodot_Hdiag ifkr=1
ctns::twodot_guess |c2r>
ctns::kr_dvdsonSolver::init_guess parity=1
 iguess=0 |psi(K)|=1
 iguess=1 |psi(K)|=1
 neig,nindp=2,2
ctns::kr_dvdsonSolver::solve_iter is_complex=1 parity=1
timing for HVecs : 0.055 s for nstate = 2
settings: ndim=166 neig=2 nbuff=4 maxcycle= 100
          damping=0.1 crit_v=0.0001 crit_e=1e-12 crit_indp=1e-12
iter   ieig        eigenvalue        ediff      rnorm   nsub  nmvp  time/s
    1   0 -      -2.642402846724  -1.00e+03   1.15e-01    2     2   5.50e-02
    1   1 -      -2.642402846724  -1.00e+03   1.15e-01    2     2   5.50e-02
timing for HVecs : 5.30e-02 s for nstate = 2
    2   0 -      -2.651413336370  -9.01e-03   1.71e-02    4     4   5.40e-02
    2   1 -      -2.651413336370  -9.01e-03   1.71e-02    4     4   5.40e-02
timing for HVecs : 5.20e-02 s for nstate = 2
    3   0 -      -2.651640200530  -2.27e-04   6.03e-03    4     6   5.20e-02
    3   1 -      -2.651640200530  -2.27e-04   6.03e-03    4     6   5.20e-02
timing for HVecs : 5.90e-02 s for nstate = 2
    4   0 -      -2.651670380270  -3.02e-05   2.80e-03    4     8   5.90e-02
    4   1 -      -2.651670380270  -3.02e-05   2.80e-03    4     8   5.90e-02
timing for HVecs : 5.50e-02 s for nstate = 2
    5   0 -      -2.651676786157  -6.41e-06   1.33e-03    4    10   5.60e-02
    5   1 -      -2.651676786157  -6.41e-06   1.33e-03    4    10   5.60e-02
timing for HVecs : 5.70e-02 s for nstate = 2
    6   0 -      -2.651678315320  -1.53e-06   6.84e-04    4    12   5.70e-02
    6   1 -      -2.651678315320  -1.53e-06   6.84e-04    4    12   5.70e-02
timing for HVecs : 5.60e-02 s for nstate = 2
    7   0 -      -2.651678699190  -3.84e-07   3.42e-04    4    14   5.60e-02
    7   1 -      -2.651678699190  -3.84e-07   3.42e-04    4    14   5.60e-02
timing for HVecs : 5.20e-02 s for nstate = 2
    8   0 -      -2.651678798810  -9.96e-08   1.80e-04    4    16   5.20e-02
    8   1 -      -2.651678798810  -9.96e-08   1.80e-04    4    16   5.20e-02
timing for HVecs : 5.20e-02 s for nstate = 2
    9   0 +      -2.651678825107  -2.63e-08   9.13e-05    4    18   5.20e-02
    9   1 +      -2.651678825107  -2.63e-08   9.13e-05    4    18   5.20e-02
ctns::twodot_decimation |c2r> (forward,cturn,dcut,inoise,noise)=0,0,10,2,1.0e-04
ctns::get_prdm_cr noise=1.00e-04 timing : 1.00e-03 s
ctns::get_prdm_cr noise=1.00e-04 timing : 2.00e-03 s
 decimation summary: 16->10  dwt=3.68e-04  SvN=5.71e-01
ctns::oper_renorm_opAll coord=(3,0) superblock=cr ifkr=1
timing for ctns::sweep_twodot : 5.25e-01 s
 t(procs) = 7.00e-03 s  per = 1.3  per(accum) = 1.3
 t(hdiag) = 0.00e+00 s  per = 0  per(accum) = 1.3
 t(dvdsn) = 4.98e-01 s  per = 95  per(accum) = 96
 t(decim) = 5.00e-03 s  per = 0.95  per(accum) = 97
 t(renrm) = 1.20e-02 s  per = 2.3  per(accum) = 99

isweep=0 ibond=3 bond=(1,0)-(2,0) (dots,forward,cturn)=(2,0,0)
----------------------------------------------------------------------
ctns::sweep_twodot
support info:
 suppc : 1
 suppc : 2
 suppl : 0
 suppr : 3 4
 ifln=1
qbond info:
 qbond: qc1 nsym=3 dimAll=4
 (0,0):1 (2,0):1 (1,0):2
 qbond: qc2 nsym=3 dimAll=4
 (0,0):1 (2,0):1 (1,0):2
 qbond: ql nsym=3 dimAll=4
 (0,0):1 (2,0):1 (1,0):2
 qbond: qr nsym=3 dimAll=10
 (0,0):1 (1,0):4 (2,0):5
qops info:
 c1qops: H:1 C:1 S:4 A:1 B:2 P:16 Q:20 
 c2qops: H:1 C:1 S:4 A:1 B:2 P:16 Q:20 
 lqops: H:1 C:1 S:4 A:1 B:2 P:16 Q:20 
 rqops: H:1 C:2 S:3 A:4 B:6 P:9 Q:12 
dim(localCI)=166
ctns::twodot_Hdiag ifkr=1
ctns::twodot_guess |c2r>
ctns::kr_dvdsonSolver::init_guess parity=1
 iguess=0 |psi(K)|=1
 iguess=1 |psi(K)|=1
 neig,nindp=2,2
ctns::kr_dvdsonSolver::solve_iter is_complex=1 parity=1
timing for HVecs : 0.059 s for nstate = 2
settings: ndim=166 neig=2 nbuff=4 maxcycle= 100
          damping=0.1 crit_v=0.0001 crit_e=1e-12 crit_indp=1e-12
iter   ieig        eigenvalue        ediff      rnorm   nsub  nmvp  time/s
    1   0 -      -2.651098672902  -1.00e+03   2.97e-02    2     2   5.90e-02
    1   1 -      -2.651098672902  -1.00e+03   2.97e-02    2     2   5.90e-02
timing for HVecs : 5.40e-02 s for nstate = 2
    2   0 -      -2.651672832491  -5.74e-04   6.12e-03    4     4   5.40e-02
    2   1 -      -2.651672832491  -5.74e-04   6.12e-03    4     4   5.40e-02
timing for HVecs : 5.50e-02 s for nstate = 2
    3   0 -      -2.651695536774  -2.27e-05   2.31e-03    4     6   5.50e-02
    3   1 -      -2.651695536774  -2.27e-05   2.31e-03    4     6   5.50e-02
timing for HVecs : 5.70e-02 s for nstate = 2
    4   0 -      -2.651698456652  -2.92e-06   9.55e-04    4     8   5.70e-02
    4   1 -      -2.651698456652  -2.92e-06   9.55e-04    4     8   5.70e-02
timing for HVecs : 5.60e-02 s for nstate = 2
    5   0 -      -2.651699040974  -5.84e-07   4.65e-04    4    10   5.60e-02
    5   1 -      -2.651699040974  -5.84e-07   4.65e-04    4    10   5.60e-02
timing for HVecs : 5.60e-02 s for nstate = 2
    6   0 -      -2.651699167911  -1.27e-07   2.10e-04    4    12   5.60e-02
    6   1 -      -2.651699167911  -1.27e-07   2.10e-04    4    12   5.60e-02
timing for HVecs : 5.50e-02 s for nstate = 2
    7   0 -      -2.651699196449  -2.85e-08   1.04e-04    4    14   5.50e-02
    7   1 -      -2.651699196449  -2.85e-08   1.04e-04    4    14   5.50e-02
timing for HVecs : 5.40e-02 s for nstate = 2
    8   0 +      -2.651699202983  -6.53e-09   4.81e-05    4    16   5.40e-02
    8   1 +      -2.651699202983  -6.53e-09   4.81e-05    4    16   5.40e-02
ctns::twodot_decimation |c2r> (forward,cturn,dcut,inoise,noise)=0,0,10,2,1.0e-04
ctns::get_prdm_cr noise=1.00e-04 timing : 4.00e-03 s
ctns::get_prdm_cr noise=1.00e-04 timing : 5.00e-03 s
 decimation summary: 40->10  dwt=8.89e-03  SvN=1.46e+00
ctns::oper_renorm_opAll coord=(2,0) superblock=cr ifkr=1
timing for ctns::sweep_twodot : 4.83e-01 s
 t(procs) = 8.00e-03 s  per = 1.7  per(accum) = 1.7
 t(hdiag) = 0.00e+00 s  per = 0  per(accum) = 1.7
 t(dvdsn) = 4.52e-01 s  per = 94  per(accum) = 95
 t(decim) = 1.20e-02 s  per = 2.5  per(accum) = 98
 t(renrm) = 1.00e-02 s  per = 2.1  per(accum) = 1e+02

======================================================================
sweep_data::summary isweep=0
----------------------------------------------------------------------
sweep parameters: isweep=0 dots=2 dcut=10 eps=0.0001 noise=0.0001
 ibond=0 bond=(1,0)-(2,0) forward=1 deff=10 dwt=+1.53e-03 nmvp=2 e[0]=-2.65451696821 e[1]=-2.65451696821
 ibond=1 bond=(2,0)-(3,0) forward=1 deff=10 dwt=+8.52e-03 nmvp=12 e[0]=-2.65167883047 e[1]=-2.65167883047
 ibond=2 bond=(2,0)-(3,0) forward=0 deff=10 dwt=+3.68e-04 nmvp=18 e[0]=-2.65167882511 e[1]=-2.65167882511
 ibond=3 bond=(1,0)-(2,0) forward=0 deff=10 dwt=+8.89e-03 nmvp=16 e[0]=-2.65169920298 e[1]=-2.65169920298
min energies at pos=0   timing for sweep: 1.5 s
----------------------------------------------------------------------
summary of sweep optimization up to isweep=0
schedule: iter, dots, dcut, eps, noise | nmvp | timing/s | tav/s | taccum/s
         0 2 10 1.00e-04 1.00e-04 | 48 | 1.48e+00 | 3.08e-02 | 1.48e+00
results: iter, dwt, energies (delta_e)
         0 +1.53e-03 e[0]=-2.65451696821 (0.00e+00) e[1]=-2.65451696821 (0.00e+00)
======================================================================

======================================================================
sweep parameters: isweep=1 dots=2 dcut=20 eps=1.00e-04 noise=0.00e+00
======================================================================

isweep=1 ibond=0 bond=(1,0)-(2,0) (dots,forward,cturn)=(2,1,0)
----------------------------------------------------------------------
ctns::sweep_twodot
support info:
 suppc : 1
 suppc : 2
 suppl : 0
 suppr : 3 4
 ifln=1
qbond info:
 qbond: qc1 nsym=3 dimAll=4
 (0,0):1 (2,0):1 (1,0):2
 qbond: qc2 nsym=3 dimAll=4
 (0,0):1 (2,0):1 (1,0):2
 qbond: ql nsym=3 dimAll=4
 (0,0):1 (2,0):1 (1,0):2
 qbond: qr nsym=3 dimAll=10
 (0,0):1 (1,0):4 (2,0):5
qops info:
 c1qops: H:1 C:1 S:4 A:1 B:2 P:16 Q:20 
 c2qops: H:1 C:1 S:4 A:1 B:2 P:16 Q:20 
 lqops: H:1 C:1 S:4 A:1 B:2 P:16 Q:20 
 rqops: H:1 C:2 S:3 A:4 B:6 P:9 Q:12 
dim(localCI)=166
ctns::twodot_Hdiag ifkr=1
ctns::twodot_guess |lc1>
ctns::kr_dvdsonSolver::init_guess parity=1
 iguess=0 |psi(K)|=9.96e-01
 iguess=1 |psi(K)|=9.96e-01
 neig,nindp=2,2
ctns::kr_dvdsonSolver::solve_iter is_complex=1 parity=1
timing for HVecs : 6.60e-02 s for nstate = 2
settings: ndim=166 neig=2 nbuff=4 maxcycle= 100
          damping=0.1 crit_v=0.0001 crit_e=1e-12 crit_indp=1e-12
iter   ieig        eigenvalue        ediff      rnorm   nsub  nmvp  time/s
    1   0 -      -2.642325077595  -1.00e+03   1.13e-01    2     2   6.70e-02
    1   1 -      -2.642325077595  -1.00e+03   1.13e-01    2     2   6.70e-02
timing for HVecs : 6.00e-02 s for nstate = 2
    2   0 -      -2.651413554573  -9.09e-03   1.74e-02    4     4   6.10e-02
    2   1 -      -2.651413554573  -9.09e-03   1.74e-02    4     4   6.10e-02
timing for HVecs : 6.50e-02 s for nstate = 2
    3   0 -      -2.651656649025  -2.43e-04   6.46e-03    4     6   6.50e-02
    3   1 -      -2.651656649025  -2.43e-04   6.46e-03    4     6   6.50e-02
timing for HVecs : 6.30e-02 s for nstate = 2
    4   0 -      -2.651689622382  -3.30e-05   2.98e-03    4     8   6.30e-02
    4   1 -      -2.651689622382  -3.30e-05   2.98e-03    4     8   6.30e-02
timing for HVecs : 5.80e-02 s for nstate = 2
    5   0 -      -2.651696789860  -7.17e-06   1.49e-03    4    10   5.80e-02
    5   1 -      -2.651696789860  -7.17e-06   1.49e-03    4    10   5.80e-02
timing for HVecs : 5.80e-02 s for nstate = 2
    6   0 -      -2.651698556227  -1.77e-06   7.70e-04    4    12   5.80e-02
    6   1 -      -2.651698556227  -1.77e-06   7.70e-04    4    12   5.80e-02
timing for HVecs : 5.80e-02 s for nstate = 2
    7   0 -      -2.651699025147  -4.69e-07   4.01e-04    4    14   5.90e-02
    7   1 -      -2.651699025147  -4.69e-07   4.01e-04    4    14   5.90e-02
timing for HVecs : 5.90e-02 s for nstate = 2
    8   0 -      -2.651699154105  -1.29e-07   2.15e-04    4    16   5.90e-02
    8   1 -      -2.651699154105  -1.29e-07   2.15e-04    4    16   5.90e-02
timing for HVecs : 6.00e-02 s for nstate = 2
    9   0 -      -2.651699190406  -3.63e-08   1.14e-04    4    18   6.00e-02
    9   1 -      -2.651699190406  -3.63e-08   1.14e-04    4    18   6.00e-02
timing for HVecs : 6.00e-02 s for nstate = 2
   10   0 +      -2.651699200759  -1.04e-08   6.20e-05    4    20   6.00e-02
   10   1 +      -2.651699200759  -1.04e-08   6.20e-05    4    20   6.00e-02
ctns::twodot_decimation |lc1> (forward,cturn,dcut,inoise,noise)=1,0,20,2,0.0e+00
 decimation summary: 16->15  dwt=0.0e+00  SvN=5.8e-01
ctns::oper_renorm_opAll coord=(1,0) superblock=lc ifkr=1
timing for ctns::sweep_twodot : 6.41e-01 s
 t(procs) = 8.00e-03 s  per = 1.2  per(accum) = 1.2
 t(hdiag) = 0.00e+00 s  per = 0  per(accum) = 1.2
 t(dvdsn) = 6.16e-01 s  per = 96  per(accum) = 97
 t(decim) = 1.00e-03 s  per = 0.16  per(accum) = 98
 t(renrm) = 1.50e-02 s  per = 2.3  per(accum) = 1e+02

isweep=1 ibond=1 bond=(2,0)-(3,0) (dots,forward,cturn)=(2,1,0)
----------------------------------------------------------------------
ctns::sweep_twodot
support info:
 suppc : 2
 suppc : 3
 suppl : 0 1
 suppr : 4
 ifln=0
qbond info:
 qbond: qc1 nsym=3 dimAll=4
 (0,0):1 (2,0):1 (1,0):2
 qbond: qc2 nsym=3 dimAll=4
 (0,0):1 (2,0):1 (1,0):2
 qbond: ql nsym=4 dimAll=15
 (1,0):4 (2,0):6 (3,0):4 (4,0):1
 qbond: qr nsym=3 dimAll=4
 (0,0):1 (2,0):1 (1,0):2
qops info:
 c1qops: H:1 C:1 S:4 A:1 B:2 P:16 Q:20 
 c2qops: H:1 C:1 S:4 A:1 B:2 P:16 Q:20 
 lqops: H:1 C:2 S:3 A:4 B:6 P:9 Q:12 
 rqops: H:1 C:1 S:4 A:1 B:2 P:16 Q:20 
dim(localCI)=246
ctns::twodot_Hdiag ifkr=1
ctns::twodot_guess |lc1>
ctns::kr_dvdsonSolver::init_guess parity=1
 iguess=0 |psi(K)|=1
 iguess=1 |psi(K)|=1
 neig,nindp=2,2
ctns::kr_dvdsonSolver::solve_iter is_complex=1 parity=1
timing for HVecs : 0.075 s for nstate = 2
settings: ndim=246 neig=2 nbuff=4 maxcycle= 100
          damping=0.1 crit_v=0.0001 crit_e=1e-12 crit_indp=1e-12
iter   ieig        eigenvalue        ediff      rnorm   nsub  nmvp  time/s
    1   0 -      -2.651699200759  -1.00e+03   7.36e-02    2     2   7.50e-02
    1   1 -      -2.651699200759  -1.00e+03   7.36e-02    2     2   7.50e-02
timing for HVecs : 7.50e-02 s for nstate = 2
    2   0 -      -2.654081059741  -2.38e-03   1.13e-02    4     4   7.60e-02
    2   1 -      -2.654081059741  -2.38e-03   1.13e-02    4     4   7.60e-02
timing for HVecs : 7.50e-02 s for nstate = 2
    3   0 -      -2.654161884589  -8.08e-05   3.84e-03    4     6   7.50e-02
    3   1 -      -2.654161884589  -8.08e-05   3.84e-03    4     6   7.50e-02
timing for HVecs : 7.40e-02 s for nstate = 2
    4   0 -      -2.654170878507  -8.99e-06   1.55e-03    4     8   7.50e-02
    4   1 -      -2.654170878507  -8.99e-06   1.55e-03    4     8   7.50e-02
timing for HVecs : 7.30e-02 s for nstate = 2
    5   0 -      -2.654172449644  -1.57e-06   7.04e-04    4    10   7.40e-02
    5   1 -      -2.654172449644  -1.57e-06   7.04e-04    4    10   7.40e-02
timing for HVecs : 7.30e-02 s for nstate = 2
    6   0 -      -2.654172784335  -3.35e-07   3.52e-04    4    12   7.30e-02
    6   1 -      -2.654172784335  -3.35e-07   3.52e-04    4    12   7.30e-02
timing for HVecs : 6.70e-02 s for nstate = 2
    7   0 -      -2.654172867885  -8.36e-08   1.79e-04    4    14   6.70e-02
    7   1 -      -2.654172867885  -8.36e-08   1.79e-04    4    14   6.70e-02
timing for HVecs : 6.70e-02 s for nstate = 2
    8   0 +      -2.654172890763  -2.29e-08   9.81e-05    4    16   6.70e-02
    8   1 +      -2.654172890763  -2.29e-08   9.81e-05    4    16   6.70e-02
ctns::twodot_decimation |lc1> (forward,cturn,dcut,inoise,noise)=1,0,20,2,0.0e+00
 decimation summary: 60->20  dwt=5.6e-04  SvN=1.6e+00
ctns::oper_renorm_opAll coord=(2,0) superblock=lc ifkr=1
timing for ctns::sweep_twodot : 6.16e-01 s
 t(procs) = 1.00e-02 s  per = 1.6  per(accum) = 1.6
 t(hdiag) = 0.00e+00 s  per = 0  per(accum) = 1.6
 t(dvdsn) = 5.86e-01 s  per = 95  per(accum) = 97
 t(decim) = 1.00e-03 s  per = 0.16  per(accum) = 97
 t(renrm) = 1.70e-02 s  per = 2.8  per(accum) = 1e+02

isweep=1 ibond=2 bond=(2,0)-(3,0) (dots,forward,cturn)=(2,0,0)
----------------------------------------------------------------------
ctns::sweep_twodot
support info:
 suppc : 2
 suppc : 3
 suppl : 0 1
 suppr : 4
 ifln=0
qbond info:
 qbond: qc1 nsym=3 dimAll=4
 (0,0):1 (2,0):1 (1,0):2
 qbond: qc2 nsym=3 dimAll=4
 (0,0):1 (2,0):1 (1,0):2
 qbond: ql nsym=4 dimAll=15
 (1,0):4 (2,0):6 (3,0):4 (4,0):1
 qbond: qr nsym=3 dimAll=4
 (0,0):1 (2,0):1 (1,0):2
qops info:
 c1qops: H:1 C:1 S:4 A:1 B:2 P:16 Q:20 
 c2qops: H:1 C:1 S:4 A:1 B:2 P:16 Q:20 
 lqops: H:1 C:2 S:3 A:4 B:6 P:9 Q:12 
 rqops: H:1 C:1 S:4 A:1 B:2 P:16 Q:20 
dim(localCI)=246
ctns::twodot_Hdiag ifkr=1
ctns::twodot_guess |c2r>
ctns::kr_dvdsonSolver::init_guess parity=1
 iguess=0 |psi(K)|=1
 iguess=1 |psi(K)|=1
 neig,nindp=2,2
ctns::kr_dvdsonSolver::solve_iter is_complex=1 parity=1
timing for HVecs : 0.069 s for nstate = 2
settings: ndim=246 neig=2 nbuff=4 maxcycle= 100
          damping=0.1 crit_v=0.0001 crit_e=1e-12 crit_indp=1e-12
iter   ieig        eigenvalue        ediff      rnorm   nsub  nmvp  time/s
    1   0 -      -2.653007897669  -1.00e+03   5.02e-02    2     2   6.90e-02
    1   1 -      -2.653007897669  -1.00e+03   5.02e-02    2     2   6.90e-02
timing for HVecs : 6.70e-02 s for nstate = 2
    2   0 -      -2.654147358315  -1.14e-03   6.28e-03    4     4   6.80e-02
    2   1 -      -2.654147358315  -1.14e-03   6.28e-03    4     4   6.80e-02
timing for HVecs : 6.90e-02 s for nstate = 2
    3   0 -      -2.654171117866  -2.38e-05   1.65e-03    4     6   7.00e-02
    3   1 -      -2.654171117866  -2.38e-05   1.65e-03    4     6   7.00e-02
timing for HVecs : 6.60e-02 s for nstate = 2
    4   0 -      -2.654172588978  -1.47e-06   5.97e-04    4     8   6.70e-02
    4   1 -      -2.654172588978  -1.47e-06   5.97e-04    4     8   6.70e-02
timing for HVecs : 6.60e-02 s for nstate = 2
    5   0 -      -2.654172820499  -2.32e-07   3.03e-04    4    10   6.70e-02
    5   1 -      -2.654172820499  -2.32e-07   3.03e-04    4    10   6.70e-02
timing for HVecs : 6.80e-02 s for nstate = 2
    6   0 -      -2.654172877275  -5.68e-08   1.54e-04    4    12   6.80e-02
    6   1 -      -2.654172877275  -5.68e-08   1.54e-04    4    12   6.80e-02
timing for HVecs : 7.10e-02 s for nstate = 2
    7   0 +      -2.654172893373  -1.61e-08   8.52e-05    4    14   7.10e-02
    7   1 +      -2.654172893373  -1.61e-08   8.52e-05    4    14   7.10e-02
ctns::twodot_decimation |c2r> (forward,cturn,dcut,inoise,noise)=0,0,20,2,0.0e+00
 decimation summary: 16->16  dwt=-2.2e-16  SvN=6.0e-01
ctns::oper_renorm_opAll coord=(3,0) superblock=cr ifkr=1
timing for ctns::sweep_twodot : 5.12e-01 s
 t(procs) = 1.00e-02 s  per = 2  per(accum) = 2
 t(hdiag) = 0.00e+00 s  per = 0  per(accum) = 2
 t(dvdsn) = 4.83e-01 s  per = 94  per(accum) = 96
 t(decim) = 1.00e-03 s  per = 0.2  per(accum) = 96
 t(renrm) = 1.60e-02 s  per = 3.1  per(accum) = 1e+02

isweep=1 ibond=3 bond=(1,0)-(2,0) (dots,forward,cturn)=(2,0,0)
----------------------------------------------------------------------
ctns::sweep_twodot
support info:
 suppc : 1
 suppc : 2
 suppl : 0
 suppr : 3 4
 ifln=1
qbond info:
 qbond: qc1 nsym=3 dimAll=4
 (0,0):1 (2,0):1 (1,0):2
 qbond: qc2 nsym=3 dimAll=4
 (0,0):1 (2,0):1 (1,0):2
 qbond: ql nsym=3 dimAll=4
 (0,0):1 (2,0):1 (1,0):2
 qbond: qr nsym=5 dimAll=16
 (0,0):1 (1,0):4 (2,0):6 (3,0):4 (4,0):1
qops info:
 c1qops: H:1 C:1 S:4 A:1 B:2 P:16 Q:20 
 c2qops: H:1 C:1 S:4 A:1 B:2 P:16 Q:20 
 lqops: H:1 C:1 S:4 A:1 B:2 P:16 Q:20 
 rqops: H:1 C:2 S:3 A:4 B:6 P:9 Q:12 
dim(localCI)=252
ctns::twodot_Hdiag ifkr=1
ctns::twodot_guess |c2r>
ctns::kr_dvdsonSolver::init_guess parity=1
 iguess=0 |psi(K)|=1
 iguess=1 |psi(K)|=1
 neig,nindp=2,2
ctns::kr_dvdsonSolver::solve_iter is_complex=1 parity=1
timing for HVecs : 0.084 s for nstate = 2
settings: ndim=252 neig=2 nbuff=4 maxcycle= 100
          damping=0.1 crit_v=0.0001 crit_e=1e-12 crit_indp=1e-12
iter   ieig        eigenvalue        ediff      rnorm   nsub  nmvp  time/s
    1   0 -      -2.654172893373  -1.00e+03   3.44e-02    2     2   8.40e-02
    1   1 -      -2.654172893373  -1.00e+03   3.44e-02    2     2   8.40e-02
timing for HVecs : 8.40e-02 s for nstate = 2
    2   0 -      -2.654512029853  -3.39e-04   3.17e-03    4     4   8.40e-02
    2   1 -      -2.654512029853  -3.39e-04   3.17e-03    4     4   8.40e-02
timing for HVecs : 8.30e-02 s for nstate = 2
    3   0 -      -2.654516765283  -4.74e-06   6.91e-04    4     6   8.40e-02
    3   1 -      -2.654516765283  -4.74e-06   6.91e-04    4     6   8.40e-02
timing for HVecs : 8.10e-02 s for nstate = 2
    4   0 -      -2.654516942832  -1.78e-07   1.84e-04    4     8   8.20e-02
    4   1 -      -2.654516942832  -1.78e-07   1.84e-04    4     8   8.20e-02
timing for HVecs : 7.80e-02 s for nstate = 2
    5   0 +      -2.654516962609  -1.98e-08   8.11e-05    4    10   7.80e-02
    5   1 +      -2.654516962609  -1.98e-08   8.11e-05    4    10   7.80e-02
ctns::twodot_decimation |c2r> (forward,cturn,dcut,inoise,noise)=0,0,20,2,0.0e+00
 decimation summary: 64->20  dwt=6.7e-04  SvN=1.6e+00
ctns::oper_renorm_opAll coord=(2,0) superblock=cr ifkr=1
timing for ctns::sweep_twodot : 4.49e-01 s
 t(procs) = 9.00e-03 s  per = 2  per(accum) = 2
 t(hdiag) = 0.00e+00 s  per = 0  per(accum) = 2
 t(dvdsn) = 4.15e-01 s  per = 92  per(accum) = 94
 t(decim) = 1.00e-03 s  per = 0.22  per(accum) = 95
 t(renrm) = 2.10e-02 s  per = 4.7  per(accum) = 99

======================================================================
sweep_data::summary isweep=1
----------------------------------------------------------------------
sweep parameters: isweep=1 dots=2 dcut=20 eps=0.0001 noise=0
 ibond=0 bond=(1,0)-(2,0) forward=1 deff=15 dwt=+0.00e+00 nmvp=20 e[0]=-2.65169920076 e[1]=-2.65169920076
 ibond=1 bond=(2,0)-(3,0) forward=1 deff=20 dwt=+5.58e-04 nmvp=16 e[0]=-2.65417289076 e[1]=-2.65417289076
 ibond=2 bond=(2,0)-(3,0) forward=0 deff=16 dwt=-2.22e-16 nmvp=14 e[0]=-2.65417289337 e[1]=-2.65417289337
 ibond=3 bond=(1,0)-(2,0) forward=0 deff=20 dwt=+6.65e-04 nmvp=10 e[0]=-2.65451696261 e[1]=-2.65451696261
min energies at pos=3   timing for sweep: 2.2 s
----------------------------------------------------------------------
summary of sweep optimization up to isweep=1
schedule: iter, dots, dcut, eps, noise | nmvp | timing/s | tav/s | taccum/s
         0 2 10 1.00e-04 1.00e-04 | 48 | 1.48e+00 | 3.08e-02 | 1.48e+00
         1 2 20 1.00e-04 0.00e+00 | 60 | 2.22e+00 | 3.70e-02 | 3.70e+00
results: iter, dwt, energies (delta_e)
         0 +1.53e-03 e[0]=-2.65451696821 (-5.60e-09) e[1]=-2.65451696821 (-5.60e-09)
         1 +6.65e-04 e[0]=-2.65451696261 (0.00e+00) e[1]=-2.65451696261 (0.00e+00)
======================================================================

======================================================================
sweep parameters: isweep=2 dots=1 dcut=20 eps=1.00e-04 noise=0.00e+00
======================================================================

isweep=2 ibond=0 bond=(1,0)-(2,0) (dots,forward,cturn)=(1,1,0)
----------------------------------------------------------------------
ctns::sweep_onedot
support info:
 suppc : 1
 suppl : 0
 suppr : 2 3 4
 ifln=1
qbond info:
 qbond: qc nsym=3 dimAll=4
 (0,0):1 (2,0):1 (1,0):2
 qbond: ql nsym=3 dimAll=4
 (0,0):1 (2,0):1 (1,0):2
 qbond: qr nsym=4 dimAll=20
 (1,0):2 (2,0):8 (3,0):8 (4,0):2
qops info:
 cqops: H:1 C:1 S:4 A:1 B:2 P:16 Q:20 
 lqops: H:1 C:1 S:4 A:1 B:2 P:16 Q:20 
 rqops: H:1 C:3 S:2 A:9 B:12 P:4 Q:6 
dim(localCI)=90
ctns::kr_dvdsonSolver::init_guess parity=1
 iguess=0 |psi(K)|=1.00e+00
 iguess=1 |psi(K)|=1.00e+00
 neig,nindp=2,2
ctns::kr_dvdsonSolver::solve_iter is_complex=1 parity=1
timing for HVecs : 2.20e-02 s for nstate = 2
settings: ndim=90 neig=2 nbuff=4 maxcycle= 100
          damping=0.1 crit_v=0.0001 crit_e=1e-12 crit_indp=1e-12
iter   ieig        eigenvalue        ediff      rnorm   nsub  nmvp  time/s
    1   0 -      -2.653009920338  -1.00e+03   5.04e-03    2     2   2.20e-02
    1   1 -      -2.653009920338  -1.00e+03   5.04e-03    2     2   2.20e-02
timing for HVecs : 2.20e-02 s for nstate = 2
    2   0 -      -2.653029036635  -1.91e-05   9.06e-04    4     4   2.20e-02
    2   1 -      -2.653029036635  -1.91e-05   9.06e-04    4     4   2.20e-02
timing for HVecs : 2.10e-02 s for nstate = 2
    3   0 -      -2.653029496374  -4.60e-07   1.91e-04    4     6   2.20e-02
    3   1 -      -2.653029496374  -4.60e-07   1.91e-04    4     6   2.20e-02
timing for HVecs : 2.20e-02 s for nstate = 2
    4   0 +      -2.653029522504  -2.61e-08   5.63e-05    4     8   2.20e-02
    4   1 +      -2.653029522504  -2.61e-08   5.63e-05    4     8   2.20e-02
ctns::onedot_decimation |lc> (forward,cturn,dcut,inoise,noise)=1,0,20,2,0.0e+00
 decimation summary: 16->15  dwt=0.0e+00  SvN=6.0e-01
ctns::oper_renorm_opAll coord=(1,0) superblock=lc ifkr=1
timing for ctns::sweep_onedot : 1.16e-01 s
 t(procs) = 9.00e-03 s  per = 7.8  per(accum) = 7.8
 t(hdiag) = 0.00e+00 s  per = 0  per(accum) = 7.8
 t(dvdsn) = 9.00e-02 s  per = 78  per(accum) = 85
 t(decim) = 0.00e+00 s  per = 0  per(accum) = 85
 t(renrm) = 1.50e-02 s  per = 13  per(accum) = 98

isweep=2 ibond=1 bond=(2,0)-(3,0) (dots,forward,cturn)=(1,1,0)
----------------------------------------------------------------------
ctns::sweep_onedot
support info:
 suppc : 2
 suppl : 0 1
 suppr : 3 4
 ifln=1
qbond info:
 qbond: qc nsym=3 dimAll=4
 (0,0):1 (2,0):1 (1,0):2
 qbond: ql nsym=4 dimAll=15
 (1,0):4 (2,0):6 (3,0):4 (4,0):1
 qbond: qr nsym=5 dimAll=16
 (0,0):1 (1,0):4 (2,0):6 (3,0):4 (4,0):1
qops info:
 cqops: H:1 C:1 S:4 A:1 B:2 P:16 Q:20 
 lqops: H:1 C:2 S:3 A:4 B:6 P:9 Q:12 
 rqops: H:1 C:2 S:3 A:4 B:6 P:9 Q:12 
dim(localCI)=246
ctns::kr_dvdsonSolver::init_guess parity=1
 iguess=0 |psi(K)|=1
 iguess=1 |psi(K)|=1
 neig,nindp=2,2
ctns::kr_dvdsonSolver::solve_iter is_complex=1 parity=1
timing for HVecs : 0.054 s for nstate = 2
settings: ndim=246 neig=2 nbuff=4 maxcycle= 100
          damping=0.1 crit_v=0.0001 crit_e=1e-12 crit_indp=1e-12
iter   ieig        eigenvalue        ediff      rnorm   nsub  nmvp  time/s
    1   0 -      -2.653029522504  -1.00e+03   4.93e-02    2     2   5.50e-02
    1   1 -      -2.653029522504  -1.00e+03   4.93e-02    2     2   5.50e-02
timing for HVecs : 5.40e-02 s for nstate = 2
    2   0 -      -2.654144044030  -1.11e-03   7.11e-03    4     4   5.40e-02
    2   1 -      -2.654144044030  -1.11e-03   7.11e-03    4     4   5.40e-02
timing for HVecs : 5.40e-02 s for nstate = 2
    3   0 -      -2.654171081745  -2.70e-05   1.65e-03    4     6   5.40e-02
    3   1 -      -2.654171081745  -2.70e-05   1.65e-03    4     6   5.40e-02
timing for HVecs : 5.40e-02 s for nstate = 2
    4   0 -      -2.654172574553  -1.49e-06   6.18e-04    4     8   5.40e-02
    4   1 -      -2.654172574553  -1.49e-06   6.18e-04    4     8   5.40e-02
timing for HVecs : 5.40e-02 s for nstate = 2
    5   0 -      -2.654172819991  -2.45e-07   3.14e-04    4    10   5.40e-02
    5   1 -      -2.654172819991  -2.45e-07   3.14e-04    4    10   5.40e-02
timing for HVecs : 5.20e-02 s for nstate = 2
    6   0 -      -2.654172878665  -5.87e-08   1.54e-04    4    12   5.30e-02
    6   1 -      -2.654172878665  -5.87e-08   1.54e-04    4    12   5.30e-02
timing for HVecs : 5.20e-02 s for nstate = 2
    7   0 +      -2.654172894086  -1.54e-08   8.55e-05    4    14   5.20e-02
    7   1 +      -2.654172894086  -1.54e-08   8.55e-05    4    14   5.20e-02
ctns::onedot_decimation |lc> (forward,cturn,dcut,inoise,noise)=1,0,20,2,0.0e+00
 decimation summary: 60->20  dwt=5.6e-04  SvN=1.6e+00
ctns::oper_renorm_opAll coord=(2,0) superblock=lc ifkr=1
timing for ctns::sweep_onedot : 4.11e-01 s
 t(procs) = 9.00e-03 s  per = 2.2  per(accum) = 2.2
 t(hdiag) = 0.00e+00 s  per = 0  per(accum) = 2.2
 t(dvdsn) = 3.80e-01 s  per = 92  per(accum) = 95
 t(decim) = 1.00e-03 s  per = 0.24  per(accum) = 95
 t(renrm) = 1.80e-02 s  per = 4.4  per(accum) = 99

isweep=2 ibond=2 bond=(2,0)-(3,0) (dots,forward,cturn)=(1,0,0)
----------------------------------------------------------------------
ctns::sweep_onedot
support info:
 suppc : 3
 suppl : 0 1 2
 suppr : 4
 ifln=0
qbond info:
 qbond: qc nsym=3 dimAll=4
 (0,0):1 (2,0):1 (1,0):2
 qbond: ql nsym=4 dimAll=20
 (2,0):2 (3,0):8 (4,0):8 (5,0):2
 qbond: qr nsym=3 dimAll=4
 (0,0):1 (2,0):1 (1,0):2
qops info:
 cqops: H:1 C:1 S:4 A:1 B:2 P:16 Q:20 
 lqops: H:1 C:3 S:2 A:9 B:12 P:4 Q:6 
 rqops: H:1 C:1 S:4 A:1 B:2 P:16 Q:20 
dim(localCI)=90
ctns::kr_dvdsonSolver::init_guess parity=1
 iguess=0 |psi(K)|=1
 iguess=1 |psi(K)|=1
 neig,nindp=2,2
ctns::kr_dvdsonSolver::solve_iter is_complex=1 parity=1
timing for HVecs : 0.023 s for nstate = 2
settings: ndim=90 neig=2 nbuff=4 maxcycle= 100
          damping=0.1 crit_v=0.0001 crit_e=1e-12 crit_indp=1e-12
iter   ieig        eigenvalue        ediff      rnorm   nsub  nmvp  time/s
    1   0 -      -2.653008149077  -1.00e+03   3.92e-03    2     2   2.30e-02
    1   1 -      -2.653008149077  -1.00e+03   3.92e-03    2     2   2.30e-02
timing for HVecs : 2.00e-02 s for nstate = 2
    2   0 -      -2.653020232863  -1.21e-05   6.41e-04    4     4   2.00e-02
    2   1 -      -2.653020232863  -1.21e-05   6.41e-04    4     4   2.00e-02
timing for HVecs : 2.00e-02 s for nstate = 2
    3   0 -      -2.653020488984  -2.56e-07   1.36e-04    4     6   2.00e-02
    3   1 -      -2.653020488984  -2.56e-07   1.36e-04    4     6   2.00e-02
timing for HVecs : 2.00e-02 s for nstate = 2
    4   0 +      -2.653020501360  -1.24e-08   3.29e-05    4     8   2.10e-02
    4   1 +      -2.653020501360  -1.24e-08   3.29e-05    4     8   2.10e-02
ctns::onedot_decimation |cr> (forward,cturn,dcut,inoise,noise)=0,0,20,2,0.0e+00
 decimation summary: 16->15  dwt=0.0e+00  SvN=5.9e-01
ctns::oper_renorm_opAll coord=(3,0) superblock=cr ifkr=1
timing for ctns::sweep_onedot : 1.10e-01 s
 t(procs) = 8.00e-03 s  per = 7.3  per(accum) = 7.3
 t(hdiag) = 0.00e+00 s  per = 0  per(accum) = 7.3
 t(dvdsn) = 8.60e-02 s  per = 78  per(accum) = 85
 t(decim) = 0.00e+00 s  per = 0  per(accum) = 85
 t(renrm) = 1.40e-02 s  per = 13  per(accum) = 98

isweep=2 ibond=3 bond=(1,0)-(2,0) (dots,forward,cturn)=(1,0,0)
----------------------------------------------------------------------
ctns::sweep_onedot
support info:
 suppc : 2
 suppl : 0 1
 suppr : 3 4
 ifln=1
qbond info:
 qbond: qc nsym=3 dimAll=4
 (0,0):1 (2,0):1 (1,0):2
 qbond: ql nsym=4 dimAll=15
 (1,0):4 (2,0):6 (3,0):4 (4,0):1
 qbond: qr nsym=4 dimAll=15
 (0,0):1 (1,0):4 (2,0):6 (3,0):4
qops info:
 cqops: H:1 C:1 S:4 A:1 B:2 P:16 Q:20 
 lqops: H:1 C:2 S:3 A:4 B:6 P:9 Q:12 
 rqops: H:1 C:2 S:3 A:4 B:6 P:9 Q:12 
dim(localCI)=242
ctns::kr_dvdsonSolver::init_guess parity=1
 iguess=0 |psi(K)|=1
 iguess=1 |psi(K)|=1
 neig,nindp=2,2
ctns::kr_dvdsonSolver::solve_iter is_complex=1 parity=1
timing for HVecs : 0.047 s for nstate = 2
settings: ndim=242 neig=2 nbuff=4 maxcycle= 100
          damping=0.1 crit_v=0.0001 crit_e=1e-12 crit_indp=1e-12
iter   ieig        eigenvalue        ediff      rnorm   nsub  nmvp  time/s
    1   0 -      -2.653020501360  -1.00e+03   4.93e-02    2     2   4.80e-02
    1   1 -      -2.653020501360  -1.00e+03   4.93e-02    2     2   4.80e-02
timing for HVecs : 4.40e-02 s for nstate = 2
    2   0 -      -2.654139164199  -1.12e-03   7.10e-03    4     4   4.40e-02
    2   1 -      -2.654139164199  -1.12e-03   7.10e-03    4     4   4.40e-02
timing for HVecs : 4.40e-02 s for nstate = 2
    3   0 -      -2.654166407081  -2.72e-05   1.92e-03    4     6   4.40e-02
    3   1 -      -2.654166407081  -2.72e-05   1.92e-03    4     6   4.40e-02
timing for HVecs : 4.60e-02 s for nstate = 2
    4   0 -      -2.654168365519  -1.96e-06   7.45e-04    4     8   4.70e-02
    4   1 -      -2.654168365519  -1.96e-06   7.45e-04    4     8   4.70e-02
timing for HVecs : 4.60e-02 s for nstate = 2
    5   0 -      -2.654168716199  -3.51e-07   3.96e-04    4    10   4.70e-02
    5   1 -      -2.654168716199  -3.51e-07   3.96e-04    4    10   4.70e-02
timing for HVecs : 4.80e-02 s for nstate = 2
    6   0 -      -2.654168809051  -9.29e-08   2.04e-04    4    12   4.80e-02
    6   1 -      -2.654168809051  -9.29e-08   2.04e-04    4    12   4.80e-02
timing for HVecs : 4.30e-02 s for nstate = 2
    7   0 -      -2.654168836861  -2.78e-08   1.18e-04    4    14   4.40e-02
    7   1 -      -2.654168836861  -2.78e-08   1.18e-04    4    14   4.40e-02
timing for HVecs : 4.40e-02 s for nstate = 2
    8   0 +      -2.654168845540  -8.68e-09   6.34e-05    4    16   4.50e-02
    8   1 +      -2.654168845540  -8.68e-09   6.34e-05    4    16   4.50e-02
ctns::onedot_decimation |cr> (forward,cturn,dcut,inoise,noise)=0,0,20,2,0.0e+00
 decimation summary: 60->20  dwt=5.5e-04  SvN=1.6e+00
ctns::oper_renorm_opAll coord=(2,0) superblock=cr ifkr=1
timing for ctns::sweep_onedot : 3.99e-01 s
 t(procs) = 9.00e-03 s  per = 2.3  per(accum) = 2.3
 t(hdiag) = 0.00e+00 s  per = 0  per(accum) = 2.3
 t(dvdsn) = 3.70e-01 s  per = 93  per(accum) = 95
 t(decim) = 1.00e-03 s  per = 0.25  per(accum) = 95
 t(renrm) = 1.70e-02 s  per = 4.3  per(accum) = 99

======================================================================
sweep_data::summary isweep=2
----------------------------------------------------------------------
sweep parameters: isweep=2 dots=1 dcut=20 eps=0.0001 noise=0
 ibond=0 bond=(1,0)-(2,0) forward=1 deff=15 dwt=+0.00e+00 nmvp=8 e[0]=-2.6530295225 e[1]=-2.6530295225
 ibond=1 bond=(2,0)-(3,0) forward=1 deff=20 dwt=+5.58e-04 nmvp=14 e[0]=-2.65417289409 e[1]=-2.65417289409
 ibond=2 bond=(2,0)-(3,0) forward=0 deff=15 dwt=+0.00e+00 nmvp=8 e[0]=-2.65302050136 e[1]=-2.65302050136
 ibond=3 bond=(1,0)-(2,0) forward=0 deff=20 dwt=+5.50e-04 nmvp=16 e[0]=-2.65416884554 e[1]=-2.65416884554
min energies at pos=1   timing for sweep: 1 s
----------------------------------------------------------------------
summary of sweep optimization up to isweep=2
schedule: iter, dots, dcut, eps, noise | nmvp | timing/s | tav/s | taccum/s
         0 2 10 1.00e-04 1.00e-04 | 48 | 1.48e+00 | 3.08e-02 | 1.48e+00
         1 2 20 1.00e-04 0.00e+00 | 60 | 2.22e+00 | 3.70e-02 | 3.70e+00
         2 1 20 1.00e-04 0.00e+00 | 46 | 1.04e+00 | 2.26e-02 | 4.74e+00
results: iter, dwt, energies (delta_e)
         0 +1.53e-03 e[0]=-2.65451696821 (-3.44e-04) e[1]=-2.65451696821 (-3.44e-04)
         1 +6.65e-04 e[0]=-2.65451696261 (-3.44e-04) e[1]=-2.65451696261 (-3.44e-04)
         2 +5.58e-04 e[0]=-2.65417289409 (0.00e+00) e[1]=-2.65417289409 (0.00e+00)
======================================================================

======================================================================
sweep parameters: isweep=3 dots=1 dcut=20 eps=1.00e-04 noise=0.00e+00
======================================================================

isweep=3 ibond=0 bond=(1,0)-(2,0) (dots,forward,cturn)=(1,1,0)
----------------------------------------------------------------------
ctns::sweep_onedot
support info:
 suppc : 1
 suppl : 0
 suppr : 2 3 4
 ifln=1
qbond info:
 qbond: qc nsym=3 dimAll=4
 (0,0):1 (2,0):1 (1,0):2
 qbond: ql nsym=3 dimAll=4
 (0,0):1 (2,0):1 (1,0):2
 qbond: qr nsym=4 dimAll=20
 (1,0):2 (2,0):8 (3,0):8 (4,0):2
qops info:
 cqops: H:1 C:1 S:4 A:1 B:2 P:16 Q:20 
 lqops: H:1 C:1 S:4 A:1 B:2 P:16 Q:20 
 rqops: H:1 C:3 S:2 A:9 B:12 P:4 Q:6 
dim(localCI)=90
ctns::kr_dvdsonSolver::init_guess parity=1
 iguess=0 |psi(K)|=1.00e+00
 iguess=1 |psi(K)|=1.00e+00
 neig,nindp=2,2
ctns::kr_dvdsonSolver::solve_iter is_complex=1 parity=1
timing for HVecs : 1.90e-02 s for nstate = 2
settings: ndim=90 neig=2 nbuff=4 maxcycle= 100
          damping=0.1 crit_v=0.0001 crit_e=1e-12 crit_indp=1e-12
iter   ieig        eigenvalue        ediff      rnorm   nsub  nmvp  time/s
    1   0 -      -2.653010647098  -1.00e+03   4.11e-03    2     2   2.00e-02
    1   1 -      -2.653010647098  -1.00e+03   4.11e-03    2     2   2.00e-02
timing for HVecs : 2.00e-02 s for nstate = 2
    2   0 -      -2.653024233239  -1.36e-05   7.49e-04    4     4   2.00e-02
    2   1 -      -2.653024233239  -1.36e-05   7.49e-04    4     4   2.00e-02
timing for HVecs : 2.00e-02 s for nstate = 2
    3   0 -      -2.653024580604  -3.47e-07   1.87e-04    4     6   2.00e-02
    3   1 -      -2.653024580604  -3.47e-07   1.87e-04    4     6   2.00e-02
timing for HVecs : 2.10e-02 s for nstate = 2
    4   0 +      -2.653024602218  -2.16e-08   5.39e-05    4     8   2.20e-02
    4   1 +      -2.653024602218  -2.16e-08   5.39e-05    4     8   2.20e-02
ctns::onedot_decimation |lc> (forward,cturn,dcut,inoise,noise)=1,0,20,2,0.0e+00
 decimation summary: 16->15  dwt=1.1e-16  SvN=6.0e-01
ctns::oper_renorm_opAll coord=(1,0) superblock=lc ifkr=1
timing for ctns::sweep_onedot : 1.08e-01 s
 t(procs) = 7.00e-03 s  per = 6.5  per(accum) = 6.5
 t(hdiag) = 0.00e+00 s  per = 0  per(accum) = 6.5
 t(dvdsn) = 8.30e-02 s  per = 77  per(accum) = 83
 t(decim) = 1.00e-03 s  per = 0.93  per(accum) = 84
 t(renrm) = 1.50e-02 s  per = 14  per(accum) = 98

isweep=3 ibond=1 bond=(2,0)-(3,0) (dots,forward,cturn)=(1,1,0)
----------------------------------------------------------------------
ctns::sweep_onedot
support info:
 suppc : 2
 suppl : 0 1
 suppr : 3 4
 ifln=1
qbond info:
 qbond: qc nsym=3 dimAll=4
 (0,0):1 (2,0):1 (1,0):2
 qbond: ql nsym=4 dimAll=15
 (1,0):4 (2,0):6 (3,0):4 (4,0):1
 qbond: qr nsym=4 dimAll=15
 (0,0):1 (1,0):4 (2,0):6 (3,0):4
qops info:
 cqops: H:1 C:1 S:4 A:1 B:2 P:16 Q:20 
 lqops: H:1 C:2 S:3 A:4 B:6 P:9 Q:12 
 rqops: H:1 C:2 S:3 A:4 B:6 P:9 Q:12 
dim(localCI)=242
ctns::kr_dvdsonSolver::init_guess parity=1
 iguess=0 |psi(K)|=1
 iguess=1 |psi(K)|=1
 neig,nindp=2,2
ctns::kr_dvdsonSolver::solve_iter is_complex=1 parity=1
timing for HVecs : 0.048 s for nstate = 2
settings: ndim=242 neig=2 nbuff=4 maxcycle= 100
          damping=0.1 crit_v=0.0001 crit_e=1e-12 crit_indp=1e-12
iter   ieig        eigenvalue        ediff      rnorm   nsub  nmvp  time/s
    1   0 -      -2.653024602218  -1.00e+03   4.94e-02    2     2   4.80e-02
    1   1 -      -2.653024602218  -1.00e+03   4.94e-02    2     2   4.80e-02
timing for HVecs : 4.90e-02 s for nstate = 2
    2   0 -      -2.654140192320  -1.12e-03   7.08e-03    4     4   4.90e-02
    2   1 -      -2.654140192320  -1.12e-03   7.08e-03    4     4   4.90e-02
timing for HVecs : 4.70e-02 s for nstate = 2
    3   0 -      -2.654167089027  -2.69e-05   1.63e-03    4     6   4.70e-02
    3   1 -      -2.654167089027  -2.69e-05   1.63e-03    4     6   4.70e-02
timing for HVecs : 4.80e-02 s for nstate = 2
    4   0 -      -2.654168544271  -1.46e-06   6.03e-04    4     8   4.80e-02
    4   1 -      -2.654168544271  -1.46e-06   6.03e-04    4     8   4.80e-02
timing for HVecs : 4.60e-02 s for nstate = 2
    5   0 -      -2.654168776266  -2.32e-07   3.03e-04    4    10   4.60e-02
    5   1 -      -2.654168776266  -2.32e-07   3.03e-04    4    10   4.60e-02
timing for HVecs : 4.60e-02 s for nstate = 2
    6   0 -      -2.654168830317  -5.41e-08   1.47e-04    4    12   4.60e-02
    6   1 -      -2.654168830317  -5.41e-08   1.47e-04    4    12   4.60e-02
timing for HVecs : 4.80e-02 s for nstate = 2
    7   0 +      -2.654168844184  -1.39e-08   8.08e-05    4    14   4.80e-02
    7   1 +      -2.654168844184  -1.39e-08   8.08e-05    4    14   4.80e-02
ctns::onedot_decimation |lc> (forward,cturn,dcut,inoise,noise)=1,0,20,2,0.0e+00
 decimation summary: 60->20  dwt=5.6e-04  SvN=1.6e+00
ctns::oper_renorm_opAll coord=(2,0) superblock=lc ifkr=1
timing for ctns::sweep_onedot : 3.67e-01 s
 t(procs) = 9.00e-03 s  per = 2.5  per(accum) = 2.5
 t(hdiag) = 0.00e+00 s  per = 0  per(accum) = 2.5
 t(dvdsn) = 3.37e-01 s  per = 92  per(accum) = 94
 t(decim) = 1.00e-03 s  per = 0.27  per(accum) = 95
 t(renrm) = 1.80e-02 s  per = 4.9  per(accum) = 99

isweep=3 ibond=2 bond=(2,0)-(3,0) (dots,forward,cturn)=(1,0,0)
----------------------------------------------------------------------
ctns::sweep_onedot
support info:
 suppc : 3
 suppl : 0 1 2
 suppr : 4
 ifln=0
qbond info:
 qbond: qc nsym=3 dimAll=4
 (0,0):1 (2,0):1 (1,0):2
 qbond: ql nsym=4 dimAll=20
 (2,0):2 (3,0):8 (4,0):8 (5,0):2
 qbond: qr nsym=3 dimAll=4
 (0,0):1 (2,0):1 (1,0):2
qops info:
 cqops: H:1 C:1 S:4 A:1 B:2 P:16 Q:20 
 lqops: H:1 C:3 S:2 A:9 B:12 P:4 Q:6 
 rqops: H:1 C:1 S:4 A:1 B:2 P:16 Q:20 
dim(localCI)=90
ctns::kr_dvdsonSolver::init_guess parity=1
 iguess=0 |psi(K)|=1
 iguess=1 |psi(K)|=1
 neig,nindp=2,2
ctns::kr_dvdsonSolver::solve_iter is_complex=1 parity=1
timing for HVecs : 0.021 s for nstate = 2
settings: ndim=90 neig=2 nbuff=4 maxcycle= 100
          damping=0.1 crit_v=0.0001 crit_e=1e-12 crit_indp=1e-12
iter   ieig        eigenvalue        ediff      rnorm   nsub  nmvp  time/s
    1   0 -      -2.653007741803  -1.00e+03   3.94e-03    2     2   2.20e-02
    1   1 -      -2.653007741803  -1.00e+03   3.94e-03    2     2   2.20e-02
timing for HVecs : 2.10e-02 s for nstate = 2
    2   0 -      -2.653019873769  -1.21e-05   6.46e-04    4     4   2.10e-02
    2   1 -      -2.653019873769  -1.21e-05   6.46e-04    4     4   2.10e-02
timing for HVecs : 2.10e-02 s for nstate = 2
    3   0 -      -2.653020131928  -2.58e-07   1.36e-04    4     6   2.10e-02
    3   1 -      -2.653020131928  -2.58e-07   1.36e-04    4     6   2.10e-02
timing for HVecs : 2.10e-02 s for nstate = 2
    4   0 +      -2.653020144476  -1.25e-08   3.35e-05    4     8   2.10e-02
    4   1 +      -2.653020144476  -1.25e-08   3.35e-05    4     8   2.10e-02
ctns::onedot_decimation |cr> (forward,cturn,dcut,inoise,noise)=0,0,20,2,0.0e+00
 decimation summary: 16->15  dwt=1.1e-16  SvN=5.9e-01
ctns::oper_renorm_opAll coord=(3,0) superblock=cr ifkr=1
timing for ctns::sweep_onedot : 1.12e-01 s
 t(procs) = 8.00e-03 s  per = 7.1  per(accum) = 7.1
 t(hdiag) = 0.00e+00 s  per = 0  per(accum) = 7.1
 t(dvdsn) = 8.70e-02 s  per = 78  per(accum) = 85
 t(decim) = 0.00e+00 s  per = 0  per(accum) = 85
 t(renrm) = 1.50e-02 s  per = 13  per(accum) = 98

isweep=3 ibond=3 bond=(1,0)-(2,0) (dots,forward,cturn)=(1,0,0)
----------------------------------------------------------------------
ctns::sweep_onedot
support info:
 suppc : 2
 suppl : 0 1
 suppr : 3 4
 ifln=1
qbond info:
 qbond: qc nsym=3 dimAll=4
 (0,0):1 (2,0):1 (1,0):2
 qbond: ql nsym=4 dimAll=15
 (1,0):4 (2,0):6 (3,0):4 (4,0):1
 qbond: qr nsym=4 dimAll=15
 (0,0):1 (1,0):4 (2,0):6 (3,0):4
qops info:
 cqops: H:1 C:1 S:4 A:1 B:2 P:16 Q:20 
 lqops: H:1 C:2 S:3 A:4 B:6 P:9 Q:12 
 rqops: H:1 C:2 S:3 A:4 B:6 P:9 Q:12 
dim(localCI)=242
ctns::kr_dvdsonSolver::init_guess parity=1
 iguess=0 |psi(K)|=1
 iguess=1 |psi(K)|=1
 neig,nindp=2,2
ctns::kr_dvdsonSolver::solve_iter is_complex=1 parity=1
timing for HVecs : 0.049 s for nstate = 2
settings: ndim=242 neig=2 nbuff=4 maxcycle= 100
          damping=0.1 crit_v=0.0001 crit_e=1e-12 crit_indp=1e-12
iter   ieig        eigenvalue        ediff      rnorm   nsub  nmvp  time/s
    1   0 -      -2.653020144476  -1.00e+03   4.93e-02    2     2   4.90e-02
    1   1 -      -2.653020144476  -1.00e+03   4.93e-02    2     2   4.90e-02
timing for HVecs : 4.90e-02 s for nstate = 2
    2   0 -      -2.654139419117  -1.12e-03   7.08e-03    4     4   4.90e-02
    2   1 -      -2.654139419117  -1.12e-03   7.08e-03    4     4   4.90e-02
timing for HVecs : 4.60e-02 s for nstate = 2
    3   0 -      -2.654166483848  -2.71e-05   1.90e-03    4     6   4.70e-02
    3   1 -      -2.654166483848  -2.71e-05   1.90e-03    4     6   4.70e-02
timing for HVecs : 4.80e-02 s for nstate = 2
    4   0 -      -2.654168389704  -1.91e-06   7.29e-04    4     8   4.80e-02
    4   1 -      -2.654168389704  -1.91e-06   7.29e-04    4     8   4.80e-02
timing for HVecs : 4.50e-02 s for nstate = 2
    5   0 -      -2.654168723985  -3.34e-07   3.86e-04    4    10   4.60e-02
    5   1 -      -2.654168723985  -3.34e-07   3.86e-04    4    10   4.60e-02
timing for HVecs : 4.80e-02 s for nstate = 2
    6   0 -      -2.654168811571  -8.76e-08   1.99e-04    4    12   4.80e-02
    6   1 -      -2.654168811571  -8.76e-08   1.99e-04    4    12   4.80e-02
timing for HVecs : 4.80e-02 s for nstate = 2
    7   0 -      -2.654168837679  -2.61e-08   1.15e-04    4    14   4.80e-02
    7   1 -      -2.654168837679  -2.61e-08   1.15e-04    4    14   4.80e-02
timing for HVecs : 4.60e-02 s for nstate = 2
    8   0 +      -2.654168845806  -8.13e-09   6.14e-05    4    16   4.60e-02
    8   1 +      -2.654168845806  -8.13e-09   6.14e-05    4    16   4.60e-02
ctns::onedot_decimation |cr> (forward,cturn,dcut,inoise,noise)=0,0,20,2,0.0e+00
 decimation summary: 60->20  dwt=5.5e-04  SvN=1.6e+00
ctns::oper_renorm_opAll coord=(2,0) superblock=cr ifkr=1
timing for ctns::sweep_onedot : 4.15e-01 s
 t(procs) = 9.00e-03 s  per = 2.2  per(accum) = 2.2
 t(hdiag) = 0.00e+00 s  per = 0  per(accum) = 2.2
 t(dvdsn) = 3.85e-01 s  per = 93  per(accum) = 95
 t(decim) = 1.00e-03 s  per = 0.24  per(accum) = 95
 t(renrm) = 1.90e-02 s  per = 4.6  per(accum) = 1e+02

======================================================================
sweep_data::summary isweep=3
----------------------------------------------------------------------
sweep parameters: isweep=3 dots=1 dcut=20 eps=0.0001 noise=0
 ibond=0 bond=(1,0)-(2,0) forward=1 deff=15 dwt=+1.11e-16 nmvp=8 e[0]=-2.65302460222 e[1]=-2.65302460222
 ibond=1 bond=(2,0)-(3,0) forward=1 deff=20 dwt=+5.57e-04 nmvp=14 e[0]=-2.65416884418 e[1]=-2.65416884418
 ibond=2 bond=(2,0)-(3,0) forward=0 deff=15 dwt=+1.11e-16 nmvp=8 e[0]=-2.65302014448 e[1]=-2.65302014448
 ibond=3 bond=(1,0)-(2,0) forward=0 deff=20 dwt=+5.50e-04 nmvp=16 e[0]=-2.65416884581 e[1]=-2.65416884581
min energies at pos=3   timing for sweep: 1 s
----------------------------------------------------------------------
summary of sweep optimization up to isweep=3
schedule: iter, dots, dcut, eps, noise | nmvp | timing/s | tav/s | taccum/s
         0 2 10 1.00e-04 1.00e-04 | 48 | 1.48e+00 | 3.08e-02 | 1.48e+00
         1 2 20 1.00e-04 0.00e+00 | 60 | 2.22e+00 | 3.70e-02 | 3.70e+00
         2 1 20 1.00e-04 0.00e+00 | 46 | 1.04e+00 | 2.26e-02 | 4.74e+00
         3 1 20 1.00e-04 0.00e+00 | 46 | 1.00e+00 | 2.18e-02 | 5.74e+00
results: iter, dwt, energies (delta_e)
         0 +1.53e-03 e[0]=-2.65451696821 (-3.48e-04) e[1]=-2.65451696821 (-3.48e-04)
         1 +6.65e-04 e[0]=-2.65451696261 (-3.48e-04) e[1]=-2.65451696261 (-3.48e-04)
         2 +5.58e-04 e[0]=-2.65417289409 (-4.05e-06) e[1]=-2.65417289409 (-4.05e-06)
         3 +5.50e-04 e[0]=-2.65416884581 (0.00e+00) e[1]=-2.65416884581 (0.00e+00)
======================================================================

======================================================================
sweep parameters: isweep=4 dots=1 dcut=20 eps=1.00e-04 noise=0.00e+00
======================================================================

isweep=4 ibond=0 bond=(1,0)-(2,0) (dots,forward,cturn)=(1,1,0)
----------------------------------------------------------------------
ctns::sweep_onedot
support info:
 suppc : 1
 suppl : 0
 suppr : 2 3 4
 ifln=1
qbond info:
 qbond: qc nsym=3 dimAll=4
 (0,0):1 (2,0):1 (1,0):2
 qbond: ql nsym=3 dimAll=4
 (0,0):1 (2,0):1 (1,0):2
 qbond: qr nsym=4 dimAll=20
 (1,0):2 (2,0):8 (3,0):8 (4,0):2
qops info:
 cqops: H:1 C:1 S:4 A:1 B:2 P:16 Q:20 
 lqops: H:1 C:1 S:4 A:1 B:2 P:16 Q:20 
 rqops: H:1 C:3 S:2 A:9 B:12 P:4 Q:6 
dim(localCI)=90
ctns::kr_dvdsonSolver::init_guess parity=1
 iguess=0 |psi(K)|=1.00e+00
 iguess=1 |psi(K)|=1.00e+00
 neig,nindp=2,2
ctns::kr_dvdsonSolver::solve_iter is_complex=1 parity=1
timing for HVecs : 2.10e-02 s for nstate = 2
settings: ndim=90 neig=2 nbuff=4 maxcycle= 100
          damping=0.1 crit_v=0.0001 crit_e=1e-12 crit_indp=1e-12
iter   ieig        eigenvalue        ediff      rnorm   nsub  nmvp  time/s
    1   0 -      -2.653010638088  -1.00e+03   4.11e-03    2     2   2.10e-02
    1   1 -      -2.653010638088  -1.00e+03   4.11e-03    2     2   2.10e-02
timing for HVecs : 2.10e-02 s for nstate = 2
    2   0 -      -2.653024225076  -1.36e-05   7.49e-04    4     4   2.10e-02
    2   1 -      -2.653024225076  -1.36e-05   7.49e-04    4     4   2.10e-02
timing for HVecs : 2.10e-02 s for nstate = 2
    3   0 -      -2.653024572844  -3.48e-07   1.87e-04    4     6   2.10e-02
    3   1 -      -2.653024572844  -3.48e-07   1.87e-04    4     6   2.10e-02
timing for HVecs : 2.10e-02 s for nstate = 2
    4   0 +      -2.653024594481  -2.16e-08   5.39e-05    4     8   2.10e-02
    4   1 +      -2.653024594481  -2.16e-08   5.39e-05    4     8   2.10e-02
ctns::onedot_decimation |lc> (forward,cturn,dcut,inoise,noise)=1,0,20,2,0.0e+00
 decimation summary: 16->15  dwt=-2.2e-16  SvN=6.0e-01
ctns::oper_renorm_opAll coord=(1,0) superblock=lc ifkr=1
timing for ctns::sweep_onedot : 1.12e-01 s
 t(procs) = 8.00e-03 s  per = 7.1  per(accum) = 7.1
 t(hdiag) = 0.00e+00 s  per = 0  per(accum) = 7.1
 t(dvdsn) = 8.60e-02 s  per = 77  per(accum) = 84
 t(decim) = 0.00e+00 s  per = 0  per(accum) = 84
 t(renrm) = 1.50e-02 s  per = 13  per(accum) = 97

isweep=4 ibond=1 bond=(2,0)-(3,0) (dots,forward,cturn)=(1,1,0)
----------------------------------------------------------------------
ctns::sweep_onedot
support info:
 suppc : 2
 suppl : 0 1
 suppr : 3 4
 ifln=1
qbond info:
 qbond: qc nsym=3 dimAll=4
 (0,0):1 (2,0):1 (1,0):2
 qbond: ql nsym=4 dimAll=15
 (1,0):4 (2,0):6 (3,0):4 (4,0):1
 qbond: qr nsym=4 dimAll=15
 (0,0):1 (1,0):4 (2,0):6 (3,0):4
qops info:
 cqops: H:1 C:1 S:4 A:1 B:2 P:16 Q:20 
 lqops: H:1 C:2 S:3 A:4 B:6 P:9 Q:12 
 rqops: H:1 C:2 S:3 A:4 B:6 P:9 Q:12 
dim(localCI)=242
ctns::kr_dvdsonSolver::init_guess parity=1
 iguess=0 |psi(K)|=1
 iguess=1 |psi(K)|=1
 neig,nindp=2,2
ctns::kr_dvdsonSolver::solve_iter is_complex=1 parity=1
timing for HVecs : 0.048 s for nstate = 2
settings: ndim=242 neig=2 nbuff=4 maxcycle= 100
          damping=0.1 crit_v=0.0001 crit_e=1e-12 crit_indp=1e-12
iter   ieig        eigenvalue        ediff      rnorm   nsub  nmvp  time/s
    1   0 -      -2.653024594481  -1.00e+03   4.94e-02    2     2   4.90e-02
    1   1 -      -2.653024594481  -1.00e+03   4.94e-02    2     2   4.90e-02
timing for HVecs : 4.90e-02 s for nstate = 2
    2   0 -      -2.654140177102  -1.12e-03   7.08e-03    4     4   4.90e-02
    2   1 -      -2.654140177102  -1.12e-03   7.08e-03    4     4   4.90e-02
timing for HVecs : 4.90e-02 s for nstate = 2
    3   0 -      -2.654167088969  -2.69e-05   1.63e-03    4     6   4.90e-02
    3   1 -      -2.654167088969  -2.69e-05   1.63e-03    4     6   4.90e-02
timing for HVecs : 4.90e-02 s for nstate = 2
    4   0 -      -2.654168544558  -1.46e-06   6.02e-04    4     8   4.90e-02
    4   1 -      -2.654168544558  -1.46e-06   6.02e-04    4     8   4.90e-02
timing for HVecs : 4.40e-02 s for nstate = 2
    5   0 -      -2.654168776363  -2.32e-07   3.03e-04    4    10   4.40e-02
    5   1 -      -2.654168776363  -2.32e-07   3.03e-04    4    10   4.40e-02
timing for HVecs : 4.10e-02 s for nstate = 2
    6   0 -      -2.654168830346  -5.40e-08   1.47e-04    4    12   4.20e-02
    6   1 -      -2.654168830346  -5.40e-08   1.47e-04    4    12   4.20e-02
timing for HVecs : 4.30e-02 s for nstate = 2
    7   0 +      -2.654168844192  -1.38e-08   8.07e-05    4    14   4.40e-02
    7   1 +      -2.654168844192  -1.38e-08   8.07e-05    4    14   4.40e-02
ctns::onedot_decimation |lc> (forward,cturn,dcut,inoise,noise)=1,0,20,2,0.0e+00
 decimation summary: 60->20  dwt=5.6e-04  SvN=1.6e+00
ctns::oper_renorm_opAll coord=(2,0) superblock=lc ifkr=1
timing for ctns::sweep_onedot : 3.57e-01 s
 t(procs) = 8.00e-03 s  per = 2.2  per(accum) = 2.2
 t(hdiag) = 0.00e+00 s  per = 0  per(accum) = 2.2
 t(dvdsn) = 3.29e-01 s  per = 92  per(accum) = 94
 t(decim) = 1.00e-03 s  per = 0.28  per(accum) = 95
 t(renrm) = 1.60e-02 s  per = 4.5  per(accum) = 99

isweep=4 ibond=2 bond=(2,0)-(3,0) (dots,forward,cturn)=(1,0,0)
----------------------------------------------------------------------
ctns::sweep_onedot
support info:
 suppc : 3
 suppl : 0 1 2
 suppr : 4
 ifln=0
qbond info:
 qbond: qc nsym=3 dimAll=4
 (0,0):1 (2,0):1 (1,0):2
 qbond: ql nsym=4 dimAll=20
 (2,0):2 (3,0):8 (4,0):8 (5,0):2
 qbond: qr nsym=3 dimAll=4
 (0,0):1 (2,0):1 (1,0):2
qops info:
 cqops: H:1 C:1 S:4 A:1 B:2 P:16 Q:20 
 lqops: H:1 C:3 S:2 A:9 B:12 P:4 Q:6 
 rqops: H:1 C:1 S:4 A:1 B:2 P:16 Q:20 
dim(localCI)=90
ctns::kr_dvdsonSolver::init_guess parity=1
 iguess=0 |psi(K)|=1
 iguess=1 |psi(K)|=1
 neig,nindp=2,2
ctns::kr_dvdsonSolver::solve_iter is_complex=1 parity=1
timing for HVecs : 0.019 s for nstate = 2
settings: ndim=90 neig=2 nbuff=4 maxcycle= 100
          damping=0.1 crit_v=0.0001 crit_e=1e-12 crit_indp=1e-12
iter   ieig        eigenvalue        ediff      rnorm   nsub  nmvp  time/s
    1   0 -      -2.653007741505  -1.00e+03   3.94e-03    2     2   2.00e-02
    1   1 -      -2.653007741505  -1.00e+03   3.94e-03    2     2   2.00e-02
timing for HVecs : 1.90e-02 s for nstate = 2
    2   0 -      -2.653019873472  -1.21e-05   6.46e-04    4     4   2.00e-02
    2   1 -      -2.653019873472  -1.21e-05   6.46e-04    4     4   2.00e-02
timing for HVecs : 2.00e-02 s for nstate = 2
    3   0 -      -2.653020131619  -2.58e-07   1.36e-04    4     6   2.00e-02
    3   1 -      -2.653020131619  -2.58e-07   1.36e-04    4     6   2.00e-02
timing for HVecs : 1.90e-02 s for nstate = 2
    4   0 +      -2.653020144165  -1.25e-08   3.35e-05    4     8   1.90e-02
    4   1 +      -2.653020144165  -1.25e-08   3.35e-05    4     8   1.90e-02
ctns::onedot_decimation |cr> (forward,cturn,dcut,inoise,noise)=0,0,20,2,0.0e+00
 decimation summary: 16->15  dwt=0.0e+00  SvN=5.9e-01
ctns::oper_renorm_opAll coord=(3,0) superblock=cr ifkr=1
timing for ctns::sweep_onedot : 1.02e-01 s
 t(procs) = 7.00e-03 s  per = 6.9  per(accum) = 6.9
 t(hdiag) = 0.00e+00 s  per = 0  per(accum) = 6.9
 t(dvdsn) = 8.00e-02 s  per = 78  per(accum) = 85
 t(decim) = 0.00e+00 s  per = 0  per(accum) = 85
 t(renrm) = 1.30e-02 s  per = 13  per(accum) = 98

isweep=4 ibond=3 bond=(1,0)-(2,0) (dots,forward,cturn)=(1,0,0)
----------------------------------------------------------------------
ctns::sweep_onedot
support info:
 suppc : 2
 suppl : 0 1
 suppr : 3 4
 ifln=1
qbond info:
 qbond: qc nsym=3 dimAll=4
 (0,0):1 (2,0):1 (1,0):2
 qbond: ql nsym=4 dimAll=15
 (1,0):4 (2,0):6 (3,0):4 (4,0):1
 qbond: qr nsym=4 dimAll=15
 (0,0):1 (1,0):4 (2,0):6 (3,0):4
qops info:
 cqops: H:1 C:1 S:4 A:1 B:2 P:16 Q:20 
 lqops: H:1 C:2 S:3 A:4 B:6 P:9 Q:12 
 rqops: H:1 C:2 S:3 A:4 B:6 P:9 Q:12 
dim(localCI)=242
ctns::kr_dvdsonSolver::init_guess parity=1
 iguess=0 |psi(K)|=1
 iguess=1 |psi(K)|=1
 neig,nindp=2,2
ctns::kr_dvdsonSolver::solve_iter is_complex=1 parity=1
timing for HVecs : 0.046 s for nstate = 2
settings: ndim=242 neig=2 nbuff=4 maxcycle= 100
          damping=0.1 crit_v=0.0001 crit_e=1e-12 crit_indp=1e-12
iter   ieig        eigenvalue        ediff      rnorm   nsub  nmvp  time/s
    1   0 -      -2.653020144165  -1.00e+03   4.93e-02    2     2   4.60e-02
    1   1 -      -2.653020144165  -1.00e+03   4.93e-02    2     2   4.60e-02
timing for HVecs : 4.50e-02 s for nstate = 2
    2   0 -      -2.654139388501  -1.12e-03   7.09e-03    4     4   4.50e-02
    2   1 -      -2.654139388501  -1.12e-03   7.09e-03    4     4   4.50e-02
timing for HVecs : 4.40e-02 s for nstate = 2
    3   0 -      -2.654166481690  -2.71e-05   1.90e-03    4     6   4.40e-02
    3   1 -      -2.654166481690  -2.71e-05   1.90e-03    4     6   4.40e-02
timing for HVecs : 4.40e-02 s for nstate = 2
    4   0 -      -2.654168389500  -1.91e-06   7.29e-04    4     8   4.50e-02
    4   1 -      -2.654168389500  -1.91e-06   7.29e-04    4     8   4.50e-02
timing for HVecs : 4.90e-02 s for nstate = 2
    5   0 -      -2.654168723950  -3.34e-07   3.86e-04    4    10   4.90e-02
    5   1 -      -2.654168723950  -3.34e-07   3.86e-04    4    10   4.90e-02
timing for HVecs : 5.10e-02 s for nstate = 2
    6   0 -      -2.654168811562  -8.76e-08   1.99e-04    4    12   5.10e-02
    6   1 -      -2.654168811562  -8.76e-08   1.99e-04    4    12   5.10e-02
timing for HVecs : 4.80e-02 s for nstate = 2
    7   0 -      -2.654168837677  -2.61e-08   1.15e-04    4    14   4.80e-02
    7   1 -      -2.654168837677  -2.61e-08   1.15e-04    4    14   4.80e-02
timing for HVecs : 4.80e-02 s for nstate = 2
    8   0 +      -2.654168845805  -8.13e-09   6.14e-05    4    16   4.80e-02
    8   1 +      -2.654168845805  -8.13e-09   6.14e-05    4    16   4.80e-02
ctns::onedot_decimation |cr> (forward,cturn,dcut,inoise,noise)=0,0,20,2,0.0e+00
 decimation summary: 60->20  dwt=5.5e-04  SvN=1.6e+00
ctns::oper_renorm_opAll coord=(2,0) superblock=cr ifkr=1
timing for ctns::sweep_onedot : 4.10e-01 s
 t(procs) = 7.00e-03 s  per = 1.7  per(accum) = 1.7
 t(hdiag) = 0.00e+00 s  per = 0  per(accum) = 1.7
 t(dvdsn) = 3.81e-01 s  per = 93  per(accum) = 95
 t(decim) = 1.00e-03 s  per = 0.24  per(accum) = 95
 t(renrm) = 1.90e-02 s  per = 4.6  per(accum) = 1e+02

======================================================================
sweep_data::summary isweep=4
----------------------------------------------------------------------
sweep parameters: isweep=4 dots=1 dcut=20 eps=0.0001 noise=0
 ibond=0 bond=(1,0)-(2,0) forward=1 deff=15 dwt=-2.22e-16 nmvp=8 e[0]=-2.65302459448 e[1]=-2.65302459448
 ibond=1 bond=(2,0)-(3,0) forward=1 deff=20 dwt=+5.57e-04 nmvp=14 e[0]=-2.65416884419 e[1]=-2.65416884419
 ibond=2 bond=(2,0)-(3,0) forward=0 deff=15 dwt=+0.00e+00 nmvp=8 e[0]=-2.65302014416 e[1]=-2.65302014416
 ibond=3 bond=(1,0)-(2,0) forward=0 deff=20 dwt=+5.50e-04 nmvp=16 e[0]=-2.6541688458 e[1]=-2.6541688458
min energies at pos=3   timing for sweep: 0.98 s
----------------------------------------------------------------------
summary of sweep optimization up to isweep=4
schedule: iter, dots, dcut, eps, noise | nmvp | timing/s | tav/s | taccum/s
         0 2 10 1.00e-04 1.00e-04 | 48 | 1.48e+00 | 3.08e-02 | 1.48e+00
         1 2 20 1.00e-04 0.00e+00 | 60 | 2.22e+00 | 3.70e-02 | 3.70e+00
         2 1 20 1.00e-04 0.00e+00 | 46 | 1.04e+00 | 2.26e-02 | 4.74e+00
         3 1 20 1.00e-04 0.00e+00 | 46 | 1.00e+00 | 2.18e-02 | 5.74e+00
         4 1 20 1.00e-04 0.00e+00 | 46 | 9.84e-01 | 2.14e-02 | 6.73e+00
results: iter, dwt, energies (delta_e)
         0 +1.53e-03 e[0]=-2.65451696821 (-3.48e-04) e[1]=-2.65451696821 (-3.48e-04)
         1 +6.65e-04 e[0]=-2.65451696261 (-3.48e-04) e[1]=-2.65451696261 (-3.48e-04)
         2 +5.58e-04 e[0]=-2.65417289409 (-4.05e-06) e[1]=-2.65417289409 (-4.05e-06)
         3 +5.50e-04 e[0]=-2.65416884581 (-8.47e-13) e[1]=-2.65416884581 (-8.47e-13)
         4 +5.50e-04 e[0]=-2.6541688458 (0.00e+00) e[1]=-2.6541688458 (0.00e+00)
======================================================================

======================================================================
sweep parameters: isweep=5 dots=1 dcut=20 eps=1.00e-04 noise=0.00e+00
======================================================================

isweep=5 ibond=0 bond=(1,0)-(2,0) (dots,forward,cturn)=(1,1,0)
----------------------------------------------------------------------
ctns::sweep_onedot
support info:
 suppc : 1
 suppl : 0
 suppr : 2 3 4
 ifln=1
qbond info:
 qbond: qc nsym=3 dimAll=4
 (0,0):1 (2,0):1 (1,0):2
 qbond: ql nsym=3 dimAll=4
 (0,0):1 (2,0):1 (1,0):2
 qbond: qr nsym=4 dimAll=20
 (1,0):2 (2,0):8 (3,0):8 (4,0):2
qops info:
 cqops: H:1 C:1 S:4 A:1 B:2 P:16 Q:20 
 lqops: H:1 C:1 S:4 A:1 B:2 P:16 Q:20 
 rqops: H:1 C:3 S:2 A:9 B:12 P:4 Q:6 
dim(localCI)=90
ctns::kr_dvdsonSolver::init_guess parity=1
 iguess=0 |psi(K)|=1.00e+00
 iguess=1 |psi(K)|=1.00e+00
 neig,nindp=2,2
ctns::kr_dvdsonSolver::solve_iter is_complex=1 parity=1
timing for HVecs : 2.00e-02 s for nstate = 2
settings: ndim=90 neig=2 nbuff=4 maxcycle= 100
          damping=0.1 crit_v=0.0001 crit_e=1e-12 crit_indp=1e-12
iter   ieig        eigenvalue        ediff      rnorm   nsub  nmvp  time/s
    1   0 -      -2.653010638082  -1.00e+03   4.11e-03    2     2   2.00e-02
    1   1 -      -2.653010638082  -1.00e+03   4.11e-03    2     2   2.00e-02
timing for HVecs : 2.10e-02 s for nstate = 2
    2   0 -      -2.653024221795  -1.36e-05   7.52e-04    4     4   2.10e-02
    2   1 -      -2.653024221795  -1.36e-05   7.52e-04    4     4   2.10e-02
timing for HVecs : 2.10e-02 s for nstate = 2
    3   0 -      -2.653024572748  -3.51e-07   1.87e-04    4     6   2.10e-02
    3   1 -      -2.653024572748  -3.51e-07   1.87e-04    4     6   2.10e-02
timing for HVecs : 2.00e-02 s for nstate = 2
    4   0 +      -2.653024594490  -2.17e-08   5.39e-05    4     8   2.10e-02
    4   1 +      -2.653024594490  -2.17e-08   5.39e-05    4     8   2.10e-02
ctns::onedot_decimation |lc> (forward,cturn,dcut,inoise,noise)=1,0,20,2,0.0e+00
 decimation summary: 16->15  dwt=1.1e-16  SvN=6.0e-01
ctns::oper_renorm_opAll coord=(1,0) superblock=lc ifkr=1
timing for ctns::sweep_onedot : 1.10e-01 s
 t(procs) = 8.00e-03 s  per = 7.3  per(accum) = 7.3
 t(hdiag) = 0.00e+00 s  per = 0  per(accum) = 7.3
 t(dvdsn) = 8.40e-02 s  per = 76  per(accum) = 84
 t(decim) = 0.00e+00 s  per = 0  per(accum) = 84
 t(renrm) = 1.60e-02 s  per = 15  per(accum) = 98

isweep=5 ibond=1 bond=(2,0)-(3,0) (dots,forward,cturn)=(1,1,0)
----------------------------------------------------------------------
ctns::sweep_onedot
support info:
 suppc : 2
 suppl : 0 1
 suppr : 3 4
 ifln=1
qbond info:
 qbond: qc nsym=3 dimAll=4
 (0,0):1 (2,0):1 (1,0):2
 qbond: ql nsym=4 dimAll=15
 (1,0):4 (2,0):6 (3,0):4 (4,0):1
 qbond: qr nsym=4 dimAll=15
 (0,0):1 (1,0):4 (2,0):6 (3,0):4
qops info:
 cqops: H:1 C:1 S:4 A:1 B:2 P:16 Q:20 
 lqops: H:1 C:2 S:3 A:4 B:6 P:9 Q:12 
 rqops: H:1 C:2 S:3 A:4 B:6 P:9 Q:12 
dim(localCI)=242
ctns::kr_dvdsonSolver::init_guess parity=1
 iguess=0 |psi(K)|=1
 iguess=1 |psi(K)|=1
 neig,nindp=2,2
ctns::kr_dvdsonSolver::solve_iter is_complex=1 parity=1
timing for HVecs : 0.048 s for nstate = 2
settings: ndim=242 neig=2 nbuff=4 maxcycle= 100
          damping=0.1 crit_v=0.0001 crit_e=1e-12 crit_indp=1e-12
iter   ieig        eigenvalue        ediff      rnorm   nsub  nmvp  time/s
    1   0 -      -2.653024594490  -1.00e+03   4.94e-02    2     2   4.80e-02
    1   1 -      -2.653024594490  -1.00e+03   4.94e-02    2     2   4.80e-02
timing for HVecs : 4.80e-02 s for nstate = 2
    2   0 -      -2.654140129228  -1.12e-03   7.09e-03    4     4   4.80e-02
    2   1 -      -2.654140129228  -1.12e-03   7.09e-03    4     4   4.80e-02
timing for HVecs : 4.60e-02 s for nstate = 2
    3   0 -      -2.654167083098  -2.70e-05   1.64e-03    4     6   4.60e-02
    3   1 -      -2.654167083098  -2.70e-05   1.64e-03    4     6   4.60e-02
timing for HVecs : 4.90e-02 s for nstate = 2
    4   0 -      -2.654168540897  -1.46e-06   6.06e-04    4     8   4.90e-02
    4   1 -      -2.654168540897  -1.46e-06   6.06e-04    4     8   4.90e-02
timing for HVecs : 5.00e-02 s for nstate = 2
    5   0 -      -2.654168774717  -2.34e-07   3.06e-04    4    10   5.00e-02
    5   1 -      -2.654168774717  -2.34e-07   3.06e-04    4    10   5.00e-02
timing for HVecs : 4.70e-02 s for nstate = 2
    6   0 -      -2.654168829707  -5.50e-08   1.49e-04    4    12   4.80e-02
    6   1 -      -2.654168829707  -5.50e-08   1.49e-04    4    12   4.80e-02
timing for HVecs : 5.00e-02 s for nstate = 2
    7   0 +      -2.654168843963  -1.43e-08   8.21e-05    4    14   5.00e-02
    7   1 +      -2.654168843963  -1.43e-08   8.21e-05    4    14   5.00e-02
ctns::onedot_decimation |lc> (forward,cturn,dcut,inoise,noise)=1,0,20,2,0.0e+00
 decimation summary: 60->20  dwt=5.6e-04  SvN=1.6e+00
ctns::oper_renorm_opAll coord=(2,0) superblock=lc ifkr=1
timing for ctns::sweep_onedot : 3.74e-01 s
 t(procs) = 8.00e-03 s  per = 2.1  per(accum) = 2.1
 t(hdiag) = 0.00e+00 s  per = 0  per(accum) = 2.1
 t(dvdsn) = 3.44e-01 s  per = 92  per(accum) = 94
 t(decim) = 1.00e-03 s  per = 0.27  per(accum) = 94
 t(renrm) = 1.90e-02 s  per = 5.1  per(accum) = 99

isweep=5 ibond=2 bond=(2,0)-(3,0) (dots,forward,cturn)=(1,0,0)
----------------------------------------------------------------------
ctns::sweep_onedot
support info:
 suppc : 3
 suppl : 0 1 2
 suppr : 4
 ifln=0
qbond info:
 qbond: qc nsym=3 dimAll=4
 (0,0):1 (2,0):1 (1,0):2
 qbond: ql nsym=4 dimAll=20
 (2,0):2 (3,0):8 (4,0):8 (5,0):2
 qbond: qr nsym=3 dimAll=4
 (0,0):1 (2,0):1 (1,0):2
qops info:
 cqops: H:1 C:1 S:4 A:1 B:2 P:16 Q:20 
 lqops: H:1 C:3 S:2 A:9 B:12 P:4 Q:6 
 rqops: H:1 C:1 S:4 A:1 B:2 P:16 Q:20 
dim(localCI)=90
ctns::kr_dvdsonSolver::init_guess parity=1
 iguess=0 |psi(K)|=1
 iguess=1 |psi(K)|=1
 neig,nindp=2,2
ctns::kr_dvdsonSolver::solve_iter is_complex=1 parity=1
timing for HVecs : 0.021 s for nstate = 2
settings: ndim=90 neig=2 nbuff=4 maxcycle= 100
          damping=0.1 crit_v=0.0001 crit_e=1e-12 crit_indp=1e-12
iter   ieig        eigenvalue        ediff      rnorm   nsub  nmvp  time/s
    1   0 -      -2.653007750246  -1.00e+03   3.94e-03    2     2   2.10e-02
    1   1 -      -2.653007750246  -1.00e+03   3.94e-03    2     2   2.10e-02
timing for HVecs : 2.10e-02 s for nstate = 2
    2   0 -      -2.653019887106  -1.21e-05   6.37e-04    4     4   2.10e-02
    2   1 -      -2.653019887106  -1.21e-05   6.37e-04    4     4   2.10e-02
timing for HVecs : 2.10e-02 s for nstate = 2
    3   0 -      -2.653020138736  -2.52e-07   1.38e-04    4     6   2.20e-02
    3   1 -      -2.653020138736  -2.52e-07   1.38e-04    4     6   2.20e-02
timing for HVecs : 2.40e-02 s for nstate = 2
    4   0 +      -2.653020151437  -1.27e-08   3.39e-05    4     8   2.40e-02
    4   1 +      -2.653020151437  -1.27e-08   3.39e-05    4     8   2.40e-02
ctns::onedot_decimation |cr> (forward,cturn,dcut,inoise,noise)=0,0,20,2,0.0e+00
 decimation summary: 16->15  dwt=1.1e-16  SvN=5.9e-01
ctns::oper_renorm_opAll coord=(3,0) superblock=cr ifkr=1
timing for ctns::sweep_onedot : 1.19e-01 s
 t(procs) = 8.00e-03 s  per = 6.7  per(accum) = 6.7
 t(hdiag) = 0.00e+00 s  per = 0  per(accum) = 6.7
 t(dvdsn) = 9.00e-02 s  per = 76  per(accum) = 82
 t(decim) = 1.00e-03 s  per = 0.84  per(accum) = 83
 t(renrm) = 1.80e-02 s  per = 15  per(accum) = 98

isweep=5 ibond=3 bond=(1,0)-(2,0) (dots,forward,cturn)=(1,0,0)
----------------------------------------------------------------------
ctns::sweep_onedot
support info:
 suppc : 2
 suppl : 0 1
 suppr : 3 4
 ifln=1
qbond info:
 qbond: qc nsym=3 dimAll=4
 (0,0):1 (2,0):1 (1,0):2
 qbond: ql nsym=4 dimAll=15
 (1,0):4 (2,0):6 (3,0):4 (4,0):1
 qbond: qr nsym=4 dimAll=15
 (0,0):1 (1,0):4 (2,0):6 (3,0):4
qops info:
 cqops: H:1 C:1 S:4 A:1 B:2 P:16 Q:20 
 lqops: H:1 C:2 S:3 A:4 B:6 P:9 Q:12 
 rqops: H:1 C:2 S:3 A:4 B:6 P:9 Q:12 
dim(localCI)=242
ctns::kr_dvdsonSolver::init_guess parity=1
 iguess=0 |psi(K)|=1
 iguess=1 |psi(K)|=1
 neig,nindp=2,2
ctns::kr_dvdsonSolver::solve_iter is_complex=1 parity=1
timing for HVecs : 0.05 s for nstate = 2
settings: ndim=242 neig=2 nbuff=4 maxcycle= 100
          damping=0.1 crit_v=0.0001 crit_e=1e-12 crit_indp=1e-12
iter   ieig        eigenvalue        ediff      rnorm   nsub  nmvp  time/s
    1   0 -      -2.653020151437  -1.00e+03   4.93e-02    2     2   5.00e-02
    1   1 -      -2.653020151437  -1.00e+03   4.93e-02    2     2   5.00e-02
timing for HVecs : 4.90e-02 s for nstate = 2
    2   0 -      -2.654139004993  -1.12e-03   7.14e-03    4     4   4.90e-02
    2   1 -      -2.654139004993  -1.12e-03   7.14e-03    4     4   4.90e-02
timing for HVecs : 4.80e-02 s for nstate = 2
    3   0 -      -2.654166518346  -2.75e-05   1.89e-03    4     6   4.80e-02
    3   1 -      -2.654166518346  -2.75e-05   1.89e-03    4     6   4.80e-02
timing for HVecs : 4.80e-02 s for nstate = 2
    4   0 -      -2.654168406358  -1.89e-06   7.16e-04    4     8   4.80e-02
    4   1 -      -2.654168406358  -1.89e-06   7.16e-04    4     8   4.80e-02
timing for HVecs : 4.80e-02 s for nstate = 2
    5   0 -      -2.654168730055  -3.24e-07   3.78e-04    4    10   4.80e-02
    5   1 -      -2.654168730055  -3.24e-07   3.78e-04    4    10   4.80e-02
timing for HVecs : 4.80e-02 s for nstate = 2
    6   0 -      -2.654168813575  -8.35e-08   1.94e-04    4    12   4.80e-02
    6   1 -      -2.654168813575  -8.35e-08   1.94e-04    4    12   4.80e-02
timing for HVecs : 4.80e-02 s for nstate = 2
    7   0 -      -2.654168838264  -2.47e-08   1.11e-04    4    14   4.80e-02
    7   1 -      -2.654168838264  -2.47e-08   1.11e-04    4    14   4.80e-02
timing for HVecs : 4.80e-02 s for nstate = 2
    8   0 +      -2.654168845969  -7.70e-09   6.01e-05    4    16   4.90e-02
    8   1 +      -2.654168845969  -7.70e-09   6.01e-05    4    16   4.90e-02
ctns::onedot_decimation |cr> (forward,cturn,dcut,inoise,noise)=0,0,20,2,0.0e+00
 decimation summary: 60->20  dwt=5.5e-04  SvN=1.6e+00
ctns::oper_renorm_opAll coord=(2,0) superblock=cr ifkr=1
timing for ctns::sweep_onedot : 4.24e-01 s
 t(procs) = 1.10e-02 s  per = 2.6  per(accum) = 2.6
 t(hdiag) = 0.00e+00 s  per = 0  per(accum) = 2.6
 t(dvdsn) = 3.93e-01 s  per = 93  per(accum) = 95
 t(decim) = 1.00e-03 s  per = 0.24  per(accum) = 96
 t(renrm) = 1.70e-02 s  per = 4  per(accum) = 1e+02

======================================================================
sweep_data::summary isweep=5
----------------------------------------------------------------------
sweep parameters: isweep=5 dots=1 dcut=20 eps=0.0001 noise=0
 ibond=0 bond=(1,0)-(2,0) forward=1 deff=15 dwt=+1.11e-16 nmvp=8 e[0]=-2.65302459449 e[1]=-2.65302459449
 ibond=1 bond=(2,0)-(3,0) forward=1 deff=20 dwt=+5.57e-04 nmvp=14 e[0]=-2.65416884396 e[1]=-2.65416884396
 ibond=2 bond=(2,0)-(3,0) forward=0 deff=15 dwt=+1.11e-16 nmvp=8 e[0]=-2.65302015144 e[1]=-2.65302015144
 ibond=3 bond=(1,0)-(2,0) forward=0 deff=20 dwt=+5.50e-04 nmvp=16 e[0]=-2.65416884597 e[1]=-2.65416884597
min energies at pos=3   timing for sweep: 1 s
----------------------------------------------------------------------
summary of sweep optimization up to isweep=5
schedule: iter, dots, dcut, eps, noise | nmvp | timing/s | tav/s | taccum/s
         0 2 10 1.00e-04 1.00e-04 | 48 | 1.48e+00 | 3.08e-02 | 1.48e+00
         1 2 20 1.00e-04 0.00e+00 | 60 | 2.22e+00 | 3.70e-02 | 3.70e+00
         2 1 20 1.00e-04 0.00e+00 | 46 | 1.04e+00 | 2.26e-02 | 4.74e+00
         3 1 20 1.00e-04 0.00e+00 | 46 | 1.00e+00 | 2.18e-02 | 5.74e+00
         4 1 20 1.00e-04 0.00e+00 | 46 | 9.84e-01 | 2.14e-02 | 6.73e+00
         5 1 20 1.00e-04 0.00e+00 | 46 | 1.03e+00 | 2.24e-02 | 7.76e+00
results: iter, dwt, energies (delta_e)
         0 +1.53e-03 e[0]=-2.65451696821 (-3.48e-04) e[1]=-2.65451696821 (-3.48e-04)
         1 +6.65e-04 e[0]=-2.65451696261 (-3.48e-04) e[1]=-2.65451696261 (-3.48e-04)
         2 +5.58e-04 e[0]=-2.65417289409 (-4.05e-06) e[1]=-2.65417289409 (-4.05e-06)
         3 +5.50e-04 e[0]=-2.65416884581 (1.63e-10) e[1]=-2.65416884581 (1.63e-10)
         4 +5.50e-04 e[0]=-2.6541688458 (1.64e-10) e[1]=-2.6541688458 (1.64e-10)
         5 +5.50e-04 e[0]=-2.65416884597 (0.00e+00) e[1]=-2.65416884597 (0.00e+00)
======================================================================

ctns::sweep_rwfuns
ctns::sweep_onedot
support info:
 suppc : 1
 suppl : 0
 suppr : 2 3 4
 ifln=1
qbond info:
 qbond: qc nsym=3 dimAll=4
 (0,0):1 (2,0):1 (1,0):2
 qbond: ql nsym=3 dimAll=4
 (0,0):1 (2,0):1 (1,0):2
 qbond: qr nsym=4 dimAll=20
 (1,0):2 (2,0):8 (3,0):8 (4,0):2
qops info:
 cqops: H:1 C:1 S:4 A:1 B:2 P:16 Q:20 
 lqops: H:1 C:1 S:4 A:1 B:2 P:16 Q:20 
 rqops: H:1 C:3 S:2 A:9 B:12 P:4 Q:6 
dim(localCI)=90
ctns::kr_dvdsonSolver::init_guess parity=1
 iguess=0 |psi(K)|=1.00e+00
 iguess=1 |psi(K)|=1.00e+00
 neig,nindp=2,2
ctns::kr_dvdsonSolver::solve_iter is_complex=1 parity=1
timing for HVecs : 2.20e-02 s for nstate = 2
settings: ndim=90 neig=2 nbuff=4 maxcycle= 100
          damping=0.1 crit_v=0.0001 crit_e=1e-12 crit_indp=1e-12
iter   ieig        eigenvalue        ediff      rnorm   nsub  nmvp  time/s
    1   0 -      -2.653010635253  -1.00e+03   4.11e-03    2     2   2.20e-02
    1   1 -      -2.653010635253  -1.00e+03   4.11e-03    2     2   2.20e-02
timing for HVecs : 1.90e-02 s for nstate = 2
    2   0 -      -2.653024219432  -1.36e-05   7.50e-04    4     4   1.90e-02
    2   1 -      -2.653024219432  -1.36e-05   7.50e-04    4     4   1.90e-02
timing for HVecs : 1.90e-02 s for nstate = 2
    3   0 -      -2.653024567522  -3.48e-07   1.87e-04    4     6   2.00e-02
    3   1 -      -2.653024567522  -3.48e-07   1.87e-04    4     6   2.00e-02
timing for HVecs : 1.90e-02 s for nstate = 2
    4   0 +      -2.653024589146  -2.16e-08   5.39e-05    4     8   1.90e-02
    4   1 +      -2.653024589146  -2.16e-08   5.39e-05    4     8   1.90e-02
ctns::onedot_decimation |cr> (forward,cturn,dcut,inoise,noise)=0,0,-1,0,0.0e+00
 decimation summary: 80->8  dwt=-4.4e-16  SvN=1.2e+00
ctns::oper_renorm_opAll coord=(1,0) superblock=cr ifkr=1
timing for ctns::sweep_onedot : 1.02e-01 s
 t(procs) = 8.00e-03 s  per = 7.8  per(accum) = 7.8
 t(hdiag) = 0.00e+00 s  per = 0  per(accum) = 7.8
 t(dvdsn) = 8.10e-02 s  per = 79  per(accum) = 87
 t(decim) = 1.00e-03 s  per = 0.98  per(accum) = 88
 t(renrm) = 1.00e-02 s  per = 9.8  per(accum) = 98
deal with site0 by decimation for rsite0 & rwfuns
 decimation summary: 32->2  dwt=0  SvN=1

timing for ctns::opt_sweep : 8 s

ctns::rcanon_save fname=./scratch/rcanon_new.info
