-------------------------------------------------------------
FOCUS: a platform for exploring FermiOniC qUantum Simulations
Copyright (c) 2019 Zhendong Li	 	  	              
Author: Zhendong Li <zhendongli2008@gmail.com>	              
-------------------------------------------------------------

input file = input.dat

schedule::read fname = input.dat
dtype 1
nelec 6
integral_file moleinfo/cmole.info 
scratch ./scratch

$sci
dets 
#0 1 2 3 4 5
0 1 2 3 4 5
#0 3 4 5 7 9 
end
nroots 4
eps0 -1.e-6
schedule
0 1.e-2
3 1.e-3
end
maxiter 10
#load
#pt2
$end

$ctns
kind cNK
nroots 4
maxdets 50 #00 #000
topology_file topology/topo0
thresh_ortho 1.e-8
thresh_proj 1.e-10
schedule
# (n-th, dot, Dcut, dvdson, noise)
#0 2 10 1.e-4 0.0
#2 1 10 1.e-4 1.e-4
#4 1 10 1.e-5 0.0
#0 1 20 1.e-2 1.e-4
0 2 64 1.e-4 1.e-4 
1 2 64 1.e-4 0.0
end
maxsweep 3
task opt
#task ham
#task sdiag
#load
#rcanon_file rcanon_new.info
$end

### schedule::print ###
scratch = ./scratch
dtype = 1
nelec = 6
twoms = 0
integral_file = moleinfo/cmole.info
### params_sci::print ###
nroots = 4
no. of unique seeds = 1
0-th det: 0 1 2 3 4 5 
flip = 0
eps0 = -1e-06
miniter = 4
maxiter = 10
schedule: iter eps1
0 0.01
1 0.01
2 0.01
3 0.001
4 0.001
5 0.001
6 0.001
7 0.001
8 0.001
9 0.001
convergence parameters
deltaE = 1e-10
cisolver = 1
maxcycle = 100
crit_v = 1e-06
ifpt2 = 0 eps2=1e-08
load = 0
ci_file = ci.info
### params_ctns::print ###
kind = cNK
task = opt
topology_file = topology/topo0
nroots = 4
maxdets = 50
thresh_proj = 1.000000e-10
thresh_ortho = 1.000000e-08
cisolver = 1
maxcycle = 100
inoise = 2
guess = 1
maxsweep = 3
schedule: iter, dots, dcut, eps, noise
0 2 64 1.000000e-04 1.000000e-04
1 2 64 1.000000e-04 0.000000e+00
2 2 64 1.000000e-04 0.000000e+00
load = 0
rcanon_file = rcanon.info

schedule::create_scratch scratch=./scratch
already exists scratch=./scratch

integral::load fname = moleinfo/cmole.info
sorb = 12
timing for integral::load_integral : 7.00e-03 s

topology::topology fname=topology/topo0
0
1
2
3
4
5

topology::print nphysical=6 nbackbone=6
topo:
 i=0 : 0 
 i=1 : 1 
 i=2 : 2 
 i=3 : 3 
 i=4 : 4 
 i=5 : 5 
rcoord:
 idx=0 coord=(5,0) node: pindex=5 type=0 center=(-1,-1) left=(4,0) right=(-2,-2)
 idx=1 coord=(4,0) node: pindex=4 type=1 center=(-1,-1) left=(3,0) right=(5,0)
 idx=2 coord=(3,0) node: pindex=3 type=1 center=(-1,-1) left=(2,0) right=(4,0)
 idx=3 coord=(2,0) node: pindex=2 type=1 center=(-1,-1) left=(1,0) right=(3,0)
 idx=4 coord=(1,0) node: pindex=1 type=1 center=(-1,-1) left=(0,0) right=(2,0)
 idx=5 coord=(0,0) node: pindex=0 type=0 center=(-1,-1) left=(-2,-2) right=(1,0)
rsupport/lsupport:
 coord=(5,0) rsupport: 5 
 coord=(5,0) lsupport: 0 1 2 3 4 
 coord=(4,0) rsupport: 4 5 
 coord=(4,0) lsupport: 0 1 2 3 
 coord=(3,0) rsupport: 3 4 5 
 coord=(3,0) lsupport: 0 1 2 
 coord=(2,0) rsupport: 2 3 4 5 
 coord=(2,0) lsupport: 0 1 
 coord=(1,0) rsupport: 1 2 3 4 5 
 coord=(1,0) lsupport: 0 
 coord=(0,0) rsupport: 0 1 2 3 4 5 
 coord=(0,0) lsupport: 
image2:
 0 1 2 3 4 5 6 7 8 9 10 11

topology::get_sweeps
 ibond=0 bond=(1,0)-(2,0) (forward,cturn)=(1,0)
 ibond=1 bond=(2,0)-(3,0) (forward,cturn)=(1,0)
 ibond=2 bond=(3,0)-(4,0) (forward,cturn)=(1,0)
 ibond=3 bond=(3,0)-(4,0) (forward,cturn)=(0,0)
 ibond=4 bond=(2,0)-(3,0) (forward,cturn)=(0,0)
 ibond=5 bond=(1,0)-(2,0) (forward,cturn)=(0,0)

fci::ci_load fname=./scratch/ci.info

fci::ci_truncate maxdets=50 ifortho=1
 reduction from 603 to 50 dets
 iroot=0 ova=(9.874372971678e-01,0.000000000000e+00)
 iroot=1 ova=(9.930860149929e-01,0.000000000000e+00)
 iroot=2 ova=(9.930841108962e-01,-2.775557561563e-17)
 iroot=3 ova=(9.907858787670e-01,3.469446951954e-18)

ctns::rcanon_init

ctns::get_rbases thresh_proj=1.000000000000e-10

idx=0 node=(5,0) type=0 rsupport=5 

idx=1 node=(4,0) type=1 rsupport=4 5 
 bpos=4 order=0 1 2 3 4 5 

ctns::right_projection<cNK> thresh=1.0000e-10
 qr=(0,0) dimB,dimBi=1,1 sumBi=9.2842e-01 sumBc=9.2842e-01
 qr=(1,0) dimB,dimBi=4,4 sumBi=6.2922e-02 sumBc=9.9134e-01
 qr=(2,0) dimB,dimBi=1,1 sumBi=8.6618e-03 sumBc=1.0000e+00
dim(space,lspace,rspace)=50,47,6 dimBc=6 sumBc=1.0000e+00 SvN=5.2945e-01
timing for ctns::right_projection<cNK> : 0.00e+00 s

idx=2 node=(3,0) type=1 rsupport=3 4 5 
 bpos=3 order=0 1 2 3 4 5 

ctns::right_projection<cNK> thresh=1.0000e-10
 qr=(0,0) dimB,dimBi=1,1 sumBi=2.2461e-01 sumBc=2.2461e-01
 qr=(1,0) dimB,dimBi=6,6 sumBi=7.2248e-01 sumBc=9.4708e-01
 qr=(2,0) dimB,dimBi=10,10 sumBi=4.5933e-02 sumBc=9.9302e-01
 qr=(3,0) dimB,dimBi=2,2 sumBi=6.9829e-03 sumBc=1.0000e+00
dim(space,lspace,rspace)=50,24,19 dimBc=19 sumBc=1.0000e+00 SvN=2.0829e+00
timing for ctns::right_projection<cNK> : 1.00e-03 s

idx=3 node=(2,0) type=1 rsupport=2 3 4 5 
 bpos=2 order=0 1 2 3 4 5 

ctns::right_projection<cNK> thresh=1.0000e-10
 qr=(2,0) dimB,dimBi=13,4 sumBi=9.3517e-01 sumBc=9.3517e-01
 qr=(3,0) dimB,dimBi=14,14 sumBi=5.3864e-02 sumBc=9.8904e-01
 qr=(4,0) dimB,dimBi=6,6 sumBi=1.0962e-02 sumBc=1.0000e+00
dim(space,lspace,rspace)=50,9,33 dimBc=24 sumBc=1.0000e+00 SvN=2.4548e+00
timing for ctns::right_projection<cNK> : 0.00e+00 s

idx=4 node=(1,0) type=1 rsupport=1 2 3 4 5 
 bpos=1 order=0 1 2 3 4 5 

ctns::right_projection<cNK> thresh=1.0000e-10
 qr=(4,0) dimB,dimBi=32,4 sumBi=9.6792e-01 sumBc=9.6792e-01
 qr=(5,0) dimB,dimBi=14,10 sumBi=2.5218e-02 sumBc=9.9314e-01
 qr=(6,0) dimB,dimBi=5,4 sumBi=6.8595e-03 sumBc=1.0000e+00
dim(space,lspace,rspace)=50,4,51 dimBc=18 sumBc=1.0000e+00 SvN=2.2547e+00
timing for ctns::right_projection<cNK> : 1.00e-03 s

idx=5 node=(0,0) type=0 rsupport=0 1 2 3 4 5 
 bpos=0 order=0 1 2 3 4 5 

ctns::right_projection<cNK> thresh=1.0000e-10
 qr=(6,0) dimB,dimBi=51,6 sumBi=1.0000e+00 sumBc=1.0000e+00
dim(space,lspace,rspace)=50,1,51 dimBc=6 sumBc=1.0000e+00 SvN=2.0036e+00
timing for ctns::right_projection<cNK> : 1.00e-03 s

final rbases with thresh_proj=1.00e-10
 idx=0 node=(5,0) shape=4,4
 idx=1 node=(4,0) shape=6,6
 idx=2 node=(3,0) shape=19,19
 idx=3 node=(2,0) shape=33,24
 idx=4 node=(1,0) shape=51,18
 idx=5 node=(0,0) shape=51,6
maximum bond dimension = 24

timing for ctns::get_rbases : 6.00e-03 s

ctns::get_rsites

idx=0 node=(5,0) type 0: end or leaves

qtensor3: rsites_0 sym=(0,0) dir=1 0 1 
 qbond: qmid nsym=3 dimAll=4
 (0,0):1 (2,0):1 (1,0):2
 qbond: qrow nsym=3 dimAll=4
 (0,0):1 (2,0):1 (1,0):2
 qbond: qcol nsym=1 dimAll=1
 (0,0):1
qblocks: nblocks=9
total no. of nonzero blocks=3

idx=1 node=(4,0) type 1/2: physical site on backbone/branch

qtensor3: rsites_1 sym=(0,0) dir=1 0 1 
 qbond: qmid nsym=3 dimAll=4
 (0,0):1 (2,0):1 (1,0):2
 qbond: qrow nsym=3 dimAll=6
 (0,0):1 (1,0):4 (2,0):1
 qbond: qcol nsym=3 dimAll=4
 (0,0):1 (2,0):1 (1,0):2
qblocks: nblocks=27
total no. of nonzero blocks=6

idx=2 node=(3,0) type 1/2: physical site on backbone/branch

qtensor3: rsites_2 sym=(0,0) dir=1 0 1 
 qbond: qmid nsym=3 dimAll=4
 (0,0):1 (2,0):1 (1,0):2
 qbond: qrow nsym=4 dimAll=19
 (0,0):1 (1,0):6 (2,0):10 (3,0):2
 qbond: qcol nsym=3 dimAll=6
 (0,0):1 (1,0):4 (2,0):1
qblocks: nblocks=36
total no. of nonzero blocks=8

idx=3 node=(2,0) type 1/2: physical site on backbone/branch

qtensor3: rsites_3 sym=(0,0) dir=1 0 1 
 qbond: qmid nsym=3 dimAll=4
 (0,0):1 (2,0):1 (1,0):2
 qbond: qrow nsym=3 dimAll=24
 (2,0):4 (3,0):14 (4,0):6
 qbond: qcol nsym=4 dimAll=19
 (0,0):1 (1,0):6 (2,0):10 (3,0):2
qblocks: nblocks=36
total no. of nonzero blocks=8

idx=4 node=(1,0) type 1/2: physical site on backbone/branch

qtensor3: rsites_4 sym=(0,0) dir=1 0 1 
 qbond: qmid nsym=3 dimAll=4
 (0,0):1 (2,0):1 (1,0):2
 qbond: qrow nsym=3 dimAll=18
 (4,0):4 (5,0):10 (6,0):4
 qbond: qcol nsym=3 dimAll=24
 (2,0):4 (3,0):14 (4,0):6
qblocks: nblocks=27
total no. of nonzero blocks=6

idx=5 node=(0,0) type 1/2: physical site on backbone/branch

qtensor3: rsites_5 sym=(0,0) dir=1 0 1 
 qbond: qmid nsym=3 dimAll=4
 (0,0):1 (2,0):1 (1,0):2
 qbond: qrow nsym=1 dimAll=6
 (6,0):6
 qbond: qcol nsym=3 dimAll=18
 (4,0):4 (5,0):10 (6,0):4
qblocks: nblocks=9
total no. of nonzero blocks=3

timing for ctns::get_rsites : 2.00e-03 s

ctns::get_rwfuns thresh_proj=1.00e-10

qtensor2: rwfuns sym=(0,0) dir=0 1 
 qbond: qrow nsym=1 dimAll=4
 (6,0):4
 qbond: qcol nsym=1 dimAll=6
 (6,0):6
qblocks: nblocks=1
idx=0 block[(6,0),(6,0)] rows,cols=(4,6)
matrix: blk size=(4,6)
(-9.1150e-01,1.0279e-14) (-4.1131e-01,-2.2619e-14) (4.4276e-05,-2.4844e-10) (4.2458e-07,2.5908e-08) (6.2672e-10,-1.0271e-08) (6.0099e-12,1.0710e-06) 
(2.9782e-05,9.7281e-04) (-6.6348e-05,-2.1612e-03) (-2.3561e-03,-4.0454e-02) (-3.0596e-02,-9.9841e-01) (-2.4152e-02,7.4012e-04) (9.7858e-04,-5.6995e-05) 
(4.9543e-05,5.2035e-06) (-2.5187e-06,-3.8637e-06) (9.9635e-01,7.1199e-02) (-4.0325e-02,-4.0004e-03) (-9.6768e-05,9.7545e-04) (-1.7223e-03,2.4102e-02) 
(-4.7310e-03,4.1128e-01) (1.0484e-02,-9.1143e-01) (-2.2251e-06,7.3036e-05) (-2.7212e-05,2.3693e-03) (5.7314e-05,6.5826e-07) (-1.7667e-06,-5.3824e-08) 
total no. of nonzero blocks=1

check state overlaps
matrix: ova_rwfuns size=(4,4)
(1.0000e+00,0.0000e+00) (1.2756e-18,-2.5580e-17) (4.3492e-18,-2.7620e-19) (-1.3705e-17,1.7436e-16) 
(1.2756e-18,2.5580e-17) (1.0000e+00,0.0000e+00) (1.2794e-17,-9.6609e-17) (-5.8506e-17,-3.8186e-18) 
(4.3492e-18,2.7620e-19) (1.2794e-17,9.6609e-17) (1.0000e+00,0.0000e+00) (5.7456e-18,8.4764e-17) 
(-1.3705e-17,-1.7436e-16) (-5.8506e-17,3.8186e-18) (5.7456e-18,-8.4764e-17) (1.0000e+00,0.0000e+00) 
matrix: ova0_vs size=(4,4)
(1.0000e+00,0.0000e+00) (-6.7763e-21,0.0000e+00) (1.3553e-20,3.3881e-21) (-2.2937e-17,1.0842e-19) 
(-6.7763e-21,0.0000e+00) (1.0000e+00,0.0000e+00) (4.1633e-17,0.0000e+00) (0.0000e+00,-1.6263e-19) 
(1.3553e-20,-3.3881e-21) (4.1633e-17,0.0000e+00) (1.0000e+00,0.0000e+00) (3.7947e-19,-1.0842e-19) 
(-2.2937e-17,-1.0842e-19) (0.0000e+00,1.6263e-19) (3.7947e-19,1.0842e-19) (1.0000e+00,0.0000e+00) 
diff of ova matrix = 1.311e-15

timing for ctns::rcanon_init : 0.009 s

ctns::rcanon_save fname=./scratch/rcanon.info

ctns::rcanon_check thresh_ortho=1e-08
idx=0 node=(5,0) Dtot=4 maxdiff=0.00e+00
idx=1 node=(4,0) Dtot=6 maxdiff=0.00e+00
idx=2 node=(3,0) Dtot=19 maxdiff=1.63e-15
idx=3 node=(2,0) Dtot=24 maxdiff=5.79e-15
idx=4 node=(1,0) Dtot=18 maxdiff=3.32e-15
idx=5 node=(0,0) Dtot=6 maxdiff=2.42e-15

### ctns.task=opt ###

ctns::sweep_opt maxsweep=3
ctns::oper_env_right
ctns::oper_renorm_opAll coord=(4,0) superblock=cr ifkr=1
ctns::oper_renorm_opAll coord=(3,0) superblock=cr ifkr=1
ctns::oper_renorm_opAll coord=(2,0) superblock=cr ifkr=1
ctns::oper_renorm_opAll coord=(1,0) superblock=cr ifkr=1
ctns::oper_renorm_opAll coord=(0,0) superblock=cr ifkr=1
timing for ctns::oper_env_right : 1.44e-01 s

topology::get_sweeps
 ibond=0 bond=(1,0)-(2,0) (forward,cturn)=(1,0)
 ibond=1 bond=(2,0)-(3,0) (forward,cturn)=(1,0)
 ibond=2 bond=(3,0)-(4,0) (forward,cturn)=(1,0)
 ibond=3 bond=(3,0)-(4,0) (forward,cturn)=(0,0)
 ibond=4 bond=(2,0)-(3,0) (forward,cturn)=(0,0)
 ibond=5 bond=(1,0)-(2,0) (forward,cturn)=(0,0)
======================================================================
sweep parameters: isweep=0 dots=2 dcut=64 eps=1.00e-04 noise=1.00e-04
======================================================================

isweep=0 ibond=0 bond=(1,0)-(2,0) (dots,forward,cturn)=(2,1,0)
----------------------------------------------------------------------
ctns::sweep_twodot
support info:
 suppc : 1
 suppc : 2
 suppl : 0
 suppr : 3 4 5
 ifln=1
qbond info:
 qbond: qc1 nsym=3 dimAll=4
 (0,0):1 (2,0):1 (1,0):2
 qbond: qc2 nsym=3 dimAll=4
 (0,0):1 (2,0):1 (1,0):2
 qbond: ql nsym=3 dimAll=4
 (0,0):1 (2,0):1 (1,0):2
 qbond: qr nsym=4 dimAll=19
 (0,0):1 (1,0):6 (2,0):10 (3,0):2
qops info:
 c1qops: H:1 C:1 S:5 A:1 B:2 P:25 Q:30 
 c2qops: H:1 C:1 S:5 A:1 B:2 P:25 Q:30 
 lqops: H:1 C:1 S:5 A:1 B:2 P:25 Q:30 
 rqops: H:1 C:3 S:3 A:9 B:12 P:9 Q:12 
dim(localCI)=227
ctns::twodot_Hdiag ifkr=1
ctns::twodot_guess |lc1>
ctns::kr_dvdsonSolver::init_guess parity=0
 iguess=0 |psi+psiK|=2.00e+00 |i(psi-psiK)|=2.14e-06
 iguess=1 |psi+psiK|=7.81e-02 |i(psi-psiK)|=2.00e+00
 iguess=2 |psi+psiK|=1.99e+00 |i(psi-psiK)|=1.51e-01
 iguess=3 |psi+psiK|=2.30e-02 |i(psi-psiK)|=2.00e+00
 neig,nindp=4,7
ctns::kr_dvdsonSolver::solve_iter is_complex=1 parity=0
timing for HVecs : 1.45e-01 s for nstate = 4
settings: ndim=227 neig=4 nbuff=4 maxcycle= 100
          damping=0.1 crit_v=0.0001 crit_e=1e-12 crit_indp=1e-12
iter   ieig        eigenvalue        ediff      rnorm   nsub  nmvp  time/s
    1   0 -      -6.748782373256  -1.01e+03   1.03e-01    4     4   1.45e-01
    1   1 -      -6.672256875857  -1.01e+03   5.39e-02    4     4   1.45e-01
    1   2 -      -6.666792882874  -1.01e+03   9.13e-02    4     4   1.45e-01
    1   3 -      -6.284360635700  -1.01e+03   5.17e-01    4     4   1.45e-01
timing for HVecs : 1.42e-01 s for nstate = 4
    2   0 -      -6.761071290813  -1.23e-02   2.41e-02    8     8   1.42e-01
    2   1 -      -6.676515984557  -4.26e-03   1.28e-02    8     8   1.42e-01
    2   2 -      -6.676073770272  -9.28e-03   2.02e-02    8     8   1.42e-01
    2   3 -      -6.586856818723  -3.02e-01   1.80e-01    8     8   1.42e-01
timing for HVecs : 1.41e-01 s for nstate = 4
    3   0 -      -6.761939434526  -8.68e-04   1.02e-02    8    12   1.41e-01
    3   1 -      -6.676733605458  -2.18e-04   4.38e-03    8    12   1.41e-01
    3   2 -      -6.676686299547  -6.13e-04   7.99e-03    8    12   1.41e-01
    3   3 -      -6.664421699806  -7.76e-02   1.00e-01    8    12   1.41e-01
timing for HVecs : 1.44e-01 s for nstate = 4
    4   0 -      -6.762059769930  -1.20e-04   3.60e-03    8    16   1.45e-01
    4   1 -      -6.676765712646  -3.21e-05   1.86e-03    8    16   1.45e-01
    4   2 -      -6.676761174059  -7.49e-05   2.73e-03    8    16   1.45e-01
    4   3 -      -6.675172426235  -1.08e-02   2.90e-02    8    16   1.45e-01
timing for HVecs : 1.45e-01 s for nstate = 4
    5   0 -      -6.762081368998  -2.16e-05   1.86e-03    8    20   1.46e-01
    5   1 -      -6.676774056129  -8.34e-06   1.41e-03    8    20   1.46e-01
    5   2 -      -6.676772743209  -1.16e-05   1.18e-03    8    20   1.46e-01
    5   3 -      -6.676501981712  -1.33e-03   1.40e-02    8    20   1.46e-01
timing for HVecs : 1.45e-01 s for nstate = 4
    6   0 -      -6.762085740339  -4.37e-06   7.47e-04    8    24   1.45e-01
    6   1 -      -6.676777106916  -3.05e-06   6.72e-04    8    24   1.45e-01
    6   2 -      -6.676775440158  -2.70e-06   6.97e-04    8    24   1.45e-01
    6   3 -      -6.676726748664  -2.25e-04   5.00e-03    8    24   1.45e-01
timing for HVecs : 1.45e-01 s for nstate = 4
    7   0 -      -6.762086733009  -9.93e-07   4.28e-04    8    28   1.46e-01
    7   1 -      -6.676778128764  -1.02e-06   4.88e-04    8    28   1.46e-01
    7   2 -      -6.676777315765  -1.88e-06   8.90e-04    8    28   1.46e-01
    7   3 -      -6.676766916087  -4.02e-05   2.52e-03    8    28   1.46e-01
timing for HVecs : 1.44e-01 s for nstate = 4
    8   0 -      -6.762086976884  -2.44e-07   1.83e-04    8    32   1.44e-01
    8   1 -      -6.676779045308  -9.17e-07   6.19e-04    8    32   1.44e-01
    8   2 -      -6.676778629638  -1.31e-06   3.33e-04    8    32   1.44e-01
    8   3 -      -6.676774390217  -7.47e-06   9.19e-04    8    32   1.44e-01
timing for HVecs : 1.70e-01 s for nstate = 4
    9   0 -      -6.762087040185  -6.33e-08   1.12e-04    8    36   1.70e-01
    9   1 -      -6.676779807839  -7.63e-07   3.91e-04    8    36   1.70e-01
    9   2 -      -6.676778943760  -3.14e-07   3.18e-04    8    36   1.70e-01
    9   3 -      -6.676776285610  -1.90e-06   7.26e-04    8    36   1.70e-01
timing for HVecs : 1.47e-01 s for nstate = 4
   10   0 +      -6.762087057201  -1.70e-08   4.87e-05    8    40   1.47e-01
   10   1 -      -6.676780007170  -1.99e-07   1.63e-04    8    40   1.47e-01
   10   2 -      -6.676779174380  -2.31e-07   2.43e-04    8    40   1.47e-01
   10   3 -      -6.676777240048  -9.54e-07   4.11e-04    8    40   1.47e-01
timing for HVecs : 1.09e-01 s for nstate = 3
   11   0 +      -6.762087057201   2.66e-15   4.87e-05    7    43   1.09e-01
   11   1 +      -6.676780055962  -4.88e-08   9.56e-05    7    43   1.09e-01
   11   2 -      -6.676779353691  -1.79e-07   2.48e-04    7    43   1.09e-01
   11   3 -      -6.676777895002  -6.55e-07   4.99e-04    7    43   1.09e-01
timing for HVecs : 7.20e-02 s for nstate = 2
   12   0 +      -6.762087057201   0.00e+00   4.87e-05    6    45   7.20e-02
   12   1 +      -6.676780056280  -3.18e-10   9.48e-05    6    45   7.20e-02
   12   2 -      -6.676779496369  -1.43e-07   1.94e-04    6    45   7.20e-02
   12   3 -      -6.676778384334  -4.89e-07   3.02e-04    6    45   7.20e-02
timing for HVecs : 7.30e-02 s for nstate = 2
   13   0 +      -6.762087057201   0.00e+00   4.87e-05    6    47   7.30e-02
   13   1 +      -6.676780056345  -6.42e-11   9.45e-05    6    47   7.30e-02
   13   2 -      -6.676779610731  -1.14e-07   1.99e-04    6    47   7.30e-02
   13   3 -      -6.676778761741  -3.77e-07   3.86e-04    6    47   7.30e-02
timing for HVecs : 7.20e-02 s for nstate = 2
   14   0 +      -6.762087057201  -6.22e-15   4.87e-05    6    49   7.20e-02
   14   1 +      -6.676780056352  -7.14e-12   9.45e-05    6    49   7.20e-02
   14   2 -      -6.676779702567  -9.18e-08   1.56e-04    6    49   7.20e-02
   14   3 -      -6.676779054917  -2.93e-07   2.34e-04    6    49   7.20e-02
timing for HVecs : 7.20e-02 s for nstate = 2
   15   0 +      -6.762087057201  -6.22e-15   4.87e-05    6    51   7.20e-02
   15   1 +      -6.676780056355  -3.11e-12   9.45e-05    6    51   7.20e-02
   15   2 -      -6.676779776411  -7.38e-08   1.59e-04    6    51   7.20e-02
   15   3 -      -6.676779282785  -2.28e-07   3.00e-04    6    51   7.20e-02
timing for HVecs : 7.20e-02 s for nstate = 2
   16   0 +      -6.762087057201   8.88e-16   4.87e-05    6    53   7.20e-02
   16   1 +      -6.676780056355  -1.01e-13   9.45e-05    6    53   7.20e-02
   16   2 -      -6.676779835772  -5.94e-08   1.26e-04    6    53   7.20e-02
   16   3 -      -6.676779459999  -1.77e-07   1.82e-04    6    53   7.20e-02
timing for HVecs : 7.20e-02 s for nstate = 2
   17   0 +      -6.762087057201  -8.88e-16   4.87e-05    6    55   7.20e-02
   17   1 +      -6.676780056355  -3.57e-13   9.45e-05    6    55   7.20e-02
   17   2 -      -6.676779883520  -4.77e-08   1.28e-04    6    55   7.20e-02
   17   3 -      -6.676779597787  -1.38e-07   2.33e-04    6    55   7.20e-02
timing for HVecs : 7.20e-02 s for nstate = 2
   18   0 +      -6.762087057201   7.11e-15   4.87e-05    6    57   7.20e-02
   18   1 +      -6.676780056355  -1.87e-14   9.45e-05    6    57   7.20e-02
   18   2 -      -6.676779921911  -3.84e-08   1.02e-04    6    57   7.20e-02
   18   3 -      -6.676779704948  -1.07e-07   1.41e-04    6    57   7.20e-02
timing for HVecs : 7.20e-02 s for nstate = 2
   19   0 +      -6.762087057201  -3.55e-15   4.87e-05    6    59   7.30e-02
   19   1 +      -6.676780056356  -1.26e-13   9.45e-05    6    59   7.30e-02
   19   2 -      -6.676779952793  -3.09e-08   1.02e-04    6    59   7.30e-02
   19   3 -      -6.676779788274  -8.33e-08   1.82e-04    6    59   7.30e-02
timing for HVecs : 9.00e-02 s for nstate = 2
   20   0 +      -6.762087057201  -1.78e-15   4.87e-05    6    61   9.10e-02
   20   1 +      -6.676780056356  -8.17e-14   9.45e-05    6    61   9.10e-02
   20   2 +      -6.676779977626  -2.48e-08   8.23e-05    6    61   9.10e-02
   20   3 -      -6.676779853079  -6.48e-08   1.10e-04    6    61   9.10e-02
timing for HVecs : 4.30e-02 s for nstate = 1
   21   0 +      -6.762087057201   0.00e+00   4.87e-05    5    62   4.30e-02
   21   1 +      -6.676780056356  -9.68e-14   9.45e-05    5    62   4.30e-02
   21   2 +      -6.676779977626  -6.22e-15   8.23e-05    5    62   4.30e-02
   21   3 -      -6.676779903471  -5.04e-08   1.41e-04    5    62   4.30e-02
timing for HVecs : 4.10e-02 s for nstate = 1
   22   0 +      -6.762087057201   2.66e-15   4.87e-05    5    63   4.10e-02
   22   1 +      -6.676780056356  -7.55e-14   9.45e-05    5    63   4.10e-02
   22   2 +      -6.676779977626  -4.44e-15   8.23e-05    5    63   4.10e-02
   22   3 +      -6.676779942661  -3.92e-08   8.54e-05    5    63   4.10e-02
ctns::twodot_decimation |lc1> (forward,cturn,dcut,inoise,noise)=1,0,64,2,1.0e-04
ctns::get_prdm_lc noise=1.00e-04 timing : 2.00e-03 s
ctns::get_prdm_lc noise=1.00e-04 timing : 2.00e-03 s
ctns::get_prdm_lc noise=1.00e-04 timing : 2.00e-03 s
ctns::get_prdm_lc noise=1.00e-04 timing : 2.00e-03 s
 decimation summary: 16->16  dwt=0.00e+00  SvN=5.31e-01
ctns::oper_renorm_opAll coord=(1,0) superblock=lc ifkr=1
timing for ctns::sweep_twodot : 2.40e+00 s
 t(procs) = 1.30e-02 s  per = 0.54  per(accum) = 0.54
 t(hdiag) = 0.00e+00 s  per = 0  per(accum) = 0.54
 t(dvdsn) = 2.35e+00 s  per = 98  per(accum) = 99
 t(decim) = 1.20e-02 s  per = 0.5  per(accum) = 99
 t(renrm) = 2.30e-02 s  per = 0.96  per(accum) = 1e+02

isweep=0 ibond=1 bond=(2,0)-(3,0) (dots,forward,cturn)=(2,1,0)
----------------------------------------------------------------------
ctns::sweep_twodot
support info:
 suppc : 2
 suppc : 3
 suppl : 0 1
 suppr : 4 5
 ifln=1
qbond info:
 qbond: qc1 nsym=3 dimAll=4
 (0,0):1 (2,0):1 (1,0):2
 qbond: qc2 nsym=3 dimAll=4
 (0,0):1 (2,0):1 (1,0):2
 qbond: ql nsym=5 dimAll=16
 (0,0):1 (1,0):4 (2,0):6 (3,0):4 (4,0):1
 qbond: qr nsym=3 dimAll=6
 (0,0):1 (1,0):4 (2,0):1
qops info:
 c1qops: H:1 C:1 S:5 A:1 B:2 P:25 Q:30 
 c2qops: H:1 C:1 S:5 A:1 B:2 P:25 Q:30 
 lqops: H:1 C:2 S:4 A:4 B:6 P:16 Q:20 
 rqops: H:1 C:2 S:4 A:4 B:6 P:16 Q:20 
dim(localCI)=322
ctns::twodot_Hdiag ifkr=1
ctns::twodot_guess |lc1>
ctns::kr_dvdsonSolver::init_guess parity=0
 iguess=0 |psi+psiK|=2 |i(psi-psiK)|=4e-17
 iguess=1 |psi+psiK|=2 |i(psi-psiK)|=1.8e-16
 iguess=2 |psi+psiK|=2 |i(psi-psiK)|=4.1e-17
 iguess=3 |psi+psiK|=2 |i(psi-psiK)|=3.3e-16
 neig,nindp=4,4
ctns::kr_dvdsonSolver::solve_iter is_complex=1 parity=0
timing for HVecs : 0.23 s for nstate = 4
settings: ndim=322 neig=4 nbuff=4 maxcycle= 100
          damping=0.1 crit_v=0.0001 crit_e=1e-12 crit_indp=1e-12
iter   ieig        eigenvalue        ediff      rnorm   nsub  nmvp  time/s
    1   0 -      -6.762087057201  -1.01e+03   2.93e-02    4     4   2.29e-01
    1   1 -      -6.676780056356  -1.01e+03   3.31e-02    4     4   2.29e-01
    1   2 -      -6.676779977626  -1.01e+03   3.31e-02    4     4   2.29e-01
    1   3 -      -6.676779942661  -1.01e+03   3.31e-02    4     4   2.29e-01
timing for HVecs : 2.18e-01 s for nstate = 4
    2   0 -      -6.762729994658  -6.43e-04   5.31e-03    8     8   2.19e-01
    2   1 -      -6.678129833835  -1.35e-03   7.94e-03    8     8   2.19e-01
    2   2 -      -6.678129568282  -1.35e-03   7.94e-03    8     8   2.19e-01
    2   3 -      -6.678127218050  -1.35e-03   8.04e-03    8     8   2.19e-01
timing for HVecs : 2.29e-01 s for nstate = 4
    3   0 -      -6.762777827164  -4.78e-05   2.74e-03    8    12   2.30e-01
    3   1 -      -6.678239285631  -1.09e-04   4.15e-03    8    12   2.30e-01
    3   2 -      -6.678238803106  -1.09e-04   4.14e-03    8    12   2.30e-01
    3   3 -      -6.678236301996  -1.09e-04   4.17e-03    8    12   2.30e-01
timing for HVecs : 2.31e-01 s for nstate = 4
    4   0 -      -6.762785757204  -7.93e-06   1.07e-03    8    16   2.32e-01
    4   1 -      -6.678261804896  -2.25e-05   1.65e-03    8    16   2.32e-01
    4   2 -      -6.678261295835  -2.25e-05   1.65e-03    8    16   2.32e-01
    4   3 -      -6.678260116318  -2.38e-05   1.78e-03    8    16   2.32e-01
timing for HVecs : 2.30e-01 s for nstate = 4
    5   0 -      -6.762787573444  -1.82e-06   6.12e-04    8    20   2.31e-01
    5   1 -      -6.678268405762  -6.60e-06   1.24e-03    8    20   2.31e-01
    5   2 -      -6.678267940959  -6.65e-06   1.25e-03    8    20   2.31e-01
    5   3 -      -6.678267595358  -7.48e-06   1.34e-03    8    20   2.31e-01
timing for HVecs : 2.30e-01 s for nstate = 4
    6   0 -      -6.762788033786  -4.60e-07   2.76e-04    8    24   2.31e-01
    6   1 -      -6.678270554609  -2.15e-06   5.45e-04    8    24   2.31e-01
    6   2 -      -6.678270190823  -2.25e-06   6.22e-04    8    24   2.31e-01
    6   3 -      -6.678270150207  -2.55e-06   5.64e-04    8    24   2.31e-01
timing for HVecs : 2.29e-01 s for nstate = 4
    7   0 -      -6.762788158737  -1.25e-07   1.63e-04    8    28   2.30e-01
    7   1 -      -6.678271291447  -7.37e-07   4.23e-04    8    28   2.30e-01
    7   2 -      -6.678271129699  -9.39e-07   4.83e-04    8    28   2.30e-01
    7   3 -      -6.678270947619  -7.97e-07   4.48e-04    8    28   2.30e-01
timing for HVecs : 2.34e-01 s for nstate = 4
    8   0 +      -6.762788194306  -3.56e-08   7.84e-05    8    32   2.35e-01
    8   1 -      -6.678271559306  -2.68e-07   2.08e-04    8    32   2.35e-01
    8   2 -      -6.678271483918  -3.54e-07   2.42e-04    8    32   2.35e-01
    8   3 -      -6.678271269510  -3.22e-07   2.46e-04    8    32   2.35e-01
timing for HVecs : 1.79e-01 s for nstate = 3
    9   0 +      -6.762788194306  -6.22e-15   7.84e-05    7    35   1.79e-01
    9   1 -      -6.678271667966  -1.09e-07   1.70e-04    7    35   1.79e-01
    9   2 -      -6.678271628290  -1.44e-07   1.96e-04    7    35   1.79e-01
    9   3 -      -6.678271426031  -1.57e-07   2.14e-04    7    35   1.79e-01
timing for HVecs : 1.63e-01 s for nstate = 3
   10   0 +      -6.762788194306   4.44e-15   7.84e-05    7    38   1.63e-01
   10   1 -      -6.678271720461  -5.25e-08   1.11e-04    7    38   1.63e-01
   10   2 -      -6.678271695487  -6.72e-08   1.22e-04    7    38   1.63e-01
   10   3 -      -6.678271520069  -9.40e-08   1.64e-04    7    38   1.63e-01
timing for HVecs : 1.58e-01 s for nstate = 3
   11   0 +      -6.762788194306  -7.99e-15   7.84e-05    7    41   1.59e-01
   11   1 +      -6.678271751887  -3.14e-08   9.86e-05    7    41   1.59e-01
   11   2 -      -6.678271733362  -3.79e-08   1.09e-04    7    41   1.59e-01
   11   3 -      -6.678271586884  -6.68e-08   1.47e-04    7    41   1.59e-01
timing for HVecs : 1.05e-01 s for nstate = 2
   12   0 +      -6.762788194306   0.00e+00   7.84e-05    6    43   1.06e-01
   12   1 +      -6.678271758866  -6.98e-09   8.87e-05    6    43   1.06e-01
   12   2 +      -6.678271751887  -1.85e-08   9.86e-05    6    43   1.06e-01
   12   3 -      -6.678271638447  -5.16e-08   1.31e-04    6    43   1.06e-01
timing for HVecs : 5.30e-02 s for nstate = 1
   13   0 +      -6.762788194306  -1.07e-14   7.84e-05    5    44   5.30e-02
   13   1 +      -6.678271758866  -1.78e-14   8.87e-05    5    44   5.30e-02
   13   2 +      -6.678271751887  -1.78e-15   9.86e-05    5    44   5.30e-02
   13   3 -      -6.678271679636  -4.12e-08   1.14e-04    5    44   5.30e-02
timing for HVecs : 5.20e-02 s for nstate = 1
   14   0 +      -6.762788194306   5.33e-15   7.84e-05    5    45   5.30e-02
   14   1 +      -6.678271758866  -3.29e-14   8.87e-05    5    45   5.30e-02
   14   2 +      -6.678271751887  -8.88e-16   9.86e-05    5    45   5.30e-02
   14   3 -      -6.678271713007  -3.34e-08   1.07e-04    5    45   5.30e-02
timing for HVecs : 5.30e-02 s for nstate = 1
   15   0 +      -6.762788194306  -6.22e-15   7.84e-05    5    46   5.30e-02
   15   1 +      -6.678271758866  -3.55e-14   8.87e-05    5    46   5.30e-02
   15   2 +      -6.678271751887   7.11e-15   9.86e-05    5    46   5.30e-02
   15   3 +      -6.678271740234  -2.72e-08   9.24e-05    5    46   5.30e-02
ctns::twodot_decimation |lc1> (forward,cturn,dcut,inoise,noise)=1,0,64,2,1.0e-04
ctns::get_prdm_lc noise=1.00e-04 timing : 6.00e-03 s
ctns::get_prdm_lc noise=1.00e-04 timing : 6.00e-03 s
ctns::get_prdm_lc noise=1.00e-04 timing : 6.00e-03 s
ctns::get_prdm_lc noise=1.00e-04 timing : 6.00e-03 s
 decimation summary: 64->64  dwt=-4.44e-16  SvN=2.11e+00
ctns::oper_renorm_opAll coord=(2,0) superblock=lc ifkr=1
timing for ctns::sweep_twodot : 2.71e+00 s
 t(procs) = 1.30e-02 s  per = 0.48  per(accum) = 0.48
 t(hdiag) = 0.00e+00 s  per = 0  per(accum) = 0.48
 t(dvdsn) = 2.61e+00 s  per = 96  per(accum) = 97
 t(decim) = 3.00e-02 s  per = 1.1  per(accum) = 98
 t(renrm) = 5.80e-02 s  per = 2.1  per(accum) = 1e+02

isweep=0 ibond=2 bond=(3,0)-(4,0) (dots,forward,cturn)=(2,1,0)
----------------------------------------------------------------------
ctns::sweep_twodot
support info:
 suppc : 3
 suppc : 4
 suppl : 0 1 2
 suppr : 5
 ifln=0
qbond info:
 qbond: qc1 nsym=3 dimAll=4
 (0,0):1 (2,0):1 (1,0):2
 qbond: qc2 nsym=3 dimAll=4
 (0,0):1 (2,0):1 (1,0):2
 qbond: ql nsym=7 dimAll=64
 (0,0):1 (1,0):6 (2,0):15 (3,0):20 (4,0):15 (5,0):6 (6,0):1
 qbond: qr nsym=3 dimAll=4
 (0,0):1 (2,0):1 (1,0):2
qops info:
 c1qops: H:1 C:1 S:5 A:1 B:2 P:25 Q:30 
 c2qops: H:1 C:1 S:5 A:1 B:2 P:25 Q:30 
 lqops: H:1 C:3 S:3 A:9 B:12 P:9 Q:12 
 rqops: H:1 C:1 S:5 A:1 B:2 P:25 Q:30 
dim(localCI)=924
ctns::twodot_Hdiag ifkr=1
ctns::twodot_guess |lc1>
ctns::kr_dvdsonSolver::init_guess parity=0
 iguess=0 |psi+psiK|=2 |i(psi-psiK)|=4.7e-17
 iguess=1 |psi+psiK|=2 |i(psi-psiK)|=5e-17
 iguess=2 |psi+psiK|=2 |i(psi-psiK)|=2.8e-17
 iguess=3 |psi+psiK|=2 |i(psi-psiK)|=3.8e-17
 neig,nindp=4,4
ctns::kr_dvdsonSolver::solve_iter is_complex=1 parity=0
timing for HVecs : 0.32 s for nstate = 4
settings: ndim=924 neig=4 nbuff=4 maxcycle= 100
          damping=0.1 crit_v=0.0001 crit_e=1e-12 crit_indp=1e-12
iter   ieig        eigenvalue        ediff      rnorm   nsub  nmvp  time/s
    1   0 -      -6.762788194306  -1.01e+03   6.57e-02    4     4   3.22e-01
    1   1 -      -6.678271758866  -1.01e+03   4.58e-02    4     4   3.22e-01
    1   2 -      -6.678271751887  -1.01e+03   4.58e-02    4     4   3.22e-01
    1   3 -      -6.678271740234  -1.01e+03   4.58e-02    4     4   3.22e-01
timing for HVecs : 3.23e-01 s for nstate = 4
    2   0 -      -6.766577997595  -3.79e-03   1.61e-02    8     8   3.25e-01
    2   1 -      -6.680143175576  -1.87e-03   1.07e-02    8     8   3.25e-01
    2   2 -      -6.680143085925  -1.87e-03   1.07e-02    8     8   3.25e-01
    2   3 -      -6.680142445445  -1.87e-03   1.07e-02    8     8   3.25e-01
timing for HVecs : 3.46e-01 s for nstate = 4
    3   0 -      -6.766881370372  -3.03e-04   7.04e-03    8    12   3.47e-01
    3   1 -      -6.680273352895  -1.30e-04   4.45e-03    8    12   3.47e-01
    3   2 -      -6.680273294311  -1.30e-04   4.45e-03    8    12   3.47e-01
    3   3 -      -6.680272297427  -1.30e-04   4.47e-03    8    12   3.47e-01
timing for HVecs : 3.38e-01 s for nstate = 4
    4   0 -      -6.766927564119  -4.62e-05   2.73e-03    8    16   3.40e-01
    4   1 -      -6.680293281803  -1.99e-05   1.84e-03    8    16   3.40e-01
    4   2 -      -6.680293234789  -1.99e-05   1.84e-03    8    16   3.40e-01
    4   3 -      -6.680292774971  -2.05e-05   1.89e-03    8    16   3.40e-01
timing for HVecs : 3.66e-01 s for nstate = 4
    5   0 -      -6.766937205217  -9.64e-06   1.45e-03    8    20   3.68e-01
    5   1 -      -6.680297524305  -4.24e-06   9.93e-04    8    20   3.68e-01
    5   2 -      -6.680297483263  -4.25e-06   9.94e-04    8    20   3.68e-01
    5   3 -      -6.680297270408  -4.50e-06   1.03e-03    8    20   3.68e-01
timing for HVecs : 3.46e-01 s for nstate = 4
    6   0 -      -6.766939587099  -2.38e-06   6.84e-04    8    24   3.47e-01
    6   1 -      -6.680298713860  -1.19e-06   5.47e-04    8    24   3.47e-01
    6   2 -      -6.680298678058  -1.19e-06   5.49e-04    8    24   3.47e-01
    6   3 -      -6.680298552712  -1.28e-06   5.76e-04    8    24   3.47e-01
timing for HVecs : 3.43e-01 s for nstate = 4
    7   0 -      -6.766940258532  -6.71e-07   3.92e-04    8    28   3.45e-01
    7   1 -      -6.680299196568  -4.83e-07   4.11e-04    8    28   3.45e-01
    7   2 -      -6.680299165935  -4.88e-07   4.14e-04    8    28   3.45e-01
    7   3 -      -6.680299066488  -5.14e-07   4.26e-04    8    28   3.45e-01
timing for HVecs : 3.70e-01 s for nstate = 4
    8   0 -      -6.766940464860  -2.06e-07   2.10e-04    8    32   3.71e-01
    8   1 -      -6.680299482879  -2.86e-07   3.36e-04    8    32   3.71e-01
    8   2 -      -6.680299457021  -2.91e-07   3.39e-04    8    32   3.71e-01
    8   3 -      -6.680299364038  -2.98e-07   3.50e-04    8    32   3.71e-01
timing for HVecs : 3.50e-01 s for nstate = 4
    9   0 -      -6.766940532269  -6.74e-08   1.24e-04    8    36   3.51e-01
    9   1 -      -6.680299698429  -2.16e-07   3.06e-04    8    36   3.51e-01
    9   2 -      -6.680299676714  -2.20e-07   3.09e-04    8    36   3.51e-01
    9   3 -      -6.680299586002  -2.22e-07   3.19e-04    8    36   3.51e-01
timing for HVecs : 3.48e-01 s for nstate = 4
   10   0 +      -6.766940555043  -2.28e-08   7.09e-05    8    40   3.49e-01
   10   1 -      -6.680299873838  -1.75e-07   2.71e-04    8    40   3.49e-01
   10   2 -      -6.680299855607  -1.79e-07   2.74e-04    8    40   3.49e-01
   10   3 -      -6.680299767568  -1.82e-07   2.86e-04    8    40   3.49e-01
timing for HVecs : 2.69e-01 s for nstate = 3
   11   0 +      -6.766940555043  -4.44e-15   7.09e-05    7    43   2.71e-01
   11   1 -      -6.680300019838  -1.46e-07   2.52e-04    7    43   2.71e-01
   11   2 -      -6.680300004518  -1.49e-07   2.54e-04    7    43   2.71e-01
   11   3 -      -6.680299920219  -1.53e-07   2.66e-04    7    43   2.71e-01
timing for HVecs : 2.59e-01 s for nstate = 3
   12   0 +      -6.766940555043  -8.88e-15   7.09e-05    7    46   2.61e-01
   12   1 -      -6.680300142115  -1.22e-07   2.24e-04    7    46   2.61e-01
   12   2 -      -6.680300129229  -1.25e-07   2.27e-04    7    46   2.61e-01
   12   3 -      -6.680300049529  -1.29e-07   2.40e-04    7    46   2.61e-01
timing for HVecs : 2.64e-01 s for nstate = 3
   13   0 +      -6.766940555043   1.78e-15   7.09e-05    7    49   2.66e-01
   13   1 -      -6.680300244818  -1.03e-07   2.09e-04    7    49   2.66e-01
   13   2 -      -6.680300233973  -1.05e-07   2.11e-04    7    49   2.66e-01
   13   3 -      -6.680300159397  -1.10e-07   2.25e-04    7    49   2.66e-01
timing for HVecs : 2.73e-01 s for nstate = 3
   14   0 +      -6.766940555043  -2.13e-14   7.09e-05    7    52   2.74e-01
   14   1 -      -6.680300331168  -8.63e-08   1.87e-04    7    52   2.74e-01
   14   2 -      -6.680300322037  -8.81e-08   1.89e-04    7    52   2.74e-01
   14   3 -      -6.680300252857  -9.35e-08   2.03e-04    7    52   2.74e-01
timing for HVecs : 2.61e-01 s for nstate = 3
   15   0 +      -6.766940555043  -6.22e-15   7.09e-05    7    55   2.62e-01
   15   1 -      -6.680300403852  -7.27e-08   1.75e-04    7    55   2.62e-01
   15   2 -      -6.680300396163  -7.41e-08   1.77e-04    7    55   2.62e-01
   15   3 -      -6.680300332443  -7.96e-08   1.90e-04    7    55   2.62e-01
timing for HVecs : 2.59e-01 s for nstate = 3
   16   0 +      -6.766940555043  -1.78e-14   7.09e-05    7    58   2.60e-01
   16   1 -      -6.680300465046  -6.12e-08   1.57e-04    7    58   2.60e-01
   16   2 -      -6.680300458569  -6.24e-08   1.58e-04    7    58   2.60e-01
   16   3 -      -6.680300400239  -6.78e-08   1.72e-04    7    58   2.60e-01
timing for HVecs : 2.63e-01 s for nstate = 3
   17   0 +      -6.766940555043  -2.04e-14   7.09e-05    7    61   2.64e-01
   17   1 -      -6.680300516602  -5.16e-08   1.47e-04    7    61   2.64e-01
   17   2 -      -6.680300511145  -5.26e-08   1.48e-04    7    61   2.64e-01
   17   3 -      -6.680300458025  -5.78e-08   1.62e-04    7    61   2.64e-01
timing for HVecs : 2.59e-01 s for nstate = 3
   18   0 +      -6.766940555043  -5.15e-14   7.09e-05    7    64   2.60e-01
   18   1 -      -6.680300560035  -4.34e-08   1.32e-04    7    64   2.60e-01
   18   2 -      -6.680300555437  -4.43e-08   1.33e-04    7    64   2.60e-01
   18   3 -      -6.680300507285  -4.93e-08   1.46e-04    7    64   2.60e-01
timing for HVecs : 2.59e-01 s for nstate = 3
   19   0 +      -6.766940555043  -4.88e-14   7.09e-05    7    67   2.60e-01
   19   1 -      -6.680300596641  -3.66e-08   1.23e-04    7    67   2.60e-01
   19   2 -      -6.680300592767  -3.73e-08   1.25e-04    7    67   2.60e-01
   19   3 -      -6.680300549292  -4.20e-08   1.38e-04    7    67   2.60e-01
timing for HVecs : 2.59e-01 s for nstate = 3
   20   0 +      -6.766940555043  -8.44e-14   7.09e-05    7    70   2.61e-01
   20   1 -      -6.680300627489  -3.08e-08   1.11e-04    7    70   2.61e-01
   20   2 -      -6.680300624225  -3.15e-08   1.12e-04    7    70   2.61e-01
   20   3 -      -6.680300585114  -3.58e-08   1.24e-04    7    70   2.61e-01
timing for HVecs : 2.63e-01 s for nstate = 3
   21   0 +      -6.766940555043  -1.08e-13   7.09e-05    7    73   2.64e-01
   21   1 -      -6.680300653493  -2.60e-08   1.04e-04    7    73   2.64e-01
   21   2 -      -6.680300650742  -2.65e-08   1.05e-04    7    73   2.64e-01
   21   3 -      -6.680300615669  -3.06e-08   1.17e-04    7    73   2.64e-01
timing for HVecs : 2.59e-01 s for nstate = 3
   22   0 +      -6.766940555043  -1.74e-13   7.09e-05    7    76   2.61e-01
   22   1 +      -6.680300675409  -2.19e-08   9.32e-05    7    76   2.61e-01
   22   2 +      -6.680300673091  -2.23e-08   9.41e-05    7    76   2.61e-01
   22   3 -      -6.680300641730  -2.61e-08   1.06e-04    7    76   2.61e-01
timing for HVecs : 8.80e-02 s for nstate = 1
   23   0 +      -6.766940555043  -1.42e-14   7.09e-05    5    77   8.90e-02
   23   1 +      -6.680300675409   6.22e-15   9.32e-05    5    77   8.90e-02
   23   2 +      -6.680300673091  -9.77e-15   9.41e-05    5    77   8.90e-02
   23   3 -      -6.680300663962  -2.22e-08   1.00e-04    5    77   8.90e-02
timing for HVecs : 8.90e-02 s for nstate = 1
   24   0 +      -6.766940555043  -3.38e-14   7.09e-05    5    78   8.90e-02
   24   1 +      -6.680300682925  -7.52e-09   9.04e-05    5    78   8.90e-02
   24   2 +      -6.680300675409  -2.32e-09   9.32e-05    5    78   8.90e-02
   24   3 +      -6.680300673091  -9.13e-09   9.41e-05    5    78   8.90e-02
ctns::twodot_decimation |lc1> (forward,cturn,dcut,inoise,noise)=1,0,64,2,1.0e-04
ctns::get_prdm_lc noise=1.00e-04 timing : 6.50e-02 s
ctns::get_prdm_lc noise=1.00e-04 timing : 6.50e-02 s
ctns::get_prdm_lc noise=1.00e-04 timing : 6.50e-02 s
ctns::get_prdm_lc noise=1.00e-04 timing : 6.50e-02 s
 decimation summary: 256->64  dwt=4.62e-04  SvN=2.60e+00
ctns::oper_renorm_opAll coord=(3,0) superblock=lc ifkr=1
timing for ctns::sweep_twodot : 7.23e+00 s
 t(procs) = 2.90e-02 s  per = 0.4  per(accum) = 0.4
 t(hdiag) = 1.00e-03 s  per = 0.014  per(accum) = 0.42
 t(dvdsn) = 6.82e+00 s  per = 94  per(accum) = 95
 t(decim) = 2.73e-01 s  per = 3.8  per(accum) = 99
 t(renrm) = 1.00e-01 s  per = 1.4  per(accum) = 1e+02

isweep=0 ibond=3 bond=(3,0)-(4,0) (dots,forward,cturn)=(2,0,0)
----------------------------------------------------------------------
ctns::sweep_twodot
support info:
 suppc : 3
 suppc : 4
 suppl : 0 1 2
 suppr : 5
 ifln=0
qbond info:
 qbond: qc1 nsym=3 dimAll=4
 (0,0):1 (2,0):1 (1,0):2
 qbond: qc2 nsym=3 dimAll=4
 (0,0):1 (2,0):1 (1,0):2
 qbond: ql nsym=7 dimAll=64
 (0,0):1 (1,0):6 (2,0):15 (3,0):20 (4,0):15 (5,0):6 (6,0):1
 qbond: qr nsym=3 dimAll=4
 (0,0):1 (2,0):1 (1,0):2
qops info:
 c1qops: H:1 C:1 S:5 A:1 B:2 P:25 Q:30 
 c2qops: H:1 C:1 S:5 A:1 B:2 P:25 Q:30 
 lqops: H:1 C:3 S:3 A:9 B:12 P:9 Q:12 
 rqops: H:1 C:1 S:5 A:1 B:2 P:25 Q:30 
dim(localCI)=924
ctns::twodot_Hdiag ifkr=1
ctns::twodot_guess |c2r>
ctns::kr_dvdsonSolver::init_guess parity=0
 iguess=0 |psi+psiK|=2 |i(psi-psiK)|=9.2e-17
 iguess=1 |psi+psiK|=2 |i(psi-psiK)|=9.7e-17
 iguess=2 |psi+psiK|=2 |i(psi-psiK)|=6.4e-16
 iguess=3 |psi+psiK|=2 |i(psi-psiK)|=1.2e-16
 neig,nindp=4,4
ctns::kr_dvdsonSolver::solve_iter is_complex=1 parity=0
timing for HVecs : 0.33 s for nstate = 4
settings: ndim=924 neig=4 nbuff=4 maxcycle= 100
          damping=0.1 crit_v=0.0001 crit_e=1e-12 crit_indp=1e-12
iter   ieig        eigenvalue        ediff      rnorm   nsub  nmvp  time/s
    1   0 -      -6.766799939329  -1.01e+03   1.60e-02    4     4   3.31e-01
    1   1 -      -6.680276946724  -1.01e+03   6.15e-03    4     4   3.31e-01
    1   2 -      -6.680276368970  -1.01e+03   6.21e-03    4     4   3.31e-01
    1   3 -      -6.680276041186  -1.01e+03   6.25e-03    4     4   3.31e-01
timing for HVecs : 3.26e-01 s for nstate = 4
    2   0 -      -6.766935824138  -1.36e-04   2.66e-03    8     8   3.27e-01
    2   1 -      -6.680300036206  -2.31e-05   8.83e-04    8     8   3.27e-01
    2   2 -      -6.680300018510  -2.36e-05   8.87e-04    8     8   3.27e-01
    2   3 -      -6.680299981522  -2.39e-05   9.11e-04    8     8   3.27e-01
timing for HVecs : 3.41e-01 s for nstate = 4
    3   0 -      -6.766940157329  -4.33e-06   7.37e-04    8    12   3.43e-01
    3   1 -      -6.680300628587  -5.92e-07   2.47e-04    8    12   3.43e-01
    3   2 -      -6.680300628152  -6.10e-07   2.39e-04    8    12   3.43e-01
    3   3 -      -6.680300617846  -6.36e-07   2.47e-04    8    12   3.43e-01
timing for HVecs : 3.44e-01 s for nstate = 4
    4   0 -      -6.766940510131  -3.53e-07   2.41e-04    8    16   3.45e-01
    4   1 -      -6.680300693566  -6.50e-08   1.14e-04    8    16   3.45e-01
    4   2 -      -6.680300689386  -6.12e-08   1.11e-04    8    16   3.45e-01
    4   3 -      -6.680300684447  -6.66e-08   1.18e-04    8    16   3.45e-01
timing for HVecs : 3.61e-01 s for nstate = 4
    5   0 +      -6.766940556174  -4.60e-08   9.83e-05    8    20   3.62e-01
    5   1 +      -6.680300713652  -2.01e-08   7.74e-05    8    20   3.62e-01
    5   2 +      -6.680300709791  -2.04e-08   7.81e-05    8    20   3.62e-01
    5   3 +      -6.680300706635  -2.22e-08   8.18e-05    8    20   3.62e-01
ctns::twodot_decimation |c2r> (forward,cturn,dcut,inoise,noise)=0,0,64,2,1.0e-04
ctns::get_prdm_cr noise=1.00e-04 timing : 3.00e-03 s
ctns::get_prdm_cr noise=1.00e-04 timing : 3.00e-03 s
ctns::get_prdm_cr noise=1.00e-04 timing : 3.00e-03 s
ctns::get_prdm_cr noise=1.00e-04 timing : 3.00e-03 s
 decimation summary: 16->16  dwt=-2.22e-16  SvN=6.32e-01
ctns::oper_renorm_opAll coord=(4,0) superblock=cr ifkr=1
timing for ctns::sweep_twodot : 1.79e+00 s
 t(procs) = 3.10e-02 s  per = 1.7  per(accum) = 1.7
 t(hdiag) = 1.00e-03 s  per = 0.056  per(accum) = 1.8
 t(dvdsn) = 1.71e+00 s  per = 96  per(accum) = 98
 t(decim) = 1.70e-02 s  per = 0.95  per(accum) = 98
 t(renrm) = 2.40e-02 s  per = 1.3  per(accum) = 1e+02

isweep=0 ibond=4 bond=(2,0)-(3,0) (dots,forward,cturn)=(2,0,0)
----------------------------------------------------------------------
ctns::sweep_twodot
support info:
 suppc : 2
 suppc : 3
 suppl : 0 1
 suppr : 4 5
 ifln=1
qbond info:
 qbond: qc1 nsym=3 dimAll=4
 (0,0):1 (2,0):1 (1,0):2
 qbond: qc2 nsym=3 dimAll=4
 (0,0):1 (2,0):1 (1,0):2
 qbond: ql nsym=5 dimAll=16
 (0,0):1 (1,0):4 (2,0):6 (3,0):4 (4,0):1
 qbond: qr nsym=5 dimAll=16
 (0,0):1 (1,0):4 (2,0):6 (3,0):4 (4,0):1
qops info:
 c1qops: H:1 C:1 S:5 A:1 B:2 P:25 Q:30 
 c2qops: H:1 C:1 S:5 A:1 B:2 P:25 Q:30 
 lqops: H:1 C:2 S:4 A:4 B:6 P:16 Q:20 
 rqops: H:1 C:2 S:4 A:4 B:6 P:16 Q:20 
dim(localCI)=924
ctns::twodot_Hdiag ifkr=1
ctns::twodot_guess |c2r>
ctns::kr_dvdsonSolver::init_guess parity=0
 iguess=0 |psi+psiK|=2 |i(psi-psiK)|=8.1e-17
 iguess=1 |psi+psiK|=2 |i(psi-psiK)|=5.7e-17
 iguess=2 |psi+psiK|=2 |i(psi-psiK)|=2.6e-16
 iguess=3 |psi+psiK|=2 |i(psi-psiK)|=3.3e-16
 neig,nindp=4,4
ctns::kr_dvdsonSolver::solve_iter is_complex=1 parity=0
timing for HVecs : 0.39 s for nstate = 4
settings: ndim=924 neig=4 nbuff=4 maxcycle= 100
          damping=0.1 crit_v=0.0001 crit_e=1e-12 crit_indp=1e-12
iter   ieig        eigenvalue        ediff      rnorm   nsub  nmvp  time/s
    1   0 +      -6.766940556174  -1.01e+03   9.83e-05    4     4   3.88e-01
    1   1 +      -6.680300713652  -1.01e+03   7.74e-05    4     4   3.88e-01
    1   2 +      -6.680300709791  -1.01e+03   7.81e-05    4     4   3.88e-01
    1   3 +      -6.680300706635  -1.01e+03   8.18e-05    4     4   3.88e-01
ctns::twodot_decimation |c2r> (forward,cturn,dcut,inoise,noise)=0,0,64,2,1.0e-04
ctns::get_prdm_cr noise=1.00e-04 timing : 9.00e-03 s
ctns::get_prdm_cr noise=1.00e-04 timing : 8.00e-03 s
ctns::get_prdm_cr noise=1.00e-04 timing : 8.00e-03 s
ctns::get_prdm_cr noise=1.00e-04 timing : 9.00e-03 s
 decimation summary: 64->64  dwt=1.11e-16  SvN=2.20e+00
ctns::oper_renorm_opAll coord=(3,0) superblock=cr ifkr=1
timing for ctns::sweep_twodot : 5.10e-01 s
 t(procs) = 1.50e-02 s  per = 2.9  per(accum) = 2.9
 t(hdiag) = 2.00e-03 s  per = 0.39  per(accum) = 3.3
 t(dvdsn) = 3.91e-01 s  per = 77  per(accum) = 80
 t(decim) = 4.00e-02 s  per = 7.8  per(accum) = 88
 t(renrm) = 6.00e-02 s  per = 12  per(accum) = 1e+02

isweep=0 ibond=5 bond=(1,0)-(2,0) (dots,forward,cturn)=(2,0,0)
----------------------------------------------------------------------
ctns::sweep_twodot
support info:
 suppc : 1
 suppc : 2
 suppl : 0
 suppr : 3 4 5
 ifln=1
qbond info:
 qbond: qc1 nsym=3 dimAll=4
 (0,0):1 (2,0):1 (1,0):2
 qbond: qc2 nsym=3 dimAll=4
 (0,0):1 (2,0):1 (1,0):2
 qbond: ql nsym=3 dimAll=4
 (0,0):1 (2,0):1 (1,0):2
 qbond: qr nsym=7 dimAll=64
 (0,0):1 (1,0):6 (2,0):15 (3,0):20 (4,0):15 (5,0):6 (6,0):1
qops info:
 c1qops: H:1 C:1 S:5 A:1 B:2 P:25 Q:30 
 c2qops: H:1 C:1 S:5 A:1 B:2 P:25 Q:30 
 lqops: H:1 C:1 S:5 A:1 B:2 P:25 Q:30 
 rqops: H:1 C:3 S:3 A:9 B:12 P:9 Q:12 
dim(localCI)=924
ctns::twodot_Hdiag ifkr=1
ctns::twodot_guess |c2r>
ctns::kr_dvdsonSolver::init_guess parity=0
 iguess=0 |psi+psiK|=2 |i(psi-psiK)|=2.3e-17
 iguess=1 |psi+psiK|=2 |i(psi-psiK)|=4.5e-17
 iguess=2 |psi+psiK|=2 |i(psi-psiK)|=4.4e-17
 iguess=3 |psi+psiK|=2 |i(psi-psiK)|=1.7e-16
 neig,nindp=4,4
ctns::kr_dvdsonSolver::solve_iter is_complex=1 parity=0
timing for HVecs : 0.33 s for nstate = 4
settings: ndim=924 neig=4 nbuff=4 maxcycle= 100
          damping=0.1 crit_v=0.0001 crit_e=1e-12 crit_indp=1e-12
iter   ieig        eigenvalue        ediff      rnorm   nsub  nmvp  time/s
    1   0 +      -6.766940556174  -1.01e+03   9.83e-05    4     4   3.28e-01
    1   1 +      -6.680300713652  -1.01e+03   7.74e-05    4     4   3.28e-01
    1   2 +      -6.680300709791  -1.01e+03   7.81e-05    4     4   3.28e-01
    1   3 +      -6.680300706635  -1.01e+03   8.18e-05    4     4   3.28e-01
ctns::twodot_decimation |c2r> (forward,cturn,dcut,inoise,noise)=0,0,64,2,1.0e-04
ctns::get_prdm_cr noise=1.00e-04 timing : 6.40e-02 s
ctns::get_prdm_cr noise=1.00e-04 timing : 6.40e-02 s
ctns::get_prdm_cr noise=1.00e-04 timing : 6.50e-02 s
ctns::get_prdm_cr noise=1.00e-04 timing : 6.40e-02 s
 decimation summary: 256->64  dwt=4.62e-04  SvN=2.57e+00
ctns::oper_renorm_opAll coord=(2,0) superblock=cr ifkr=1
timing for ctns::sweep_twodot : 7.34e-01 s
 t(procs) = 2.90e-02 s  per = 4  per(accum) = 4
 t(hdiag) = 1.00e-03 s  per = 0.14  per(accum) = 4.1
 t(dvdsn) = 3.31e-01 s  per = 45  per(accum) = 49
 t(decim) = 2.70e-01 s  per = 37  per(accum) = 86
 t(renrm) = 1.01e-01 s  per = 14  per(accum) = 1e+02

======================================================================
sweep_data::summary isweep=0
----------------------------------------------------------------------
sweep parameters: isweep=0 dots=2 dcut=64 eps=0.0001 noise=0.0001
 ibond=0 bond=(1,0)-(2,0) forward=1 deff=16 dwt=+0.00e+00 nmvp=63 e[0]=-6.7620870572 e[1]=-6.67678005636 e[2]=-6.67677997763 e[3]=-6.67677994266
 ibond=1 bond=(2,0)-(3,0) forward=1 deff=64 dwt=-4.44e-16 nmvp=46 e[0]=-6.76278819431 e[1]=-6.67827175887 e[2]=-6.67827175189 e[3]=-6.67827174023
 ibond=2 bond=(3,0)-(4,0) forward=1 deff=64 dwt=+4.62e-04 nmvp=78 e[0]=-6.76694055504 e[1]=-6.68030068293 e[2]=-6.68030067541 e[3]=-6.68030067309
 ibond=3 bond=(3,0)-(4,0) forward=0 deff=16 dwt=-2.22e-16 nmvp=20 e[0]=-6.76694055617 e[1]=-6.68030071365 e[2]=-6.68030070979 e[3]=-6.68030070664
 ibond=4 bond=(2,0)-(3,0) forward=0 deff=64 dwt=+1.11e-16 nmvp=4 e[0]=-6.76694055617 e[1]=-6.68030071365 e[2]=-6.68030070979 e[3]=-6.68030070664
 ibond=5 bond=(1,0)-(2,0) forward=0 deff=64 dwt=+4.62e-04 nmvp=4 e[0]=-6.76694055617 e[1]=-6.68030071365 e[2]=-6.68030070979 e[3]=-6.68030070664
min energies at pos=4   timing for sweep: 15 s
----------------------------------------------------------------------
summary of sweep optimization up to isweep=0
schedule: iter, dots, dcut, eps, noise | nmvp | timing/s | tav/s | taccum/s
         0 2 64 1.00e-04 1.00e-04 | 215 | 1.54e+01 | 7.15e-02 | 1.54e+01
results: iter, dwt, energies (delta_e)
         0 +1.11e-16 e[0]=-6.76694055617 (0.00e+00) e[1]=-6.68030071365 (0.00e+00) e[2]=-6.68030070979 (0.00e+00) e[3]=-6.68030070664 (0.00e+00)
======================================================================

======================================================================
sweep parameters: isweep=1 dots=2 dcut=64 eps=1.00e-04 noise=0.00e+00
======================================================================

isweep=1 ibond=0 bond=(1,0)-(2,0) (dots,forward,cturn)=(2,1,0)
----------------------------------------------------------------------
ctns::sweep_twodot
support info:
 suppc : 1
 suppc : 2
 suppl : 0
 suppr : 3 4 5
 ifln=1
qbond info:
 qbond: qc1 nsym=3 dimAll=4
 (0,0):1 (2,0):1 (1,0):2
 qbond: qc2 nsym=3 dimAll=4
 (0,0):1 (2,0):1 (1,0):2
 qbond: ql nsym=3 dimAll=4
 (0,0):1 (2,0):1 (1,0):2
 qbond: qr nsym=7 dimAll=64
 (0,0):1 (1,0):6 (2,0):15 (3,0):20 (4,0):15 (5,0):6 (6,0):1
qops info:
 c1qops: H:1 C:1 S:5 A:1 B:2 P:25 Q:30 
 c2qops: H:1 C:1 S:5 A:1 B:2 P:25 Q:30 
 lqops: H:1 C:1 S:5 A:1 B:2 P:25 Q:30 
 rqops: H:1 C:3 S:3 A:9 B:12 P:9 Q:12 
dim(localCI)=924
ctns::twodot_Hdiag ifkr=1
ctns::twodot_guess |lc1>
ctns::kr_dvdsonSolver::init_guess parity=0
 iguess=0 |psi+psiK|=2.00e+00 |i(psi-psiK)|=5.50e-17
 iguess=1 |psi+psiK|=2.00e+00 |i(psi-psiK)|=6.17e-17
 iguess=2 |psi+psiK|=2.00e+00 |i(psi-psiK)|=5.45e-17
 iguess=3 |psi+psiK|=2.00e+00 |i(psi-psiK)|=8.49e-16
 neig,nindp=4,4
ctns::kr_dvdsonSolver::solve_iter is_complex=1 parity=0
timing for HVecs : 3.34e-01 s for nstate = 4
settings: ndim=924 neig=4 nbuff=4 maxcycle= 100
          damping=0.1 crit_v=0.0001 crit_e=1e-12 crit_indp=1e-12
iter   ieig        eigenvalue        ediff      rnorm   nsub  nmvp  time/s
    1   0 -      -6.766875010743  -1.01e+03   1.04e-02    4     4   3.34e-01
    1   1 -      -6.680229130521  -1.01e+03   1.05e-02    4     4   3.34e-01
    1   2 -      -6.680228947228  -1.01e+03   1.06e-02    4     4   3.34e-01
    1   3 -      -6.680227399953  -1.01e+03   1.06e-02    4     4   3.34e-01
timing for HVecs : 3.32e-01 s for nstate = 4
    2   0 -      -6.766937553526  -6.25e-05   1.87e-03    8     8   3.34e-01
    2   1 -      -6.680298334563  -6.92e-05   1.52e-03    8     8   3.34e-01
    2   2 -      -6.680298298727  -6.94e-05   1.53e-03    8     8   3.34e-01
    2   3 -      -6.680298246440  -7.08e-05   1.55e-03    8     8   3.34e-01
timing for HVecs : 3.43e-01 s for nstate = 4
    3   0 -      -6.766940248904  -2.70e-06   6.10e-04    8    12   3.45e-01
    3   1 -      -6.680300525158  -2.19e-06   4.69e-04    8    12   3.45e-01
    3   2 -      -6.680300520840  -2.22e-06   4.64e-04    8    12   3.45e-01
    3   3 -      -6.680300510400  -2.26e-06   4.74e-04    8    12   3.45e-01
timing for HVecs : 3.43e-01 s for nstate = 4
    4   0 -      -6.766940517659  -2.69e-07   2.10e-04    8    16   3.45e-01
    4   1 -      -6.680300711560  -1.86e-07   1.53e-04    8    16   3.45e-01
    4   2 -      -6.680300707799  -1.87e-07   1.56e-04    8    16   3.45e-01
    4   3 -      -6.680300705493  -1.95e-07   1.59e-04    8    16   3.45e-01
timing for HVecs : 3.46e-01 s for nstate = 4
    5   0 +      -6.766940557506  -3.98e-08   8.75e-05    8    20   3.47e-01
    5   1 +      -6.680300743536  -3.20e-08   8.28e-05    8    20   3.47e-01
    5   2 +      -6.680300741663  -3.39e-08   8.58e-05    8    20   3.47e-01
    5   3 +      -6.680300740660  -3.52e-08   8.65e-05    8    20   3.47e-01
ctns::twodot_decimation |lc1> (forward,cturn,dcut,inoise,noise)=1,0,64,2,0.0e+00
 decimation summary: 16->16  dwt=2.2e-16  SvN=5.8e-01
ctns::oper_renorm_opAll coord=(1,0) superblock=lc ifkr=1
timing for ctns::sweep_twodot : 1.77e+00 s
 t(procs) = 3.10e-02 s  per = 1.8  per(accum) = 1.8
 t(hdiag) = 1.00e-03 s  per = 0.056  per(accum) = 1.8
 t(dvdsn) = 1.71e+00 s  per = 97  per(accum) = 98
 t(decim) = 3.00e-03 s  per = 0.17  per(accum) = 99
 t(renrm) = 2.20e-02 s  per = 1.2  per(accum) = 1e+02

isweep=1 ibond=1 bond=(2,0)-(3,0) (dots,forward,cturn)=(2,1,0)
----------------------------------------------------------------------
ctns::sweep_twodot
support info:
 suppc : 2
 suppc : 3
 suppl : 0 1
 suppr : 4 5
 ifln=1
qbond info:
 qbond: qc1 nsym=3 dimAll=4
 (0,0):1 (2,0):1 (1,0):2
 qbond: qc2 nsym=3 dimAll=4
 (0,0):1 (2,0):1 (1,0):2
 qbond: ql nsym=5 dimAll=16
 (0,0):1 (1,0):4 (2,0):6 (3,0):4 (4,0):1
 qbond: qr nsym=5 dimAll=16
 (0,0):1 (1,0):4 (2,0):6 (3,0):4 (4,0):1
qops info:
 c1qops: H:1 C:1 S:5 A:1 B:2 P:25 Q:30 
 c2qops: H:1 C:1 S:5 A:1 B:2 P:25 Q:30 
 lqops: H:1 C:2 S:4 A:4 B:6 P:16 Q:20 
 rqops: H:1 C:2 S:4 A:4 B:6 P:16 Q:20 
dim(localCI)=924
ctns::twodot_Hdiag ifkr=1
ctns::twodot_guess |lc1>
ctns::kr_dvdsonSolver::init_guess parity=0
 iguess=0 |psi+psiK|=2 |i(psi-psiK)|=7.1e-17
 iguess=1 |psi+psiK|=2 |i(psi-psiK)|=1.4e-16
 iguess=2 |psi+psiK|=2 |i(psi-psiK)|=2e-16
 iguess=3 |psi+psiK|=2 |i(psi-psiK)|=8.2e-16
 neig,nindp=4,4
ctns::kr_dvdsonSolver::solve_iter is_complex=1 parity=0
timing for HVecs : 0.39 s for nstate = 4
settings: ndim=924 neig=4 nbuff=4 maxcycle= 100
          damping=0.1 crit_v=0.0001 crit_e=1e-12 crit_indp=1e-12
iter   ieig        eigenvalue        ediff      rnorm   nsub  nmvp  time/s
    1   0 +      -6.766940557506  -1.01e+03   8.75e-05    4     4   3.93e-01
    1   1 +      -6.680300743536  -1.01e+03   8.28e-05    4     4   3.93e-01
    1   2 +      -6.680300741663  -1.01e+03   8.58e-05    4     4   3.93e-01
    1   3 +      -6.680300740660  -1.01e+03   8.65e-05    4     4   3.93e-01
ctns::twodot_decimation |lc1> (forward,cturn,dcut,inoise,noise)=1,0,64,2,0.0e+00
 decimation summary: 64->64  dwt=-2.2e-16  SvN=2.1e+00
ctns::oper_renorm_opAll coord=(2,0) superblock=lc ifkr=1
timing for ctns::sweep_twodot : 4.80e-01 s
 t(procs) = 1.50e-02 s  per = 3.1  per(accum) = 3.1
 t(hdiag) = 1.00e-03 s  per = 0.21  per(accum) = 3.3
 t(dvdsn) = 3.96e-01 s  per = 82  per(accum) = 86
 t(decim) = 3.00e-03 s  per = 0.62  per(accum) = 86
 t(renrm) = 6.20e-02 s  per = 13  per(accum) = 99

isweep=1 ibond=2 bond=(3,0)-(4,0) (dots,forward,cturn)=(2,1,0)
----------------------------------------------------------------------
ctns::sweep_twodot
support info:
 suppc : 3
 suppc : 4
 suppl : 0 1 2
 suppr : 5
 ifln=0
qbond info:
 qbond: qc1 nsym=3 dimAll=4
 (0,0):1 (2,0):1 (1,0):2
 qbond: qc2 nsym=3 dimAll=4
 (0,0):1 (2,0):1 (1,0):2
 qbond: ql nsym=7 dimAll=64
 (0,0):1 (1,0):6 (2,0):15 (3,0):20 (4,0):15 (5,0):6 (6,0):1
 qbond: qr nsym=3 dimAll=4
 (0,0):1 (2,0):1 (1,0):2
qops info:
 c1qops: H:1 C:1 S:5 A:1 B:2 P:25 Q:30 
 c2qops: H:1 C:1 S:5 A:1 B:2 P:25 Q:30 
 lqops: H:1 C:3 S:3 A:9 B:12 P:9 Q:12 
 rqops: H:1 C:1 S:5 A:1 B:2 P:25 Q:30 
dim(localCI)=924
ctns::twodot_Hdiag ifkr=1
ctns::twodot_guess |lc1>
ctns::kr_dvdsonSolver::init_guess parity=0
 iguess=0 |psi+psiK|=2 |i(psi-psiK)|=6.3e-17
 iguess=1 |psi+psiK|=2 |i(psi-psiK)|=4.8e-17
 iguess=2 |psi+psiK|=2 |i(psi-psiK)|=2.8e-17
 iguess=3 |psi+psiK|=2 |i(psi-psiK)|=2.9e-17
 neig,nindp=4,4
ctns::kr_dvdsonSolver::solve_iter is_complex=1 parity=0
timing for HVecs : 0.34 s for nstate = 4
settings: ndim=924 neig=4 nbuff=4 maxcycle= 100
          damping=0.1 crit_v=0.0001 crit_e=1e-12 crit_indp=1e-12
iter   ieig        eigenvalue        ediff      rnorm   nsub  nmvp  time/s
    1   0 +      -6.766940557506  -1.01e+03   8.75e-05    4     4   3.37e-01
    1   1 +      -6.680300743536  -1.01e+03   8.28e-05    4     4   3.37e-01
    1   2 +      -6.680300741663  -1.01e+03   8.58e-05    4     4   3.37e-01
    1   3 +      -6.680300740660  -1.01e+03   8.65e-05    4     4   3.37e-01
ctns::twodot_decimation |lc1> (forward,cturn,dcut,inoise,noise)=1,0,64,2,0.0e+00
 decimation summary: 256->64  dwt=1.1e-16  SvN=2.6e+00
ctns::oper_renorm_opAll coord=(3,0) superblock=lc ifkr=1
timing for ctns::sweep_twodot : 4.85e-01 s
 t(procs) = 2.90e-02 s  per = 6  per(accum) = 6
 t(hdiag) = 1.00e-03 s  per = 0.21  per(accum) = 6.2
 t(dvdsn) = 3.40e-01 s  per = 70  per(accum) = 76
 t(decim) = 1.10e-02 s  per = 2.3  per(accum) = 79
 t(renrm) = 1.01e-01 s  per = 21  per(accum) = 99

isweep=1 ibond=3 bond=(3,0)-(4,0) (dots,forward,cturn)=(2,0,0)
----------------------------------------------------------------------
ctns::sweep_twodot
support info:
 suppc : 3
 suppc : 4
 suppl : 0 1 2
 suppr : 5
 ifln=0
qbond info:
 qbond: qc1 nsym=3 dimAll=4
 (0,0):1 (2,0):1 (1,0):2
 qbond: qc2 nsym=3 dimAll=4
 (0,0):1 (2,0):1 (1,0):2
 qbond: ql nsym=7 dimAll=64
 (0,0):1 (1,0):6 (2,0):15 (3,0):20 (4,0):15 (5,0):6 (6,0):1
 qbond: qr nsym=3 dimAll=4
 (0,0):1 (2,0):1 (1,0):2
qops info:
 c1qops: H:1 C:1 S:5 A:1 B:2 P:25 Q:30 
 c2qops: H:1 C:1 S:5 A:1 B:2 P:25 Q:30 
 lqops: H:1 C:3 S:3 A:9 B:12 P:9 Q:12 
 rqops: H:1 C:1 S:5 A:1 B:2 P:25 Q:30 
dim(localCI)=924
ctns::twodot_Hdiag ifkr=1
ctns::twodot_guess |c2r>
ctns::kr_dvdsonSolver::init_guess parity=0
 iguess=0 |psi+psiK|=2 |i(psi-psiK)|=9.3e-17
 iguess=1 |psi+psiK|=2 |i(psi-psiK)|=9.1e-17
 iguess=2 |psi+psiK|=2 |i(psi-psiK)|=1.7e-16
 iguess=3 |psi+psiK|=2 |i(psi-psiK)|=5.3e-16
 neig,nindp=4,4
ctns::kr_dvdsonSolver::solve_iter is_complex=1 parity=0
timing for HVecs : 0.34 s for nstate = 4
settings: ndim=924 neig=4 nbuff=4 maxcycle= 100
          damping=0.1 crit_v=0.0001 crit_e=1e-12 crit_indp=1e-12
iter   ieig        eigenvalue        ediff      rnorm   nsub  nmvp  time/s
    1   0 +      -6.766940557506  -1.01e+03   8.75e-05    4     4   3.38e-01
    1   1 +      -6.680300743536  -1.01e+03   8.28e-05    4     4   3.38e-01
    1   2 +      -6.680300741663  -1.01e+03   8.58e-05    4     4   3.38e-01
    1   3 +      -6.680300740660  -1.01e+03   8.65e-05    4     4   3.38e-01
ctns::twodot_decimation |c2r> (forward,cturn,dcut,inoise,noise)=0,0,64,2,0.0e+00
 decimation summary: 16->16  dwt=-2.2e-16  SvN=6.3e-01
ctns::oper_renorm_opAll coord=(4,0) superblock=cr ifkr=1
timing for ctns::sweep_twodot : 3.99e-01 s
 t(procs) = 3.10e-02 s  per = 7.8  per(accum) = 7.8
 t(hdiag) = 1.00e-03 s  per = 0.25  per(accum) = 8
 t(dvdsn) = 3.41e-01 s  per = 85  per(accum) = 93
 t(decim) = 2.00e-03 s  per = 0.5  per(accum) = 94
 t(renrm) = 2.10e-02 s  per = 5.3  per(accum) = 99

isweep=1 ibond=4 bond=(2,0)-(3,0) (dots,forward,cturn)=(2,0,0)
----------------------------------------------------------------------
ctns::sweep_twodot
support info:
 suppc : 2
 suppc : 3
 suppl : 0 1
 suppr : 4 5
 ifln=1
qbond info:
 qbond: qc1 nsym=3 dimAll=4
 (0,0):1 (2,0):1 (1,0):2
 qbond: qc2 nsym=3 dimAll=4
 (0,0):1 (2,0):1 (1,0):2
 qbond: ql nsym=5 dimAll=16
 (0,0):1 (1,0):4 (2,0):6 (3,0):4 (4,0):1
 qbond: qr nsym=5 dimAll=16
 (0,0):1 (1,0):4 (2,0):6 (3,0):4 (4,0):1
qops info:
 c1qops: H:1 C:1 S:5 A:1 B:2 P:25 Q:30 
 c2qops: H:1 C:1 S:5 A:1 B:2 P:25 Q:30 
 lqops: H:1 C:2 S:4 A:4 B:6 P:16 Q:20 
 rqops: H:1 C:2 S:4 A:4 B:6 P:16 Q:20 
dim(localCI)=924
ctns::twodot_Hdiag ifkr=1
ctns::twodot_guess |c2r>
ctns::kr_dvdsonSolver::init_guess parity=0
 iguess=0 |psi+psiK|=2 |i(psi-psiK)|=4.2e-17
 iguess=1 |psi+psiK|=2 |i(psi-psiK)|=8.8e-17
 iguess=2 |psi+psiK|=2 |i(psi-psiK)|=3.5e-17
 iguess=3 |psi+psiK|=2 |i(psi-psiK)|=1.9e-17
 neig,nindp=4,4
ctns::kr_dvdsonSolver::solve_iter is_complex=1 parity=0
timing for HVecs : 0.39 s for nstate = 4
settings: ndim=924 neig=4 nbuff=4 maxcycle= 100
          damping=0.1 crit_v=0.0001 crit_e=1e-12 crit_indp=1e-12
iter   ieig        eigenvalue        ediff      rnorm   nsub  nmvp  time/s
    1   0 +      -6.766940557506  -1.01e+03   8.75e-05    4     4   3.86e-01
    1   1 +      -6.680300743536  -1.01e+03   8.28e-05    4     4   3.86e-01
    1   2 +      -6.680300741663  -1.01e+03   8.58e-05    4     4   3.86e-01
    1   3 +      -6.680300740660  -1.01e+03   8.65e-05    4     4   3.86e-01
ctns::twodot_decimation |c2r> (forward,cturn,dcut,inoise,noise)=0,0,64,2,0.0e+00
 decimation summary: 64->64  dwt=0.0e+00  SvN=2.2e+00
ctns::oper_renorm_opAll coord=(3,0) superblock=cr ifkr=1
timing for ctns::sweep_twodot : 4.70e-01 s
 t(procs) = 1.40e-02 s  per = 3  per(accum) = 3
 t(hdiag) = 1.00e-03 s  per = 0.21  per(accum) = 3.2
 t(dvdsn) = 3.89e-01 s  per = 83  per(accum) = 86
 t(decim) = 3.00e-03 s  per = 0.64  per(accum) = 87
 t(renrm) = 6.10e-02 s  per = 13  per(accum) = 1e+02

isweep=1 ibond=5 bond=(1,0)-(2,0) (dots,forward,cturn)=(2,0,0)
----------------------------------------------------------------------
ctns::sweep_twodot
support info:
 suppc : 1
 suppc : 2
 suppl : 0
 suppr : 3 4 5
 ifln=1
qbond info:
 qbond: qc1 nsym=3 dimAll=4
 (0,0):1 (2,0):1 (1,0):2
 qbond: qc2 nsym=3 dimAll=4
 (0,0):1 (2,0):1 (1,0):2
 qbond: ql nsym=3 dimAll=4
 (0,0):1 (2,0):1 (1,0):2
 qbond: qr nsym=7 dimAll=64
 (0,0):1 (1,0):6 (2,0):15 (3,0):20 (4,0):15 (5,0):6 (6,0):1
qops info:
 c1qops: H:1 C:1 S:5 A:1 B:2 P:25 Q:30 
 c2qops: H:1 C:1 S:5 A:1 B:2 P:25 Q:30 
 lqops: H:1 C:1 S:5 A:1 B:2 P:25 Q:30 
 rqops: H:1 C:3 S:3 A:9 B:12 P:9 Q:12 
dim(localCI)=924
ctns::twodot_Hdiag ifkr=1
ctns::twodot_guess |c2r>
ctns::kr_dvdsonSolver::init_guess parity=0
 iguess=0 |psi+psiK|=2 |i(psi-psiK)|=2.6e-17
 iguess=1 |psi+psiK|=2 |i(psi-psiK)|=5.2e-17
 iguess=2 |psi+psiK|=2 |i(psi-psiK)|=3.8e-17
 iguess=3 |psi+psiK|=2 |i(psi-psiK)|=6.8e-17
 neig,nindp=4,4
ctns::kr_dvdsonSolver::solve_iter is_complex=1 parity=0
timing for HVecs : 0.33 s for nstate = 4
settings: ndim=924 neig=4 nbuff=4 maxcycle= 100
          damping=0.1 crit_v=0.0001 crit_e=1e-12 crit_indp=1e-12
iter   ieig        eigenvalue        ediff      rnorm   nsub  nmvp  time/s
    1   0 +      -6.766940557506  -1.01e+03   8.75e-05    4     4   3.34e-01
    1   1 +      -6.680300743536  -1.01e+03   8.28e-05    4     4   3.34e-01
    1   2 +      -6.680300741663  -1.01e+03   8.58e-05    4     4   3.34e-01
    1   3 +      -6.680300740660  -1.01e+03   8.65e-05    4     4   3.34e-01
ctns::twodot_decimation |c2r> (forward,cturn,dcut,inoise,noise)=0,0,64,2,0.0e+00
 decimation summary: 256->64  dwt=-2.2e-16  SvN=2.6e+00
ctns::oper_renorm_opAll coord=(2,0) superblock=cr ifkr=1
timing for ctns::sweep_twodot : 4.80e-01 s
 t(procs) = 2.80e-02 s  per = 5.8  per(accum) = 5.8
 t(hdiag) = 1.00e-03 s  per = 0.21  per(accum) = 6
 t(dvdsn) = 3.37e-01 s  per = 70  per(accum) = 76
 t(decim) = 1.00e-02 s  per = 2.1  per(accum) = 78
 t(renrm) = 1.02e-01 s  per = 21  per(accum) = 1e+02

======================================================================
sweep_data::summary isweep=1
----------------------------------------------------------------------
sweep parameters: isweep=1 dots=2 dcut=64 eps=0.0001 noise=0
 ibond=0 bond=(1,0)-(2,0) forward=1 deff=16 dwt=+2.22e-16 nmvp=20 e[0]=-6.76694055751 e[1]=-6.68030074354 e[2]=-6.68030074166 e[3]=-6.68030074066
 ibond=1 bond=(2,0)-(3,0) forward=1 deff=64 dwt=-2.22e-16 nmvp=4 e[0]=-6.76694055751 e[1]=-6.68030074354 e[2]=-6.68030074166 e[3]=-6.68030074066
 ibond=2 bond=(3,0)-(4,0) forward=1 deff=64 dwt=+1.11e-16 nmvp=4 e[0]=-6.76694055751 e[1]=-6.68030074354 e[2]=-6.68030074166 e[3]=-6.68030074066
 ibond=3 bond=(3,0)-(4,0) forward=0 deff=16 dwt=-2.22e-16 nmvp=4 e[0]=-6.76694055751 e[1]=-6.68030074354 e[2]=-6.68030074166 e[3]=-6.68030074066
 ibond=4 bond=(2,0)-(3,0) forward=0 deff=64 dwt=+0.00e+00 nmvp=4 e[0]=-6.76694055751 e[1]=-6.68030074354 e[2]=-6.68030074166 e[3]=-6.68030074066
 ibond=5 bond=(1,0)-(2,0) forward=0 deff=64 dwt=-2.22e-16 nmvp=4 e[0]=-6.76694055751 e[1]=-6.68030074354 e[2]=-6.68030074166 e[3]=-6.68030074066
min energies at pos=1   timing for sweep: 4.1 s
----------------------------------------------------------------------
summary of sweep optimization up to isweep=1
schedule: iter, dots, dcut, eps, noise | nmvp | timing/s | tav/s | taccum/s
         0 2 64 1.00e-04 1.00e-04 | 215 | 1.54e+01 | 7.15e-02 | 1.54e+01
         1 2 64 1.00e-04 0.00e+00 | 40 | 4.09e+00 | 1.02e-01 | 1.95e+01
results: iter, dwt, energies (delta_e)
         0 +1.11e-16 e[0]=-6.76694055617 (1.33e-09) e[1]=-6.68030071365 (2.99e-08) e[2]=-6.68030070979 (3.19e-08) e[3]=-6.68030070664 (3.40e-08)
         1 -2.22e-16 e[0]=-6.76694055751 (0.00e+00) e[1]=-6.68030074354 (0.00e+00) e[2]=-6.68030074166 (0.00e+00) e[3]=-6.68030074066 (0.00e+00)
======================================================================

======================================================================
sweep parameters: isweep=2 dots=2 dcut=64 eps=1.00e-04 noise=0.00e+00
======================================================================

isweep=2 ibond=0 bond=(1,0)-(2,0) (dots,forward,cturn)=(2,1,0)
----------------------------------------------------------------------
ctns::sweep_twodot
support info:
 suppc : 1
 suppc : 2
 suppl : 0
 suppr : 3 4 5
 ifln=1
qbond info:
 qbond: qc1 nsym=3 dimAll=4
 (0,0):1 (2,0):1 (1,0):2
 qbond: qc2 nsym=3 dimAll=4
 (0,0):1 (2,0):1 (1,0):2
 qbond: ql nsym=3 dimAll=4
 (0,0):1 (2,0):1 (1,0):2
 qbond: qr nsym=7 dimAll=64
 (0,0):1 (1,0):6 (2,0):15 (3,0):20 (4,0):15 (5,0):6 (6,0):1
qops info:
 c1qops: H:1 C:1 S:5 A:1 B:2 P:25 Q:30 
 c2qops: H:1 C:1 S:5 A:1 B:2 P:25 Q:30 
 lqops: H:1 C:1 S:5 A:1 B:2 P:25 Q:30 
 rqops: H:1 C:3 S:3 A:9 B:12 P:9 Q:12 
dim(localCI)=924
ctns::twodot_Hdiag ifkr=1
ctns::twodot_guess |lc1>
ctns::kr_dvdsonSolver::init_guess parity=0
 iguess=0 |psi+psiK|=2.00e+00 |i(psi-psiK)|=6.00e-17
 iguess=1 |psi+psiK|=2.00e+00 |i(psi-psiK)|=6.01e-17
 iguess=2 |psi+psiK|=2.00e+00 |i(psi-psiK)|=8.97e-17
 iguess=3 |psi+psiK|=2.00e+00 |i(psi-psiK)|=4.19e-16
 neig,nindp=4,4
ctns::kr_dvdsonSolver::solve_iter is_complex=1 parity=0
timing for HVecs : 3.54e-01 s for nstate = 4
settings: ndim=924 neig=4 nbuff=4 maxcycle= 100
          damping=0.1 crit_v=0.0001 crit_e=1e-12 crit_indp=1e-12
iter   ieig        eigenvalue        ediff      rnorm   nsub  nmvp  time/s
    1   0 +      -6.766940557506  -1.01e+03   8.75e-05    4     4   3.55e-01
    1   1 +      -6.680300743536  -1.01e+03   8.28e-05    4     4   3.55e-01
    1   2 +      -6.680300741663  -1.01e+03   8.58e-05    4     4   3.55e-01
    1   3 +      -6.680300740660  -1.01e+03   8.65e-05    4     4   3.55e-01
ctns::twodot_decimation |lc1> (forward,cturn,dcut,inoise,noise)=1,0,64,2,0.0e+00
 decimation summary: 16->16  dwt=2.2e-16  SvN=5.8e-01
ctns::oper_renorm_opAll coord=(1,0) superblock=lc ifkr=1
timing for ctns::sweep_twodot : 4.19e-01 s
 t(procs) = 3.10e-02 s  per = 7.4  per(accum) = 7.4
 t(hdiag) = 1.00e-03 s  per = 0.24  per(accum) = 7.6
 t(dvdsn) = 3.58e-01 s  per = 85  per(accum) = 93
 t(decim) = 3.00e-03 s  per = 0.72  per(accum) = 94
 t(renrm) = 2.40e-02 s  per = 5.7  per(accum) = 1e+02

isweep=2 ibond=1 bond=(2,0)-(3,0) (dots,forward,cturn)=(2,1,0)
----------------------------------------------------------------------
ctns::sweep_twodot
support info:
 suppc : 2
 suppc : 3
 suppl : 0 1
 suppr : 4 5
 ifln=1
qbond info:
 qbond: qc1 nsym=3 dimAll=4
 (0,0):1 (2,0):1 (1,0):2
 qbond: qc2 nsym=3 dimAll=4
 (0,0):1 (2,0):1 (1,0):2
 qbond: ql nsym=5 dimAll=16
 (0,0):1 (1,0):4 (2,0):6 (3,0):4 (4,0):1
 qbond: qr nsym=5 dimAll=16
 (0,0):1 (1,0):4 (2,0):6 (3,0):4 (4,0):1
qops info:
 c1qops: H:1 C:1 S:5 A:1 B:2 P:25 Q:30 
 c2qops: H:1 C:1 S:5 A:1 B:2 P:25 Q:30 
 lqops: H:1 C:2 S:4 A:4 B:6 P:16 Q:20 
 rqops: H:1 C:2 S:4 A:4 B:6 P:16 Q:20 
dim(localCI)=924
ctns::twodot_Hdiag ifkr=1
ctns::twodot_guess |lc1>
ctns::kr_dvdsonSolver::init_guess parity=0
 iguess=0 |psi+psiK|=2 |i(psi-psiK)|=6.6e-17
 iguess=1 |psi+psiK|=2 |i(psi-psiK)|=4.9e-17
 iguess=2 |psi+psiK|=2 |i(psi-psiK)|=1.8e-16
 iguess=3 |psi+psiK|=2 |i(psi-psiK)|=4.1e-16
 neig,nindp=4,4
ctns::kr_dvdsonSolver::solve_iter is_complex=1 parity=0
timing for HVecs : 0.39 s for nstate = 4
settings: ndim=924 neig=4 nbuff=4 maxcycle= 100
          damping=0.1 crit_v=0.0001 crit_e=1e-12 crit_indp=1e-12
iter   ieig        eigenvalue        ediff      rnorm   nsub  nmvp  time/s
    1   0 +      -6.766940557506  -1.01e+03   8.75e-05    4     4   3.93e-01
    1   1 +      -6.680300743536  -1.01e+03   8.28e-05    4     4   3.93e-01
    1   2 +      -6.680300741663  -1.01e+03   8.58e-05    4     4   3.93e-01
    1   3 +      -6.680300740660  -1.01e+03   8.65e-05    4     4   3.93e-01
ctns::twodot_decimation |lc1> (forward,cturn,dcut,inoise,noise)=1,0,64,2,0.0e+00
 decimation summary: 64->64  dwt=0.0e+00  SvN=2.1e+00
ctns::oper_renorm_opAll coord=(2,0) superblock=lc ifkr=1
timing for ctns::sweep_twodot : 4.79e-01 s
 t(procs) = 1.60e-02 s  per = 3.3  per(accum) = 3.3
 t(hdiag) = 2.00e-03 s  per = 0.42  per(accum) = 3.8
 t(dvdsn) = 3.96e-01 s  per = 83  per(accum) = 86
 t(decim) = 4.00e-03 s  per = 0.84  per(accum) = 87
 t(renrm) = 5.90e-02 s  per = 12  per(accum) = 1e+02

isweep=2 ibond=2 bond=(3,0)-(4,0) (dots,forward,cturn)=(2,1,0)
----------------------------------------------------------------------
ctns::sweep_twodot
support info:
 suppc : 3
 suppc : 4
 suppl : 0 1 2
 suppr : 5
 ifln=0
qbond info:
 qbond: qc1 nsym=3 dimAll=4
 (0,0):1 (2,0):1 (1,0):2
 qbond: qc2 nsym=3 dimAll=4
 (0,0):1 (2,0):1 (1,0):2
 qbond: ql nsym=7 dimAll=64
 (0,0):1 (1,0):6 (2,0):15 (3,0):20 (4,0):15 (5,0):6 (6,0):1
 qbond: qr nsym=3 dimAll=4
 (0,0):1 (2,0):1 (1,0):2
qops info:
 c1qops: H:1 C:1 S:5 A:1 B:2 P:25 Q:30 
 c2qops: H:1 C:1 S:5 A:1 B:2 P:25 Q:30 
 lqops: H:1 C:3 S:3 A:9 B:12 P:9 Q:12 
 rqops: H:1 C:1 S:5 A:1 B:2 P:25 Q:30 
dim(localCI)=924
ctns::twodot_Hdiag ifkr=1
ctns::twodot_guess |lc1>
ctns::kr_dvdsonSolver::init_guess parity=0
 iguess=0 |psi+psiK|=2 |i(psi-psiK)|=4.8e-17
 iguess=1 |psi+psiK|=2 |i(psi-psiK)|=4.4e-17
 iguess=2 |psi+psiK|=2 |i(psi-psiK)|=1.6e-16
 iguess=3 |psi+psiK|=2 |i(psi-psiK)|=1.3e-16
 neig,nindp=4,4
ctns::kr_dvdsonSolver::solve_iter is_complex=1 parity=0
timing for HVecs : 0.34 s for nstate = 4
settings: ndim=924 neig=4 nbuff=4 maxcycle= 100
          damping=0.1 crit_v=0.0001 crit_e=1e-12 crit_indp=1e-12
iter   ieig        eigenvalue        ediff      rnorm   nsub  nmvp  time/s
    1   0 +      -6.766940557506  -1.01e+03   8.75e-05    4     4   3.45e-01
    1   1 +      -6.680300743536  -1.01e+03   8.28e-05    4     4   3.45e-01
    1   2 +      -6.680300741663  -1.01e+03   8.58e-05    4     4   3.45e-01
    1   3 +      -6.680300740660  -1.01e+03   8.65e-05    4     4   3.45e-01
ctns::twodot_decimation |lc1> (forward,cturn,dcut,inoise,noise)=1,0,64,2,0.0e+00
 decimation summary: 256->64  dwt=-2.2e-16  SvN=2.6e+00
ctns::oper_renorm_opAll coord=(3,0) superblock=lc ifkr=1
timing for ctns::sweep_twodot : 4.90e-01 s
 t(procs) = 2.90e-02 s  per = 5.9  per(accum) = 5.9
 t(hdiag) = 1.00e-03 s  per = 0.2  per(accum) = 6.1
 t(dvdsn) = 3.48e-01 s  per = 71  per(accum) = 77
 t(decim) = 1.10e-02 s  per = 2.2  per(accum) = 79
 t(renrm) = 1.00e-01 s  per = 20  per(accum) = 1e+02

isweep=2 ibond=3 bond=(3,0)-(4,0) (dots,forward,cturn)=(2,0,0)
----------------------------------------------------------------------
ctns::sweep_twodot
support info:
 suppc : 3
 suppc : 4
 suppl : 0 1 2
 suppr : 5
 ifln=0
qbond info:
 qbond: qc1 nsym=3 dimAll=4
 (0,0):1 (2,0):1 (1,0):2
 qbond: qc2 nsym=3 dimAll=4
 (0,0):1 (2,0):1 (1,0):2
 qbond: ql nsym=7 dimAll=64
 (0,0):1 (1,0):6 (2,0):15 (3,0):20 (4,0):15 (5,0):6 (6,0):1
 qbond: qr nsym=3 dimAll=4
 (0,0):1 (2,0):1 (1,0):2
qops info:
 c1qops: H:1 C:1 S:5 A:1 B:2 P:25 Q:30 
 c2qops: H:1 C:1 S:5 A:1 B:2 P:25 Q:30 
 lqops: H:1 C:3 S:3 A:9 B:12 P:9 Q:12 
 rqops: H:1 C:1 S:5 A:1 B:2 P:25 Q:30 
dim(localCI)=924
ctns::twodot_Hdiag ifkr=1
ctns::twodot_guess |c2r>
ctns::kr_dvdsonSolver::init_guess parity=0
 iguess=0 |psi+psiK|=2 |i(psi-psiK)|=9.5e-17
 iguess=1 |psi+psiK|=2 |i(psi-psiK)|=1.3e-16
 iguess=2 |psi+psiK|=2 |i(psi-psiK)|=9.7e-17
 iguess=3 |psi+psiK|=2 |i(psi-psiK)|=1.2e-16
 neig,nindp=4,4
ctns::kr_dvdsonSolver::solve_iter is_complex=1 parity=0
timing for HVecs : 0.34 s for nstate = 4
settings: ndim=924 neig=4 nbuff=4 maxcycle= 100
          damping=0.1 crit_v=0.0001 crit_e=1e-12 crit_indp=1e-12
iter   ieig        eigenvalue        ediff      rnorm   nsub  nmvp  time/s
    1   0 +      -6.766940557506  -1.01e+03   8.75e-05    4     4   3.42e-01
    1   1 +      -6.680300743536  -1.01e+03   8.28e-05    4     4   3.42e-01
    1   2 +      -6.680300741663  -1.01e+03   8.58e-05    4     4   3.42e-01
    1   3 +      -6.680300740660  -1.01e+03   8.65e-05    4     4   3.42e-01
ctns::twodot_decimation |c2r> (forward,cturn,dcut,inoise,noise)=0,0,64,2,0.0e+00
 decimation summary: 16->16  dwt=0.0e+00  SvN=6.3e-01
ctns::oper_renorm_opAll coord=(4,0) superblock=cr ifkr=1
timing for ctns::sweep_twodot : 4.08e-01 s
 t(procs) = 3.20e-02 s  per = 7.8  per(accum) = 7.8
 t(hdiag) = 1.00e-03 s  per = 0.25  per(accum) = 8.1
 t(dvdsn) = 3.45e-01 s  per = 85  per(accum) = 93
 t(decim) = 3.00e-03 s  per = 0.74  per(accum) = 93
 t(renrm) = 2.60e-02 s  per = 6.4  per(accum) = 1e+02

isweep=2 ibond=4 bond=(2,0)-(3,0) (dots,forward,cturn)=(2,0,0)
----------------------------------------------------------------------
ctns::sweep_twodot
support info:
 suppc : 2
 suppc : 3
 suppl : 0 1
 suppr : 4 5
 ifln=1
qbond info:
 qbond: qc1 nsym=3 dimAll=4
 (0,0):1 (2,0):1 (1,0):2
 qbond: qc2 nsym=3 dimAll=4
 (0,0):1 (2,0):1 (1,0):2
 qbond: ql nsym=5 dimAll=16
 (0,0):1 (1,0):4 (2,0):6 (3,0):4 (4,0):1
 qbond: qr nsym=5 dimAll=16
 (0,0):1 (1,0):4 (2,0):6 (3,0):4 (4,0):1
qops info:
 c1qops: H:1 C:1 S:5 A:1 B:2 P:25 Q:30 
 c2qops: H:1 C:1 S:5 A:1 B:2 P:25 Q:30 
 lqops: H:1 C:2 S:4 A:4 B:6 P:16 Q:20 
 rqops: H:1 C:2 S:4 A:4 B:6 P:16 Q:20 
dim(localCI)=924
ctns::twodot_Hdiag ifkr=1
ctns::twodot_guess |c2r>
ctns::kr_dvdsonSolver::init_guess parity=0
 iguess=0 |psi+psiK|=2 |i(psi-psiK)|=4.5e-17
 iguess=1 |psi+psiK|=2 |i(psi-psiK)|=1e-16
 iguess=2 |psi+psiK|=2 |i(psi-psiK)|=1.6e-16
 iguess=3 |psi+psiK|=2 |i(psi-psiK)|=3.8e-16
 neig,nindp=4,4
ctns::kr_dvdsonSolver::solve_iter is_complex=1 parity=0
timing for HVecs : 0.39 s for nstate = 4
settings: ndim=924 neig=4 nbuff=4 maxcycle= 100
          damping=0.1 crit_v=0.0001 crit_e=1e-12 crit_indp=1e-12
iter   ieig        eigenvalue        ediff      rnorm   nsub  nmvp  time/s
    1   0 +      -6.766940557506  -1.01e+03   8.75e-05    4     4   3.87e-01
    1   1 +      -6.680300743536  -1.01e+03   8.28e-05    4     4   3.87e-01
    1   2 +      -6.680300741663  -1.01e+03   8.58e-05    4     4   3.87e-01
    1   3 +      -6.680300740660  -1.01e+03   8.65e-05    4     4   3.87e-01
ctns::twodot_decimation |c2r> (forward,cturn,dcut,inoise,noise)=0,0,64,2,0.0e+00
 decimation summary: 64->64  dwt=0.0e+00  SvN=2.2e+00
ctns::oper_renorm_opAll coord=(3,0) superblock=cr ifkr=1
timing for ctns::sweep_twodot : 4.75e-01 s
 t(procs) = 1.60e-02 s  per = 3.4  per(accum) = 3.4
 t(hdiag) = 2.00e-03 s  per = 0.42  per(accum) = 3.8
 t(dvdsn) = 3.91e-01 s  per = 82  per(accum) = 86
 t(decim) = 3.00e-03 s  per = 0.63  per(accum) = 87
 t(renrm) = 6.10e-02 s  per = 13  per(accum) = 1e+02

isweep=2 ibond=5 bond=(1,0)-(2,0) (dots,forward,cturn)=(2,0,0)
----------------------------------------------------------------------
ctns::sweep_twodot
support info:
 suppc : 1
 suppc : 2
 suppl : 0
 suppr : 3 4 5
 ifln=1
qbond info:
 qbond: qc1 nsym=3 dimAll=4
 (0,0):1 (2,0):1 (1,0):2
 qbond: qc2 nsym=3 dimAll=4
 (0,0):1 (2,0):1 (1,0):2
 qbond: ql nsym=3 dimAll=4
 (0,0):1 (2,0):1 (1,0):2
 qbond: qr nsym=7 dimAll=64
 (0,0):1 (1,0):6 (2,0):15 (3,0):20 (4,0):15 (5,0):6 (6,0):1
qops info:
 c1qops: H:1 C:1 S:5 A:1 B:2 P:25 Q:30 
 c2qops: H:1 C:1 S:5 A:1 B:2 P:25 Q:30 
 lqops: H:1 C:1 S:5 A:1 B:2 P:25 Q:30 
 rqops: H:1 C:3 S:3 A:9 B:12 P:9 Q:12 
dim(localCI)=924
ctns::twodot_Hdiag ifkr=1
ctns::twodot_guess |c2r>
ctns::kr_dvdsonSolver::init_guess parity=0
 iguess=0 |psi+psiK|=2 |i(psi-psiK)|=2.8e-17
 iguess=1 |psi+psiK|=2 |i(psi-psiK)|=1.6e-16
 iguess=2 |psi+psiK|=2 |i(psi-psiK)|=1.6e-16
 iguess=3 |psi+psiK|=2 |i(psi-psiK)|=5.2e-17
 neig,nindp=4,4
ctns::kr_dvdsonSolver::solve_iter is_complex=1 parity=0
timing for HVecs : 0.34 s for nstate = 4
settings: ndim=924 neig=4 nbuff=4 maxcycle= 100
          damping=0.1 crit_v=0.0001 crit_e=1e-12 crit_indp=1e-12
iter   ieig        eigenvalue        ediff      rnorm   nsub  nmvp  time/s
    1   0 +      -6.766940557506  -1.01e+03   8.75e-05    4     4   3.35e-01
    1   1 +      -6.680300743536  -1.01e+03   8.28e-05    4     4   3.35e-01
    1   2 +      -6.680300741663  -1.01e+03   8.58e-05    4     4   3.35e-01
    1   3 +      -6.680300740660  -1.01e+03   8.65e-05    4     4   3.35e-01
ctns::twodot_decimation |c2r> (forward,cturn,dcut,inoise,noise)=0,0,64,2,0.0e+00
 decimation summary: 256->64  dwt=-2.2e-16  SvN=2.6e+00
ctns::oper_renorm_opAll coord=(2,0) superblock=cr ifkr=1
timing for ctns::sweep_twodot : 4.93e-01 s
 t(procs) = 3.60e-02 s  per = 7.3  per(accum) = 7.3
 t(hdiag) = 1.00e-03 s  per = 0.2  per(accum) = 7.5
 t(dvdsn) = 3.38e-01 s  per = 69  per(accum) = 76
 t(decim) = 1.10e-02 s  per = 2.2  per(accum) = 78
 t(renrm) = 1.04e-01 s  per = 21  per(accum) = 99

======================================================================
sweep_data::summary isweep=2
----------------------------------------------------------------------
sweep parameters: isweep=2 dots=2 dcut=64 eps=0.0001 noise=0
 ibond=0 bond=(1,0)-(2,0) forward=1 deff=16 dwt=+2.22e-16 nmvp=4 e[0]=-6.76694055751 e[1]=-6.68030074354 e[2]=-6.68030074166 e[3]=-6.68030074066
 ibond=1 bond=(2,0)-(3,0) forward=1 deff=64 dwt=+0.00e+00 nmvp=4 e[0]=-6.76694055751 e[1]=-6.68030074354 e[2]=-6.68030074166 e[3]=-6.68030074066
 ibond=2 bond=(3,0)-(4,0) forward=1 deff=64 dwt=-2.22e-16 nmvp=4 e[0]=-6.76694055751 e[1]=-6.68030074354 e[2]=-6.68030074166 e[3]=-6.68030074066
 ibond=3 bond=(3,0)-(4,0) forward=0 deff=16 dwt=+0.00e+00 nmvp=4 e[0]=-6.76694055751 e[1]=-6.68030074354 e[2]=-6.68030074166 e[3]=-6.68030074066
 ibond=4 bond=(2,0)-(3,0) forward=0 deff=64 dwt=+0.00e+00 nmvp=4 e[0]=-6.76694055751 e[1]=-6.68030074354 e[2]=-6.68030074166 e[3]=-6.68030074066
 ibond=5 bond=(1,0)-(2,0) forward=0 deff=64 dwt=-2.22e-16 nmvp=4 e[0]=-6.76694055751 e[1]=-6.68030074354 e[2]=-6.68030074166 e[3]=-6.68030074066
min energies at pos=3   timing for sweep: 2.8 s
----------------------------------------------------------------------
summary of sweep optimization up to isweep=2
schedule: iter, dots, dcut, eps, noise | nmvp | timing/s | tav/s | taccum/s
         0 2 64 1.00e-04 1.00e-04 | 215 | 1.54e+01 | 7.15e-02 | 1.54e+01
         1 2 64 1.00e-04 0.00e+00 | 40 | 4.09e+00 | 1.02e-01 | 1.95e+01
         2 2 64 1.00e-04 0.00e+00 | 24 | 2.77e+00 | 1.15e-01 | 2.22e+01
results: iter, dwt, energies (delta_e)
         0 +1.11e-16 e[0]=-6.76694055617 (1.33e-09) e[1]=-6.68030071365 (2.99e-08) e[2]=-6.68030070979 (3.19e-08) e[3]=-6.68030070664 (3.40e-08)
         1 -2.22e-16 e[0]=-6.76694055751 (-1.95e-14) e[1]=-6.68030074354 (1.78e-15) e[2]=-6.68030074166 (8.88e-15) e[3]=-6.68030074066 (7.99e-15)
         2 +0.00e+00 e[0]=-6.76694055751 (0.00e+00) e[1]=-6.68030074354 (0.00e+00) e[2]=-6.68030074166 (0.00e+00) e[3]=-6.68030074066 (0.00e+00)
======================================================================

ctns::sweep_rwfuns
ctns::sweep_onedot
support info:
 suppc : 1
 suppl : 0
 suppr : 2 3 4 5
 ifln=1
qbond info:
 qbond: qc nsym=3 dimAll=4
 (0,0):1 (2,0):1 (1,0):2
 qbond: ql nsym=3 dimAll=4
 (0,0):1 (2,0):1 (1,0):2
 qbond: qr nsym=5 dimAll=64
 (2,0):4 (3,0):16 (4,0):24 (5,0):16 (6,0):4
qops info:
 cqops: H:1 C:1 S:5 A:1 B:2 P:25 Q:30 
 lqops: H:1 C:1 S:5 A:1 B:2 P:25 Q:30 
 rqops: H:1 C:4 S:2 A:16 B:20 P:4 Q:6 
dim(localCI)=280
ctns::kr_dvdsonSolver::init_guess parity=0
 iguess=0 |psi+psiK|=2.00e+00 |i(psi-psiK)|=1.85e-17
 iguess=1 |psi+psiK|=2.00e+00 |i(psi-psiK)|=4.30e-17
 iguess=2 |psi+psiK|=2.00e+00 |i(psi-psiK)|=1.22e-16
 iguess=3 |psi+psiK|=2.00e+00 |i(psi-psiK)|=3.28e-16
 neig,nindp=4,4
ctns::kr_dvdsonSolver::solve_iter is_complex=1 parity=0
timing for HVecs : 9.30e-02 s for nstate = 4
settings: ndim=280 neig=4 nbuff=4 maxcycle= 100
          damping=0.1 crit_v=0.0001 crit_e=1e-12 crit_indp=1e-12
iter   ieig        eigenvalue        ediff      rnorm   nsub  nmvp  time/s
    1   0 +      -6.766940557506  -1.01e+03   6.34e-05    4     4   9.30e-02
    1   1 +      -6.680300743536  -1.01e+03   5.84e-05    4     4   9.30e-02
    1   2 +      -6.680300741663  -1.01e+03   6.08e-05    4     4   9.30e-02
    1   3 +      -6.680300740660  -1.01e+03   6.21e-05    4     4   9.30e-02
ctns::onedot_decimation |cr> (forward,cturn,dcut,inoise,noise)=0,0,-1,0,0.0e+00
 decimation summary: 256->16  dwt=1.1e-16  SvN=2.3e+00
ctns::oper_renorm_opAll coord=(1,0) superblock=cr ifkr=1
timing for ctns::sweep_onedot : 1.64e-01 s
 t(procs) = 3.10e-02 s  per = 19  per(accum) = 19
 t(hdiag) = 0.00e+00 s  per = 0  per(accum) = 19
 t(dvdsn) = 9.40e-02 s  per = 57  per(accum) = 76
 t(decim) = 8.00e-03 s  per = 4.9  per(accum) = 81
 t(renrm) = 2.90e-02 s  per = 18  per(accum) = 99
deal with site0 by decimation for rsite0 & rwfuns
 decimation summary: 64->4  dwt=-4.4e-16  SvN=2

timing for ctns::opt_sweep : 23 s

ctns::rcanon_save fname=./scratch/rcanon_new.info
