
======================================================================
     FOCUS: a platform for exploring FermiOniC qUantum Simulation     
   							               
       :!!!!!!!!!    ^!!!7!:      :!7!!~~!:!!!!!:  ~!!!. :!!!!7:      
       .^G@P^^~?BJ ~GG!::~Y#P^  ^P#?^:^7G@^:5&#~.  ^J#! 7P:.:?&5      
         5@Y  !J :~&@^     ?&@^^B@?     .?. ?&B     :P  5&J7~^~~      
         5@G!?BB  ?&&:     :B@??&@^         ?&B     :P  .?5GB##P^     
         5@Y  :!  ^B@J     !@#:^B@Y      ^: ?&#     ~P  JJ   .~@5     
       .~G@P^:     ^5#5~^^7GY:  ^5&P7~~!?J: :5&5!~~!Y^  Y&5!^^7G^     
       :~~~~~:       .~!!~^.      .~77!~.     :!7!~^    :::~!!^       
   							               
                    Authors: Zhendong Li @ BNU2019   		       
======================================================================

TIME = Sat Jun 18 18:07:28 2022

GIT_HASH = 8586666d6309c1dd812219db890f663dd3b90fce

mpisize = 1 maxthreads = 4

input file = results/rinput.dat

schedule::read fname = results/rinput.dat
----------------------------------------------------------------------
nelec 6
twoms 0
integral_file moleinfo/fmole.info
scratch ./scratch

$sci
dets 
#0 1 2 3 4 5 
0 2 4 7 9 11
end
nroots 2
schedule
0 1.e-5
end
maxiter 3
$end

$ctns
qkind rNSz
nroots 2
maxdets 10000
thresh_proj 1.e-15
thresh_ortho 1.e-8 
topology_file topology/topo1
schedule
#0 2 10 1.e-4 0.0
#2 1 10 1.e-4 1.e-4
#4 1 10 1.e-5 0.0
#0 1 20 1.e-2 1.e-4
0 1 60 1.e-5 0.0
end
maxsweep 2
task_dmrg
$end

----------------------------------------------------------------------

===== schedule::print =====
scratch = ./scratch
dtype = 0
nelec = 6
twoms = 0
integral_file = moleinfo/fmole.info

===== params_sci::print =====
nroots = 2
no. of unique seeds = 1
0-th det: 0 2 4 7 9 11 
flip = 0
eps0 = 0.01
miniter = 0
maxiter = 3
schedule: iter eps1
0 1e-05
1 1e-05
2 1e-05
convergence parameters
deltaE = 1e-10
cisolver = 1
maxcycle = 100
crit_v = 0.0001
ifpt2 = 0
eps2 = 1e-08
iroot = 0
load = 0
ci_file = ci.info

===== params_ctns::print =====
qkind = rNSz
topology_file = topology/topo1
verbose = 0
task_init = 0
task_sdiag = 0
task_ham = 1
task_opt = 1
maxdets = 10000
thresh_proj = 1.000000e-15
thresh_ortho = 1.000000e-08
rdm_vs_svd = 1.500000e+00
nroots = 2
guess    = 1
dbranch  = 0
maxsweep = 2
maxbond = -1
lastdot = 0
schedule: isweep, dots, dcut, eps, noise
0 1 60 1.000000e-05 0.000000e+00
1 1 60 1.000000e-05 0.000000e+00
alg_hvec = 3
alg_renorm = 2
save_formulae = 0
sort_formulae = 1
ifdist1 = 0
cisolver = 1
maxcycle = 100
rcanon_load = 0
rcanon_file = rcanon.info
iomode = 0
ioasync = 0
iroot = 0
nsample = 100000
ndetprt = 10

io::create_scratch scratch=./scratch

ctns::topology::read fname=topology/topo1
0
1
2
3
4
5

ctns::topology::print ntotal=6 nphysical=6 nbackbone=6
topo:
 i=0 : 0 
 i=1 : 1 
 i=2 : 2 
 i=3 : 3 
 i=4 : 4 
 i=5 : 5 
rcoord:
 idx=0 coord=(5,0) node: pindex=5 type=0 center=(-1,-1) left=(4,0) right=(-2,-2)
 idx=1 coord=(4,0) node: pindex=4 type=1 center=(-1,-1) left=(3,0) right=(5,0)
 idx=2 coord=(3,0) node: pindex=3 type=1 center=(-1,-1) left=(2,0) right=(4,0)
 idx=3 coord=(2,0) node: pindex=2 type=1 center=(-1,-1) left=(1,0) right=(3,0)
 idx=4 coord=(1,0) node: pindex=1 type=1 center=(-1,-1) left=(0,0) right=(2,0)
 idx=5 coord=(0,0) node: pindex=0 type=0 center=(-1,-1) left=(-2,-2) right=(1,0)
rsupport/lsupport:
 idx=0 coord=(5,0) rsupport: 5 ; lsupport: 0 1 2 3 4 
 idx=1 coord=(4,0) rsupport: 4 5 ; lsupport: 0 1 2 3 
 idx=2 coord=(3,0) rsupport: 3 4 5 ; lsupport: 0 1 2 
 idx=3 coord=(2,0) rsupport: 2 3 4 5 ; lsupport: 0 1 
 idx=4 coord=(1,0) rsupport: 1 2 3 4 5 ; lsupport: 0 
 idx=5 coord=(0,0) rsupport: 0 1 2 3 4 5 ; lsupport: 
corbs/rorbs/lorbs:
 idx=0 coord=(5,0) corbs: 5 ; rorbs: ; lorbs: 0 1 2 3 4 
 idx=1 coord=(4,0) corbs: 4 ; rorbs: 5 ; lorbs: 0 1 2 3 
 idx=2 coord=(3,0) corbs: 3 ; rorbs: 4 5 ; lorbs: 0 1 2 
 idx=3 coord=(2,0) corbs: 2 ; rorbs: 3 4 5 ; lorbs: 0 1 
 idx=4 coord=(1,0) corbs: 1 ; rorbs: 2 3 4 5 ; lorbs: 0 
 idx=5 coord=(0,0) corbs: 0 ; rorbs: 1 2 3 4 5 ; lorbs: 
image2:
 0 1 2 3 4 5 6 7 8 9 10 11

fci::ci_load fname=./scratch/ci.info

fci::ci_truncate maxdets=10000 ifortho=1
 reduction from 399 to 399 dets
 iroot=0 ova=1.000000000000e+00
 iroot=1 ova=1.000000000000e+00

ctns::rcanon_init qkind=rNSz

ctns::init_rbases rdm_vs_svd=1.50e+00 thresh_proj=1.00e-15

idx=0 node=(5,0) type=0 rsupport=5 

idx=1 node=(4,0) type=1 rsupport=4 5 

idx=2 node=(3,0) type=1 rsupport=3 4 5 

idx=3 node=(2,0) type=1 rsupport=2 3 4 5 

idx=4 node=(1,0) type=1 rsupport=1 2 3 4 5 
ctns::right_projection<Km> thresh_proj=1.00e-15
ctns::right_projection<Km> thresh_proj=1.00e-15
ctns::right_projection<Km> thresh_proj=1.00e-15
ctns::right_projection<Km> thresh_proj=1.00e-15
 qr=(0,0) dimB,dimBi=1,1 popBi=1.23e-04 popBc=1.23e-04 1-popBc=1.00e+00
 qr=(0,0) dimB,dimBi=1,1 popBi=2.59e-12 popBc=2.59e-12 1-popBc=1.00e+00
 qr=(1,-1) dimB,dimBi=2,2 popBi=4.98e-02 popBc=4.99e-02 1-popBc=9.50e-01
 qr=(1,1) dimB,dimBi=2,2 popBi=4.95e-02 popBc=9.94e-02 1-popBc=9.01e-01
 qr=(2,-2) dimB,dimBi=1,1 popBi=1.40e-02 popBc=1.13e-01 1-popBc=8.87e-01
 qr=(2,0) dimB,dimBi=4,4 popBi=7.93e-01 popBc=9.06e-01 1-popBc=9.40e-02
 qr=(2,2) dimB,dimBi=1,1 popBi=1.39e-02 popBc=9.20e-01 1-popBc=8.00e-02
 qr=(3,-1) dimB,dimBi=2,2 popBi=3.99e-02 popBc=9.60e-01 1-popBc=4.02e-02
 qr=(1,-1) dimB,dimBi=3,3 popBi=1.06e-04 popBc=1.06e-04 1-popBc=1.00e+00
 qr=(3,1) dimB,dimBi=2,2 popBi=3.98e-02 popBc=1.00e+00 1-popBc=3.70e-04
 qr=(4,0) dimB,dimBi=100,2 popBi= qr=1.56e-01 popBc=1.56e-01 1-popBc=8.44e-01
 qr=(4,0) dimB,dimBi=1,1 popBi=3.70e-04 popBc=1.00e+00 1-popBc=-4.44e-16
dim(space,lspace,rspace)=399,195,16 dimBc=16 popBc=1.00e+00 SvN=1.91e+00
 qr=----- TIMING FOR ctns::right_projection<Km> : 3.000e-03 S -----
(2,0) dimB,dimBi=16,2 popBi=0.00037 popBc=0.00037 1-popBc=1
(1,1) dimB,dimBi=3,3 popBi=0.000105 popBc=0.000211 1-popBc=1
 qr=(5,-1) dimB,dimBi=100,2 popBi=0.366 popBc=0.522 1-popBc=0.478
 qr=(2,-2) dimB,dimBi=3,3 popBi=0.000749 popBc=0.00096 1-popBc=0.999
 qr=(3,-1) dimB,dimBi=24,4 popBi=0.0399 popBc=0.0402 1-popBc=0.96
 qr= qr=(2,0) dimB,dimBi=9,9 popBi=(5,1) dimB,dimBi=0.162 popBc=0.163 1-popBc=99,2 popBi=0.837
0.365 popBc=0.887 1-popBc=0.113
 qr=(2,2) dimB,dimBi=3,3 popBi=0.000738 popBc=0.163 1-popBc=0.837
 qr=(3,-3) dimB,dimBi=1,1 popBi=3.22e-06 popBc=0.163 1-popBc=0.837
 qr=(3,1) dimB,dimBi=24,4 popBi=0.0398 popBc=0.08 1-popBc=0.92
 qr=(3,-1) dimB,dimBi=9,9 popBi=0.337 popBc=0.5 1-popBc=0.5
 qr=(6,0) dimB,dimBi=100,2 popBi=0.113 popBc=1 1-popBc=2.22e-16

idx=5 node=(0,0) type=0 rsupport=0 1 2 3 4 5 
 qr=(3,1) dimB,dimBi=9,9 popBi=0.336 popBc=0.837 1-popBc=0.163
 qr=(4,-2) dimB,dimBi=16,2 popBi=0.014 popBc=0.094 1-popBc=0.906
dim(space,lspace,rspace)=399,4,399 dimBc=8 popBc=1 SvN=2.55
----- TIMING FOR ctns::right_projection<Km> : 3.000e-03 S -----
 qr=(4,-2) dimB,dimBi=3,3 popBi=0.000749 popBc=0.837 1-popBc=0.163
 qr=(4,0) dimB,dimBi=36,8 popBi=0.793 popBc=0.887 1-popBc=0.113
 qr=(4,0) dimB,dimBi=9,9 popBi=0.162 popBc=0.999 1-popBc=0.000949
 qr=(4,2) dimB,dimBi=3,3 popBi=0.000738 popBc=1 1-popBc=0.000211
 qr=(4,2) dimB,dimBi=15,2 popBi=0.0139 popBc=0.901 1-popBc=0.0994
 qr=(5,-1) dimB,dimBi=3,3 popBi=0.000106 popBc=1 1-popBc=0.000105
 qr=(5,-1) dimB,dimBi=24,4 popBi=0.0498 popBc=0.95 1-popBc=0.0496
 qr=(5,1) dimB,dimBi=3,3 popBi=0.000105 popBc=1 1-popBc=2.59e-12
 qr=(6,0) dimB,dimBi=1,1 popBi=2.59e-12 popBc=1 1-popBc=2.22e-16
 qr=dim(space,lspace,rspace)=399,(5,1) dimB,dimBi=24,63,63 dimBc=63 popBc=1 SvN=42.78
----- TIMING FOR ctns::right_projection<Km> : 3.000e-03 S -----
 popBi=0.0495 popBc=1 1-popBc=0.000123
 qr=(6,0) dimB,dimBi=16,2 popBi=0.000123 popBc=1 1-popBc=9.99e-16
dim(space,lspace,rspace)=399,16,195 dimBc=32 popBc=1 SvN=2.14
----- TIMING FOR ctns::right_projection<Km> : 3.000e-03 S -----
ctns::right_projection<Km> thresh_proj=1.00e-15
 qr=(6,0) dimB,dimBi=399,2 popBi=1.00e+00 popBc=1.00e+00 1-popBc=1.11e-16
dim(space,lspace,rspace)=399,1,399 dimBc=2 popBc=1.00e+00 SvN=1.00e+00
----- TIMING FOR ctns::right_projection<Km> : 1.000e-03 S -----

final rbases with thresh_proj=1e-15
 idx=0 node=(5,0) type=0 shape=4,4
 idx=1 node=(4,0) type=1 shape=16,16
 idx=2 node=(3,0) type=1 shape=63,63
 idx=3 node=(2,0) type=1 shape=195,32
 idx=4 node=(1,0) type=1 shape=399,8
 idx=5 node=(0,0) type=0 shape=399,2
maximum bond dimension = 63
----- TIMING FOR ctns::init_rbases : 6.000e-03 S -----

ctns::init_rsites qkind=rNSz thresh_ortho=1e-08
 idx=0 node=(5,0)[0]ctns::get_right_bsite isym=2
 shape(l,r,c)=(4,1,4) maxdiff=0.000e+00 TIMING=0.000e+00 S
 idx=1 node=(4,0)[1] shape(l,r,c)=(16,4,4) maxdiff=1.048e-15 TIMING=0.000e+00 S
 idx=2 node=(3,0)[1] shape(l,r,c)=(63,16,4) maxdiff=3.129e-15 TIMING=0.000e+00 S
 idx=3 node=(2,0)[1] shape(l,r,c)=(32,63,4) maxdiff=2.377e-15 TIMING=0.000e+00 S
 idx=4 node=(1,0)[1] shape(l,r,c)=(8,32,4) maxdiff=8.916e-16 TIMING=0.000e+00 S
 idx=5 node=(0,0)[0] shape(l,r,c)=(2,8,4) maxdiff=7.112e-16 TIMING=0.000e+00 S
----- TIMING FOR ctns::init_rsites : 1.000e-03 S -----

ctns::init_rwfuns qkind=rNSz thresh_ortho=1e-08
matrix: rwfuns size=(2,2)
     -1.35e-16       1.00e+00 
      1.00e+00       3.12e-17 

check state overlaps ...
matrix: ova_rwfuns size=(2,2)
      1.0000e+00      -1.0408e-16 
     -1.0408e-16       1.0000e+00 
matrix: ova0_vs size=(2,2)
      1.0000e+00       0.0000e+00 
      0.0000e+00       1.0000e+00 
diff of ova matrices = 3.641e-16
----- TIMING FOR ctns::init_rwfuns : 0.000e+00 S -----
----- TIMING FOR ctns::rcanon_init : 8.000e-03 S -----

ctns::rcanon_save fname=./scratch/rcanon.info

ctns::rcanon_check thresh_ortho=1.00e-08
 idx=0 node=(5,0) Dtot=4 maxdiff=0.00e+00
 idx=1 node=(4,0) Dtot=16 maxdiff=1.05e-15
 idx=2 node=(3,0) Dtot=63 maxdiff=3.13e-15
 idx=3 node=(2,0) Dtot=32 maxdiff=2.38e-15
 idx=4 node=(1,0) Dtot=8 maxdiff=8.92e-16
 idx=5 node=(0,0) Dtot=2 maxdiff=7.11e-16

integral::load fname = moleinfo/fmole.info
sorb = 12
size(int1e) = 144:1.10e-03MB:1.07e-06GB
size(int2e) = 2277:1.74e-02MB:1.70e-05GB
----- TIMING FOR integral::load_integral : 1.000e-03 S -----

io::remove_scratch scratch=./scratch/sweep
successfully removed ./scratch/sweep

io::create_scratch scratch=./scratch/sweep
successfully created ./scratch/sweep

ctns::oper_env_right qkind=rNSz
----- TIMING FOR ctns::oper_init : 6.000e-03 S -----
T[ctns::oper_init](comp/save/tot)=0,0,0

idx=1 coord=(4,0)
TIMING for Renormalization : 0.007  T(cal/comm)=0.007,0

idx=2 coord=(3,0)
TIMING for Renormalization : 0.007  T(cal/comm)=0.007,0

idx=3 coord=(2,0)
TIMING for Renormalization : 0.006  T(cal/comm)=0.006,0

idx=4 coord=(1,0)
TIMING for Renormalization : 0.002  T(cal/comm)=0.002,0

idx=5 coord=(0,0)
TIMING for Renormalization : 0.002  T(cal/comm)=0.002,0
----- TIMING FOR ctns::oper_env_right : 3.900e-02 S -----
T[ctns::oper_env_right](init/load/comp/save/tot)=0.006,0.002,0.025,0,0.033
matrix: Hij size=(2,2)
     -3.23605710e+00      -3.01664597e-15 
     -3.01664597e-15      -2.88488492e+00 
matrix: Sij size=(2,2)
      1.0000e+00       5.7273e-16 
      6.6193e-16       1.0000e+00 

ctns::sweep_opt maxsweep=2
ctns::get_left_bsite isym=2

ctns::topology::get_sweeps
 ibond=0 bond=(1,0)-(2,0) forward=1 cturn=0
 ibond=1 bond=(2,0)-(3,0) forward=1 cturn=0
 ibond=2 bond=(3,0)-(4,0) forward=1 cturn=0
 ibond=3 bond=(3,0)-(4,0) forward=0 cturn=0
 ibond=4 bond=(2,0)-(3,0) forward=0 cturn=0
 ibond=5 bond=(1,0)-(2,0) forward=0 cturn=0
======================================================================
sweep parameters: isweep=0 dots=1 dcut=60 eps=1e-05 noise=0
======================================================================

isweep=0 ibond=0/seqsize=6 dots=1 dbond=(1,0)-(2,0) forward=1 cturn=0
----------------------------------------------------------------------
ctns::sweep_onedot alg_hvec=3 alg_renorm=2 mpisize=1 maxthreads=4
ctns::topology::check_partition: (sl,sr,sc)=1,4,1 ifNC=1
wf3(diml,dimr,dimc)=(4,32,4) nnz=72:0.0005493MB
iter   ieig        eigenvalue        ediff      rnorm   nsub  nmvp   time/s    tav/s
    1   0 -      -3.236057099110  -1.00e+03   6.70e-05    2     2   1.00e-03  5.00e-04
    1   1 -      -2.884884917264  -1.00e+03   1.53e-04    2     2   1.00e-03  5.00e-04
    2   0 -      -3.236057118912  -1.98e-08   7.18e-05    4     4   2.00e-03  5.00e-04
    2   1 -      -3.025097892842  -1.40e-01   2.05e-01    4     4   2.00e-03  5.00e-04
    3   0 -      -3.236057122798  -3.89e-09   2.57e-05    4     6   3.00e-03  5.00e-04
    3   1 -      -3.051652206594  -2.66e-02   6.32e-02    4     6   3.00e-03  5.00e-04
    4   0 -      -3.236057123236  -4.38e-10   1.21e-05    4     8   3.00e-03  3.75e-04
    4   1 -      -3.054540817116  -2.89e-03   3.19e-02    4     8   3.00e-03  3.75e-04
    5   0 +      -3.236057123353  -1.17e-10   7.44e-06    4    10   4.00e-03  4.00e-04
    5   1 -      -3.055455930379  -9.15e-04   2.17e-02    4    10   4.00e-03  4.00e-04
    6   0 +      -3.236057123389  -3.61e-11   4.03e-06    3    11   4.00e-03  3.64e-04
    6   1 -      -3.055813042792  -3.57e-04   1.31e-02    3    11   4.00e-03  3.64e-04
    7   0 +      -3.236057123401  -1.14e-11   2.92e-06    3    12   5.00e-03  4.17e-04
    7   1 -      -3.055969618572  -1.57e-04   9.84e-03    3    12   5.00e-03  4.17e-04
    8   0 +      -3.236057123406  -4.94e-12   2.02e-06    3    13   5.00e-03  3.85e-04
    8   1 -      -3.056044569432  -7.50e-05   6.51e-03    3    13   5.00e-03  3.85e-04
    9   0 +      -3.236057123408  -2.04e-12   1.69e-06    3    14   6.00e-03  4.29e-04
    9   1 -      -3.056083054853  -3.85e-05   5.10e-03    3    14   6.00e-03  4.29e-04
   10   0 +      -3.236057123409  -1.25e-12   1.38e-06    3    15   6.00e-03  4.00e-04
   10   1 -      -3.056103694505  -2.06e-05   3.58e-03    3    15   6.00e-03  4.00e-04
   11   0 +      -3.236057123409  -4.25e-13   1.29e-06    3    16   6.00e-03  3.75e-04
   11   1 -      -3.056115149931  -1.15e-05   2.86e-03    3    16   6.00e-03  3.75e-04
   12   0 +      -3.236057123410  -4.49e-13   1.17e-06    3    17   7.00e-03  4.12e-04
   12   1 -      -3.056121842747  -6.69e-06   2.12e-03    3    17   7.00e-03  4.12e-04
   13   0 +      -3.236057123410  -1.18e-13   1.15e-06    3    18   7.00e-03  3.89e-04
   13   1 -      -3.056125882127  -4.04e-06   1.73e-03    3    18   7.00e-03  3.89e-04
   14   0 +      -3.236057123410  -1.75e-13   1.10e-06    3    19   8.00e-03  4.21e-04
   14   1 -      -3.056128429673  -2.55e-06   1.33e-03    3    19   8.00e-03  4.21e-04
   15   0 +      -3.236057123410  -5.46e-14   1.09e-06    3    20   8.00e-03  4.00e-04
   15   1 -      -3.056130069103  -1.64e-06   1.12e-03    3    20   8.00e-03  4.00e-04
   16   0 +      -3.236057123410  -7.02e-14   1.07e-06    3    21   8.00e-03  3.81e-04
   16   1 -      -3.056131142550  -1.07e-06   8.66e-04    3    21   8.00e-03  3.81e-04
   17   0 +      -3.236057123410  -2.80e-14   1.07e-06    3    22   9.00e-03  4.09e-04
   17   1 -      -3.056131852198  -7.10e-07   7.38e-04    3    22   9.00e-03  4.09e-04
   18   0 +      -3.236057123410  -3.33e-14   1.06e-06    3    23   9.00e-03  3.91e-04
   18   1 -      -3.056132324788  -4.73e-07   5.72e-04    3    23   9.00e-03  3.91e-04
   19   0 +      -3.236057123410  -1.47e-14   1.06e-06    3    24   1.00e-02  4.17e-04
   19   1 -      -3.056132641286  -3.16e-07   4.93e-04    3    24   1.00e-02  4.17e-04
   20   0 +      -3.236057123410  -1.60e-14   1.06e-06    3    25   1.00e-02  4.00e-04
   20   1 -      -3.056132854121  -2.13e-07   3.83e-04    3    25   1.00e-02  4.00e-04
   21   0 +      -3.236057123410  -7.99e-15   1.05e-06    3    26   1.10e-02  4.23e-04
   21   1 -      -3.056132997771  -1.44e-07   3.32e-04    3    26   1.10e-02  4.23e-04
   22   0 +      -3.236057123410  -7.99e-15   1.05e-06    3    27   1.10e-02  4.07e-04
   22   1 -      -3.056133094976  -9.72e-08   2.58e-04    3    27   1.10e-02  4.07e-04
   23   0 +      -3.236057123410  -5.77e-15   1.05e-06    3    28   1.10e-02  3.93e-04
   23   1 -      -3.056133160914  -6.59e-08   2.25e-04    3    28   1.10e-02  3.93e-04
   24   0 +      -3.236057123410  -3.55e-15   1.05e-06    3    29   1.20e-02  4.14e-04
   24   1 -      -3.056133205718  -4.48e-08   1.75e-04    3    29   1.20e-02  4.14e-04
   25   0 +      -3.236057123410  -2.66e-15   1.05e-06    3    30   1.20e-02  4.00e-04
   25   1 -      -3.056133236210  -3.05e-08   1.53e-04    3    30   1.20e-02  4.00e-04
   26   0 +      -3.236057123410  -4.44e-16   1.05e-06    3    31   1.20e-02  3.87e-04
   26   1 -      -3.056133256986  -2.08e-08   1.19e-04    3    31   1.20e-02  3.87e-04
   27   0 +      -3.236057123410  -3.11e-15   1.05e-06    3    32   1.30e-02  4.06e-04
   27   1 -      -3.056133271156  -1.42e-08   1.04e-04    3    32   1.30e-02  4.06e-04
   28   0 +      -3.236057123410  -1.78e-15   1.05e-06    3    33   1.30e-02  3.94e-04
   28   1 -      -3.056133280828  -9.67e-09   8.08e-05    3    33   1.30e-02  3.94e-04
   29   0 +      -3.236057123410  -8.88e-16   1.05e-06    3    34   1.40e-02  4.12e-04
   29   1 -      -3.056133287434  -6.61e-09   7.09e-05    3    34   1.40e-02  4.12e-04
   30   0 +      -3.236057123410  -4.44e-16   1.05e-06    3    35   1.40e-02  4.00e-04
   30   1 -      -3.056133291949  -4.51e-09   5.51e-05    3    35   1.40e-02  4.00e-04
   31   0 +      -3.236057123410   0.00e+00   1.05e-06    3    36   1.50e-02  4.17e-04
   31   1 -      -3.056133295035  -3.09e-09   4.85e-05    3    36   1.50e-02  4.17e-04
   32   0 +      -3.236057123410  -1.33e-15   1.05e-06    3    37   1.50e-02  4.05e-04
   32   1 -      -3.056133297146  -2.11e-09   3.76e-05    3    37   1.50e-02  4.05e-04
   33   0 +      -3.236057123410   0.00e+00   1.05e-06    3    38   1.50e-02  3.95e-04
   33   1 -      -3.056133298590  -1.44e-09   3.31e-05    3    38   1.50e-02  3.95e-04
   34   0 +      -3.236057123410  -8.88e-16   1.05e-06    3    39   1.60e-02  4.10e-04
   34   1 -      -3.056133299578  -9.88e-10   2.57e-05    3    39   1.60e-02  4.10e-04
   35   0 +      -3.236057123410   0.00e+00   1.05e-06    3    40   1.60e-02  4.00e-04
   35   1 -      -3.056133300254  -6.76e-10   2.26e-05    3    40   1.60e-02  4.00e-04
   36   0 +      -3.236057123410   1.33e-15   1.05e-06    3    41   1.60e-02  3.90e-04
   36   1 -      -3.056133300717  -4.63e-10   1.76e-05    3    41   1.60e-02  3.90e-04
   37   0 +      -3.236057123410  -1.33e-15   1.05e-06    3    42   1.70e-02  4.05e-04
   37   1 -      -3.056133301033  -3.17e-10   1.55e-05    3    42   1.70e-02  4.05e-04
   38   0 +      -3.236057123410   0.00e+00   1.05e-06    3    43   1.70e-02  3.95e-04
   38   1 -      -3.056133301250  -2.17e-10   1.20e-05    3    43   1.70e-02  3.95e-04
   39   0 +      -3.236057123410   8.88e-16   1.05e-06    3    44   1.80e-02  4.09e-04
   39   1 -      -3.056133301399  -1.49e-10   1.06e-05    3    44   1.80e-02  4.09e-04
   40   0 +      -3.236057123410  -1.78e-15   1.05e-06    3    45   1.80e-02  4.00e-04
   40   1 +      -3.056133301500  -1.02e-10   8.24e-06    3    45   1.80e-02  4.00e-04
TIMING for Davidson : 1.80e-02  T(cal/comm/rest)=0.00e+00,0.00e+00,1.80e-02
decimation summary: 16->16 dwt=-2.22e-16 SvN=1.94e+00
TIMING for Renormalization : 5.00e-03  T(cal/comm)=5.00e-03,0.00e+00

isweep=0 ibond=1/seqsize=6 dots=1 dbond=(2,0)-(3,0) forward=1 cturn=0
----------------------------------------------------------------------
ctns::sweep_onedot alg_hvec=3 alg_renorm=2 mpisize=1 maxthreads=4
ctns::topology::check_partition: (sl,sr,sc)=2,3,1 ifNC=1
wf3(diml,dimr,dimc)=(16,63,4) nnz=399:3.04e-03MB
iter   ieig        eigenvalue        ediff      rnorm   nsub  nmvp   time/s    tav/s
    1   0 -      -3.236057123410  -1.00e+03   7.62e-05    2     2   3.00e-03  1.50e-03
    1   1 -      -3.056133301500  -1.00e+03   7.28e-02    2     2   3.00e-03  1.50e-03
    2   0 -      -3.236057125466  -2.06e-09   1.80e-05    4     4   6.00e-03  1.50e-03
    2   1 -      -3.060968125514  -4.83e-03   3.81e-02    4     4   6.00e-03  1.50e-03
    3   0 +      -3.236057125641  -1.75e-10   8.01e-06    4     6   8.00e-03  1.33e-03
    3   1 -      -3.061891054526  -9.23e-04   1.95e-02    4     6   8.00e-03  1.33e-03
    4   0 +      -3.236057125681  -3.92e-11   5.33e-06    3     7   1.00e-02  1.43e-03
    4   1 -      -3.062183216061  -2.92e-04   1.40e-02    3     7   1.00e-02  1.43e-03
    5   0 +      -3.236057125693  -1.25e-11   3.50e-06    3     8   1.10e-02  1.37e-03
    5   1 -      -3.062301907336  -1.19e-04   8.36e-03    3     8   1.10e-02  1.37e-03
    6   0 +      -3.236057125698  -4.30e-12   2.91e-06    3     9   1.30e-02  1.44e-03
    6   1 -      -3.062353293502  -5.14e-05   6.43e-03    3     9   1.30e-02  1.44e-03
    7   0 +      -3.236057125699  -1.57e-12   2.55e-06    3    10   1.40e-02  1.40e-03
    7   1 -      -3.062377809298  -2.45e-05   4.06e-03    3    10   1.40e-02  1.40e-03
    8   0 +      -3.236057125700  -6.45e-13   2.43e-06    3    11   1.50e-02  1.36e-03
    8   1 -      -3.062389872246  -1.21e-05   3.20e-03    3    11   1.50e-02  1.36e-03
    9   0 +      -3.236057125700  -2.03e-13   2.37e-06    3    12   1.70e-02  1.42e-03
    9   1 -      -3.062395943957  -6.07e-06   2.06e-03    3    12   1.70e-02  1.42e-03
   10   0 +      -3.236057125700  -1.11e-13   2.34e-06    3    13   1.80e-02  1.38e-03
   10   1 -      -3.062399042718  -3.10e-06   1.64e-03    3    13   1.80e-02  1.38e-03
   11   0 +      -3.236057125700  -1.42e-14   2.34e-06    3    14   2.00e-02  1.43e-03
   11   1 -      -3.062400644227  -1.60e-06   1.08e-03    3    14   2.00e-02  1.43e-03
   12   0 +      -3.236057125700  -3.11e-14   2.33e-06    3    15   2.10e-02  1.40e-03
   12   1 -      -3.062401478975  -8.35e-07   8.63e-04    3    15   2.10e-02  1.40e-03
   13   0 +      -3.236057125700  -2.66e-15   2.33e-06    3    16   2.20e-02  1.37e-03
   13   1 -      -3.062401921466  -4.42e-07   5.77e-04    3    16   2.20e-02  1.37e-03
   14   0 +      -3.236057125700  -1.64e-14   2.32e-06    3    17   2.40e-02  1.41e-03
   14   1 -      -3.062402157617  -2.36e-07   4.65e-04    3    17   2.40e-02  1.41e-03
   15   0 +      -3.236057125700  -9.77e-15   2.31e-06    3    18   2.50e-02  1.39e-03
   15   1 -      -3.062402287556  -1.30e-07   3.23e-04    3    18   2.50e-02  1.39e-03
   16   0 +      -3.236057125700  -9.33e-15   2.31e-06    3    19   2.70e-02  1.42e-03
   16   1 -      -3.062402360006  -7.24e-08   2.62e-04    3    19   2.70e-02  1.42e-03
   17   0 +      -3.236057125700  -9.77e-15   2.30e-06    3    20   2.80e-02  1.40e-03
   17   1 -      -3.062402401757  -4.18e-08   1.88e-04    3    20   2.80e-02  1.40e-03
   18   0 +      -3.236057125700  -2.22e-15   2.30e-06    3    21   2.90e-02  1.38e-03
   18   1 -      -3.062402426127  -2.44e-08   1.53e-04    3    21   2.90e-02  1.38e-03
   19   0 +      -3.236057125700  -3.11e-15   2.30e-06    3    22   3.10e-02  1.41e-03
   19   1 -      -3.062402440590  -1.45e-08   1.12e-04    3    22   3.10e-02  1.41e-03
   20   0 +      -3.236057125700  -1.33e-15   2.30e-06    3    23   3.20e-02  1.39e-03
   20   1 -      -3.062402449239  -8.65e-09   9.15e-05    3    23   3.20e-02  1.39e-03
   21   0 +      -3.236057125700  -3.55e-15   2.30e-06    3    24   3.40e-02  1.42e-03
   21   1 -      -3.062402454450  -5.21e-09   6.75e-05    3    24   3.40e-02  1.42e-03
   22   0 +      -3.236057125700   0.00e+00   2.30e-06    3    25   3.50e-02  1.40e-03
   22   1 -      -3.062402457608  -3.16e-09   5.54e-05    3    25   3.50e-02  1.40e-03
   23   0 +      -3.236057125700  -4.44e-16   2.30e-06    3    26   3.60e-02  1.38e-03
   23   1 -      -3.062402459531  -1.92e-09   4.11e-05    3    26   3.60e-02  1.38e-03
   24   0 +      -3.236057125700   1.33e-15   2.29e-06    3    27   3.80e-02  1.41e-03
   24   1 -      -3.062402460709  -1.18e-09   3.39e-05    3    27   3.80e-02  1.41e-03
   25   0 +      -3.236057125700  -4.44e-16   2.29e-06    3    28   3.90e-02  1.39e-03
   25   1 -      -3.062402461434  -7.25e-10   2.53e-05    3    28   3.90e-02  1.39e-03
   26   0 +      -3.236057125700   4.44e-16   2.29e-06    3    29   4.00e-02  1.38e-03
   26   1 -      -3.062402461883  -4.49e-10   2.09e-05    3    29   4.00e-02  1.38e-03
   27   0 +      -3.236057125700  -2.66e-15   2.29e-06    3    30   4.20e-02  1.40e-03
   27   1 -      -3.062402462162  -2.79e-10   1.57e-05    3    30   4.20e-02  1.40e-03
   28   0 +      -3.236057125700  -4.44e-16   2.29e-06    3    31   4.30e-02  1.39e-03
   28   1 -      -3.062402462338  -1.75e-10   1.31e-05    3    31   4.30e-02  1.39e-03
   29   0 +      -3.236057125700  -4.44e-16   2.29e-06    3    32   4.50e-02  1.41e-03
   29   1 +      -3.062402462448  -1.10e-10   9.86e-06    3    32   4.50e-02  1.41e-03
TIMING for Davidson : 4.50e-02  T(cal/comm/rest)=3.20e-02,0.00e+00,1.30e-02
decimation summary: 64->60 dwt=4.27e-11 SvN=2.18e+00
TIMING for Renormalization : 6.00e-03  T(cal/comm)=6.00e-03,0.00e+00

isweep=0 ibond=2/seqsize=6 dots=1 dbond=(3,0)-(4,0) forward=1 cturn=0
----------------------------------------------------------------------
ctns::sweep_onedot alg_hvec=3 alg_renorm=2 mpisize=1 maxthreads=4
ctns::topology::check_partition: (sl,sr,sc)=3,2,1 ifNC=0
wf3(diml,dimr,dimc)=(60,16,4) nnz=388:2.96e-03MB
iter   ieig        eigenvalue        ediff      rnorm   nsub  nmvp   time/s    tav/s
    1   0 +      -3.236057125496  -1.00e+03   4.27e-06    2     2   2.00e-03  1.00e-03
    1   1 -      -3.062402462348  -1.00e+03   1.01e-05    2     2   2.00e-03  1.00e-03
    2   0 +      -3.236057125496  -8.88e-16   4.27e-06    3     3   4.00e-03  1.33e-03
    2   1 +      -3.062402462445  -9.71e-11   8.11e-06    3     3   4.00e-03  1.33e-03
TIMING for Davidson : 4.00e-03  T(cal/comm/rest)=3.00e-03,0.00e+00,1.00e-03
decimation summary: 240->32 dwt=-2.22e-16 SvN=2.32e+00
TIMING for Renormalization : 4.00e-03  T(cal/comm)=4.00e-03,0.00e+00

isweep=0 ibond=3/seqsize=6 dots=1 dbond=(3,0)-(4,0) forward=0 cturn=0
----------------------------------------------------------------------
ctns::sweep_onedot alg_hvec=3 alg_renorm=2 mpisize=1 maxthreads=4
ctns::topology::check_partition: (sl,sr,sc)=4,1,1 ifNC=0
wf3(diml,dimr,dimc)=(32,4,4) nnz=72:5.49e-04MB
iter   ieig        eigenvalue        ediff      rnorm   nsub  nmvp   time/s    tav/s
    1   0 +      -3.236057125496  -1.00e+03   1.52e-06    2     2   0.00e+00  0.00e+00
    1   1 +      -3.062402462445  -1.00e+03   5.88e-06    2     2   0.00e+00  0.00e+00
TIMING for Davidson : 0.00e+00  T(cal/comm/rest)=0.00e+00,0.00e+00,0.00e+00
decimation summary: 16->16 dwt=0.00e+00 SvN=1.94e+00
TIMING for Renormalization : 6.00e-03  T(cal/comm)=6.00e-03,0.00e+00

isweep=0 ibond=4/seqsize=6 dots=1 dbond=(2,0)-(3,0) forward=0 cturn=0
----------------------------------------------------------------------
ctns::sweep_onedot alg_hvec=3 alg_renorm=2 mpisize=1 maxthreads=4
ctns::topology::check_partition: (sl,sr,sc)=3,2,1 ifNC=0
wf3(diml,dimr,dimc)=(60,16,4) nnz=388:2.96e-03MB
iter   ieig        eigenvalue        ediff      rnorm   nsub  nmvp   time/s    tav/s
    1   0 +      -3.236057125496  -1.00e+03   4.27e-06    2     2   2.00e-03  1.00e-03
    1   1 +      -3.062402462445  -1.00e+03   8.11e-06    2     2   2.00e-03  1.00e-03
TIMING for Davidson : 2.00e-03  T(cal/comm/rest)=2.00e-03,0.00e+00,0.00e+00
decimation summary: 64->60 dwt=3.79e-11 SvN=2.18e+00
TIMING for Renormalization : 6.00e-03  T(cal/comm)=6.00e-03,0.00e+00

isweep=0 ibond=5/seqsize=6 dots=1 dbond=(1,0)-(2,0) forward=0 cturn=0
----------------------------------------------------------------------
ctns::sweep_onedot alg_hvec=3 alg_renorm=2 mpisize=1 maxthreads=4
ctns::topology::check_partition: (sl,sr,sc)=2,3,1 ifNC=1
wf3(diml,dimr,dimc)=(16,60,4) nnz=388:2.96e-03MB
iter   ieig        eigenvalue        ediff      rnorm   nsub  nmvp   time/s    tav/s
    1   0 -      -3.236057125341  -1.00e+03   2.36e-05    2     2   2.00e-03  1.00e-03
    1   1 -      -3.062402462344  -1.00e+03   2.04e-05    2     2   2.00e-03  1.00e-03
    2   0 +      -3.236057125501  -1.59e-10   3.02e-06    4     4   5.00e-03  1.25e-03
    2   1 +      -3.062402462483  -1.39e-10   6.59e-06    4     4   5.00e-03  1.25e-03
TIMING for Davidson : 5.00e-03  T(cal/comm/rest)=4.00e-03,0.00e+00,1.00e-03
decimation summary: 240->32 dwt=-2.22e-16 SvN=2.32e+00
TIMING for Renormalization : 4.00e-03  T(cal/comm)=4.00e-03,0.00e+00

======================================================================
sweep_data::summary isweep=0
----------------------------------------------------------------------
sweep parameters: isweep=0 dots=1 dcut=60 eps=1.00e-05 noise=0.00e+00
 ibond=0 bond=(1,0)-(2,0) forward=1 deff=16 dwt=-2.220e-16 nmvp=45 e[0]=-3.23605712341 e[1]=-3.0561333015
 ibond=1 bond=(2,0)-(3,0) forward=1 deff=60 dwt=+4.272e-11 nmvp=32 e[0]=-3.2360571257 e[1]=-3.06240246245
 ibond=2 bond=(3,0)-(4,0) forward=1 deff=32 dwt=-2.220e-16 nmvp=3 e[0]=-3.2360571255 e[1]=-3.06240246244
 ibond=3 bond=(3,0)-(4,0) forward=0 deff=16 dwt=+0.000e+00 nmvp=2 e[0]=-3.2360571255 e[1]=-3.06240246244
 ibond=4 bond=(2,0)-(3,0) forward=0 deff=60 dwt=+3.786e-11 nmvp=2 e[0]=-3.2360571255 e[1]=-3.06240246244
 ibond=5 bond=(1,0)-(2,0) forward=0 deff=32 dwt=-2.220e-16 nmvp=4 e[0]=-3.2360571255 e[1]=-3.06240246248
minimal energies at ibond=1
 sweep energies: isweep=0 dots=1 dcut=60 deff=60 dwt=+4.272e-11 e[0]=-3.2360571257
 sweep energies: isweep=0 dots=1 dcut=60 deff=60 dwt=+4.272e-11 e[1]=-3.06240246245
----------------------------------------------------------------------
summary of sweep optimization up to isweep=0
schedule: isweep, dots, dcut, eps, noise | nmvp | Tsweep/S | Tav/S | Taccum/S
         0  1  60  1.00e-05  0.00e+00 | 88 | 1.51e-01 | 1.72e-03 | 1.51e-01
results: isweep, dcut, dwt, energies (delta_e)
         0      60 +4.27e-11 e[0]=-3.2360571257 (0.00e+00) e[1]=-3.06240246245 (0.00e+00)
======================================================================

======================================================================
sweep parameters: isweep=1 dots=1 dcut=60 eps=1.00e-05 noise=0.00e+00
======================================================================

isweep=1 ibond=0/seqsize=6 dots=1 dbond=(1,0)-(2,0) forward=1 cturn=0
----------------------------------------------------------------------
ctns::sweep_onedot alg_hvec=3 alg_renorm=2 mpisize=1 maxthreads=4
ctns::topology::check_partition: (sl,sr,sc)=1,4,1 ifNC=1
wf3(diml,dimr,dimc)=(4,32,4) nnz=72:5.49e-04MB
iter   ieig        eigenvalue        ediff      rnorm   nsub  nmvp   time/s    tav/s
    1   0 +      -3.236057125501  -1.00e+03   6.57e-07    2     2   0.00e+00  0.00e+00
    1   1 +      -3.062402462483  -1.00e+03   4.70e-06    2     2   0.00e+00  0.00e+00
TIMING for Davidson : 0.00e+00  T(cal/comm/rest)=0.00e+00,0.00e+00,0.00e+00
decimation summary: 16->16 dwt=-2.22e-16 SvN=1.94e+00
TIMING for Renormalization : 7.00e-03  T(cal/comm)=7.00e-03,0.00e+00

isweep=1 ibond=1/seqsize=6 dots=1 dbond=(2,0)-(3,0) forward=1 cturn=0
----------------------------------------------------------------------
ctns::sweep_onedot alg_hvec=3 alg_renorm=2 mpisize=1 maxthreads=4
ctns::topology::check_partition: (sl,sr,sc)=2,3,1 ifNC=1
wf3(diml,dimr,dimc)=(16,60,4) nnz=388:2.96e-03MB
iter   ieig        eigenvalue        ediff      rnorm   nsub  nmvp   time/s    tav/s
    1   0 +      -3.236057125501  -1.00e+03   3.02e-06    2     2   2.00e-03  1.00e-03
    1   1 +      -3.062402462483  -1.00e+03   6.59e-06    2     2   2.00e-03  1.00e-03
TIMING for Davidson : 2.00e-03  T(cal/comm/rest)=2.00e-03,0.00e+00,0.00e+00
decimation summary: 64->60 dwt=3.27e-11 SvN=2.18e+00
TIMING for Renormalization : 7.00e-03  T(cal/comm)=7.00e-03,0.00e+00

isweep=1 ibond=2/seqsize=6 dots=1 dbond=(3,0)-(4,0) forward=1 cturn=0
----------------------------------------------------------------------
ctns::sweep_onedot alg_hvec=3 alg_renorm=2 mpisize=1 maxthreads=4
ctns::topology::check_partition: (sl,sr,sc)=3,2,1 ifNC=0
wf3(diml,dimr,dimc)=(60,16,4) nnz=388:2.96e-03MB
iter   ieig        eigenvalue        ediff      rnorm   nsub  nmvp   time/s    tav/s
    1   0 -      -3.236057125353  -1.00e+03   2.23e-05    2     2   2.00e-03  1.00e-03
    1   1 -      -3.062402462387  -1.00e+03   1.97e-05    2     2   2.00e-03  1.00e-03
    2   0 +      -3.236057125500  -1.47e-10   3.29e-06    4     4   5.00e-03  1.25e-03
    2   1 +      -3.062402462509  -1.23e-10   4.94e-06    4     4   5.00e-03  1.25e-03
TIMING for Davidson : 5.00e-03  T(cal/comm/rest)=4.00e-03,0.00e+00,1.00e-03
decimation summary: 240->32 dwt=-2.22e-16 SvN=2.32e+00
TIMING for Renormalization : 5.00e-03  T(cal/comm)=5.00e-03,0.00e+00

isweep=1 ibond=3/seqsize=6 dots=1 dbond=(3,0)-(4,0) forward=0 cturn=0
----------------------------------------------------------------------
ctns::sweep_onedot alg_hvec=3 alg_renorm=2 mpisize=1 maxthreads=4
ctns::topology::check_partition: (sl,sr,sc)=4,1,1 ifNC=0
wf3(diml,dimr,dimc)=(32,4,4) nnz=72:5.49e-04MB
iter   ieig        eigenvalue        ediff      rnorm   nsub  nmvp   time/s    tav/s
    1   0 +      -3.236057125500  -1.00e+03   4.72e-07    2     2   0.00e+00  0.00e+00
    1   1 +      -3.062402462509  -1.00e+03   3.36e-06    2     2   0.00e+00  0.00e+00
TIMING for Davidson : 0.00e+00  T(cal/comm/rest)=0.00e+00,0.00e+00,0.00e+00
decimation summary: 16->16 dwt=1.11e-16 SvN=1.94e+00
TIMING for Renormalization : 6.00e-03  T(cal/comm)=6.00e-03,0.00e+00

isweep=1 ibond=4/seqsize=6 dots=1 dbond=(2,0)-(3,0) forward=0 cturn=0
----------------------------------------------------------------------
ctns::sweep_onedot alg_hvec=3 alg_renorm=2 mpisize=1 maxthreads=4
ctns::topology::check_partition: (sl,sr,sc)=3,2,1 ifNC=0
wf3(diml,dimr,dimc)=(60,16,4) nnz=388:2.96e-03MB
iter   ieig        eigenvalue        ediff      rnorm   nsub  nmvp   time/s    tav/s
    1   0 +      -3.236057125500  -1.00e+03   3.29e-06    2     2   2.00e-03  1.00e-03
    1   1 +      -3.062402462509  -1.00e+03   4.94e-06    2     2   2.00e-03  1.00e-03
TIMING for Davidson : 2.00e-03  T(cal/comm/rest)=2.00e-03,0.00e+00,0.00e+00
decimation summary: 64->60 dwt=3.46e-11 SvN=2.18e+00
TIMING for Renormalization : 6.00e-03  T(cal/comm)=6.00e-03,0.00e+00

isweep=1 ibond=5/seqsize=6 dots=1 dbond=(1,0)-(2,0) forward=0 cturn=0
----------------------------------------------------------------------
ctns::sweep_onedot alg_hvec=3 alg_renorm=2 mpisize=1 maxthreads=4
ctns::topology::check_partition: (sl,sr,sc)=2,3,1 ifNC=1
wf3(diml,dimr,dimc)=(16,60,4) nnz=388:2.96e-03MB
iter   ieig        eigenvalue        ediff      rnorm   nsub  nmvp   time/s    tav/s
    1   0 -      -3.236057125353  -1.00e+03   2.21e-05    2     2   2.00e-03  1.00e-03
    1   1 -      -3.062402462412  -1.00e+03   1.92e-05    2     2   2.00e-03  1.00e-03
    2   0 +      -3.236057125499  -1.46e-10   3.42e-06    4     4   5.00e-03  1.25e-03
    2   1 +      -3.062402462524  -1.12e-10   4.21e-06    4     4   5.00e-03  1.25e-03
TIMING for Davidson : 5.00e-03  T(cal/comm/rest)=4.00e-03,0.00e+00,1.00e-03
decimation summary: 240->32 dwt=0.00e+00 SvN=2.32e+00
TIMING for Renormalization : 4.00e-03  T(cal/comm)=4.00e-03,0.00e+00

======================================================================
sweep_data::summary isweep=1
----------------------------------------------------------------------
sweep parameters: isweep=1 dots=1 dcut=60 eps=1.00e-05 noise=0.00e+00
 ibond=0 bond=(1,0)-(2,0) forward=1 deff=16 dwt=-2.220e-16 nmvp=2 e[0]=-3.2360571255 e[1]=-3.06240246248
 ibond=1 bond=(2,0)-(3,0) forward=1 deff=60 dwt=+3.267e-11 nmvp=2 e[0]=-3.2360571255 e[1]=-3.06240246248
 ibond=2 bond=(3,0)-(4,0) forward=1 deff=32 dwt=-2.220e-16 nmvp=4 e[0]=-3.2360571255 e[1]=-3.06240246251
 ibond=3 bond=(3,0)-(4,0) forward=0 deff=16 dwt=+1.110e-16 nmvp=2 e[0]=-3.2360571255 e[1]=-3.06240246251
 ibond=4 bond=(2,0)-(3,0) forward=0 deff=60 dwt=+3.461e-11 nmvp=2 e[0]=-3.2360571255 e[1]=-3.06240246251
 ibond=5 bond=(1,0)-(2,0) forward=0 deff=32 dwt=+0.000e+00 nmvp=4 e[0]=-3.2360571255 e[1]=-3.06240246252
minimal energies at ibond=5
 sweep energies: isweep=1 dots=1 dcut=60 deff=32 dwt=+0.000e+00 e[0]=-3.2360571255
 sweep energies: isweep=1 dots=1 dcut=60 deff=32 dwt=+0.000e+00 e[1]=-3.06240246252
----------------------------------------------------------------------
summary of sweep optimization up to isweep=1
schedule: isweep, dots, dcut, eps, noise | nmvp | Tsweep/S | Tav/S | Taccum/S
         0  1  60  1.00e-05  0.00e+00 | 88 | 1.51e-01 | 1.72e-03 | 1.51e-01
         1  1  60  1.00e-05  0.00e+00 | 16 | 9.40e-02 | 5.88e-03 | 2.45e-01
results: isweep, dcut, dwt, energies (delta_e)
         0      60 +4.27e-11 e[0]=-3.2360571257 (-2.01e-10) e[1]=-3.06240246245 (7.61e-11)
         1      60 +0.00e+00 e[0]=-3.2360571255 (0.00e+00) e[1]=-3.06240246252 (0.00e+00)
======================================================================

----- TIMING FOR ctns::opt_sweep : 2.450e-01 S -----
##### time_global: 2.39e-01 S #####
 T(fetch) = 1.40e-02 S  per =  5.9  per(accum) = 5.9
 T(hdiag) = 0.00e+00 S  per =    0  per(accum) = 5.9
 T(dvdsn) = 1.20e-01 S  per =   50  per(accum) = 56
 T(decim) = 3.00e-03 S  per =  1.3  per(accum) = 57
 T(guess) = 0.00e+00 S  per =    0  per(accum) = 57
 T(renrm) = 7.00e-02 S  per =   29  per(accum) = 87
 T( save) = 0.00e+00 S  per =    0  per(accum) = 87

ctns::rcanon_save fname=./scratch/rcanon_new.info

Congrats! CTNS calculation finishes successfully. Sat Jun 18 18:07:28 2022

