
======================================================================
     FOCUS: a platform for exploring FermiOniC qUantum Simulation     
   							               
       :!!!!!!!!!    ^!!!7!:      :!7!!~~!:!!!!!:  ~!!!. :!!!!7:      
       .^G@P^^~?BJ ~GG!::~Y#P^  ^P#?^:^7G@^:5&#~.  ^J#! 7P:.:?&5      
         5@Y  !J :~&@^     ?&@^^B@?     .?. ?&B     :P  5&J7~^~~      
         5@G!?BB  ?&&:     :B@??&@^         ?&B     :P  .?5GB##P^     
         5@Y  :!  ^B@J     !@#:^B@Y      ^: ?&#     ~P  JJ   .~@5     
       .~G@P^:     ^5#5~^^7GY:  ^5&P7~~!?J: :5&5!~~!Y^  Y&5!^^7G^     
       :~~~~~:       .~!!~^.      .~77!~.     :!7!~^    :::~!!^       
   							               
                    Authors: Zhendong Li @ BNU2019   		       
======================================================================

TIME = Sat Jun 18 18:12:48 2022

GIT_HASH = 8586666d6309c1dd812219db890f663dd3b90fce

mpisize = 1 maxthreads = 4

input file = results/input.dat

schedule::read fname = results/input.dat
----------------------------------------------------------------------
dtype 1
nelec 5
integral_file moleinfo/cmole.info 
scratch ./scratch

$sci
dets 
0 1 2 3 4    
end
nroots 2
eps0 1.e-6
schedule
0 1.e-2
end
maxiter 2
#load
$end

$ctns
qkind cNK
maxdets 500 #8 #500 #000
topology_file topology/topo0
thresh_ortho 1.e-8
thresh_proj 1.e-14
nroots 2
schedule
# (n-th, dot, Dcut, dvdson, noise)
#0 2 10 1.e-4 0.0
#2 1 10 1.e-4 1.e-4
#4 1 10 1.e-5 0.0
#0 1 20 1.e-2 1.e-4
#0 1  64 1.e-5 1.e-4 
#0 1 10 1.e-4 1.e-6
#0 1 100 1.e-4 1.e-4
0 1 100 1.e-4 1.e-4
1 1 100 1.e-4 0.0
#2 1 100 1.e-5 0.0
end
maxsweep 3
task_dmrg
$end


----------------------------------------------------------------------

===== schedule::print =====
scratch = ./scratch
dtype = 1
nelec = 5
twoms = 0
integral_file = moleinfo/cmole.info

===== params_sci::print =====
nroots = 2
no. of unique seeds = 1
0-th det: 0 1 2 3 4 
flip = 0
eps0 = 1e-06
miniter = 0
maxiter = 2
schedule: iter eps1
0 0.01
1 0.01
convergence parameters
deltaE = 1e-10
cisolver = 1
maxcycle = 100
crit_v = 0.0001
ifpt2 = 0
eps2 = 1e-08
iroot = 0
load = 0
ci_file = ci.info

===== params_ctns::print =====
qkind = cNK
topology_file = topology/topo0
verbose = 0
task_init = 0
task_sdiag = 0
task_ham = 1
task_opt = 1
maxdets = 500
thresh_proj = 1.000000e-14
thresh_ortho = 1.000000e-08
rdm_vs_svd = 1.500000e+00
nroots = 2
guess    = 1
dbranch  = 0
maxsweep = 3
maxbond = -1
lastdot = 0
schedule: isweep, dots, dcut, eps, noise
0 1 100 1.000000e-04 1.000000e-04
1 1 100 1.000000e-04 0.000000e+00
2 1 100 1.000000e-04 0.000000e+00
alg_hvec = 3
alg_renorm = 2
save_formulae = 0
sort_formulae = 1
ifdist1 = 0
cisolver = 1
maxcycle = 100
rcanon_load = 0
rcanon_file = rcanon.info
iomode = 0
ioasync = 0
iroot = 0
nsample = 100000
ndetprt = 10

io::create_scratch scratch=./scratch

ctns::topology::read fname=topology/topo0
0
1
2
3
4
5

ctns::topology::print ntotal=6 nphysical=6 nbackbone=6
topo:
 i=0 : 0 
 i=1 : 1 
 i=2 : 2 
 i=3 : 3 
 i=4 : 4 
 i=5 : 5 
rcoord:
 idx=0 coord=(5,0) node: pindex=5 type=0 center=(-1,-1) left=(4,0) right=(-2,-2)
 idx=1 coord=(4,0) node: pindex=4 type=1 center=(-1,-1) left=(3,0) right=(5,0)
 idx=2 coord=(3,0) node: pindex=3 type=1 center=(-1,-1) left=(2,0) right=(4,0)
 idx=3 coord=(2,0) node: pindex=2 type=1 center=(-1,-1) left=(1,0) right=(3,0)
 idx=4 coord=(1,0) node: pindex=1 type=1 center=(-1,-1) left=(0,0) right=(2,0)
 idx=5 coord=(0,0) node: pindex=0 type=0 center=(-1,-1) left=(-2,-2) right=(1,0)
rsupport/lsupport:
 idx=0 coord=(5,0) rsupport: 5 ; lsupport: 0 1 2 3 4 
 idx=1 coord=(4,0) rsupport: 4 5 ; lsupport: 0 1 2 3 
 idx=2 coord=(3,0) rsupport: 3 4 5 ; lsupport: 0 1 2 
 idx=3 coord=(2,0) rsupport: 2 3 4 5 ; lsupport: 0 1 
 idx=4 coord=(1,0) rsupport: 1 2 3 4 5 ; lsupport: 0 
 idx=5 coord=(0,0) rsupport: 0 1 2 3 4 5 ; lsupport: 
corbs/rorbs/lorbs:
 idx=0 coord=(5,0) corbs: 5 ; rorbs: ; lorbs: 0 1 2 3 4 
 idx=1 coord=(4,0) corbs: 4 ; rorbs: 5 ; lorbs: 0 1 2 3 
 idx=2 coord=(3,0) corbs: 3 ; rorbs: 4 5 ; lorbs: 0 1 2 
 idx=3 coord=(2,0) corbs: 2 ; rorbs: 3 4 5 ; lorbs: 0 1 
 idx=4 coord=(1,0) corbs: 1 ; rorbs: 2 3 4 5 ; lorbs: 0 
 idx=5 coord=(0,0) corbs: 0 ; rorbs: 1 2 3 4 5 ; lorbs: 
image2:
 0 1 2 3 4 5 6 7 8 9 10 11

fci::ci_load fname=./scratch/ci.info

fci::ci_truncate maxdets=500 ifortho=1
 reduction from 167 to 167 dets
 iroot=0 ova=(1.000000000000e+00,0.000000000000e+00)
 iroot=1 ova=(1.000000000000e+00,2.168404344971e-19)

ctns::rcanon_init qkind=cNK

ctns::init_rbases rdm_vs_svd=1.50e+00 thresh_proj=1.00e-14

idx=1 node=(4,0) type=1 rsupport=4 5 

idx=0 node=(5,0) type=0 rsupport=
idx=
idx=3 node=(2,0) type=1 rsupport=2 3 4 5 
2 node=(3,0) type=1 rsupport=3 4 5 
5 

idx=4 node=(1,0) type=1 rsupport=1 2 3 4 5 
ctns::right_projection<cNK> thresh_proj=ctns::right_projection<cNK> thresh_proj=1.00e-14
1.00e-14
ctns::right_projection<cNK> thresh_proj=1.00e-14
ctns::right_projection<cNK> thresh_proj=1.00e-14
 qr= qr=(0) dimB,dimBi=1,1 popBi=(0) dimB,dimBi=1,1 popBi=9.31e-019.50e-01 popBc= popBc=9.31e-01 1-popBc=9.50e-01 1-popBc=6.89e-02
5.00e-02
 qr=(1) dimB,dimBi=4,4 popBi=3.87e-02 popBc=9.89e-01 1-popBc=1.14e-02
 qr=(1) dimB,dimBi=6,6 popBi=4.44e-02 popBc=9.75e-01 1-popBc=2.45e-02
 qr=(1) dimB,dimBi=8,4 popBi=4.70e-01 popBc=4.70e-01 1-popBc=5.30e-01
 qr=(3) dimB,dimBi=84,4 popBi=9.65e-01 popBc=9.65e-01 1-popBc=3.49e-02
 qr=(2) dimB,dimBi=6,6 popBi=1.13e-02 popBc=1.00e+00 1-popBc=5.93e-05
 qr=(2) dimB,dimBi=15,15 popBi=2.43e-02 popBc=1.00e+00 1-popBc=2.67e-04
 qr=(3) dimB,dimBi=2,2 popBi=5.93e-05 popBc=1.00e+00 1-popBc=1.11e-16
dim(space,lspace,rspace)=167,125,13 dimBc=13 popBc=1.00e+00 SvN=4.05e-01
----- TIMING FOR ctns::right_projection<cNK> : 3.000e-03 S -----
 qr=(3) dimB,dimBi=6,6 popBi=0.000186 popBc=1 1-popBc=8.07e-05

idx=5 node=(0,0) type=0 rsupport=0 1 2 3 4 5 
 qr=(4) dimB,dimBi=1,1 popBi=8.07e-05 popBc=1 1-popBc=-2.22e-16
dim(space,lspace,rspace)=167,48,29 dimBc=29 popBc=1 SvN=0.575
----- TIMING FOR ctns::right_projection<cNK> : 3.000e-03 S -----
 qr=(2) dimB,dimBi=28,16 popBi=0.498 popBc=0.968 1-popBc=0.0318
 qr=(4) dimB,dimBi=92,8 popBi=0.0246 popBc=0.99 1-popBc=0.0104
ctns::right_projection<cNK> thresh_proj=1.00e-14
 qr=(5) dimB,dimBi=42,4 popBi=1.04e-02 popBc=1.00e+00 1-popBc=-2.22e-16
dim(space,lspace,rspace)=167,4,218 dimBc=16 popBc=1.00e+00 SvN=2.27e+00
----- TIMING FOR ctns::right_projection<cNK> : 3.000e-03 S -----
 qr=(3) dimB,dimBi=38,24 popBi=0.026 popBc=0.994 1-popBc=0.00583
 qr=(5) dimB,dimBi=248,4 popBi=1 popBc=1 1-popBc=-8.88e-16
 qr=(4) dimB,dimBi=10,8 popBi=0.00575 popBc=1 1-popBc=8.07e-05
dim(space,lspace,rspace)=167,1,248 dimBc=4 popBc=1 SvN=2
----- TIMING FOR ctns::right_projection<cNK> : 1.000e-03 S -----
 qr=(5) dimB,dimBi=2,2 popBi=8.07e-05 popBc=1 1-popBc=0
dim(space,lspace,rspace)=167,16,86 dimBc=54 popBc=1 SvN=1.94
----- TIMING FOR ctns::right_projection<cNK> : 4.000e-03 S -----

final rbases with thresh_proj=1e-14
 idx=0 node=(5,0) type=0 shape=4,4
 idx=1 node=(4,0) type=1 shape=13,13
 idx=2 node=(3,0) type=1 shape=29,29
 idx=3 node=(2,0) type=1 shape=86,54
 idx=4 node=(1,0) type=1 shape=218,16
 idx=5 node=(0,0) type=0 shape=248,4
maximum bond dimension = 54
----- TIMING FOR ctns::init_rbases : 4.000e-03 S -----

ctns::init_rsites qkind=cNK thresh_ortho=1e-08
 idx=0 node=(5,0)[0]ctns::get_right_bsite isym=1
 shape(l,r,c)=(4,1,4) maxdiff=0.000e+00 TIMING=0.000e+00 S
 idx=1 node=(4,0)[1] shape(l,r,c)=(13,4,4) maxdiff=1.857e-15 TIMING=0.000e+00 S
 idx=2 node=(3,0)[1] shape(l,r,c)=(29,13,4) maxdiff=3.056e-15 TIMING=0.000e+00 S
 idx=3 node=(2,0)[1] shape(l,r,c)=(54,29,4) maxdiff=4.428e-15 TIMING=0.000e+00 S
 idx=4 node=(1,0)[1] shape(l,r,c)=(16,54,4) maxdiff=3.478e-15 TIMING=0.000e+00 S
 idx=5 node=(0,0)[0] shape(l,r,c)=(4,16,4) maxdiff=1.170e-15 TIMING=0.000e+00 S
----- TIMING FOR ctns::init_rsites : 1.000e-03 S -----

ctns::init_rwfuns qkind=cNK thresh_ortho=1e-08
matrix: rwfuns size=(2,4)
(7.07e-01,9.06e-22) (7.07e-01,8.35e-22) (-3.47e-18,-2.08e-17) (0.00e+00,-4.16e-17) 
(5.35e-12,5.32e-14) (-5.35e-12,-5.32e-14) (-1.60e-01,6.89e-01) (1.60e-01,-6.89e-01) 

check state overlaps ...
matrix: ova_rwfuns size=(2,2)
(1.0000e+00,-0.0000e+00) (-1.2514e-17,9.3405e-19) 
(-1.2514e-17,-9.3405e-19) (1.0000e+00,-0.0000e+00) 
matrix: ova0_vs size=(2,2)
(1.0000e+00,0.0000e+00) (-2.7877e-17,8.1315e-20) 
(-2.7877e-17,-8.1315e-20) (1.0000e+00,0.0000e+00) 
diff of ova matrices = 9.158e-16
----- TIMING FOR ctns::init_rwfuns : 0.000e+00 S -----
----- TIMING FOR ctns::rcanon_init : 6.000e-03 S -----

ctns::rcanon_save fname=./scratch/rcanon.info

ctns::rcanon_check thresh_ortho=1.00e-08
 idx=0 node=(5,0) Dtot=4 maxdiff=0.00e+00
 idx=1 node=(4,0) Dtot=13 maxdiff=1.86e-15
 idx=2 node=(3,0) Dtot=29 maxdiff=3.06e-15
 idx=3 node=(2,0) Dtot=54 maxdiff=4.43e-15
 idx=4 node=(1,0) Dtot=16 maxdiff=3.48e-15
 idx=5 node=(0,0) Dtot=4 maxdiff=1.17e-15

integral::load fname = moleinfo/cmole.info
sorb = 12
size(int1e) = 144:2.20e-03MB:2.15e-06GB
size(int2e) = 2277:3.47e-02MB:3.39e-05GB
----- TIMING FOR integral::load_integral : 6.000e-03 S -----

io::remove_scratch scratch=./scratch/sweep
successfully removed ./scratch/sweep

io::create_scratch scratch=./scratch/sweep
successfully created ./scratch/sweep

ctns::oper_env_right qkind=cNK
----- TIMING FOR ctns::oper_init : 6.000e-03 S -----
T[ctns::oper_init](comp/save/tot)=0,0,0

idx=1 coord=(4,0)
TIMING for Renormalization : 0.005  T(cal/comm)=0.005,0

idx=2 coord=(3,0)
TIMING for Renormalization : 0.004  T(cal/comm)=0.004,0

idx=3 coord=(2,0)
TIMING for Renormalization : 0.005  T(cal/comm)=0.005,0

idx=4 coord=(1,0)
TIMING for Renormalization : 0.002  T(cal/comm)=0.002,0

idx=5 coord=(0,0)
TIMING for Renormalization : 0.002  T(cal/comm)=0.002,0
----- TIMING FOR ctns::oper_env_right : 3.300e-02 S -----
T[ctns::oper_env_right](init/load/comp/save/tot)=0.006,0,0.018,0,0.024
matrix: Hij size=(2,2)
(-7.71661907e+00,3.48227739e-25) (1.38941231e-15,-1.59696842e-16) 
(1.38941231e-15,1.59696842e-16) (-7.69474265e+00,4.44089210e-16) 
matrix: Sij size=(2,2)
(1.0000e+00,4.3029e-19) (-1.4962e-17,-5.7734e-18) 
(-8.7007e-18,5.8276e-18) (1.0000e+00,-2.7806e-17) 

ctns::sweep_opt maxsweep=3
ctns::get_left_bsite isym=1

ctns::topology::get_sweeps
 ibond=0 bond=(1,0)-(2,0) forward=1 cturn=0
 ibond=1 bond=(2,0)-(3,0) forward=1 cturn=0
 ibond=2 bond=(3,0)-(4,0) forward=1 cturn=0
 ibond=3 bond=(3,0)-(4,0) forward=0 cturn=0
 ibond=4 bond=(2,0)-(3,0) forward=0 cturn=0
 ibond=5 bond=(1,0)-(2,0) forward=0 cturn=0
======================================================================
sweep parameters: isweep=0 dots=1 dcut=100 eps=0.0001 noise=0.0001
======================================================================

isweep=0 ibond=0/seqsize=6 dots=1 dbond=(1,0)-(2,0) forward=1 cturn=0
----------------------------------------------------------------------
ctns::sweep_onedot alg_hvec=3 alg_renorm=2 mpisize=1 maxthreads=4
ctns::topology::check_partition: (sl,sr,sc)=1,4,1 ifNC=1
wf3(diml,dimr,dimc)=(4,54,4) nnz=246:0.003754MB
iter   ieig        eigenvalue        ediff      rnorm   nsub  nmvp   time/s    tav/s
    1   0 -      -7.716619067928  -1.01e+03   7.63e-03    2     2   4.00e-03  2.00e-03
    1   1 -      -7.716619067928  -1.01e+03   7.63e-03    2     2   4.00e-03  2.00e-03
    2   0 -      -7.716682323439  -6.33e-05   1.09e-03    4     4   8.00e-03  2.00e-03
    2   1 -      -7.716682323439  -6.33e-05   1.09e-03    4     4   8.00e-03  2.00e-03
    3   0 -      -7.716684564353  -2.24e-06   5.59e-04    4     6   1.20e-02  2.00e-03
    3   1 -      -7.716684564353  -2.24e-06   5.59e-04    4     6   1.20e-02  2.00e-03
    4   0 -      -7.716685094133  -5.30e-07   3.05e-04    4     8   1.60e-02  2.00e-03
    4   1 -      -7.716685094133  -5.30e-07   3.05e-04    4     8   1.60e-02  2.00e-03
    5   0 -      -7.716685291549  -1.97e-07   2.10e-04    4    10   1.90e-02  1.90e-03
    5   1 -      -7.716685291549  -1.97e-07   2.10e-04    4    10   1.90e-02  1.90e-03
    6   0 -      -7.716685376556  -8.50e-08   1.35e-04    4    12   2.30e-02  1.92e-03
    6   1 -      -7.716685376556  -8.50e-08   1.35e-04    4    12   2.30e-02  1.92e-03
    7   0 +      -7.716685415504  -3.89e-08   9.64e-05    4    14   2.60e-02  1.86e-03
    7   1 +      -7.716685415504  -3.89e-08   9.64e-05    4    14   2.60e-02  1.86e-03
TIMING for Davidson : 2.70e-02  T(cal/comm/rest)=1.70e-02,0.00e+00,1.00e-02
decimation summary: 16->16 dwt=1.11e-16 SvN=5.28e-01
TIMING for Renormalization : 4.00e-03  T(cal/comm)=4.00e-03,0.00e+00

isweep=0 ibond=1/seqsize=6 dots=1 dbond=(2,0)-(3,0) forward=1 cturn=0
----------------------------------------------------------------------
ctns::sweep_onedot alg_hvec=3 alg_renorm=2 mpisize=1 maxthreads=4
ctns::topology::check_partition: (sl,sr,sc)=2,3,1 ifNC=1
wf3(diml,dimr,dimc)=(16,29,4) nnz=492:7.51e-03MB
iter   ieig        eigenvalue        ediff      rnorm   nsub  nmvp   time/s    tav/s
    1   0 -      -7.716685415504  -1.01e+03   2.21e-02    2     2   4.00e-03  2.00e-03
    1   1 -      -7.716685415504  -1.01e+03   2.21e-02    2     2   4.00e-03  2.00e-03
    2   0 -      -7.717062392875  -3.77e-04   3.41e-03    4     4   8.00e-03  2.00e-03
    2   1 -      -7.717062392875  -3.77e-04   3.41e-03    4     4   8.00e-03  2.00e-03
    3   0 -      -7.717079317001  -1.69e-05   1.62e-03    4     6   1.10e-02  1.83e-03
    3   1 -      -7.717079317001  -1.69e-05   1.62e-03    4     6   1.10e-02  1.83e-03
    4   0 -      -7.717082374102  -3.06e-06   7.68e-04    4     8   1.40e-02  1.75e-03
    4   1 -      -7.717082374102  -3.06e-06   7.68e-04    4     8   1.40e-02  1.75e-03
    5   0 -      -7.717083294628  -9.21e-07   5.07e-04    4    10   1.80e-02  1.80e-03
    5   1 -      -7.717083294628  -9.21e-07   5.07e-04    4    10   1.80e-02  1.80e-03
    6   0 -      -7.717083650307  -3.56e-07   3.10e-04    4    12   2.10e-02  1.75e-03
    6   1 -      -7.717083650307  -3.56e-07   3.10e-04    4    12   2.10e-02  1.75e-03
    7   0 -      -7.717083808513  -1.58e-07   2.27e-04    4    14   2.40e-02  1.71e-03
    7   1 -      -7.717083808513  -1.58e-07   2.27e-04    4    14   2.40e-02  1.71e-03
    8   0 -      -7.717083885860  -7.73e-08   1.56e-04    4    16   2.80e-02  1.75e-03
    8   1 -      -7.717083885860  -7.73e-08   1.56e-04    4    16   2.80e-02  1.75e-03
    9   0 -      -7.717083927011  -4.12e-08   1.23e-04    4    18   3.10e-02  1.72e-03
    9   1 -      -7.717083927011  -4.12e-08   1.23e-04    4    18   3.10e-02  1.72e-03
   10   0 +      -7.717083950667  -2.37e-08   9.27e-05    4    20   3.40e-02  1.70e-03
   10   1 +      -7.717083950667  -2.37e-08   9.27e-05    4    20   3.40e-02  1.70e-03
TIMING for Davidson : 3.40e-02  T(cal/comm/rest)=2.10e-02,0.00e+00,1.30e-02
decimation summary: 64->58 dwt=1.11e-16 SvN=1.57e+00
TIMING for Renormalization : 3.00e-03  T(cal/comm)=3.00e-03,0.00e+00

isweep=0 ibond=2/seqsize=6 dots=1 dbond=(3,0)-(4,0) forward=1 cturn=0
----------------------------------------------------------------------
ctns::sweep_onedot alg_hvec=3 alg_renorm=2 mpisize=1 maxthreads=4
ctns::topology::check_partition: (sl,sr,sc)=3,2,1 ifNC=0
wf3(diml,dimr,dimc)=(58,13,4) nnz=704:1.07e-02MB
iter   ieig        eigenvalue        ediff      rnorm   nsub  nmvp   time/s    tav/s
    1   0 -      -7.717083945020  -1.01e+03   1.19e-02    2     2   6.00e-03  3.00e-03
    1   1 -      -7.717083945020  -1.01e+03   1.19e-02    2     2   6.00e-03  3.00e-03
    2   0 -      -7.717193201550  -1.09e-04   1.89e-03    4     4   1.20e-02  3.00e-03
    2   1 -      -7.717193201550  -1.09e-04   1.89e-03    4     4   1.20e-02  3.00e-03
    3   0 -      -7.717196914838  -3.71e-06   6.11e-04    4     6   1.80e-02  3.00e-03
    3   1 -      -7.717196914838  -3.71e-06   6.11e-04    4     6   1.80e-02  3.00e-03
    4   0 -      -7.717197291607  -3.77e-07   2.27e-04    4     8   2.40e-02  3.00e-03
    4   1 -      -7.717197291607  -3.77e-07   2.27e-04    4     8   2.40e-02  3.00e-03
    5   0 -      -7.717197365431  -7.38e-08   1.20e-04    4    10   3.00e-02  3.00e-03
    5   1 -      -7.717197365431  -7.38e-08   1.20e-04    4    10   3.00e-02  3.00e-03
    6   0 +      -7.717197387109  -2.17e-08   6.59e-05    4    12   3.50e-02  2.92e-03
    6   1 +      -7.717197387109  -2.17e-08   6.59e-05    4    12   3.50e-02  2.92e-03
TIMING for Davidson : 3.50e-02  T(cal/comm/rest)=2.50e-02,0.00e+00,1.00e-02
decimation summary: 232->52 dwt=-2.22e-16 SvN=1.39e+00
TIMING for Renormalization : 4.00e-03  T(cal/comm)=4.00e-03,0.00e+00

isweep=0 ibond=3/seqsize=6 dots=1 dbond=(3,0)-(4,0) forward=0 cturn=0
----------------------------------------------------------------------
ctns::sweep_onedot alg_hvec=3 alg_renorm=2 mpisize=1 maxthreads=4
ctns::topology::check_partition: (sl,sr,sc)=4,1,1 ifNC=0
wf3(diml,dimr,dimc)=(52,4,4) nnz=244:3.72e-03MB
iter   ieig        eigenvalue        ediff      rnorm   nsub  nmvp   time/s    tav/s
    1   0 -      -7.717195854647  -1.01e+03   3.70e-03    2     2   3.00e-03  1.50e-03
    1   1 -      -7.717195854647  -1.01e+03   3.70e-03    2     2   3.00e-03  1.50e-03
    2   0 -      -7.717202898330  -7.04e-06   3.21e-04    4     4   7.00e-03  1.75e-03
    2   1 -      -7.717202898330  -7.04e-06   3.21e-04    4     4   7.00e-03  1.75e-03
    3   0 +      -7.717202974043  -7.57e-08   6.73e-05    4     6   1.00e-02  1.67e-03
    3   1 +      -7.717202974043  -7.57e-08   6.73e-05    4     6   1.00e-02  1.67e-03
TIMING for Davidson : 1.00e-02  T(cal/comm/rest)=8.00e-03,0.00e+00,2.00e-03
decimation summary: 16->15 dwt=1.11e-16 SvN=4.14e-01
TIMING for Renormalization : 3.00e-03  T(cal/comm)=3.00e-03,0.00e+00

isweep=0 ibond=4/seqsize=6 dots=1 dbond=(2,0)-(3,0) forward=0 cturn=0
----------------------------------------------------------------------
ctns::sweep_onedot alg_hvec=3 alg_renorm=2 mpisize=1 maxthreads=4
ctns::topology::check_partition: (sl,sr,sc)=3,2,1 ifNC=0
wf3(diml,dimr,dimc)=(58,15,4) nnz=750:1.14e-02MB
iter   ieig        eigenvalue        ediff      rnorm   nsub  nmvp   time/s    tav/s
    1   0 -      -7.717202974043  -1.01e+03   1.82e-03    2     2   6.00e-03  3.00e-03
    1   1 -      -7.717202974043  -1.01e+03   1.82e-03    2     2   6.00e-03  3.00e-03
    2   0 -      -7.717205199356  -2.23e-06   2.94e-04    4     4   1.20e-02  3.00e-03
    2   1 -      -7.717205199356  -2.23e-06   2.94e-04    4     4   1.20e-02  3.00e-03
    3   0 +      -7.717205275991  -7.66e-08   9.37e-05    4     6   1.70e-02  2.83e-03
    3   1 +      -7.717205275991  -7.66e-08   9.37e-05    4     6   1.70e-02  2.83e-03
TIMING for Davidson : 1.70e-02  T(cal/comm/rest)=1.30e-02,0.00e+00,4.00e-03
decimation summary: 60->56 dwt=2.22e-16 SvN=6.14e-01
TIMING for Renormalization : 3.00e-03  T(cal/comm)=3.00e-03,0.00e+00

isweep=0 ibond=5/seqsize=6 dots=1 dbond=(1,0)-(2,0) forward=0 cturn=0
----------------------------------------------------------------------
ctns::sweep_onedot alg_hvec=3 alg_renorm=2 mpisize=1 maxthreads=4
ctns::topology::check_partition: (sl,sr,sc)=2,3,1 ifNC=1
wf3(diml,dimr,dimc)=(16,56,4) nnz=780:1.19e-02MB
iter   ieig        eigenvalue        ediff      rnorm   nsub  nmvp   time/s    tav/s
    1   0 -      -7.717205275991  -1.01e+03   6.05e-03    2     2   6.00e-03  3.00e-03
    1   1 -      -7.717205275991  -1.01e+03   6.05e-03    2     2   6.00e-03  3.00e-03
    2   0 -      -7.717226003823  -2.07e-05   8.08e-04    4     4   1.10e-02  2.75e-03
    2   1 -      -7.717226003823  -2.07e-05   8.08e-04    4     4   1.10e-02  2.75e-03
    3   0 -      -7.717226564659  -5.61e-07   2.38e-04    4     6   1.70e-02  2.83e-03
    3   1 -      -7.717226564659  -5.61e-07   2.38e-04    4     6   1.70e-02  2.83e-03
    4   0 +      -7.717226608264  -4.36e-08   7.63e-05    4     8   2.20e-02  2.75e-03
    4   1 +      -7.717226608264  -4.36e-08   7.63e-05    4     8   2.20e-02  2.75e-03
TIMING for Davidson : 2.20e-02  T(cal/comm/rest)=1.80e-02,0.00e+00,4.00e-03
decimation summary: 224->64 dwt=1.11e-16 SvN=1.53e+00
TIMING for Renormalization : 4.00e-03  T(cal/comm)=4.00e-03,0.00e+00

======================================================================
sweep_data::summary isweep=0
----------------------------------------------------------------------
sweep parameters: isweep=0 dots=1 dcut=100 eps=1.00e-04 noise=1.00e-04
 ibond=0 bond=(1,0)-(2,0) forward=1 deff=16 dwt=+1.110e-16 nmvp=14 e[0]=-7.7166854155 e[1]=-7.7166854155
 ibond=1 bond=(2,0)-(3,0) forward=1 deff=58 dwt=+1.110e-16 nmvp=20 e[0]=-7.71708395067 e[1]=-7.71708395067
 ibond=2 bond=(3,0)-(4,0) forward=1 deff=52 dwt=-2.220e-16 nmvp=12 e[0]=-7.71719738711 e[1]=-7.71719738711
 ibond=3 bond=(3,0)-(4,0) forward=0 deff=15 dwt=+1.110e-16 nmvp=6 e[0]=-7.71720297404 e[1]=-7.71720297404
 ibond=4 bond=(2,0)-(3,0) forward=0 deff=56 dwt=+2.220e-16 nmvp=6 e[0]=-7.71720527599 e[1]=-7.71720527599
 ibond=5 bond=(1,0)-(2,0) forward=0 deff=64 dwt=+1.110e-16 nmvp=8 e[0]=-7.71722660826 e[1]=-7.71722660826
minimal energies at ibond=5
 sweep energies: isweep=0 dots=1 dcut=100 deff=64 dwt=+1.110e-16 e[0]=-7.71722660826
 sweep energies: isweep=0 dots=1 dcut=100 deff=64 dwt=+1.110e-16 e[1]=-7.71722660826
----------------------------------------------------------------------
summary of sweep optimization up to isweep=0
schedule: isweep, dots, dcut, eps, noise | nmvp | Tsweep/S | Tav/S | Taccum/S
         0  1  100  1.00e-04  1.00e-04 | 66 | 2.04e-01 | 3.09e-03 | 2.04e-01
results: isweep, dcut, dwt, energies (delta_e)
         0     100 +1.11e-16 e[0]=-7.71722660826 (0.00e+00) e[1]=-7.71722660826 (0.00e+00)
======================================================================

======================================================================
sweep parameters: isweep=1 dots=1 dcut=100 eps=1.00e-04 noise=0.00e+00
======================================================================

isweep=1 ibond=0/seqsize=6 dots=1 dbond=(1,0)-(2,0) forward=1 cturn=0
----------------------------------------------------------------------
ctns::sweep_onedot alg_hvec=3 alg_renorm=2 mpisize=1 maxthreads=4
ctns::topology::check_partition: (sl,sr,sc)=1,4,1 ifNC=1
wf3(diml,dimr,dimc)=(4,64,4) nnz=280:4.27e-03MB
iter   ieig        eigenvalue        ediff      rnorm   nsub  nmvp   time/s    tav/s
    1   0 -      -7.717224470460  -1.01e+03   2.41e-04    2     2   4.00e-03  2.00e-03
    1   1 -      -7.717224470460  -1.01e+03   2.41e-04    2     2   4.00e-03  2.00e-03
    2   0 +      -7.717224527944  -5.75e-08   5.04e-05    4     4   8.00e-03  2.00e-03
    2   1 +      -7.717224527944  -5.75e-08   5.04e-05    4     4   8.00e-03  2.00e-03
TIMING for Davidson : 8.00e-03  T(cal/comm/rest)=5.00e-03,0.00e+00,3.00e-03
decimation summary: 16->16 dwt=-4.44e-16 SvN=5.43e-01
TIMING for Renormalization : 3.00e-03  T(cal/comm)=3.00e-03,0.00e+00

isweep=1 ibond=1/seqsize=6 dots=1 dbond=(2,0)-(3,0) forward=1 cturn=0
----------------------------------------------------------------------
ctns::sweep_onedot alg_hvec=3 alg_renorm=2 mpisize=1 maxthreads=4
ctns::topology::check_partition: (sl,sr,sc)=2,3,1 ifNC=1
wf3(diml,dimr,dimc)=(16,56,4) nnz=780:1.19e-02MB
iter   ieig        eigenvalue        ediff      rnorm   nsub  nmvp   time/s    tav/s
    1   0 -      -7.717224527944  -1.01e+03   1.69e-03    2     2   6.00e-03  3.00e-03
    1   1 -      -7.717224527944  -1.01e+03   1.69e-03    2     2   6.00e-03  3.00e-03
    2   0 -      -7.717226500656  -1.97e-06   3.67e-04    4     4   1.10e-02  2.75e-03
    2   1 -      -7.717226500656  -1.97e-06   3.67e-04    4     4   1.10e-02  2.75e-03
    3   0 -      -7.717226599860  -9.92e-08   1.28e-04    4     6   1.70e-02  2.83e-03
    3   1 -      -7.717226599860  -9.92e-08   1.28e-04    4     6   1.70e-02  2.83e-03
    4   0 +      -7.717226612740  -1.29e-08   5.50e-05    4     8   2.20e-02  2.75e-03
    4   1 +      -7.717226612740  -1.29e-08   5.50e-05    4     8   2.20e-02  2.75e-03
TIMING for Davidson : 2.20e-02  T(cal/comm/rest)=1.70e-02,0.00e+00,5.00e-03
decimation summary: 64->55 dwt=0.00e+00 SvN=1.58e+00
TIMING for Renormalization : 3.00e-03  T(cal/comm)=3.00e-03,0.00e+00

isweep=1 ibond=2/seqsize=6 dots=1 dbond=(3,0)-(4,0) forward=1 cturn=0
----------------------------------------------------------------------
ctns::sweep_onedot alg_hvec=3 alg_renorm=2 mpisize=1 maxthreads=4
ctns::topology::check_partition: (sl,sr,sc)=3,2,1 ifNC=0
wf3(diml,dimr,dimc)=(55,15,4) nnz=758:1.16e-02MB
iter   ieig        eigenvalue        ediff      rnorm   nsub  nmvp   time/s    tav/s
    1   0 +      -7.717226612740  -1.01e+03   5.38e-05    2     2   6.00e-03  3.00e-03
    1   1 +      -7.717226612740  -1.01e+03   5.38e-05    2     2   6.00e-03  3.00e-03
TIMING for Davidson : 6.00e-03  T(cal/comm/rest)=5.00e-03,0.00e+00,1.00e-03
decimation summary: 220->30 dwt=0.00e+00 SvN=1.39e+00
TIMING for Renormalization : 3.00e-03  T(cal/comm)=3.00e-03,0.00e+00

isweep=1 ibond=3/seqsize=6 dots=1 dbond=(3,0)-(4,0) forward=0 cturn=0
----------------------------------------------------------------------
ctns::sweep_onedot alg_hvec=3 alg_renorm=2 mpisize=1 maxthreads=4
ctns::topology::check_partition: (sl,sr,sc)=4,1,1 ifNC=0
wf3(diml,dimr,dimc)=(30,4,4) nnz=138:2.11e-03MB
iter   ieig        eigenvalue        ediff      rnorm   nsub  nmvp   time/s    tav/s
    1   0 +      -7.717226612740  -1.01e+03   2.41e-05    2     2   1.00e-03  5.00e-04
    1   1 +      -7.717226612740  -1.01e+03   2.41e-05    2     2   1.00e-03  5.00e-04
TIMING for Davidson : 1.00e-03  T(cal/comm/rest)=0.00e+00,0.00e+00,1.00e-03
decimation summary: 16->15 dwt=-2.22e-16 SvN=4.15e-01
TIMING for Renormalization : 5.00e-03  T(cal/comm)=4.00e-03,0.00e+00

isweep=1 ibond=4/seqsize=6 dots=1 dbond=(2,0)-(3,0) forward=0 cturn=0
----------------------------------------------------------------------
ctns::sweep_onedot alg_hvec=3 alg_renorm=2 mpisize=1 maxthreads=4
ctns::topology::check_partition: (sl,sr,sc)=3,2,1 ifNC=0
wf3(diml,dimr,dimc)=(55,15,4) nnz=758:1.16e-02MB
iter   ieig        eigenvalue        ediff      rnorm   nsub  nmvp   time/s    tav/s
    1   0 +      -7.717226612740  -1.01e+03   5.38e-05    2     2   5.00e-03  2.50e-03
    1   1 +      -7.717226612740  -1.01e+03   5.38e-05    2     2   5.00e-03  2.50e-03
TIMING for Davidson : 5.00e-03  T(cal/comm/rest)=4.00e-03,0.00e+00,1.00e-03
decimation summary: 60->54 dwt=0.00e+00 SvN=6.15e-01
TIMING for Renormalization : 4.00e-03  T(cal/comm)=4.00e-03,0.00e+00

isweep=1 ibond=5/seqsize=6 dots=1 dbond=(1,0)-(2,0) forward=0 cturn=0
----------------------------------------------------------------------
ctns::sweep_onedot alg_hvec=3 alg_renorm=2 mpisize=1 maxthreads=4
ctns::topology::check_partition: (sl,sr,sc)=2,3,1 ifNC=1
wf3(diml,dimr,dimc)=(16,54,4) nnz=768:1.17e-02MB
iter   ieig        eigenvalue        ediff      rnorm   nsub  nmvp   time/s    tav/s
    1   0 +      -7.717226612740  -1.01e+03   5.44e-05    2     2   5.00e-03  2.50e-03
    1   1 +      -7.717226612740  -1.01e+03   5.44e-05    2     2   5.00e-03  2.50e-03
TIMING for Davidson : 5.00e-03  T(cal/comm/rest)=4.00e-03,0.00e+00,1.00e-03
decimation summary: 216->32 dwt=0.00e+00 SvN=1.53e+00
TIMING for Renormalization : 4.00e-03  T(cal/comm)=4.00e-03,0.00e+00

======================================================================
sweep_data::summary isweep=1
----------------------------------------------------------------------
sweep parameters: isweep=1 dots=1 dcut=100 eps=1.00e-04 noise=0.00e+00
 ibond=0 bond=(1,0)-(2,0) forward=1 deff=16 dwt=-4.441e-16 nmvp=4 e[0]=-7.71722452794 e[1]=-7.71722452794
 ibond=1 bond=(2,0)-(3,0) forward=1 deff=55 dwt=+0.000e+00 nmvp=8 e[0]=-7.71722661274 e[1]=-7.71722661274
 ibond=2 bond=(3,0)-(4,0) forward=1 deff=30 dwt=+0.000e+00 nmvp=2 e[0]=-7.71722661274 e[1]=-7.71722661274
 ibond=3 bond=(3,0)-(4,0) forward=0 deff=15 dwt=-2.220e-16 nmvp=2 e[0]=-7.71722661274 e[1]=-7.71722661274
 ibond=4 bond=(2,0)-(3,0) forward=0 deff=54 dwt=+0.000e+00 nmvp=2 e[0]=-7.71722661274 e[1]=-7.71722661274
 ibond=5 bond=(1,0)-(2,0) forward=0 deff=32 dwt=+0.000e+00 nmvp=2 e[0]=-7.71722661274 e[1]=-7.71722661274
minimal energies at ibond=4
 sweep energies: isweep=1 dots=1 dcut=100 deff=54 dwt=+0.000e+00 e[0]=-7.71722661274
 sweep energies: isweep=1 dots=1 dcut=100 deff=54 dwt=+0.000e+00 e[1]=-7.71722661274
----------------------------------------------------------------------
summary of sweep optimization up to isweep=1
schedule: isweep, dots, dcut, eps, noise | nmvp | Tsweep/S | Tav/S | Taccum/S
         0  1  100  1.00e-04  1.00e-04 | 66 | 2.04e-01 | 3.09e-03 | 2.04e-01
         1  1  100  1.00e-04  0.00e+00 | 20 | 1.04e-01 | 5.20e-03 | 3.08e-01
results: isweep, dcut, dwt, energies (delta_e)
         0     100 +1.11e-16 e[0]=-7.71722660826 (4.48e-09) e[1]=-7.71722660826 (4.48e-09)
         1     100 +0.00e+00 e[0]=-7.71722661274 (0.00e+00) e[1]=-7.71722661274 (0.00e+00)
======================================================================

======================================================================
sweep parameters: isweep=2 dots=1 dcut=100 eps=1.00e-04 noise=0.00e+00
======================================================================

isweep=2 ibond=0/seqsize=6 dots=1 dbond=(1,0)-(2,0) forward=1 cturn=0
----------------------------------------------------------------------
ctns::sweep_onedot alg_hvec=3 alg_renorm=2 mpisize=1 maxthreads=4
ctns::topology::check_partition: (sl,sr,sc)=1,4,1 ifNC=1
wf3(diml,dimr,dimc)=(4,32,4) nnz=140:2.14e-03MB
iter   ieig        eigenvalue        ediff      rnorm   nsub  nmvp   time/s    tav/s
    1   0 +      -7.717226612740  -1.01e+03   1.40e-05    2     2   2.00e-03  1.00e-03
    1   1 +      -7.717226612740  -1.01e+03   1.40e-05    2     2   2.00e-03  1.00e-03
TIMING for Davidson : 2.00e-03  T(cal/comm/rest)=1.00e-03,0.00e+00,1.00e-03
decimation summary: 16->16 dwt=0.00e+00 SvN=5.43e-01
TIMING for Renormalization : 4.00e-03  T(cal/comm)=4.00e-03,0.00e+00

isweep=2 ibond=1/seqsize=6 dots=1 dbond=(2,0)-(3,0) forward=1 cturn=0
----------------------------------------------------------------------
ctns::sweep_onedot alg_hvec=3 alg_renorm=2 mpisize=1 maxthreads=4
ctns::topology::check_partition: (sl,sr,sc)=2,3,1 ifNC=1
wf3(diml,dimr,dimc)=(16,54,4) nnz=768:1.17e-02MB
iter   ieig        eigenvalue        ediff      rnorm   nsub  nmvp   time/s    tav/s
    1   0 +      -7.717226612740  -1.01e+03   5.44e-05    2     2   6.00e-03  3.00e-03
    1   1 +      -7.717226612740  -1.01e+03   5.44e-05    2     2   6.00e-03  3.00e-03
TIMING for Davidson : 6.00e-03  T(cal/comm/rest)=5.00e-03,0.00e+00,1.00e-03
decimation summary: 64->55 dwt=-2.22e-16 SvN=1.58e+00
TIMING for Renormalization : 3.00e-03  T(cal/comm)=3.00e-03,0.00e+00

isweep=2 ibond=2/seqsize=6 dots=1 dbond=(3,0)-(4,0) forward=1 cturn=0
----------------------------------------------------------------------
ctns::sweep_onedot alg_hvec=3 alg_renorm=2 mpisize=1 maxthreads=4
ctns::topology::check_partition: (sl,sr,sc)=3,2,1 ifNC=0
wf3(diml,dimr,dimc)=(55,15,4) nnz=758:1.16e-02MB
iter   ieig        eigenvalue        ediff      rnorm   nsub  nmvp   time/s    tav/s
    1   0 +      -7.717226612740  -1.01e+03   5.38e-05    2     2   6.00e-03  3.00e-03
    1   1 +      -7.717226612740  -1.01e+03   5.38e-05    2     2   6.00e-03  3.00e-03
TIMING for Davidson : 6.00e-03  T(cal/comm/rest)=5.00e-03,0.00e+00,1.00e-03
decimation summary: 220->30 dwt=1.11e-16 SvN=1.39e+00
TIMING for Renormalization : 3.00e-03  T(cal/comm)=3.00e-03,0.00e+00

isweep=2 ibond=3/seqsize=6 dots=1 dbond=(3,0)-(4,0) forward=0 cturn=0
----------------------------------------------------------------------
ctns::sweep_onedot alg_hvec=3 alg_renorm=2 mpisize=1 maxthreads=4
ctns::topology::check_partition: (sl,sr,sc)=4,1,1 ifNC=0
wf3(diml,dimr,dimc)=(30,4,4) nnz=138:2.11e-03MB
iter   ieig        eigenvalue        ediff      rnorm   nsub  nmvp   time/s    tav/s
    1   0 +      -7.717226612740  -1.01e+03   2.41e-05    2     2   1.00e-03  5.00e-04
    1   1 +      -7.717226612740  -1.01e+03   2.41e-05    2     2   1.00e-03  5.00e-04
TIMING for Davidson : 1.00e-03  T(cal/comm/rest)=0.00e+00,0.00e+00,1.00e-03
decimation summary: 16->15 dwt=-2.22e-16 SvN=4.15e-01
TIMING for Renormalization : 4.00e-03  T(cal/comm)=4.00e-03,0.00e+00

isweep=2 ibond=4/seqsize=6 dots=1 dbond=(2,0)-(3,0) forward=0 cturn=0
----------------------------------------------------------------------
ctns::sweep_onedot alg_hvec=3 alg_renorm=2 mpisize=1 maxthreads=4
ctns::topology::check_partition: (sl,sr,sc)=3,2,1 ifNC=0
wf3(diml,dimr,dimc)=(55,15,4) nnz=758:1.16e-02MB
iter   ieig        eigenvalue        ediff      rnorm   nsub  nmvp   time/s    tav/s
    1   0 +      -7.717226612740  -1.01e+03   5.38e-05    2     2   5.00e-03  2.50e-03
    1   1 +      -7.717226612740  -1.01e+03   5.38e-05    2     2   5.00e-03  2.50e-03
TIMING for Davidson : 5.00e-03  T(cal/comm/rest)=4.00e-03,0.00e+00,1.00e-03
decimation summary: 60->54 dwt=-2.22e-16 SvN=6.15e-01
TIMING for Renormalization : 4.00e-03  T(cal/comm)=4.00e-03,0.00e+00

isweep=2 ibond=5/seqsize=6 dots=1 dbond=(1,0)-(2,0) forward=0 cturn=0
----------------------------------------------------------------------
ctns::sweep_onedot alg_hvec=3 alg_renorm=2 mpisize=1 maxthreads=4
ctns::topology::check_partition: (sl,sr,sc)=2,3,1 ifNC=1
wf3(diml,dimr,dimc)=(16,54,4) nnz=768:1.17e-02MB
iter   ieig        eigenvalue        ediff      rnorm   nsub  nmvp   time/s    tav/s
    1   0 +      -7.717226612740  -1.01e+03   5.44e-05    2     2   5.00e-03  2.50e-03
    1   1 +      -7.717226612740  -1.01e+03   5.44e-05    2     2   5.00e-03  2.50e-03
TIMING for Davidson : 5.00e-03  T(cal/comm/rest)=4.00e-03,0.00e+00,1.00e-03
decimation summary: 216->32 dwt=-2.22e-16 SvN=1.53e+00
TIMING for Renormalization : 4.00e-03  T(cal/comm)=4.00e-03,0.00e+00

======================================================================
sweep_data::summary isweep=2
----------------------------------------------------------------------
sweep parameters: isweep=2 dots=1 dcut=100 eps=1.00e-04 noise=0.00e+00
 ibond=0 bond=(1,0)-(2,0) forward=1 deff=16 dwt=+0.000e+00 nmvp=2 e[0]=-7.71722661274 e[1]=-7.71722661274
 ibond=1 bond=(2,0)-(3,0) forward=1 deff=55 dwt=-2.220e-16 nmvp=2 e[0]=-7.71722661274 e[1]=-7.71722661274
 ibond=2 bond=(3,0)-(4,0) forward=1 deff=30 dwt=+1.110e-16 nmvp=2 e[0]=-7.71722661274 e[1]=-7.71722661274
 ibond=3 bond=(3,0)-(4,0) forward=0 deff=15 dwt=-2.220e-16 nmvp=2 e[0]=-7.71722661274 e[1]=-7.71722661274
 ibond=4 bond=(2,0)-(3,0) forward=0 deff=54 dwt=-2.220e-16 nmvp=2 e[0]=-7.71722661274 e[1]=-7.71722661274
 ibond=5 bond=(1,0)-(2,0) forward=0 deff=32 dwt=-2.220e-16 nmvp=2 e[0]=-7.71722661274 e[1]=-7.71722661274
minimal energies at ibond=1
 sweep energies: isweep=2 dots=1 dcut=100 deff=55 dwt=-2.220e-16 e[0]=-7.71722661274
 sweep energies: isweep=2 dots=1 dcut=100 deff=55 dwt=-2.220e-16 e[1]=-7.71722661274
----------------------------------------------------------------------
summary of sweep optimization up to isweep=2
schedule: isweep, dots, dcut, eps, noise | nmvp | Tsweep/S | Tav/S | Taccum/S
         0  1  100  1.00e-04  1.00e-04 | 66 | 2.04e-01 | 3.09e-03 | 2.04e-01
         1  1  100  1.00e-04  0.00e+00 | 20 | 1.04e-01 | 5.20e-03 | 3.08e-01
         2  1  100  1.00e-04  0.00e+00 | 12 | 8.30e-02 | 6.92e-03 | 3.91e-01
results: isweep, dcut, dwt, energies (delta_e)
         0     100 +1.11e-16 e[0]=-7.71722660826 (4.48e-09) e[1]=-7.71722660826 (4.48e-09)
         1     100 +0.00e+00 e[0]=-7.71722661274 (-8.88e-16) e[1]=-7.71722661274 (-8.88e-16)
         2     100 -2.22e-16 e[0]=-7.71722661274 (0.00e+00) e[1]=-7.71722661274 (0.00e+00)
======================================================================

----- TIMING FOR ctns::opt_sweep : 3.930e-01 S -----
##### time_global: 3.80e-01 S #####
 T(fetch) = 1.00e-03 S  per = 0.26  per(accum) = 0.26
 T(hdiag) = 1.10e-02 S  per =  2.9  per(accum) = 3.2
 T(dvdsn) = 2.46e-01 S  per =   65  per(accum) = 68
 T(decim) = 6.00e-03 S  per =  1.6  per(accum) = 69
 T(guess) = 0.00e+00 S  per =    0  per(accum) = 69
 T(renrm) = 6.70e-02 S  per =   18  per(accum) = 87
 T( save) = 0.00e+00 S  per =    0  per(accum) = 87

ctns::rcanon_save fname=./scratch/rcanon_new.info

Congrats! CTNS calculation finishes successfully. Sat Jun 18 18:12:48 2022

